[2022-03-18T08:50:52.815Z] git에서 찾은 git 유효성을 검사하는 중
[2022-03-18T08:50:52.926Z] git에서 git 2.30.2을(를) 사용하는 중
[2022-03-18T08:50:53.047Z] > git rev-parse --git-dir [5ms]
[2022-03-18T08:50:53.065Z] Open repository: /home/pi
[2022-03-18T08:50:53.317Z] > git symbolic-ref --short HEAD [9ms]
[2022-03-18T08:50:53.342Z] > git for-each-ref --format=%(refname)%00%(upstream:short)%00%(objectname)%00%(upstream:track) refs/heads/main refs/remotes/main [13ms]
[2022-03-18T08:50:53.369Z] > git for-each-ref --sort -committerdate --format %(refname) %(objectname) %(*objectname) [15ms]
[2022-03-18T08:50:53.374Z] > git remote --verbose [9ms]
[2022-03-18T08:50:53.400Z] > git config --get commit.template [3ms]
[2022-03-18T08:50:53.778Z] > git fetch [694ms]
[2022-03-18T08:50:53.998Z] > git symbolic-ref --short HEAD [4ms]
[2022-03-18T08:50:54.017Z] > git for-each-ref --format=%(refname)%00%(upstream:short)%00%(objectname)%00%(upstream:track) refs/heads/main refs/remotes/main [6ms]
[2022-03-18T08:50:54.043Z] > git for-each-ref --sort -committerdate --format %(refname) %(objectname) %(*objectname) [14ms]
[2022-03-18T08:50:54.044Z] > git remote --verbose [5ms]
[2022-03-18T08:50:54.067Z] > git config --get commit.template [4ms]
[2022-03-18T08:50:58.344Z] > git symbolic-ref --short HEAD [2ms]
[2022-03-18T08:50:58.362Z] > git for-each-ref --format=%(refname)%00%(upstream:short)%00%(objectname)%00%(upstream:track) refs/heads/main refs/remotes/main [6ms]
[2022-03-18T08:50:58.388Z] > git for-each-ref --sort -committerdate --format %(refname) %(objectname) %(*objectname) [14ms]
[2022-03-18T08:50:58.390Z] > git remote --verbose [5ms]
[2022-03-18T08:50:58.409Z] > git config --get commit.template [4ms]
[2022-03-18T08:51:03.665Z] > git symbolic-ref --short HEAD [4ms]
[2022-03-18T08:51:03.683Z] > git for-each-ref --format=%(refname)%00%(upstream:short)%00%(objectname)%00%(upstream:track) refs/heads/main refs/remotes/main [7ms]
[2022-03-18T08:51:03.707Z] > git for-each-ref --sort -committerdate --format %(refname) %(objectname) %(*objectname) [13ms]
[2022-03-18T08:51:03.709Z] > git remote --verbose [4ms]
[2022-03-18T08:51:03.728Z] > git config --get commit.template [3ms]
[2022-03-18T08:51:08.983Z] > git symbolic-ref --short HEAD [5ms]
[2022-03-18T08:51:09.000Z] > git for-each-ref --format=%(refname)%00%(upstream:short)%00%(objectname)%00%(upstream:track) refs/heads/main refs/remotes/main [6ms]
[2022-03-18T08:51:09.026Z] > git for-each-ref --sort -committerdate --format %(refname) %(objectname) %(*objectname) [13ms]
[2022-03-18T08:51:09.027Z] > git remote --verbose [4ms]
[2022-03-18T08:51:09.046Z] > git config --get commit.template [3ms]
[2022-03-18T08:51:14.298Z] > git symbolic-ref --short HEAD [3ms]
[2022-03-18T08:51:14.315Z] > git for-each-ref --format=%(refname)%00%(upstream:short)%00%(objectname)%00%(upstream:track) refs/heads/main refs/remotes/main [6ms]
[2022-03-18T08:51:14.342Z] > git for-each-ref --sort -committerdate --format %(refname) %(objectname) %(*objectname) [15ms]
[2022-03-18T08:51:14.343Z] > git remote --verbose [5ms]
[2022-03-18T08:51:14.363Z] > git config --get commit.template [4ms]
[2022-03-18T08:51:47.419Z] > git symbolic-ref --short HEAD [4ms]
[2022-03-18T08:51:47.436Z] > git for-each-ref --format=%(refname)%00%(upstream:short)%00%(objectname)%00%(upstream:track) refs/heads/main refs/remotes/main [6ms]
[2022-03-18T08:51:47.462Z] > git for-each-ref --sort -committerdate --format %(refname) %(objectname) %(*objectname) [15ms]
[2022-03-18T08:51:47.465Z] > git remote --verbose [6ms]
[2022-03-18T08:51:47.486Z] > git config --get commit.template [3ms]
[2022-03-18T08:51:52.738Z] > git symbolic-ref --short HEAD [4ms]
[2022-03-18T08:51:52.755Z] > git for-each-ref --format=%(refname)%00%(upstream:short)%00%(objectname)%00%(upstream:track) refs/heads/main refs/remotes/main [5ms]
[2022-03-18T08:51:52.782Z] > git for-each-ref --sort -committerdate --format %(refname) %(objectname) %(*objectname) [16ms]
[2022-03-18T08:51:52.784Z] > git remote --verbose [7ms]
[2022-03-18T08:51:52.803Z] > git config --get commit.template [3ms]
[2022-03-18T08:51:58.052Z] > git symbolic-ref --short HEAD [4ms]
[2022-03-18T08:51:58.069Z] > git for-each-ref --format=%(refname)%00%(upstream:short)%00%(objectname)%00%(upstream:track) refs/heads/main refs/remotes/main [6ms]
[2022-03-18T08:51:58.095Z] > git for-each-ref --sort -committerdate --format %(refname) %(objectname) %(*objectname) [15ms]
[2022-03-18T08:51:58.096Z] > git remote --verbose [4ms]
[2022-03-18T08:51:58.118Z] > git config --get commit.template [4ms]
[2022-03-18T08:52:03.358Z] > git symbolic-ref --short HEAD [4ms]
[2022-03-18T08:52:03.376Z] > git for-each-ref --format=%(refname)%00%(upstream:short)%00%(objectname)%00%(upstream:track) refs/heads/main refs/remotes/main [6ms]
[2022-03-18T08:52:03.403Z] > git for-each-ref --sort -committerdate --format %(refname) %(objectname) %(*objectname) [14ms]
[2022-03-18T08:52:03.405Z] > git remote --verbose [4ms]
[2022-03-18T08:52:03.426Z] > git config --get commit.template [3ms]
[2022-03-18T08:52:08.688Z] > git symbolic-ref --short HEAD [4ms]
[2022-03-18T08:52:08.706Z] > git for-each-ref --format=%(refname)%00%(upstream:short)%00%(objectname)%00%(upstream:track) refs/heads/main refs/remotes/main [6ms]
[2022-03-18T08:52:08.733Z] > git for-each-ref --sort -committerdate --format %(refname) %(objectname) %(*objectname) [15ms]
[2022-03-18T08:52:08.734Z] > git remote --verbose [4ms]
[2022-03-18T08:52:08.754Z] > git config --get commit.template [3ms]
[2022-03-18T08:52:14.000Z] > git symbolic-ref --short HEAD [3ms]
[2022-03-18T08:52:14.017Z] > git for-each-ref --format=%(refname)%00%(upstream:short)%00%(objectname)%00%(upstream:track) refs/heads/main refs/remotes/main [6ms]
[2022-03-18T08:52:14.042Z] > git for-each-ref --sort -committerdate --format %(refname) %(objectname) %(*objectname) [14ms]
[2022-03-18T08:52:14.043Z] > git remote --verbose [3ms]
[2022-03-18T08:52:14.063Z] > git config --get commit.template [4ms]
[2022-03-18T08:52:19.324Z] > git symbolic-ref --short HEAD [3ms]
[2022-03-18T08:52:19.342Z] > git for-each-ref --format=%(refname)%00%(upstream:short)%00%(objectname)%00%(upstream:track) refs/heads/main refs/remotes/main [7ms]
[2022-03-18T08:52:19.367Z] > git for-each-ref --sort -committerdate --format %(refname) %(objectname) %(*objectname) [14ms]
[2022-03-18T08:52:19.369Z] > git remote --verbose [4ms]
[2022-03-18T08:52:19.388Z] > git config --get commit.template [3ms]
[2022-03-18T08:52:24.644Z] > git symbolic-ref --short HEAD [4ms]
[2022-03-18T08:52:24.663Z] > git for-each-ref --format=%(refname)%00%(upstream:short)%00%(objectname)%00%(upstream:track) refs/heads/main refs/remotes/main [8ms]
[2022-03-18T08:52:24.694Z] > git for-each-ref --sort -committerdate --format %(refname) %(objectname) %(*objectname) [19ms]
[2022-03-18T08:52:24.695Z] > git remote --verbose [8ms]
[2022-03-18T08:52:24.726Z] > git config --get commit.template [4ms]
[2022-03-18T08:52:29.950Z] > git symbolic-ref --short HEAD [5ms]
[2022-03-18T08:52:29.967Z] > git for-each-ref --format=%(refname)%00%(upstream:short)%00%(objectname)%00%(upstream:track) refs/heads/main refs/remotes/main [6ms]
[2022-03-18T08:52:29.992Z] > git for-each-ref --sort -committerdate --format %(refname) %(objectname) %(*objectname) [14ms]
[2022-03-18T08:52:29.993Z] > git remote --verbose [4ms]
[2022-03-18T08:52:30.012Z] > git config --get commit.template [3ms]
[2022-03-18T08:52:35.249Z] > git symbolic-ref --short HEAD [4ms]
[2022-03-18T08:52:35.266Z] > git for-each-ref --format=%(refname)%00%(upstream:short)%00%(objectname)%00%(upstream:track) refs/heads/main refs/remotes/main [6ms]
[2022-03-18T08:52:35.299Z] > git for-each-ref --sort -committerdate --format %(refname) %(objectname) %(*objectname) [16ms]
[2022-03-18T08:52:35.300Z] > git remote --verbose [4ms]
[2022-03-18T08:52:35.322Z] > git config --get commit.template [5ms]
[2022-03-18T08:52:40.558Z] > git symbolic-ref --short HEAD [3ms]
[2022-03-18T08:52:40.575Z] > git for-each-ref --format=%(refname)%00%(upstream:short)%00%(objectname)%00%(upstream:track) refs/heads/main refs/remotes/main [6ms]
[2022-03-18T08:52:40.602Z] > git for-each-ref --sort -committerdate --format %(refname) %(objectname) %(*objectname) [14ms]
[2022-03-18T08:52:40.603Z] > git remote --verbose [3ms]
[2022-03-18T08:52:40.623Z] > git config --get commit.template [3ms]
[2022-03-18T08:52:45.806Z] > git symbolic-ref --short HEAD [4ms]
[2022-03-18T08:52:45.824Z] > git for-each-ref --format=%(refname)%00%(upstream:short)%00%(objectname)%00%(upstream:track) refs/heads/main refs/remotes/main [6ms]
[2022-03-18T08:52:45.848Z] > git for-each-ref --sort -committerdate --format %(refname) %(objectname) %(*objectname) [13ms]
[2022-03-18T08:52:45.851Z] > git remote --verbose [5ms]
[2022-03-18T08:52:45.872Z] > git config --get commit.template [3ms]
[2022-03-18T08:52:51.138Z] > git symbolic-ref --short HEAD [16ms]
[2022-03-18T08:52:51.156Z] > git for-each-ref --format=%(refname)%00%(upstream:short)%00%(objectname)%00%(upstream:track) refs/heads/main refs/remotes/main [6ms]
[2022-03-18T08:52:51.181Z] > git for-each-ref --sort -committerdate --format %(refname) %(objectname) %(*objectname) [14ms]
[2022-03-18T08:52:51.183Z] > git remote --verbose [4ms]
[2022-03-18T08:52:51.202Z] > git config --get commit.template [3ms]
[2022-03-18T08:52:56.461Z] > git symbolic-ref --short HEAD [6ms]
[2022-03-18T08:52:56.479Z] > git for-each-ref --format=%(refname)%00%(upstream:short)%00%(objectname)%00%(upstream:track) refs/heads/main refs/remotes/main [6ms]
[2022-03-18T08:52:56.505Z] > git for-each-ref --sort -committerdate --format %(refname) %(objectname) %(*objectname) [15ms]
[2022-03-18T08:52:56.507Z] > git remote --verbose [5ms]
[2022-03-18T08:52:56.531Z] > git config --get commit.template [4ms]
[2022-03-18T08:53:16.250Z] > git symbolic-ref --short HEAD [3ms]
[2022-03-18T08:53:16.269Z] > git for-each-ref --format=%(refname)%00%(upstream:short)%00%(objectname)%00%(upstream:track) refs/heads/main refs/remotes/main [7ms]
[2022-03-18T08:53:16.297Z] > git for-each-ref --sort -committerdate --format %(refname) %(objectname) %(*objectname) [17ms]
[2022-03-18T08:53:16.298Z] > git remote --verbose [3ms]
[2022-03-18T08:53:16.317Z] > git config --get commit.template [3ms]
[2022-03-18T08:53:21.575Z] > git symbolic-ref --short HEAD [4ms]
[2022-03-18T08:53:21.593Z] > git for-each-ref --format=%(refname)%00%(upstream:short)%00%(objectname)%00%(upstream:track) refs/heads/main refs/remotes/main [7ms]
[2022-03-18T08:53:21.618Z] > git for-each-ref --sort -committerdate --format %(refname) %(objectname) %(*objectname) [14ms]
[2022-03-18T08:53:21.619Z] > git remote --verbose [3ms]
[2022-03-18T08:53:21.647Z] > git config --get commit.template [3ms]
[2022-03-18T08:53:26.877Z] > git symbolic-ref --short HEAD [3ms]
[2022-03-18T08:53:26.894Z] > git for-each-ref --format=%(refname)%00%(upstream:short)%00%(objectname)%00%(upstream:track) refs/heads/main refs/remotes/main [6ms]
[2022-03-18T08:53:26.919Z] > git for-each-ref --sort -committerdate --format %(refname) %(objectname) %(*objectname) [13ms]
[2022-03-18T08:53:26.920Z] > git remote --verbose [3ms]
[2022-03-18T08:53:26.939Z] > git config --get commit.template [3ms]
[2022-03-18T08:53:32.172Z] > git symbolic-ref --short HEAD [5ms]
[2022-03-18T08:53:32.190Z] > git for-each-ref --format=%(refname)%00%(upstream:short)%00%(objectname)%00%(upstream:track) refs/heads/main refs/remotes/main [6ms]
[2022-03-18T08:53:32.220Z] > git for-each-ref --sort -committerdate --format %(refname) %(objectname) %(*objectname) [16ms]
[2022-03-18T08:53:32.221Z] > git remote --verbose [4ms]
[2022-03-18T08:53:32.240Z] > git config --get commit.template [4ms]
[2022-03-18T08:53:37.470Z] > git symbolic-ref --short HEAD [4ms]
[2022-03-18T08:53:37.488Z] > git for-each-ref --format=%(refname)%00%(upstream:short)%00%(objectname)%00%(upstream:track) refs/heads/main refs/remotes/main [6ms]
[2022-03-18T08:53:37.515Z] > git for-each-ref --sort -committerdate --format %(refname) %(objectname) %(*objectname) [14ms]
[2022-03-18T08:53:37.517Z] > git remote --verbose [5ms]
[2022-03-18T08:53:37.540Z] > git config --get commit.template [5ms]
