[Info  - 15:42:12] (5323) Pylance language server 2022.3.2 (pyright d2d8122b) starting
[Info  - 15:42:12] (5323) Server root directory: /home/pi/.vscode-server/extensions/ms-python.vscode-pylance-2022.3.2/dist
[Info  - 15:42:12] (5323) No configuration file found.
[Info  - 15:42:12] (5323) No pyproject.toml file found.
[Info  - 15:42:12] (5323) Setting pythonPath for service "pi": "/usr/bin/python"
[Warn  - 15:42:12] (5323) stubPath /home/pi/typings is not a valid directory.
[Info  - 15:42:13] (5323) Assuming Python version 3.9
[Info  - 15:42:13] (5323) Assuming Python platform Linux
[Warn  - 15:42:14] (5323) Exception received when installing file system watcher: TypeError [ERR_FEATURE_UNAVAILABLE_ON_PLATFORM]: The feature watch recursively is unavailable on the current platform, which is being used to run Node.js
[Warn  - 15:42:14] (5323) Exception received when installing file system watcher: TypeError [ERR_FEATURE_UNAVAILABLE_ON_PLATFORM]: The feature watch recursively is unavailable on the current platform, which is being used to run Node.js
[Warn  - 15:42:14] (5323) Exception received when installing file system watcher: TypeError [ERR_FEATURE_UNAVAILABLE_ON_PLATFORM]: The feature watch recursively is unavailable on the current platform, which is being used to run Node.js
[Warn  - 15:42:14] (5323) Exception received when installing file system watcher: TypeError [ERR_FEATURE_UNAVAILABLE_ON_PLATFORM]: The feature watch recursively is unavailable on the current platform, which is being used to run Node.js
[Warn  - 15:42:14] (5323) Exception received when installing file system watcher: TypeError [ERR_FEATURE_UNAVAILABLE_ON_PLATFORM]: The feature watch recursively is unavailable on the current platform, which is being used to run Node.js
[Warn  - 15:42:14] (5323) Exception received when installing file system watcher: TypeError [ERR_FEATURE_UNAVAILABLE_ON_PLATFORM]: The feature watch recursively is unavailable on the current platform, which is being used to run Node.js
[Info  - 15:42:14] (5323) Searching for source files
[Info  - 15:42:14] (5323) Found 58 source files
[Info  - 15:42:15] (5323) Background analysis(1) root directory: /home/pi/.vscode-server/extensions/ms-python.vscode-pylance-2022.3.2/dist
[Info  - 15:42:15] (5323) Background analysis(1) started
[Info  - 15:42:16] (5323) Indexer background runner(2) root directory: /home/pi/.vscode-server/extensions/ms-python.vscode-pylance-2022.3.2/dist (index)
[Info  - 15:42:16] (5323) Indexing(2) started
[Info  - 15:42:17] (5323) [BG(1)] Long operation: analyzing: /home/pi/workspace/Opencv/detect/haardetect.py (2118ms)
[Info  - 15:42:20] (5323) [IDX(2)] Long operation: index execution environment /home/pi (3568ms)
[Info  - 15:42:20] (5323) [IDX(2)] Long operation: index libraries /home/pi (4790ms)
[Info  - 15:42:20] (5323) Indexer done(2). indexed 448 files
[Info  - 15:46:09] (5323) Searching for source files
[Info  - 15:46:09] (5323) Found 58 source files
[Info  - 16:17:41] (5323) Searching for source files
[Info  - 16:17:41] (5323) Found 58 source files
[Info  - 16:18:04] (5323) Searching for source files
[Info  - 16:18:04] (5323) Found 58 source files
