[2022-03-18 13:48:17.605] [exthost] [info] Extension host with pid 1854 started
[2022-03-18 13:48:17.621] [exthost] [error] Error: EEXIST: file already exists, open '/home/pi/.vscode-server/data/User/workspaceStorage/777a38bfa78b9f733e2b2b4fa2413d35/vscode.lock'
[2022-03-18 13:48:17.638] [exthost] [info] Lock '/home/pi/.vscode-server/data/User/workspaceStorage/777a38bfa78b9f733e2b2b4fa2413d35/vscode.lock': Could not acquire lock, checking if the file is stale.
[2022-03-18 13:48:17.644] [exthost] [info] Lock '/home/pi/.vscode-server/data/User/workspaceStorage/777a38bfa78b9f733e2b2b4fa2413d35/vscode.lock': The pid 2434 appears to be gone.
[2022-03-18 13:48:17.645] [exthost] [info] Lock '/home/pi/.vscode-server/data/User/workspaceStorage/777a38bfa78b9f733e2b2b4fa2413d35/vscode.lock': Deleting a stale lock.
[2022-03-18 13:48:17.664] [exthost] [info] Lock '/home/pi/.vscode-server/data/User/workspaceStorage/777a38bfa78b9f733e2b2b4fa2413d35/vscode.lock': Lock acquired.
[2022-03-18 13:48:17.865] [exthost] [info] ExtensionService#_doActivateExtension ms-python.python, startup: false, activationEvent: 'onLanguage:python', root cause: ms-python.vscode-pylance
[2022-03-18 13:48:18.694] [exthost] [info] ExtensionService#_doActivateExtension ms-toolsai.jupyter, startup: false, activationEvent: 'onLanguage:python'
[2022-03-18 13:48:19.887] [exthost] [info] ExtensionService#_doActivateExtension vscode.debug-auto-launch, startup: true, activationEvent: '*'
[2022-03-18 13:48:19.898] [exthost] [info] ExtensionService#_doActivateExtension vscode.git-base, startup: true, activationEvent: '*', root cause: vscode.github
[2022-03-18 13:48:19.909] [exthost] [info] ExtensionService#_doActivateExtension vscode.ipynb, startup: true, activationEvent: '*'
[2022-03-18 13:48:20.203] [exthost] [info] ExtensionService#_doActivateExtension vscode.git, startup: true, activationEvent: '*'
[2022-03-18 13:48:20.394] [exthost] [info] ExtensionService#_doActivateExtension vscode.github, startup: true, activationEvent: '*'
[2022-03-18 13:48:20.731] [exthost] [info] ExtensionService#_doActivateExtension vscode.emmet, startup: false, activationEvent: 'onStartupFinished'
[2022-03-18 13:48:20.780] [exthost] [info] ExtensionService#_doActivateExtension vscode.merge-conflict, startup: false, activationEvent: 'onStartupFinished'
[2022-03-18 13:48:20.791] [exthost] [info] Eager extensions activated
[2022-03-18 13:48:21.643] [exthost] [info] ExtensionService#_doActivateExtension ms-toolsai.jupyter-renderers, startup: false, activationEvent: 'api', root cause: ms-toolsai.jupyter
[2022-03-18 13:48:22.636] [exthost] [info] ExtensionService#_doActivateExtension ms-python.vscode-pylance, startup: false, activationEvent: 'onLanguage:python'
[2022-03-18 13:48:23.390] [exthost] [error] {"message":"Git error","stdout":"","stderr":"fatal: Pathspec '/home/pi/workspace/Opencv/cvtColor.py' is in submodule 'workspace/Opencv'\n","exitCode":128,"gitErrorCode":"IsInSubmodule"}
[2022-03-18 13:48:23.390] [exthost] [error] {"message":"Git error","stdout":"","stderr":"fatal: Pathspec '/home/pi/workspace/Opencv/cvtColor.py' is in submodule 'workspace/Opencv'\n","exitCode":128,"gitErrorCode":"IsInSubmodule"}
[2022-03-18 13:48:23.391] [exthost] [error] {"message":"Git error","stdout":"","stderr":"fatal: Pathspec '/home/pi/workspace/Opencv/cvtColor.py' is in submodule 'workspace/Opencv'\n","exitCode":128,"gitErrorCode":"IsInSubmodule"}
[2022-03-18 13:48:23.391] [exthost] [error] {"message":"Git error","stdout":"","stderr":"fatal: Pathspec '/home/pi/workspace/Opencv/cvtColor.py' is in submodule 'workspace/Opencv'\n","exitCode":128,"gitErrorCode":"IsInSubmodule"}
[2022-03-18 13:48:23.391] [exthost] [error] {"message":"Git error","stdout":"","stderr":"fatal: Pathspec '/home/pi/workspace/Opencv/cvtColor.py' is in submodule 'workspace/Opencv'\n","exitCode":128,"gitErrorCode":"IsInSubmodule"}
[2022-03-18 13:48:23.391] [exthost] [error] {"message":"Git error","stdout":"","stderr":"fatal: Pathspec '/home/pi/workspace/Opencv/cvtColor.py' is in submodule 'workspace/Opencv'\n","exitCode":128,"gitErrorCode":"IsInSubmodule"}
[2022-03-18 13:48:23.391] [exthost] [error] {"message":"Git error","stdout":"","stderr":"fatal: Pathspec '/home/pi/workspace/Opencv/cvtColor.py' is in submodule 'workspace/Opencv'\n","exitCode":128,"gitErrorCode":"IsInSubmodule"}
[2022-03-18 13:48:23.391] [exthost] [error] {"message":"Git error","stdout":"","stderr":"fatal: Pathspec '/home/pi/workspace/Opencv/cvtColor.py' is in submodule 'workspace/Opencv'\n","exitCode":128,"gitErrorCode":"IsInSubmodule"}
[2022-03-18 13:48:23.391] [exthost] [error] {"message":"Git error","stdout":"","stderr":"fatal: Pathspec '/home/pi/workspace/Opencv/cvtColor.py' is in submodule 'workspace/Opencv'\n","exitCode":128,"gitErrorCode":"IsInSubmodule"}
[2022-03-18 13:48:23.391] [exthost] [error] {"message":"Git error","stdout":"","stderr":"fatal: Pathspec '/home/pi/workspace/Opencv/cvtColor.py' is in submodule 'workspace/Opencv'\n","exitCode":128,"gitErrorCode":"IsInSubmodule"}
[2022-03-18 13:48:23.391] [exthost] [error] {"message":"Git error","stdout":"","stderr":"fatal: Pathspec '/home/pi/workspace/Opencv/cvtColor.py' is in submodule 'workspace/Opencv'\n","exitCode":128,"gitErrorCode":"IsInSubmodule"}
[2022-03-18 13:48:23.392] [exthost] [error] {"message":"Git error","stdout":"","stderr":"fatal: Pathspec '/home/pi/workspace/Opencv/cvtColor.py' is in submodule 'workspace/Opencv'\n","exitCode":128,"gitErrorCode":"IsInSubmodule"}
[2022-03-18 13:48:23.392] [exthost] [error] {"message":"Git error","stdout":"","stderr":"fatal: Pathspec '/home/pi/workspace/Opencv/cvtColor.py' is in submodule 'workspace/Opencv'\n","exitCode":128,"gitErrorCode":"IsInSubmodule"}
[2022-03-18 13:48:23.392] [exthost] [error] {"message":"Git error","stdout":"","stderr":"fatal: Pathspec '/home/pi/workspace/Opencv/cvtColor.py' is in submodule 'workspace/Opencv'\n","exitCode":128,"gitErrorCode":"IsInSubmodule"}
[2022-03-18 13:48:23.392] [exthost] [error] {"message":"Git error","stdout":"","stderr":"fatal: Pathspec '/home/pi/workspace/Opencv/cvtColor.py' is in submodule 'workspace/Opencv'\n","exitCode":128,"gitErrorCode":"IsInSubmodule"}
[2022-03-18 13:48:23.392] [exthost] [error] {"message":"Git error","stdout":"","stderr":"fatal: Pathspec '/home/pi/workspace/Opencv/cvtColor.py' is in submodule 'workspace/Opencv'\n","exitCode":128,"gitErrorCode":"IsInSubmodule"}
[2022-03-18 13:48:23.392] [exthost] [error] {"message":"Git error","stdout":"","stderr":"fatal: Pathspec '/home/pi/workspace/Opencv/cvtColor.py' is in submodule 'workspace/Opencv'\n","exitCode":128,"gitErrorCode":"IsInSubmodule"}
[2022-03-18 13:48:23.392] [exthost] [error] {"message":"Git error","stdout":"","stderr":"fatal: Pathspec '/home/pi/workspace/Opencv/cvtColor.py' is in submodule 'workspace/Opencv'\n","exitCode":128,"gitErrorCode":"IsInSubmodule"}
[2022-03-18 13:48:23.392] [exthost] [error] {"message":"Git error","stdout":"","stderr":"fatal: Pathspec '/home/pi/workspace/Opencv/cvtColor.py' is in submodule 'workspace/Opencv'\n","exitCode":128,"gitErrorCode":"IsInSubmodule"}
[2022-03-18 13:48:23.392] [exthost] [error] {"message":"Git error","stdout":"","stderr":"fatal: Pathspec '/home/pi/workspace/Opencv/cvtColor.py' is in submodule 'workspace/Opencv'\n","exitCode":128,"gitErrorCode":"IsInSubmodule"}
[2022-03-18 13:48:23.392] [exthost] [error] {"message":"Git error","stdout":"","stderr":"fatal: Pathspec '/home/pi/workspace/Opencv/cvtColor.py' is in submodule 'workspace/Opencv'\n","exitCode":128,"gitErrorCode":"IsInSubmodule"}
[2022-03-18 13:48:23.393] [exthost] [error] {"message":"Git error","stdout":"","stderr":"fatal: Pathspec '/home/pi/workspace/Opencv/cvtColor.py' is in submodule 'workspace/Opencv'\n","exitCode":128,"gitErrorCode":"IsInSubmodule"}
[2022-03-18 13:48:23.393] [exthost] [error] {"message":"Git error","stdout":"","stderr":"fatal: Pathspec '/home/pi/workspace/Opencv/cvtColor.py' is in submodule 'workspace/Opencv'\n","exitCode":128,"gitErrorCode":"IsInSubmodule"}
[2022-03-18 13:48:23.393] [exthost] [error] {"message":"Git error","stdout":"","stderr":"fatal: Pathspec '/home/pi/workspace/Opencv/cvtColor.py' is in submodule 'workspace/Opencv'\n","exitCode":128,"gitErrorCode":"IsInSubmodule"}
[2022-03-18 13:48:23.393] [exthost] [error] {"message":"Git error","stdout":"","stderr":"fatal: Pathspec '/home/pi/workspace/Opencv/cvtColor.py' is in submodule 'workspace/Opencv'\n","exitCode":128,"gitErrorCode":"IsInSubmodule"}
[2022-03-18 13:48:23.393] [exthost] [error] {"message":"Git error","stdout":"","stderr":"fatal: Pathspec '/home/pi/workspace/Opencv/cvtColor.py' is in submodule 'workspace/Opencv'\n","exitCode":128,"gitErrorCode":"IsInSubmodule"}
[2022-03-18 13:48:23.393] [exthost] [error] {"message":"Git error","stdout":"","stderr":"fatal: Pathspec '/home/pi/workspace/Opencv/cvtColor.py' is in submodule 'workspace/Opencv'\n","exitCode":128,"gitErrorCode":"IsInSubmodule"}
[2022-03-18 13:48:23.393] [exthost] [error] {"message":"Git error","stdout":"","stderr":"fatal: Pathspec '/home/pi/workspace/Opencv/cvtColor.py' is in submodule 'workspace/Opencv'\n","exitCode":128,"gitErrorCode":"IsInSubmodule"}
[2022-03-18 13:48:23.393] [exthost] [error] {"message":"Git error","stdout":"","stderr":"fatal: Pathspec '/home/pi/workspace/Opencv/cvtColor.py' is in submodule 'workspace/Opencv'\n","exitCode":128,"gitErrorCode":"IsInSubmodule"}
[2022-03-18 13:48:23.393] [exthost] [error] {"message":"Git error","stdout":"","stderr":"fatal: Pathspec '/home/pi/workspace/Opencv/cvtColor.py' is in submodule 'workspace/Opencv'\n","exitCode":128,"gitErrorCode":"IsInSubmodule"}
[2022-03-18 13:48:23.393] [exthost] [error] {"message":"Git error","stdout":"","stderr":"fatal: Pathspec '/home/pi/workspace/Opencv/cvtColor.py' is in submodule 'workspace/Opencv'\n","exitCode":128,"gitErrorCode":"IsInSubmodule"}
[2022-03-18 13:48:23.394] [exthost] [error] {"message":"Git error","stdout":"","stderr":"fatal: Pathspec '/home/pi/workspace/Opencv/cvtColor.py' is in submodule 'workspace/Opencv'\n","exitCode":128,"gitErrorCode":"IsInSubmodule"}
[2022-03-18 13:48:23.394] [exthost] [error] {"message":"Git error","stdout":"","stderr":"fatal: Pathspec '/home/pi/workspace/Opencv/cvtColor.py' is in submodule 'workspace/Opencv'\n","exitCode":128,"gitErrorCode":"IsInSubmodule"}
[2022-03-18 13:48:23.394] [exthost] [error] {"message":"Git error","stdout":"","stderr":"fatal: Pathspec '/home/pi/workspace/Opencv/cvtColor.py' is in submodule 'workspace/Opencv'\n","exitCode":128,"gitErrorCode":"IsInSubmodule"}
[2022-03-18 13:48:23.394] [exthost] [error] {"message":"Git error","stdout":"","stderr":"fatal: Pathspec '/home/pi/workspace/Opencv/cvtColor.py' is in submodule 'workspace/Opencv'\n","exitCode":128,"gitErrorCode":"IsInSubmodule"}
[2022-03-18 13:48:23.394] [exthost] [error] {"message":"Git error","stdout":"","stderr":"fatal: Pathspec '/home/pi/workspace/Opencv/cvtColor.py' is in submodule 'workspace/Opencv'\n","exitCode":128,"gitErrorCode":"IsInSubmodule"}
[2022-03-18 13:48:23.395] [exthost] [error] {"message":"Git error","stdout":"","stderr":"fatal: Pathspec '/home/pi/workspace/Opencv/cvtColor.py' is in submodule 'workspace/Opencv'\n","exitCode":128,"gitErrorCode":"IsInSubmodule"}
[2022-03-18 13:48:23.395] [exthost] [error] {"message":"Git error","stdout":"","stderr":"fatal: Pathspec '/home/pi/workspace/Opencv/cvtColor.py' is in submodule 'workspace/Opencv'\n","exitCode":128,"gitErrorCode":"IsInSubmodule"}
[2022-03-18 13:48:23.395] [exthost] [error] {"message":"Git error","stdout":"","stderr":"fatal: Pathspec '/home/pi/workspace/Opencv/cvtColor.py' is in submodule 'workspace/Opencv'\n","exitCode":128,"gitErrorCode":"IsInSubmodule"}
[2022-03-18 13:48:23.395] [exthost] [error] {"message":"Git error","stdout":"","stderr":"fatal: Pathspec '/home/pi/workspace/Opencv/cvtColor.py' is in submodule 'workspace/Opencv'\n","exitCode":128,"gitErrorCode":"IsInSubmodule"}
[2022-03-18 13:48:23.395] [exthost] [error] {"message":"Git error","stdout":"","stderr":"fatal: Pathspec '/home/pi/workspace/Opencv/cvtColor.py' is in submodule 'workspace/Opencv'\n","exitCode":128,"gitErrorCode":"IsInSubmodule"}
[2022-03-18 13:48:23.395] [exthost] [error] {"message":"Git error","stdout":"","stderr":"fatal: Pathspec '/home/pi/workspace/Opencv/cvtColor.py' is in submodule 'workspace/Opencv'\n","exitCode":128,"gitErrorCode":"IsInSubmodule"}
[2022-03-18 13:48:23.395] [exthost] [error] {"message":"Git error","stdout":"","stderr":"fatal: Pathspec '/home/pi/workspace/Opencv/cvtColor.py' is in submodule 'workspace/Opencv'\n","exitCode":128,"gitErrorCode":"IsInSubmodule"}
[2022-03-18 13:48:23.395] [exthost] [error] {"message":"Git error","stdout":"","stderr":"fatal: Pathspec '/home/pi/workspace/Opencv/cvtColor.py' is in submodule 'workspace/Opencv'\n","exitCode":128,"gitErrorCode":"IsInSubmodule"}
[2022-03-18 13:48:23.395] [exthost] [error] {"message":"Git error","stdout":"","stderr":"fatal: Pathspec '/home/pi/workspace/Opencv/cvtColor.py' is in submodule 'workspace/Opencv'\n","exitCode":128,"gitErrorCode":"IsInSubmodule"}
[2022-03-18 13:48:23.395] [exthost] [error] {"message":"Git error","stdout":"","stderr":"fatal: Pathspec '/home/pi/workspace/Opencv/cvtColor.py' is in submodule 'workspace/Opencv'\n","exitCode":128,"gitErrorCode":"IsInSubmodule"}
[2022-03-18 13:48:23.395] [exthost] [error] {"message":"Git error","stdout":"","stderr":"fatal: Pathspec '/home/pi/workspace/Opencv/cvtColor.py' is in submodule 'workspace/Opencv'\n","exitCode":128,"gitErrorCode":"IsInSubmodule"}
[2022-03-18 13:48:23.396] [exthost] [error] {"message":"Git error","stdout":"","stderr":"fatal: Pathspec '/home/pi/workspace/Opencv/cvtColor.py' is in submodule 'workspace/Opencv'\n","exitCode":128,"gitErrorCode":"IsInSubmodule"}
[2022-03-18 13:48:23.396] [exthost] [error] {"message":"Git error","stdout":"","stderr":"fatal: Pathspec '/home/pi/workspace/Opencv/cvtColor.py' is in submodule 'workspace/Opencv'\n","exitCode":128,"gitErrorCode":"IsInSubmodule"}
[2022-03-18 13:48:23.396] [exthost] [error] {"message":"Git error","stdout":"","stderr":"fatal: Pathspec '/home/pi/workspace/Opencv/cvtColor.py' is in submodule 'workspace/Opencv'\n","exitCode":128,"gitErrorCode":"IsInSubmodule"}
[2022-03-18 13:48:23.396] [exthost] [error] {"message":"Git error","stdout":"","stderr":"fatal: Pathspec '/home/pi/workspace/Opencv/cvtColor.py' is in submodule 'workspace/Opencv'\n","exitCode":128,"gitErrorCode":"IsInSubmodule"}
[2022-03-18 13:48:23.396] [exthost] [error] {"message":"Git error","stdout":"","stderr":"fatal: Pathspec '/home/pi/workspace/Opencv/cvtColor.py' is in submodule 'workspace/Opencv'\n","exitCode":128,"gitErrorCode":"IsInSubmodule"}
[2022-03-18 13:48:23.396] [exthost] [error] {"message":"Git error","stdout":"","stderr":"fatal: Pathspec '/home/pi/workspace/Opencv/cvtColor.py' is in submodule 'workspace/Opencv'\n","exitCode":128,"gitErrorCode":"IsInSubmodule"}
[2022-03-18 13:48:23.396] [exthost] [error] {"message":"Git error","stdout":"","stderr":"fatal: Pathspec '/home/pi/workspace/Opencv/cvtColor.py' is in submodule 'workspace/Opencv'\n","exitCode":128,"gitErrorCode":"IsInSubmodule"}
[2022-03-18 13:48:23.396] [exthost] [error] {"message":"Git error","stdout":"","stderr":"fatal: Pathspec '/home/pi/workspace/Opencv/cvtColor.py' is in submodule 'workspace/Opencv'\n","exitCode":128,"gitErrorCode":"IsInSubmodule"}
[2022-03-18 13:48:23.396] [exthost] [error] {"message":"Git error","stdout":"","stderr":"fatal: Pathspec '/home/pi/workspace/Opencv/cvtColor.py' is in submodule 'workspace/Opencv'\n","exitCode":128,"gitErrorCode":"IsInSubmodule"}
[2022-03-18 13:48:23.396] [exthost] [error] {"message":"Git error","stdout":"","stderr":"fatal: Pathspec '/home/pi/workspace/Opencv/cvtColor.py' is in submodule 'workspace/Opencv'\n","exitCode":128,"gitErrorCode":"IsInSubmodule"}
[2022-03-18 13:48:23.396] [exthost] [error] {"message":"Git error","stdout":"","stderr":"fatal: Pathspec '/home/pi/workspace/Opencv/cvtColor.py' is in submodule 'workspace/Opencv'\n","exitCode":128,"gitErrorCode":"IsInSubmodule"}
[2022-03-18 13:48:23.396] [exthost] [error] {"message":"Git error","stdout":"","stderr":"fatal: Pathspec '/home/pi/workspace/Opencv/cvtColor.py' is in submodule 'workspace/Opencv'\n","exitCode":128,"gitErrorCode":"IsInSubmodule"}
[2022-03-18 13:48:23.397] [exthost] [error] {"message":"Git error","stdout":"","stderr":"fatal: Pathspec '/home/pi/workspace/Opencv/cvtColor.py' is in submodule 'workspace/Opencv'\n","exitCode":128,"gitErrorCode":"IsInSubmodule"}
[2022-03-18 13:48:23.397] [exthost] [error] {"message":"Git error","stdout":"","stderr":"fatal: Pathspec '/home/pi/workspace/Opencv/cvtColor.py' is in submodule 'workspace/Opencv'\n","exitCode":128,"gitErrorCode":"IsInSubmodule"}
[2022-03-18 13:48:23.397] [exthost] [error] {"message":"Git error","stdout":"","stderr":"fatal: Pathspec '/home/pi/workspace/Opencv/cvtColor.py' is in submodule 'workspace/Opencv'\n","exitCode":128,"gitErrorCode":"IsInSubmodule"}
[2022-03-18 13:48:23.397] [exthost] [error] {"message":"Git error","stdout":"","stderr":"fatal: Pathspec '/home/pi/workspace/Opencv/cvtColor.py' is in submodule 'workspace/Opencv'\n","exitCode":128,"gitErrorCode":"IsInSubmodule"}
[2022-03-18 13:48:23.397] [exthost] [error] {"message":"Git error","stdout":"","stderr":"fatal: Pathspec '/home/pi/workspace/Opencv/cvtColor.py' is in submodule 'workspace/Opencv'\n","exitCode":128,"gitErrorCode":"IsInSubmodule"}
[2022-03-18 13:48:23.397] [exthost] [error] {"message":"Git error","stdout":"","stderr":"fatal: Pathspec '/home/pi/workspace/Opencv/cvtColor.py' is in submodule 'workspace/Opencv'\n","exitCode":128,"gitErrorCode":"IsInSubmodule"}
[2022-03-18 13:48:23.397] [exthost] [error] {"message":"Git error","stdout":"","stderr":"fatal: Pathspec '/home/pi/workspace/Opencv/cvtColor.py' is in submodule 'workspace/Opencv'\n","exitCode":128,"gitErrorCode":"IsInSubmodule"}
[2022-03-18 13:48:23.397] [exthost] [error] {"message":"Git error","stdout":"","stderr":"fatal: Pathspec '/home/pi/workspace/Opencv/cvtColor.py' is in submodule 'workspace/Opencv'\n","exitCode":128,"gitErrorCode":"IsInSubmodule"}
[2022-03-18 13:48:23.397] [exthost] [error] {"message":"Git error","stdout":"","stderr":"fatal: Pathspec '/home/pi/workspace/Opencv/cvtColor.py' is in submodule 'workspace/Opencv'\n","exitCode":128,"gitErrorCode":"IsInSubmodule"}
[2022-03-18 13:48:23.397] [exthost] [error] {"message":"Git error","stdout":"","stderr":"fatal: Pathspec '/home/pi/workspace/Opencv/cvtColor.py' is in submodule 'workspace/Opencv'\n","exitCode":128,"gitErrorCode":"IsInSubmodule"}
[2022-03-18 13:48:23.397] [exthost] [error] {"message":"Git error","stdout":"","stderr":"fatal: Pathspec '/home/pi/workspace/Opencv/cvtColor.py' is in submodule 'workspace/Opencv'\n","exitCode":128,"gitErrorCode":"IsInSubmodule"}
[2022-03-18 13:48:23.398] [exthost] [error] {"message":"Git error","stdout":"","stderr":"fatal: Pathspec '/home/pi/workspace/Opencv/cvtColor.py' is in submodule 'workspace/Opencv'\n","exitCode":128,"gitErrorCode":"IsInSubmodule"}
[2022-03-18 13:48:23.398] [exthost] [error] {"message":"Git error","stdout":"","stderr":"fatal: Pathspec '/home/pi/workspace/Opencv/cvtColor.py' is in submodule 'workspace/Opencv'\n","exitCode":128,"gitErrorCode":"IsInSubmodule"}
[2022-03-18 13:48:23.398] [exthost] [error] {"message":"Git error","stdout":"","stderr":"fatal: Pathspec '/home/pi/workspace/Opencv/cvtColor.py' is in submodule 'workspace/Opencv'\n","exitCode":128,"gitErrorCode":"IsInSubmodule"}
[2022-03-18 13:48:23.398] [exthost] [error] {"message":"Git error","stdout":"","stderr":"fatal: Pathspec '/home/pi/workspace/Opencv/cvtColor.py' is in submodule 'workspace/Opencv'\n","exitCode":128,"gitErrorCode":"IsInSubmodule"}
[2022-03-18 13:48:23.398] [exthost] [error] {"message":"Git error","stdout":"","stderr":"fatal: Pathspec '/home/pi/workspace/Opencv/cvtColor.py' is in submodule 'workspace/Opencv'\n","exitCode":128,"gitErrorCode":"IsInSubmodule"}
[2022-03-18 13:48:23.398] [exthost] [error] {"message":"Git error","stdout":"","stderr":"fatal: Pathspec '/home/pi/workspace/Opencv/cvtColor.py' is in submodule 'workspace/Opencv'\n","exitCode":128,"gitErrorCode":"IsInSubmodule"}
[2022-03-18 13:48:23.398] [exthost] [error] {"message":"Git error","stdout":"","stderr":"fatal: Pathspec '/home/pi/workspace/Opencv/cvtColor.py' is in submodule 'workspace/Opencv'\n","exitCode":128,"gitErrorCode":"IsInSubmodule"}
[2022-03-18 13:48:23.398] [exthost] [error] {"message":"Git error","stdout":"","stderr":"fatal: Pathspec '/home/pi/workspace/Opencv/cvtColor.py' is in submodule 'workspace/Opencv'\n","exitCode":128,"gitErrorCode":"IsInSubmodule"}
[2022-03-18 13:48:23.398] [exthost] [error] {"message":"Git error","stdout":"","stderr":"fatal: Pathspec '/home/pi/workspace/Opencv/cvtColor.py' is in submodule 'workspace/Opencv'\n","exitCode":128,"gitErrorCode":"IsInSubmodule"}
[2022-03-18 13:48:23.399] [exthost] [error] {"message":"Git error","stdout":"","stderr":"fatal: Pathspec '/home/pi/workspace/Opencv/cvtColor.py' is in submodule 'workspace/Opencv'\n","exitCode":128,"gitErrorCode":"IsInSubmodule"}
[2022-03-18 13:48:23.399] [exthost] [error] {"message":"Git error","stdout":"","stderr":"fatal: Pathspec '/home/pi/workspace/Opencv/cvtColor.py' is in submodule 'workspace/Opencv'\n","exitCode":128,"gitErrorCode":"IsInSubmodule"}
[2022-03-18 13:48:23.399] [exthost] [error] {"message":"Git error","stdout":"","stderr":"fatal: Pathspec '/home/pi/workspace/Opencv/cvtColor.py' is in submodule 'workspace/Opencv'\n","exitCode":128,"gitErrorCode":"IsInSubmodule"}
[2022-03-18 13:48:23.399] [exthost] [error] {"message":"Git error","stdout":"","stderr":"fatal: Pathspec '/home/pi/workspace/Opencv/cvtColor.py' is in submodule 'workspace/Opencv'\n","exitCode":128,"gitErrorCode":"IsInSubmodule"}
[2022-03-18 13:48:23.399] [exthost] [error] {"message":"Git error","stdout":"","stderr":"fatal: Pathspec '/home/pi/workspace/Opencv/cvtColor.py' is in submodule 'workspace/Opencv'\n","exitCode":128,"gitErrorCode":"IsInSubmodule"}
[2022-03-18 13:48:23.399] [exthost] [error] {"message":"Git error","stdout":"","stderr":"fatal: Pathspec '/home/pi/workspace/Opencv/cvtColor.py' is in submodule 'workspace/Opencv'\n","exitCode":128,"gitErrorCode":"IsInSubmodule"}
[2022-03-18 13:48:23.399] [exthost] [error] {"message":"Git error","stdout":"","stderr":"fatal: Pathspec '/home/pi/workspace/Opencv/cvtColor.py' is in submodule 'workspace/Opencv'\n","exitCode":128,"gitErrorCode":"IsInSubmodule"}
[2022-03-18 13:48:23.399] [exthost] [error] {"message":"Git error","stdout":"","stderr":"fatal: Pathspec '/home/pi/workspace/Opencv/cvtColor.py' is in submodule 'workspace/Opencv'\n","exitCode":128,"gitErrorCode":"IsInSubmodule"}
[2022-03-18 13:48:23.399] [exthost] [error] {"message":"Git error","stdout":"","stderr":"fatal: Pathspec '/home/pi/workspace/Opencv/cvtColor.py' is in submodule 'workspace/Opencv'\n","exitCode":128,"gitErrorCode":"IsInSubmodule"}
[2022-03-18 13:48:23.399] [exthost] [error] {"message":"Git error","stdout":"","stderr":"fatal: Pathspec '/home/pi/workspace/Opencv/cvtColor.py' is in submodule 'workspace/Opencv'\n","exitCode":128,"gitErrorCode":"IsInSubmodule"}
[2022-03-18 13:48:23.399] [exthost] [error] {"message":"Git error","stdout":"","stderr":"fatal: Pathspec '/home/pi/workspace/Opencv/cvtColor.py' is in submodule 'workspace/Opencv'\n","exitCode":128,"gitErrorCode":"IsInSubmodule"}
[2022-03-18 13:48:23.400] [exthost] [error] {"message":"Git error","stdout":"","stderr":"fatal: Pathspec '/home/pi/workspace/Opencv/cvtColor.py' is in submodule 'workspace/Opencv'\n","exitCode":128,"gitErrorCode":"IsInSubmodule"}
[2022-03-18 13:48:23.400] [exthost] [error] {"message":"Git error","stdout":"","stderr":"fatal: Pathspec '/home/pi/workspace/Opencv/cvtColor.py' is in submodule 'workspace/Opencv'\n","exitCode":128,"gitErrorCode":"IsInSubmodule"}
[2022-03-18 13:48:23.400] [exthost] [error] {"message":"Git error","stdout":"","stderr":"fatal: Pathspec '/home/pi/workspace/Opencv/cvtColor.py' is in submodule 'workspace/Opencv'\n","exitCode":128,"gitErrorCode":"IsInSubmodule"}
[2022-03-18 13:48:23.400] [exthost] [error] {"message":"Git error","stdout":"","stderr":"fatal: Pathspec '/home/pi/workspace/Opencv/cvtColor.py' is in submodule 'workspace/Opencv'\n","exitCode":128,"gitErrorCode":"IsInSubmodule"}
[2022-03-18 13:48:23.400] [exthost] [error] {"message":"Git error","stdout":"","stderr":"fatal: Pathspec '/home/pi/workspace/Opencv/cvtColor.py' is in submodule 'workspace/Opencv'\n","exitCode":128,"gitErrorCode":"IsInSubmodule"}
[2022-03-18 13:48:23.400] [exthost] [error] {"message":"Git error","stdout":"","stderr":"fatal: Pathspec '/home/pi/workspace/Opencv/cvtColor.py' is in submodule 'workspace/Opencv'\n","exitCode":128,"gitErrorCode":"IsInSubmodule"}
[2022-03-18 13:48:23.400] [exthost] [error] {"message":"Git error","stdout":"","stderr":"fatal: Pathspec '/home/pi/workspace/Opencv/cvtColor.py' is in submodule 'workspace/Opencv'\n","exitCode":128,"gitErrorCode":"IsInSubmodule"}
[2022-03-18 13:48:23.400] [exthost] [error] {"message":"Git error","stdout":"","stderr":"fatal: Pathspec '/home/pi/workspace/Opencv/cvtColor.py' is in submodule 'workspace/Opencv'\n","exitCode":128,"gitErrorCode":"IsInSubmodule"}
[2022-03-18 13:48:23.400] [exthost] [error] {"message":"Git error","stdout":"","stderr":"fatal: Pathspec '/home/pi/workspace/Opencv/cvtColor.py' is in submodule 'workspace/Opencv'\n","exitCode":128,"gitErrorCode":"IsInSubmodule"}
[2022-03-18 13:48:23.400] [exthost] [error] {"message":"Git error","stdout":"","stderr":"fatal: Pathspec '/home/pi/workspace/Opencv/cvtColor.py' is in submodule 'workspace/Opencv'\n","exitCode":128,"gitErrorCode":"IsInSubmodule"}
[2022-03-18 13:48:23.401] [exthost] [error] {"message":"Git error","stdout":"","stderr":"fatal: Pathspec '/home/pi/workspace/Opencv/cvtColor.py' is in submodule 'workspace/Opencv'\n","exitCode":128,"gitErrorCode":"IsInSubmodule"}
[2022-03-18 13:48:23.401] [exthost] [error] {"message":"Git error","stdout":"","stderr":"fatal: Pathspec '/home/pi/workspace/Opencv/cvtColor.py' is in submodule 'workspace/Opencv'\n","exitCode":128,"gitErrorCode":"IsInSubmodule"}
[2022-03-18 13:48:23.401] [exthost] [error] {"message":"Git error","stdout":"","stderr":"fatal: Pathspec '/home/pi/workspace/Opencv/cvtColor.py' is in submodule 'workspace/Opencv'\n","exitCode":128,"gitErrorCode":"IsInSubmodule"}
[2022-03-18 13:48:23.401] [exthost] [error] {"message":"Git error","stdout":"","stderr":"fatal: Pathspec '/home/pi/workspace/Opencv/cvtColor.py' is in submodule 'workspace/Opencv'\n","exitCode":128,"gitErrorCode":"IsInSubmodule"}
[2022-03-18 13:48:23.401] [exthost] [error] {"message":"Git error","stdout":"","stderr":"fatal: Pathspec '/home/pi/workspace/Opencv/cvtColor.py' is in submodule 'workspace/Opencv'\n","exitCode":128,"gitErrorCode":"IsInSubmodule"}
[2022-03-18 13:48:23.401] [exthost] [error] {"message":"Git error","stdout":"","stderr":"fatal: Pathspec '/home/pi/workspace/Opencv/cvtColor.py' is in submodule 'workspace/Opencv'\n","exitCode":128,"gitErrorCode":"IsInSubmodule"}
[2022-03-18 13:48:23.401] [exthost] [error] {"message":"Git error","stdout":"","stderr":"fatal: Pathspec '/home/pi/workspace/Opencv/cvtColor.py' is in submodule 'workspace/Opencv'\n","exitCode":128,"gitErrorCode":"IsInSubmodule"}
[2022-03-18 13:48:23.402] [exthost] [error] {"message":"Git error","stdout":"","stderr":"fatal: Pathspec '/home/pi/workspace/Opencv/cvtColor.py' is in submodule 'workspace/Opencv'\n","exitCode":128,"gitErrorCode":"IsInSubmodule"}
[2022-03-18 13:48:23.402] [exthost] [error] {"message":"Git error","stdout":"","stderr":"fatal: Pathspec '/home/pi/workspace/Opencv/cvtColor.py' is in submodule 'workspace/Opencv'\n","exitCode":128,"gitErrorCode":"IsInSubmodule"}
[2022-03-18 13:48:23.402] [exthost] [error] {"message":"Git error","stdout":"","stderr":"fatal: Pathspec '/home/pi/workspace/Opencv/cvtColor.py' is in submodule 'workspace/Opencv'\n","exitCode":128,"gitErrorCode":"IsInSubmodule"}
[2022-03-18 13:48:23.402] [exthost] [error] {"message":"Git error","stdout":"","stderr":"fatal: Pathspec '/home/pi/workspace/Opencv/cvtColor.py' is in submodule 'workspace/Opencv'\n","exitCode":128,"gitErrorCode":"IsInSubmodule"}
[2022-03-18 13:48:23.402] [exthost] [error] {"message":"Git error","stdout":"","stderr":"fatal: Pathspec '/home/pi/workspace/Opencv/cvtColor.py' is in submodule 'workspace/Opencv'\n","exitCode":128,"gitErrorCode":"IsInSubmodule"}
[2022-03-18 13:48:23.402] [exthost] [error] {"message":"Git error","stdout":"","stderr":"fatal: Pathspec '/home/pi/workspace/Opencv/cvtColor.py' is in submodule 'workspace/Opencv'\n","exitCode":128,"gitErrorCode":"IsInSubmodule"}
[2022-03-18 13:48:23.402] [exthost] [error] {"message":"Git error","stdout":"","stderr":"fatal: Pathspec '/home/pi/workspace/Opencv/cvtColor.py' is in submodule 'workspace/Opencv'\n","exitCode":128,"gitErrorCode":"IsInSubmodule"}
[2022-03-18 13:48:23.402] [exthost] [error] {"message":"Git error","stdout":"","stderr":"fatal: Pathspec '/home/pi/workspace/Opencv/cvtColor.py' is in submodule 'workspace/Opencv'\n","exitCode":128,"gitErrorCode":"IsInSubmodule"}
[2022-03-18 13:48:23.402] [exthost] [error] {"message":"Git error","stdout":"","stderr":"fatal: Pathspec '/home/pi/workspace/Opencv/cvtColor.py' is in submodule 'workspace/Opencv'\n","exitCode":128,"gitErrorCode":"IsInSubmodule"}
[2022-03-18 13:50:23.374] [exthost] [error] {"message":"Git error","stdout":"","stderr":"fatal: Pathspec '/home/pi/workspace/Opencv/data/20220314_174702.mp4' is in submodule 'workspace/Opencv'\n","exitCode":128,"gitErrorCode":"IsInSubmodule"}
[2022-03-18 13:50:23.374] [exthost] [error] {"message":"Git error","stdout":"","stderr":"fatal: Pathspec '/home/pi/workspace/Opencv/data/20220314_174702.mp4' is in submodule 'workspace/Opencv'\n","exitCode":128,"gitErrorCode":"IsInSubmodule"}
[2022-03-18 13:50:23.376] [exthost] [error] {"message":"Git error","stdout":"","stderr":"fatal: Pathspec '/home/pi/workspace/Opencv/data/20220314_174702.mp4' is in submodule 'workspace/Opencv'\n","exitCode":128,"gitErrorCode":"IsInSubmodule"}
[2022-03-18 13:50:23.376] [exthost] [error] {"message":"Git error","stdout":"","stderr":"fatal: Pathspec '/home/pi/workspace/Opencv/data/20220314_174702.mp4' is in submodule 'workspace/Opencv'\n","exitCode":128,"gitErrorCode":"IsInSubmodule"}
[2022-03-18 13:50:23.376] [exthost] [error] {"message":"Git error","stdout":"","stderr":"fatal: Pathspec '/home/pi/workspace/Opencv/data/20220314_174702.mp4' is in submodule 'workspace/Opencv'\n","exitCode":128,"gitErrorCode":"IsInSubmodule"}
[2022-03-18 13:50:23.376] [exthost] [error] {"message":"Git error","stdout":"","stderr":"fatal: Pathspec '/home/pi/workspace/Opencv/data/20220314_174702.mp4' is in submodule 'workspace/Opencv'\n","exitCode":128,"gitErrorCode":"IsInSubmodule"}
[2022-03-18 13:50:23.376] [exthost] [error] {"message":"Git error","stdout":"","stderr":"fatal: Pathspec '/home/pi/workspace/Opencv/data/20220314_174702.mp4' is in submodule 'workspace/Opencv'\n","exitCode":128,"gitErrorCode":"IsInSubmodule"}
[2022-03-18 13:50:23.376] [exthost] [error] {"message":"Git error","stdout":"","stderr":"fatal: Pathspec '/home/pi/workspace/Opencv/data/20220314_174702.mp4' is in submodule 'workspace/Opencv'\n","exitCode":128,"gitErrorCode":"IsInSubmodule"}
[2022-03-18 13:50:23.376] [exthost] [error] {"message":"Git error","stdout":"","stderr":"fatal: Pathspec '/home/pi/workspace/Opencv/data/20220314_174702.mp4' is in submodule 'workspace/Opencv'\n","exitCode":128,"gitErrorCode":"IsInSubmodule"}
[2022-03-18 13:50:23.376] [exthost] [error] {"message":"Git error","stdout":"","stderr":"fatal: Pathspec '/home/pi/workspace/Opencv/data/20220314_174702.mp4' is in submodule 'workspace/Opencv'\n","exitCode":128,"gitErrorCode":"IsInSubmodule"}
[2022-03-18 13:50:23.376] [exthost] [error] {"message":"Git error","stdout":"","stderr":"fatal: Pathspec '/home/pi/workspace/Opencv/data/20220314_174702.mp4' is in submodule 'workspace/Opencv'\n","exitCode":128,"gitErrorCode":"IsInSubmodule"}
[2022-03-18 13:50:23.376] [exthost] [error] {"message":"Git error","stdout":"","stderr":"fatal: Pathspec '/home/pi/workspace/Opencv/data/20220314_174702.mp4' is in submodule 'workspace/Opencv'\n","exitCode":128,"gitErrorCode":"IsInSubmodule"}
[2022-03-18 13:50:23.376] [exthost] [error] {"message":"Git error","stdout":"","stderr":"fatal: Pathspec '/home/pi/workspace/Opencv/data/20220314_174702.mp4' is in submodule 'workspace/Opencv'\n","exitCode":128,"gitErrorCode":"IsInSubmodule"}
[2022-03-18 13:50:23.376] [exthost] [error] {"message":"Git error","stdout":"","stderr":"fatal: Pathspec '/home/pi/workspace/Opencv/data/20220314_174702.mp4' is in submodule 'workspace/Opencv'\n","exitCode":128,"gitErrorCode":"IsInSubmodule"}
[2022-03-18 13:50:23.376] [exthost] [error] {"message":"Git error","stdout":"","stderr":"fatal: Pathspec '/home/pi/workspace/Opencv/data/20220314_174702.mp4' is in submodule 'workspace/Opencv'\n","exitCode":128,"gitErrorCode":"IsInSubmodule"}
[2022-03-18 13:50:23.376] [exthost] [error] {"message":"Git error","stdout":"","stderr":"fatal: Pathspec '/home/pi/workspace/Opencv/data/20220314_174702.mp4' is in submodule 'workspace/Opencv'\n","exitCode":128,"gitErrorCode":"IsInSubmodule"}
[2022-03-18 13:50:23.376] [exthost] [error] {"message":"Git error","stdout":"","stderr":"fatal: Pathspec '/home/pi/workspace/Opencv/data/20220314_174702.mp4' is in submodule 'workspace/Opencv'\n","exitCode":128,"gitErrorCode":"IsInSubmodule"}
[2022-03-18 13:50:23.376] [exthost] [error] {"message":"Git error","stdout":"","stderr":"fatal: Pathspec '/home/pi/workspace/Opencv/data/20220314_174702.mp4' is in submodule 'workspace/Opencv'\n","exitCode":128,"gitErrorCode":"IsInSubmodule"}
[2022-03-18 13:50:23.376] [exthost] [error] {"message":"Git error","stdout":"","stderr":"fatal: Pathspec '/home/pi/workspace/Opencv/data/20220314_174702.mp4' is in submodule 'workspace/Opencv'\n","exitCode":128,"gitErrorCode":"IsInSubmodule"}
[2022-03-18 13:50:23.376] [exthost] [error] {"message":"Git error","stdout":"","stderr":"fatal: Pathspec '/home/pi/workspace/Opencv/data/20220314_174702.mp4' is in submodule 'workspace/Opencv'\n","exitCode":128,"gitErrorCode":"IsInSubmodule"}
[2022-03-18 13:50:23.376] [exthost] [error] {"message":"Git error","stdout":"","stderr":"fatal: Pathspec '/home/pi/workspace/Opencv/data/20220314_174702.mp4' is in submodule 'workspace/Opencv'\n","exitCode":128,"gitErrorCode":"IsInSubmodule"}
[2022-03-18 13:50:23.376] [exthost] [error] {"message":"Git error","stdout":"","stderr":"fatal: Pathspec '/home/pi/workspace/Opencv/data/20220314_174702.mp4' is in submodule 'workspace/Opencv'\n","exitCode":128,"gitErrorCode":"IsInSubmodule"}
[2022-03-18 13:50:23.376] [exthost] [error] {"message":"Git error","stdout":"","stderr":"fatal: Pathspec '/home/pi/workspace/Opencv/data/20220314_174702.mp4' is in submodule 'workspace/Opencv'\n","exitCode":128,"gitErrorCode":"IsInSubmodule"}
[2022-03-18 13:50:23.377] [exthost] [error] {"message":"Git error","stdout":"","stderr":"fatal: Pathspec '/home/pi/workspace/Opencv/data/20220314_174702.mp4' is in submodule 'workspace/Opencv'\n","exitCode":128,"gitErrorCode":"IsInSubmodule"}
[2022-03-18 13:50:23.377] [exthost] [error] {"message":"Git error","stdout":"","stderr":"fatal: Pathspec '/home/pi/workspace/Opencv/data/20220314_174702.mp4' is in submodule 'workspace/Opencv'\n","exitCode":128,"gitErrorCode":"IsInSubmodule"}
[2022-03-18 13:50:23.377] [exthost] [error] {"message":"Git error","stdout":"","stderr":"fatal: Pathspec '/home/pi/workspace/Opencv/data/20220314_174702.mp4' is in submodule 'workspace/Opencv'\n","exitCode":128,"gitErrorCode":"IsInSubmodule"}
[2022-03-18 13:50:23.377] [exthost] [error] {"message":"Git error","stdout":"","stderr":"fatal: Pathspec '/home/pi/workspace/Opencv/data/20220314_174702.mp4' is in submodule 'workspace/Opencv'\n","exitCode":128,"gitErrorCode":"IsInSubmodule"}
[2022-03-18 13:50:23.377] [exthost] [error] {"message":"Git error","stdout":"","stderr":"fatal: Pathspec '/home/pi/workspace/Opencv/data/20220314_174702.mp4' is in submodule 'workspace/Opencv'\n","exitCode":128,"gitErrorCode":"IsInSubmodule"}
[2022-03-18 13:50:23.377] [exthost] [error] {"message":"Git error","stdout":"","stderr":"fatal: Pathspec '/home/pi/workspace/Opencv/data/20220314_174702.mp4' is in submodule 'workspace/Opencv'\n","exitCode":128,"gitErrorCode":"IsInSubmodule"}
[2022-03-18 13:50:23.377] [exthost] [error] {"message":"Git error","stdout":"","stderr":"fatal: Pathspec '/home/pi/workspace/Opencv/data/20220314_174702.mp4' is in submodule 'workspace/Opencv'\n","exitCode":128,"gitErrorCode":"IsInSubmodule"}
[2022-03-18 13:50:23.377] [exthost] [error] {"message":"Git error","stdout":"","stderr":"fatal: Pathspec '/home/pi/workspace/Opencv/data/20220314_174702.mp4' is in submodule 'workspace/Opencv'\n","exitCode":128,"gitErrorCode":"IsInSubmodule"}
[2022-03-18 13:50:23.377] [exthost] [error] {"message":"Git error","stdout":"","stderr":"fatal: Pathspec '/home/pi/workspace/Opencv/data/20220314_174702.mp4' is in submodule 'workspace/Opencv'\n","exitCode":128,"gitErrorCode":"IsInSubmodule"}
[2022-03-18 13:50:23.377] [exthost] [error] {"message":"Git error","stdout":"","stderr":"fatal: Pathspec '/home/pi/workspace/Opencv/data/20220314_174702.mp4' is in submodule 'workspace/Opencv'\n","exitCode":128,"gitErrorCode":"IsInSubmodule"}
[2022-03-18 13:50:23.377] [exthost] [error] {"message":"Git error","stdout":"","stderr":"fatal: Pathspec '/home/pi/workspace/Opencv/data/20220314_174702.mp4' is in submodule 'workspace/Opencv'\n","exitCode":128,"gitErrorCode":"IsInSubmodule"}
[2022-03-18 13:50:23.377] [exthost] [error] {"message":"Git error","stdout":"","stderr":"fatal: Pathspec '/home/pi/workspace/Opencv/data/20220314_174702.mp4' is in submodule 'workspace/Opencv'\n","exitCode":128,"gitErrorCode":"IsInSubmodule"}
[2022-03-18 13:50:23.377] [exthost] [error] {"message":"Git error","stdout":"","stderr":"fatal: Pathspec '/home/pi/workspace/Opencv/data/20220314_174702.mp4' is in submodule 'workspace/Opencv'\n","exitCode":128,"gitErrorCode":"IsInSubmodule"}
[2022-03-18 13:50:23.377] [exthost] [error] {"message":"Git error","stdout":"","stderr":"fatal: Pathspec '/home/pi/workspace/Opencv/data/20220314_174702.mp4' is in submodule 'workspace/Opencv'\n","exitCode":128,"gitErrorCode":"IsInSubmodule"}
[2022-03-18 14:01:49.685] [exthost] [error] {"message":"Git error","stdout":"","stderr":"fatal: Pathspec '/home/pi/workspace/Opencv/detect' is in submodule 'workspace/Opencv'\n","exitCode":128,"gitErrorCode":"IsInSubmodule"}
[2022-03-18 14:01:59.135] [exthost] [error] {"message":"Git error","stdout":"","stderr":"fatal: Pathspec '/home/pi/workspace/Opencv/detect/ex01.py' is in submodule 'workspace/Opencv'\n","exitCode":128,"gitErrorCode":"IsInSubmodule"}
[2022-03-18 14:10:27.260] [exthost] [warning] ms-python.python - Code actions of kind 'quickfix 'requested but returned code action is of kind 'refactor.extract'. Code action will be dropped. Please check 'CodeActionContext.only' to only return requested code actions.
[2022-03-18 14:10:27.260] [exthost] [warning] ms-python.python - Code actions of kind 'quickfix 'requested but returned code action is of kind 'refactor.extract'. Code action will be dropped. Please check 'CodeActionContext.only' to only return requested code actions.
[2022-03-18 14:14:48.176] [exthost] [info] ExtensionService#_doActivateExtension vscode.configuration-editing, startup: false, activationEvent: 'onLanguage:jsonc'
[2022-03-18 14:14:48.233] [exthost] [info] ExtensionService#_doActivateExtension vscode.json-language-features, startup: false, activationEvent: 'onLanguage:jsonc'
[2022-03-18 14:14:48.431] [exthost] [info] ExtensionService#_doActivateExtension vscode.typescript-language-features, startup: false, activationEvent: 'onLanguage:jsonc'
[2022-03-18 14:21:49.460] [exthost] [error] {"message":"Git error","stdout":"","stderr":"fatal: Pathspec '/home/pi/workspace/Opencv/detect/facedetect-output2.PNG' is in submodule 'workspace/Opencv'\n","exitCode":128,"gitErrorCode":"IsInSubmodule"}
[2022-03-18 14:28:05.331] [exthost] [error] {"message":"Git error","stdout":"","stderr":"fatal: Pathspec '/home/pi/workspace/Opencv/detect/facedetect-output1.PNG' is in submodule 'workspace/Opencv'\n","exitCode":128,"gitErrorCode":"IsInSubmodule"}
[2022-03-18 14:28:30.257] [exthost] [error] {"message":"Git error","stdout":"","stderr":"fatal: Pathspec '/home/pi/workspace/Opencv/detect/haardetect.py' is in submodule 'workspace/Opencv'\n","exitCode":128,"gitErrorCode":"IsInSubmodule"}
[2022-03-18 14:29:36.978] [exthost] [error] [ms-python.python] provider FAILED
[2022-03-18 14:29:36.979] [exthost] [error] Error: name must not be falsy
	at Function.validate (/home/pi/.vscode-server/bin/c722ca6c7eed3d7987c0d5c3df5c45f6b15e77d1/out/vs/workbench/api/node/extensionHostProcess.js:76:134556)
	at new n (/home/pi/.vscode-server/bin/c722ca6c7eed3d7987c0d5c3df5c45f6b15e77d1/out/vs/workbench/api/node/extensionHostProcess.js:76:134505)
	at new n (/home/pi/.vscode-server/bin/c722ca6c7eed3d7987c0d5c3df5c45f6b15e77d1/out/vs/workbench/api/node/extensionHostProcess.js:76:120947)
	at H (/home/pi/.vscode-server/extensions/ms-python.python-2022.2.1924087327/out/client/extension.js:67:215021)
	at Array.map (<anonymous>)
	at Object.asDocumentSymbols (/home/pi/.vscode-server/extensions/ms-python.python-2022.2.1924087327/out/client/extension.js:67:220359)
	at /home/pi/.vscode-server/extensions/ms-python.python-2022.2.1924087327/out/client/extension.js:24:124218
	at async f.provideDocumentSymbols (/home/pi/.vscode-server/bin/c722ca6c7eed3d7987c0d5c3df5c45f6b15e77d1/out/vs/workbench/api/node/extensionHostProcess.js:85:91158)
[2022-03-18 14:29:37.640] [exthost] [error] [ms-python.python] provider FAILED
[2022-03-18 14:29:37.641] [exthost] [error] Error: name must not be falsy
	at Function.validate (/home/pi/.vscode-server/bin/c722ca6c7eed3d7987c0d5c3df5c45f6b15e77d1/out/vs/workbench/api/node/extensionHostProcess.js:76:134556)
	at new n (/home/pi/.vscode-server/bin/c722ca6c7eed3d7987c0d5c3df5c45f6b15e77d1/out/vs/workbench/api/node/extensionHostProcess.js:76:134505)
	at new n (/home/pi/.vscode-server/bin/c722ca6c7eed3d7987c0d5c3df5c45f6b15e77d1/out/vs/workbench/api/node/extensionHostProcess.js:76:120947)
	at H (/home/pi/.vscode-server/extensions/ms-python.python-2022.2.1924087327/out/client/extension.js:67:215021)
	at Array.map (<anonymous>)
	at Object.asDocumentSymbols (/home/pi/.vscode-server/extensions/ms-python.python-2022.2.1924087327/out/client/extension.js:67:220359)
	at /home/pi/.vscode-server/extensions/ms-python.python-2022.2.1924087327/out/client/extension.js:24:124218
	at async f.provideDocumentSymbols (/home/pi/.vscode-server/bin/c722ca6c7eed3d7987c0d5c3df5c45f6b15e77d1/out/vs/workbench/api/node/extensionHostProcess.js:85:91158)
[2022-03-18 14:38:55.011] [exthost] [info] extension host terminating: renderer disconnected for too long (2)
[2022-03-18 14:38:55.022] [exthost] [info] Lock '/home/pi/.vscode-server/data/User/workspaceStorage/777a38bfa78b9f733e2b2b4fa2413d35/vscode.lock': Marking the lockfile as scheduled to be released in 6000 ms.
[2022-03-18 14:38:55.162] [exthost] [info] Extension host with pid 1854 exiting with code 0
