[2022-03-22 17:11:48.253] [exthost] [info] Extension host with pid 1703 started
[2022-03-22 17:11:48.259] [exthost] [error] Error: EEXIST: file already exists, open '/home/pi/.vscode-server/data/User/workspaceStorage/390b2b8d1559b8a1fc0892202a598e1e/vscode.lock'
[2022-03-22 17:11:48.266] [exthost] [info] Lock '/home/pi/.vscode-server/data/User/workspaceStorage/390b2b8d1559b8a1fc0892202a598e1e/vscode.lock': Could not acquire lock, checking if the file is stale.
[2022-03-22 17:11:48.269] [exthost] [info] Lock '/home/pi/.vscode-server/data/User/workspaceStorage/390b2b8d1559b8a1fc0892202a598e1e/vscode.lock': The pid 1645 appears to be gone.
[2022-03-22 17:11:48.269] [exthost] [info] Lock '/home/pi/.vscode-server/data/User/workspaceStorage/390b2b8d1559b8a1fc0892202a598e1e/vscode.lock': Deleting a stale lock.
[2022-03-22 17:11:48.284] [exthost] [info] Lock '/home/pi/.vscode-server/data/User/workspaceStorage/390b2b8d1559b8a1fc0892202a598e1e/vscode.lock': Lock acquired.
[2022-03-22 17:11:48.481] [exthost] [info] ExtensionService#_doActivateExtension ms-python.python, startup: false, activationEvent: 'onLanguage:python', root cause: ms-python.vscode-pylance
[2022-03-22 17:11:49.221] [exthost] [info] ExtensionService#_doActivateExtension ms-toolsai.jupyter, startup: false, activationEvent: 'onLanguage:python'
[2022-03-22 17:11:50.425] [exthost] [info] ExtensionService#_doActivateExtension vscode.debug-auto-launch, startup: true, activationEvent: '*'
[2022-03-22 17:11:50.438] [exthost] [info] ExtensionService#_doActivateExtension vscode.git-base, startup: true, activationEvent: '*', root cause: vscode.github
[2022-03-22 17:11:50.452] [exthost] [info] ExtensionService#_doActivateExtension vscode.ipynb, startup: true, activationEvent: '*'
[2022-03-22 17:11:50.815] [exthost] [info] ExtensionService#_doActivateExtension vscode.git, startup: true, activationEvent: '*'
[2022-03-22 17:11:51.039] [exthost] [info] ExtensionService#_doActivateExtension vscode.github, startup: true, activationEvent: '*'
[2022-03-22 17:11:51.383] [exthost] [info] ExtensionService#_doActivateExtension vscode.emmet, startup: false, activationEvent: 'onStartupFinished'
[2022-03-22 17:11:51.444] [exthost] [info] ExtensionService#_doActivateExtension vscode.merge-conflict, startup: false, activationEvent: 'onStartupFinished'
[2022-03-22 17:11:51.457] [exthost] [info] Eager extensions activated
[2022-03-22 17:11:52.107] [exthost] [info] ExtensionService#_doActivateExtension ms-toolsai.jupyter-renderers, startup: false, activationEvent: 'api', root cause: ms-toolsai.jupyter
[2022-03-22 17:11:52.818] [exthost] [info] ExtensionService#_doActivateExtension ms-python.vscode-pylance, startup: false, activationEvent: 'onLanguage:python'
[2022-03-22 17:11:53.663] [exthost] [error] {"message":"Git error","stdout":"","stderr":"fatal: Pathspec '/home/pi/workspace/Opencv/__pycache__' is in submodule 'workspace/Opencv'\n","exitCode":128,"gitErrorCode":"IsInSubmodule"}
[2022-03-22 17:11:53.663] [exthost] [error] {"message":"Git error","stdout":"","stderr":"fatal: Pathspec '/home/pi/workspace/Opencv/__pycache__' is in submodule 'workspace/Opencv'\n","exitCode":128,"gitErrorCode":"IsInSubmodule"}
[2022-03-22 17:11:53.663] [exthost] [error] {"message":"Git error","stdout":"","stderr":"fatal: Pathspec '/home/pi/workspace/Opencv/__pycache__' is in submodule 'workspace/Opencv'\n","exitCode":128,"gitErrorCode":"IsInSubmodule"}
[2022-03-22 17:11:53.663] [exthost] [error] {"message":"Git error","stdout":"","stderr":"fatal: Pathspec '/home/pi/workspace/Opencv/__pycache__' is in submodule 'workspace/Opencv'\n","exitCode":128,"gitErrorCode":"IsInSubmodule"}
[2022-03-22 17:11:53.663] [exthost] [error] {"message":"Git error","stdout":"","stderr":"fatal: Pathspec '/home/pi/workspace/Opencv/__pycache__' is in submodule 'workspace/Opencv'\n","exitCode":128,"gitErrorCode":"IsInSubmodule"}
[2022-03-22 17:11:53.663] [exthost] [error] {"message":"Git error","stdout":"","stderr":"fatal: Pathspec '/home/pi/workspace/Opencv/__pycache__' is in submodule 'workspace/Opencv'\n","exitCode":128,"gitErrorCode":"IsInSubmodule"}
[2022-03-22 17:11:53.663] [exthost] [error] {"message":"Git error","stdout":"","stderr":"fatal: Pathspec '/home/pi/workspace/Opencv/__pycache__' is in submodule 'workspace/Opencv'\n","exitCode":128,"gitErrorCode":"IsInSubmodule"}
[2022-03-22 17:11:53.663] [exthost] [error] {"message":"Git error","stdout":"","stderr":"fatal: Pathspec '/home/pi/workspace/Opencv/__pycache__' is in submodule 'workspace/Opencv'\n","exitCode":128,"gitErrorCode":"IsInSubmodule"}
[2022-03-22 17:11:53.663] [exthost] [error] {"message":"Git error","stdout":"","stderr":"fatal: Pathspec '/home/pi/workspace/Opencv/__pycache__' is in submodule 'workspace/Opencv'\n","exitCode":128,"gitErrorCode":"IsInSubmodule"}
[2022-03-22 17:11:53.663] [exthost] [error] {"message":"Git error","stdout":"","stderr":"fatal: Pathspec '/home/pi/workspace/Opencv/__pycache__' is in submodule 'workspace/Opencv'\n","exitCode":128,"gitErrorCode":"IsInSubmodule"}
[2022-03-22 17:11:53.663] [exthost] [error] {"message":"Git error","stdout":"","stderr":"fatal: Pathspec '/home/pi/workspace/Opencv/__pycache__' is in submodule 'workspace/Opencv'\n","exitCode":128,"gitErrorCode":"IsInSubmodule"}
[2022-03-22 17:11:53.663] [exthost] [error] {"message":"Git error","stdout":"","stderr":"fatal: Pathspec '/home/pi/workspace/Opencv/__pycache__' is in submodule 'workspace/Opencv'\n","exitCode":128,"gitErrorCode":"IsInSubmodule"}
[2022-03-22 17:11:53.663] [exthost] [error] {"message":"Git error","stdout":"","stderr":"fatal: Pathspec '/home/pi/workspace/Opencv/__pycache__' is in submodule 'workspace/Opencv'\n","exitCode":128,"gitErrorCode":"IsInSubmodule"}
[2022-03-22 17:11:53.663] [exthost] [error] {"message":"Git error","stdout":"","stderr":"fatal: Pathspec '/home/pi/workspace/Opencv/__pycache__' is in submodule 'workspace/Opencv'\n","exitCode":128,"gitErrorCode":"IsInSubmodule"}
[2022-03-22 17:11:53.663] [exthost] [error] {"message":"Git error","stdout":"","stderr":"fatal: Pathspec '/home/pi/workspace/Opencv/__pycache__' is in submodule 'workspace/Opencv'\n","exitCode":128,"gitErrorCode":"IsInSubmodule"}
[2022-03-22 17:11:53.663] [exthost] [error] {"message":"Git error","stdout":"","stderr":"fatal: Pathspec '/home/pi/workspace/Opencv/__pycache__' is in submodule 'workspace/Opencv'\n","exitCode":128,"gitErrorCode":"IsInSubmodule"}
[2022-03-22 17:11:53.663] [exthost] [error] {"message":"Git error","stdout":"","stderr":"fatal: Pathspec '/home/pi/workspace/Opencv/__pycache__' is in submodule 'workspace/Opencv'\n","exitCode":128,"gitErrorCode":"IsInSubmodule"}
[2022-03-22 17:11:53.663] [exthost] [error] {"message":"Git error","stdout":"","stderr":"fatal: Pathspec '/home/pi/workspace/Opencv/__pycache__' is in submodule 'workspace/Opencv'\n","exitCode":128,"gitErrorCode":"IsInSubmodule"}
[2022-03-22 17:11:53.663] [exthost] [error] {"message":"Git error","stdout":"","stderr":"fatal: Pathspec '/home/pi/workspace/Opencv/__pycache__' is in submodule 'workspace/Opencv'\n","exitCode":128,"gitErrorCode":"IsInSubmodule"}
[2022-03-22 17:11:53.663] [exthost] [error] {"message":"Git error","stdout":"","stderr":"fatal: Pathspec '/home/pi/workspace/Opencv/__pycache__' is in submodule 'workspace/Opencv'\n","exitCode":128,"gitErrorCode":"IsInSubmodule"}
[2022-03-22 17:11:53.664] [exthost] [error] {"message":"Git error","stdout":"","stderr":"fatal: Pathspec '/home/pi/workspace/Opencv/__pycache__' is in submodule 'workspace/Opencv'\n","exitCode":128,"gitErrorCode":"IsInSubmodule"}
[2022-03-22 17:11:53.664] [exthost] [error] {"message":"Git error","stdout":"","stderr":"fatal: Pathspec '/home/pi/workspace/Opencv/__pycache__' is in submodule 'workspace/Opencv'\n","exitCode":128,"gitErrorCode":"IsInSubmodule"}
[2022-03-22 17:11:53.664] [exthost] [error] {"message":"Git error","stdout":"","stderr":"fatal: Pathspec '/home/pi/workspace/Opencv/__pycache__' is in submodule 'workspace/Opencv'\n","exitCode":128,"gitErrorCode":"IsInSubmodule"}
[2022-03-22 17:11:53.664] [exthost] [error] {"message":"Git error","stdout":"","stderr":"fatal: Pathspec '/home/pi/workspace/Opencv/__pycache__' is in submodule 'workspace/Opencv'\n","exitCode":128,"gitErrorCode":"IsInSubmodule"}
[2022-03-22 17:11:53.664] [exthost] [error] {"message":"Git error","stdout":"","stderr":"fatal: Pathspec '/home/pi/workspace/Opencv/__pycache__' is in submodule 'workspace/Opencv'\n","exitCode":128,"gitErrorCode":"IsInSubmodule"}
[2022-03-22 17:11:53.664] [exthost] [error] {"message":"Git error","stdout":"","stderr":"fatal: Pathspec '/home/pi/workspace/Opencv/__pycache__' is in submodule 'workspace/Opencv'\n","exitCode":128,"gitErrorCode":"IsInSubmodule"}
[2022-03-22 17:11:53.664] [exthost] [error] {"message":"Git error","stdout":"","stderr":"fatal: Pathspec '/home/pi/workspace/Opencv/__pycache__' is in submodule 'workspace/Opencv'\n","exitCode":128,"gitErrorCode":"IsInSubmodule"}
[2022-03-22 17:11:53.664] [exthost] [error] {"message":"Git error","stdout":"","stderr":"fatal: Pathspec '/home/pi/workspace/Opencv/__pycache__' is in submodule 'workspace/Opencv'\n","exitCode":128,"gitErrorCode":"IsInSubmodule"}
[2022-03-22 17:11:53.664] [exthost] [error] {"message":"Git error","stdout":"","stderr":"fatal: Pathspec '/home/pi/workspace/Opencv/__pycache__' is in submodule 'workspace/Opencv'\n","exitCode":128,"gitErrorCode":"IsInSubmodule"}
[2022-03-22 17:11:53.664] [exthost] [error] {"message":"Git error","stdout":"","stderr":"fatal: Pathspec '/home/pi/workspace/Opencv/__pycache__' is in submodule 'workspace/Opencv'\n","exitCode":128,"gitErrorCode":"IsInSubmodule"}
[2022-03-22 17:11:53.664] [exthost] [error] {"message":"Git error","stdout":"","stderr":"fatal: Pathspec '/home/pi/workspace/Opencv/__pycache__' is in submodule 'workspace/Opencv'\n","exitCode":128,"gitErrorCode":"IsInSubmodule"}
[2022-03-22 17:11:53.664] [exthost] [error] {"message":"Git error","stdout":"","stderr":"fatal: Pathspec '/home/pi/workspace/Opencv/__pycache__' is in submodule 'workspace/Opencv'\n","exitCode":128,"gitErrorCode":"IsInSubmodule"}
[2022-03-22 17:11:53.664] [exthost] [error] {"message":"Git error","stdout":"","stderr":"fatal: Pathspec '/home/pi/workspace/Opencv/__pycache__' is in submodule 'workspace/Opencv'\n","exitCode":128,"gitErrorCode":"IsInSubmodule"}
[2022-03-22 17:11:53.664] [exthost] [error] {"message":"Git error","stdout":"","stderr":"fatal: Pathspec '/home/pi/workspace/Opencv/__pycache__' is in submodule 'workspace/Opencv'\n","exitCode":128,"gitErrorCode":"IsInSubmodule"}
[2022-03-22 17:11:53.664] [exthost] [error] {"message":"Git error","stdout":"","stderr":"fatal: Pathspec '/home/pi/workspace/Opencv/__pycache__' is in submodule 'workspace/Opencv'\n","exitCode":128,"gitErrorCode":"IsInSubmodule"}
[2022-03-22 17:11:53.664] [exthost] [error] {"message":"Git error","stdout":"","stderr":"fatal: Pathspec '/home/pi/workspace/Opencv/__pycache__' is in submodule 'workspace/Opencv'\n","exitCode":128,"gitErrorCode":"IsInSubmodule"}
[2022-03-22 17:11:53.664] [exthost] [error] {"message":"Git error","stdout":"","stderr":"fatal: Pathspec '/home/pi/workspace/Opencv/__pycache__' is in submodule 'workspace/Opencv'\n","exitCode":128,"gitErrorCode":"IsInSubmodule"}
[2022-03-22 17:11:53.664] [exthost] [error] {"message":"Git error","stdout":"","stderr":"fatal: Pathspec '/home/pi/workspace/Opencv/__pycache__' is in submodule 'workspace/Opencv'\n","exitCode":128,"gitErrorCode":"IsInSubmodule"}
[2022-03-22 17:11:53.664] [exthost] [error] {"message":"Git error","stdout":"","stderr":"fatal: Pathspec '/home/pi/workspace/Opencv/__pycache__' is in submodule 'workspace/Opencv'\n","exitCode":128,"gitErrorCode":"IsInSubmodule"}
[2022-03-22 17:11:53.664] [exthost] [error] {"message":"Git error","stdout":"","stderr":"fatal: Pathspec '/home/pi/workspace/Opencv/__pycache__' is in submodule 'workspace/Opencv'\n","exitCode":128,"gitErrorCode":"IsInSubmodule"}
[2022-03-22 17:11:53.664] [exthost] [error] {"message":"Git error","stdout":"","stderr":"fatal: Pathspec '/home/pi/workspace/Opencv/__pycache__' is in submodule 'workspace/Opencv'\n","exitCode":128,"gitErrorCode":"IsInSubmodule"}
[2022-03-22 17:11:53.664] [exthost] [error] {"message":"Git error","stdout":"","stderr":"fatal: Pathspec '/home/pi/workspace/Opencv/__pycache__' is in submodule 'workspace/Opencv'\n","exitCode":128,"gitErrorCode":"IsInSubmodule"}
[2022-03-22 17:11:53.664] [exthost] [error] {"message":"Git error","stdout":"","stderr":"fatal: Pathspec '/home/pi/workspace/Opencv/__pycache__' is in submodule 'workspace/Opencv'\n","exitCode":128,"gitErrorCode":"IsInSubmodule"}
[2022-03-22 17:11:53.664] [exthost] [error] {"message":"Git error","stdout":"","stderr":"fatal: Pathspec '/home/pi/workspace/Opencv/__pycache__' is in submodule 'workspace/Opencv'\n","exitCode":128,"gitErrorCode":"IsInSubmodule"}
[2022-03-22 17:11:53.664] [exthost] [error] {"message":"Git error","stdout":"","stderr":"fatal: Pathspec '/home/pi/workspace/Opencv/__pycache__' is in submodule 'workspace/Opencv'\n","exitCode":128,"gitErrorCode":"IsInSubmodule"}
[2022-03-22 17:11:53.664] [exthost] [error] {"message":"Git error","stdout":"","stderr":"fatal: Pathspec '/home/pi/workspace/Opencv/__pycache__' is in submodule 'workspace/Opencv'\n","exitCode":128,"gitErrorCode":"IsInSubmodule"}
[2022-03-22 17:11:53.664] [exthost] [error] {"message":"Git error","stdout":"","stderr":"fatal: Pathspec '/home/pi/workspace/Opencv/__pycache__' is in submodule 'workspace/Opencv'\n","exitCode":128,"gitErrorCode":"IsInSubmodule"}
[2022-03-22 17:11:53.664] [exthost] [error] {"message":"Git error","stdout":"","stderr":"fatal: Pathspec '/home/pi/workspace/Opencv/__pycache__' is in submodule 'workspace/Opencv'\n","exitCode":128,"gitErrorCode":"IsInSubmodule"}
[2022-03-22 17:11:53.664] [exthost] [error] {"message":"Git error","stdout":"","stderr":"fatal: Pathspec '/home/pi/workspace/Opencv/__pycache__' is in submodule 'workspace/Opencv'\n","exitCode":128,"gitErrorCode":"IsInSubmodule"}
[2022-03-22 17:11:53.664] [exthost] [error] {"message":"Git error","stdout":"","stderr":"fatal: Pathspec '/home/pi/workspace/Opencv/__pycache__' is in submodule 'workspace/Opencv'\n","exitCode":128,"gitErrorCode":"IsInSubmodule"}
[2022-03-22 17:11:53.665] [exthost] [error] {"message":"Git error","stdout":"","stderr":"fatal: Pathspec '/home/pi/workspace/Opencv/__pycache__' is in submodule 'workspace/Opencv'\n","exitCode":128,"gitErrorCode":"IsInSubmodule"}
[2022-03-22 17:11:53.665] [exthost] [error] {"message":"Git error","stdout":"","stderr":"fatal: Pathspec '/home/pi/workspace/Opencv/__pycache__' is in submodule 'workspace/Opencv'\n","exitCode":128,"gitErrorCode":"IsInSubmodule"}
[2022-03-22 17:11:53.665] [exthost] [error] {"message":"Git error","stdout":"","stderr":"fatal: Pathspec '/home/pi/workspace/Opencv/__pycache__' is in submodule 'workspace/Opencv'\n","exitCode":128,"gitErrorCode":"IsInSubmodule"}
[2022-03-22 17:11:53.665] [exthost] [error] {"message":"Git error","stdout":"","stderr":"fatal: Pathspec '/home/pi/workspace/Opencv/__pycache__' is in submodule 'workspace/Opencv'\n","exitCode":128,"gitErrorCode":"IsInSubmodule"}
[2022-03-22 17:11:53.665] [exthost] [error] {"message":"Git error","stdout":"","stderr":"fatal: Pathspec '/home/pi/workspace/Opencv/__pycache__' is in submodule 'workspace/Opencv'\n","exitCode":128,"gitErrorCode":"IsInSubmodule"}
[2022-03-22 17:11:53.665] [exthost] [error] {"message":"Git error","stdout":"","stderr":"fatal: Pathspec '/home/pi/workspace/Opencv/__pycache__' is in submodule 'workspace/Opencv'\n","exitCode":128,"gitErrorCode":"IsInSubmodule"}
[2022-03-22 17:11:53.665] [exthost] [error] {"message":"Git error","stdout":"","stderr":"fatal: Pathspec '/home/pi/workspace/Opencv/__pycache__' is in submodule 'workspace/Opencv'\n","exitCode":128,"gitErrorCode":"IsInSubmodule"}
[2022-03-22 17:11:53.665] [exthost] [error] {"message":"Git error","stdout":"","stderr":"fatal: Pathspec '/home/pi/workspace/Opencv/__pycache__' is in submodule 'workspace/Opencv'\n","exitCode":128,"gitErrorCode":"IsInSubmodule"}
[2022-03-22 17:11:53.665] [exthost] [error] {"message":"Git error","stdout":"","stderr":"fatal: Pathspec '/home/pi/workspace/Opencv/__pycache__' is in submodule 'workspace/Opencv'\n","exitCode":128,"gitErrorCode":"IsInSubmodule"}
[2022-03-22 17:11:53.665] [exthost] [error] {"message":"Git error","stdout":"","stderr":"fatal: Pathspec '/home/pi/workspace/Opencv/__pycache__' is in submodule 'workspace/Opencv'\n","exitCode":128,"gitErrorCode":"IsInSubmodule"}
[2022-03-22 17:11:53.665] [exthost] [error] {"message":"Git error","stdout":"","stderr":"fatal: Pathspec '/home/pi/workspace/Opencv/__pycache__' is in submodule 'workspace/Opencv'\n","exitCode":128,"gitErrorCode":"IsInSubmodule"}
[2022-03-22 17:11:53.665] [exthost] [error] {"message":"Git error","stdout":"","stderr":"fatal: Pathspec '/home/pi/workspace/Opencv/__pycache__' is in submodule 'workspace/Opencv'\n","exitCode":128,"gitErrorCode":"IsInSubmodule"}
[2022-03-22 17:11:53.665] [exthost] [error] {"message":"Git error","stdout":"","stderr":"fatal: Pathspec '/home/pi/workspace/Opencv/__pycache__' is in submodule 'workspace/Opencv'\n","exitCode":128,"gitErrorCode":"IsInSubmodule"}
[2022-03-22 17:11:53.665] [exthost] [error] {"message":"Git error","stdout":"","stderr":"fatal: Pathspec '/home/pi/workspace/Opencv/__pycache__' is in submodule 'workspace/Opencv'\n","exitCode":128,"gitErrorCode":"IsInSubmodule"}
[2022-03-22 17:11:53.665] [exthost] [error] {"message":"Git error","stdout":"","stderr":"fatal: Pathspec '/home/pi/workspace/Opencv/__pycache__' is in submodule 'workspace/Opencv'\n","exitCode":128,"gitErrorCode":"IsInSubmodule"}
[2022-03-22 17:11:53.665] [exthost] [error] {"message":"Git error","stdout":"","stderr":"fatal: Pathspec '/home/pi/workspace/Opencv/__pycache__' is in submodule 'workspace/Opencv'\n","exitCode":128,"gitErrorCode":"IsInSubmodule"}
[2022-03-22 17:11:53.665] [exthost] [error] {"message":"Git error","stdout":"","stderr":"fatal: Pathspec '/home/pi/workspace/Opencv/__pycache__' is in submodule 'workspace/Opencv'\n","exitCode":128,"gitErrorCode":"IsInSubmodule"}
[2022-03-22 17:11:53.665] [exthost] [error] {"message":"Git error","stdout":"","stderr":"fatal: Pathspec '/home/pi/workspace/Opencv/__pycache__' is in submodule 'workspace/Opencv'\n","exitCode":128,"gitErrorCode":"IsInSubmodule"}
[2022-03-22 17:11:53.665] [exthost] [error] {"message":"Git error","stdout":"","stderr":"fatal: Pathspec '/home/pi/workspace/Opencv/__pycache__' is in submodule 'workspace/Opencv'\n","exitCode":128,"gitErrorCode":"IsInSubmodule"}
[2022-03-22 17:11:53.665] [exthost] [error] {"message":"Git error","stdout":"","stderr":"fatal: Pathspec '/home/pi/workspace/Opencv/__pycache__' is in submodule 'workspace/Opencv'\n","exitCode":128,"gitErrorCode":"IsInSubmodule"}
[2022-03-22 17:11:53.665] [exthost] [error] {"message":"Git error","stdout":"","stderr":"fatal: Pathspec '/home/pi/workspace/Opencv/__pycache__' is in submodule 'workspace/Opencv'\n","exitCode":128,"gitErrorCode":"IsInSubmodule"}
[2022-03-22 17:11:53.665] [exthost] [error] {"message":"Git error","stdout":"","stderr":"fatal: Pathspec '/home/pi/workspace/Opencv/__pycache__' is in submodule 'workspace/Opencv'\n","exitCode":128,"gitErrorCode":"IsInSubmodule"}
[2022-03-22 17:11:53.665] [exthost] [error] {"message":"Git error","stdout":"","stderr":"fatal: Pathspec '/home/pi/workspace/Opencv/__pycache__' is in submodule 'workspace/Opencv'\n","exitCode":128,"gitErrorCode":"IsInSubmodule"}
[2022-03-22 17:11:53.665] [exthost] [error] {"message":"Git error","stdout":"","stderr":"fatal: Pathspec '/home/pi/workspace/Opencv/__pycache__' is in submodule 'workspace/Opencv'\n","exitCode":128,"gitErrorCode":"IsInSubmodule"}
[2022-03-22 17:11:53.665] [exthost] [error] {"message":"Git error","stdout":"","stderr":"fatal: Pathspec '/home/pi/workspace/Opencv/__pycache__' is in submodule 'workspace/Opencv'\n","exitCode":128,"gitErrorCode":"IsInSubmodule"}
[2022-03-22 17:11:53.665] [exthost] [error] {"message":"Git error","stdout":"","stderr":"fatal: Pathspec '/home/pi/workspace/Opencv/__pycache__' is in submodule 'workspace/Opencv'\n","exitCode":128,"gitErrorCode":"IsInSubmodule"}
[2022-03-22 17:11:53.665] [exthost] [error] {"message":"Git error","stdout":"","stderr":"fatal: Pathspec '/home/pi/workspace/Opencv/__pycache__' is in submodule 'workspace/Opencv'\n","exitCode":128,"gitErrorCode":"IsInSubmodule"}
[2022-03-22 17:11:53.665] [exthost] [error] {"message":"Git error","stdout":"","stderr":"fatal: Pathspec '/home/pi/workspace/Opencv/__pycache__' is in submodule 'workspace/Opencv'\n","exitCode":128,"gitErrorCode":"IsInSubmodule"}
[2022-03-22 17:11:53.665] [exthost] [error] {"message":"Git error","stdout":"","stderr":"fatal: Pathspec '/home/pi/workspace/Opencv/__pycache__' is in submodule 'workspace/Opencv'\n","exitCode":128,"gitErrorCode":"IsInSubmodule"}
[2022-03-22 17:11:53.665] [exthost] [error] {"message":"Git error","stdout":"","stderr":"fatal: Pathspec '/home/pi/workspace/Opencv/__pycache__' is in submodule 'workspace/Opencv'\n","exitCode":128,"gitErrorCode":"IsInSubmodule"}
[2022-03-22 17:11:53.666] [exthost] [error] {"message":"Git error","stdout":"","stderr":"fatal: Pathspec '/home/pi/workspace/Opencv/__pycache__' is in submodule 'workspace/Opencv'\n","exitCode":128,"gitErrorCode":"IsInSubmodule"}
[2022-03-22 17:11:53.666] [exthost] [error] {"message":"Git error","stdout":"","stderr":"fatal: Pathspec '/home/pi/workspace/Opencv/__pycache__' is in submodule 'workspace/Opencv'\n","exitCode":128,"gitErrorCode":"IsInSubmodule"}
[2022-03-22 17:11:53.666] [exthost] [error] {"message":"Git error","stdout":"","stderr":"fatal: Pathspec '/home/pi/workspace/Opencv/__pycache__' is in submodule 'workspace/Opencv'\n","exitCode":128,"gitErrorCode":"IsInSubmodule"}
[2022-03-22 17:11:53.666] [exthost] [error] {"message":"Git error","stdout":"","stderr":"fatal: Pathspec '/home/pi/workspace/Opencv/__pycache__' is in submodule 'workspace/Opencv'\n","exitCode":128,"gitErrorCode":"IsInSubmodule"}
[2022-03-22 17:11:53.666] [exthost] [error] {"message":"Git error","stdout":"","stderr":"fatal: Pathspec '/home/pi/workspace/Opencv/__pycache__' is in submodule 'workspace/Opencv'\n","exitCode":128,"gitErrorCode":"IsInSubmodule"}
[2022-03-22 17:11:53.666] [exthost] [error] {"message":"Git error","stdout":"","stderr":"fatal: Pathspec '/home/pi/workspace/Opencv/__pycache__' is in submodule 'workspace/Opencv'\n","exitCode":128,"gitErrorCode":"IsInSubmodule"}
[2022-03-22 17:11:53.666] [exthost] [error] {"message":"Git error","stdout":"","stderr":"fatal: Pathspec '/home/pi/workspace/Opencv/__pycache__' is in submodule 'workspace/Opencv'\n","exitCode":128,"gitErrorCode":"IsInSubmodule"}
[2022-03-22 17:11:53.666] [exthost] [error] {"message":"Git error","stdout":"","stderr":"fatal: Pathspec '/home/pi/workspace/Opencv/__pycache__' is in submodule 'workspace/Opencv'\n","exitCode":128,"gitErrorCode":"IsInSubmodule"}
[2022-03-22 17:11:53.666] [exthost] [error] {"message":"Git error","stdout":"","stderr":"fatal: Pathspec '/home/pi/workspace/Opencv/__pycache__' is in submodule 'workspace/Opencv'\n","exitCode":128,"gitErrorCode":"IsInSubmodule"}
[2022-03-22 17:11:53.666] [exthost] [error] {"message":"Git error","stdout":"","stderr":"fatal: Pathspec '/home/pi/workspace/Opencv/__pycache__' is in submodule 'workspace/Opencv'\n","exitCode":128,"gitErrorCode":"IsInSubmodule"}
[2022-03-22 17:11:53.666] [exthost] [error] {"message":"Git error","stdout":"","stderr":"fatal: Pathspec '/home/pi/workspace/Opencv/__pycache__' is in submodule 'workspace/Opencv'\n","exitCode":128,"gitErrorCode":"IsInSubmodule"}
[2022-03-22 17:11:53.666] [exthost] [error] {"message":"Git error","stdout":"","stderr":"fatal: Pathspec '/home/pi/workspace/Opencv/__pycache__' is in submodule 'workspace/Opencv'\n","exitCode":128,"gitErrorCode":"IsInSubmodule"}
[2022-03-22 17:11:53.666] [exthost] [error] {"message":"Git error","stdout":"","stderr":"fatal: Pathspec '/home/pi/workspace/Opencv/__pycache__' is in submodule 'workspace/Opencv'\n","exitCode":128,"gitErrorCode":"IsInSubmodule"}
[2022-03-22 17:11:53.666] [exthost] [error] {"message":"Git error","stdout":"","stderr":"fatal: Pathspec '/home/pi/workspace/Opencv/__pycache__' is in submodule 'workspace/Opencv'\n","exitCode":128,"gitErrorCode":"IsInSubmodule"}
[2022-03-22 17:11:53.666] [exthost] [error] {"message":"Git error","stdout":"","stderr":"fatal: Pathspec '/home/pi/workspace/Opencv/__pycache__' is in submodule 'workspace/Opencv'\n","exitCode":128,"gitErrorCode":"IsInSubmodule"}
[2022-03-22 17:11:53.666] [exthost] [error] {"message":"Git error","stdout":"","stderr":"fatal: Pathspec '/home/pi/workspace/Opencv/__pycache__' is in submodule 'workspace/Opencv'\n","exitCode":128,"gitErrorCode":"IsInSubmodule"}
[2022-03-22 17:11:53.666] [exthost] [error] {"message":"Git error","stdout":"","stderr":"fatal: Pathspec '/home/pi/workspace/Opencv/__pycache__' is in submodule 'workspace/Opencv'\n","exitCode":128,"gitErrorCode":"IsInSubmodule"}
[2022-03-22 17:11:53.666] [exthost] [error] {"message":"Git error","stdout":"","stderr":"fatal: Pathspec '/home/pi/workspace/Opencv/__pycache__' is in submodule 'workspace/Opencv'\n","exitCode":128,"gitErrorCode":"IsInSubmodule"}
[2022-03-22 17:11:53.666] [exthost] [error] {"message":"Git error","stdout":"","stderr":"fatal: Pathspec '/home/pi/workspace/Opencv/__pycache__' is in submodule 'workspace/Opencv'\n","exitCode":128,"gitErrorCode":"IsInSubmodule"}
[2022-03-22 17:11:53.666] [exthost] [error] {"message":"Git error","stdout":"","stderr":"fatal: Pathspec '/home/pi/workspace/Opencv/__pycache__' is in submodule 'workspace/Opencv'\n","exitCode":128,"gitErrorCode":"IsInSubmodule"}
[2022-03-22 17:11:53.666] [exthost] [error] {"message":"Git error","stdout":"","stderr":"fatal: Pathspec '/home/pi/workspace/Opencv/__pycache__' is in submodule 'workspace/Opencv'\n","exitCode":128,"gitErrorCode":"IsInSubmodule"}
[2022-03-22 17:11:53.666] [exthost] [error] {"message":"Git error","stdout":"","stderr":"fatal: Pathspec '/home/pi/workspace/Opencv/__pycache__' is in submodule 'workspace/Opencv'\n","exitCode":128,"gitErrorCode":"IsInSubmodule"}
[2022-03-22 17:11:53.666] [exthost] [error] {"message":"Git error","stdout":"","stderr":"fatal: Pathspec '/home/pi/workspace/Opencv/__pycache__' is in submodule 'workspace/Opencv'\n","exitCode":128,"gitErrorCode":"IsInSubmodule"}
[2022-03-22 17:11:53.666] [exthost] [error] {"message":"Git error","stdout":"","stderr":"fatal: Pathspec '/home/pi/workspace/Opencv/__pycache__' is in submodule 'workspace/Opencv'\n","exitCode":128,"gitErrorCode":"IsInSubmodule"}
[2022-03-22 17:11:53.666] [exthost] [error] {"message":"Git error","stdout":"","stderr":"fatal: Pathspec '/home/pi/workspace/Opencv/__pycache__' is in submodule 'workspace/Opencv'\n","exitCode":128,"gitErrorCode":"IsInSubmodule"}
[2022-03-22 17:11:53.666] [exthost] [error] {"message":"Git error","stdout":"","stderr":"fatal: Pathspec '/home/pi/workspace/Opencv/__pycache__' is in submodule 'workspace/Opencv'\n","exitCode":128,"gitErrorCode":"IsInSubmodule"}
[2022-03-22 17:11:53.666] [exthost] [error] {"message":"Git error","stdout":"","stderr":"fatal: Pathspec '/home/pi/workspace/Opencv/__pycache__' is in submodule 'workspace/Opencv'\n","exitCode":128,"gitErrorCode":"IsInSubmodule"}
[2022-03-22 17:11:53.666] [exthost] [error] {"message":"Git error","stdout":"","stderr":"fatal: Pathspec '/home/pi/workspace/Opencv/__pycache__' is in submodule 'workspace/Opencv'\n","exitCode":128,"gitErrorCode":"IsInSubmodule"}
