[Info  - 09:06:59] (1679) Pylance language server 2022.3.2 (pyright d2d8122b) starting
[Info  - 09:07:00] (1679) Server root directory: /home/pi/.vscode-server/extensions/ms-python.vscode-pylance-2022.3.2/dist
[Info  - 09:07:00] (1679) No configuration file found.
[Info  - 09:07:00] (1679) No pyproject.toml file found.
[Info  - 09:07:00] (1679) Setting pythonPath for service "pi": "/usr/bin/python"
[Warn  - 09:07:00] (1679) stubPath /home/pi/typings is not a valid directory.
[Info  - 09:07:00] (1679) Assuming Python version 3.9
[Info  - 09:07:00] (1679) Assuming Python platform Linux
[Warn  - 09:07:01] (1679) Exception received when installing file system watcher: TypeError [ERR_FEATURE_UNAVAILABLE_ON_PLATFORM]: The feature watch recursively is unavailable on the current platform, which is being used to run Node.js
[Warn  - 09:07:01] (1679) Exception received when installing file system watcher: TypeError [ERR_FEATURE_UNAVAILABLE_ON_PLATFORM]: The feature watch recursively is unavailable on the current platform, which is being used to run Node.js
[Warn  - 09:07:02] (1679) Exception received when installing file system watcher: TypeError [ERR_FEATURE_UNAVAILABLE_ON_PLATFORM]: The feature watch recursively is unavailable on the current platform, which is being used to run Node.js
[Warn  - 09:07:02] (1679) Exception received when installing file system watcher: TypeError [ERR_FEATURE_UNAVAILABLE_ON_PLATFORM]: The feature watch recursively is unavailable on the current platform, which is being used to run Node.js
[Warn  - 09:07:02] (1679) Exception received when installing file system watcher: TypeError [ERR_FEATURE_UNAVAILABLE_ON_PLATFORM]: The feature watch recursively is unavailable on the current platform, which is being used to run Node.js
[Warn  - 09:07:02] (1679) Exception received when installing file system watcher: TypeError [ERR_FEATURE_UNAVAILABLE_ON_PLATFORM]: The feature watch recursively is unavailable on the current platform, which is being used to run Node.js
[Info  - 09:07:02] (1679) Searching for source files
[Info  - 09:07:02] (1679) Found 84 source files
[Info  - 09:07:03] (1679) Background analysis(1) root directory: /home/pi/.vscode-server/extensions/ms-python.vscode-pylance-2022.3.2/dist
[Info  - 09:07:03] (1679) Background analysis(1) started
[Info  - 09:07:03] (1679) Indexer background runner(2) root directory: /home/pi/.vscode-server/extensions/ms-python.vscode-pylance-2022.3.2/dist (index)
[Info  - 09:07:03] (1679) Indexing(2) started
[Info  - 09:07:05] (1679) [BG(1)] Long operation: analyzing: /home/pi/workspace/send_file/file_sender3.py (2106ms)
[Info  - 09:07:08] (1679) [IDX(2)] Long operation: index execution environment /home/pi (3756ms)
[Info  - 09:07:08] (1679) [IDX(2)] Long operation: index libraries /home/pi (5066ms)
[Info  - 09:07:08] (1679) Indexer done(2). indexed 448 files
[Info  - 09:11:23] (1679) Searching for source files
[Info  - 09:11:23] (1679) Found 84 source files
[Info  - 09:11:29] (1679) Searching for source files
[Info  - 09:11:29] (1679) Found 84 source files
[Info  - 09:11:30] (1679) Searching for source files
[Info  - 09:11:30] (1679) Found 84 source files
[Info  - 09:21:40] (1679) Searching for source files
[Info  - 09:21:40] (1679) Found 84 source files
[Info  - 09:21:48] (1679) Searching for source files
[Info  - 09:21:48] (1679) Found 85 source files
[Info  - 09:22:11] (1679) Searching for source files
[Info  - 09:22:11] (1679) Found 85 source files
[Info  - 09:40:32] (1679) Searching for source files
[Info  - 09:40:32] (1679) Found 86 source files
[Info  - 10:02:08] (1679) Searching for source files
[Info  - 10:02:08] (1679) Found 87 source files
[Info  - 10:10:50] (1679) Searching for source files
[Info  - 10:10:50] (1679) Found 88 source files
[Info  - 10:10:56] (1679) Searching for source files
[Info  - 10:10:56] (1679) Found 89 source files
[Info  - 10:17:53] (1679) Searching for source files
[Info  - 10:17:53] (1679) Found 90 source files
[Info  - 10:38:59] (1679) Searching for source files
[Info  - 10:38:59] (1679) Found 91 source files
[Info  - 11:03:11] (1679) Searching for source files
[Info  - 11:03:11] (1679) Found 92 source files
[Info  - 11:17:15] (1679) Searching for source files
[Info  - 11:17:15] (1679) Found 93 source files
[Info  - 11:20:43] (1679) Searching for source files
[Info  - 11:20:43] (1679) Found 93 source files
[Info  - 11:26:15] (1679) Searching for source files
[Info  - 11:26:15] (1679) Found 94 source files
[Info  - 11:32:04] (1679) Searching for source files
[Info  - 11:32:04] (1679) Found 95 source files
[Info  - 11:42:08] (1679) Searching for source files
[Info  - 11:42:09] (1679) Found 96 source files
[Info  - 13:03:31] (1679) Searching for source files
[Info  - 13:03:31] (1679) Found 97 source files
[Info  - 13:22:36] (1679) Searching for source files
[Info  - 13:22:36] (1679) Found 97 source files
[Info  - 13:22:52] (1679) Searching for source files
[Info  - 13:22:52] (1679) Found 98 source files
[Info  - 13:41:59] (1679) Searching for source files
[Info  - 13:41:59] (1679) Found 98 source files
[Info  - 13:42:08] (1679) Searching for source files
[Info  - 13:42:08] (1679) Found 98 source files
[Info  - 13:42:12] (1679) Searching for source files
[Info  - 13:42:12] (1679) Found 98 source files
[Info  - 13:42:19] (1679) Searching for source files
[Info  - 13:42:19] (1679) Found 98 source files
[Info  - 13:42:28] (1679) Searching for source files
[Info  - 13:42:28] (1679) Found 98 source files
[Info  - 13:42:40] (1679) Searching for source files
[Info  - 13:42:40] (1679) Found 98 source files
[Info  - 13:42:46] (1679) Searching for source files
[Info  - 13:42:46] (1679) Found 98 source files
[Info  - 13:43:50] (1679) Searching for source files
[Info  - 13:43:50] (1679) Found 99 source files
[Info  - 13:43:57] (1679) Searching for source files
[Info  - 13:43:57] (1679) Found 99 source files
[Info  - 14:26:29] (1679) Searching for source files
[Info  - 14:26:29] (1679) Found 99 source files
[Info  - 14:26:31] (1679) Searching for source files
[Info  - 14:26:31] (1679) Found 99 source files
[Info  - 14:26:36] (1679) Searching for source files
[Info  - 14:26:36] (1679) Found 99 source files
[Info  - 14:26:37] (1679) Searching for source files
[Info  - 14:26:37] (1679) Found 99 source files
[Info  - 14:26:37] (1679) Searching for source files
[Info  - 14:26:37] (1679) Found 99 source files
[Info  - 14:26:37] (1679) Searching for source files
[Info  - 14:26:37] (1679) Found 99 source files
[Info  - 14:26:38] (1679) Searching for source files
[Info  - 14:26:38] (1679) Found 99 source files
[Info  - 14:26:38] (1679) Searching for source files
[Info  - 14:26:38] (1679) Found 99 source files
[Info  - 14:26:39] (1679) Searching for source files
[Info  - 14:26:39] (1679) Found 99 source files
[Info  - 14:26:47] (1679) Searching for source files
[Info  - 14:26:47] (1679) Found 99 source files
[Info  - 14:28:11] (1679) Searching for source files
[Info  - 14:28:11] (1679) Found 99 source files
[Info  - 14:28:37] (1679) Searching for source files
[Info  - 14:28:37] (1679) Found 105 source files
[Info  - 14:28:55] (1679) Searching for source files
[Info  - 14:28:55] (1679) Found 112 source files
[Info  - 15:17:15] (1679) Searching for source files
[Info  - 15:17:15] (1679) Found 113 source files
[Info  - 15:31:36] (1679) Searching for source files
[Info  - 15:31:37] (1679) Found 114 source files
[Info  - 16:07:12] (1679) Searching for source files
[Info  - 16:07:13] (1679) Found 114 source files
