[2022-03-16T01:38:58.237Z] git에서 찾은 git 유효성을 검사하는 중
[2022-03-16T01:38:58.354Z] git에서 git 2.30.2을(를) 사용하는 중
[2022-03-16T01:38:58.519Z] > git rev-parse --git-dir [10ms]
[2022-03-16T01:38:58.539Z] Open repository: /home/pi
[2022-03-16T01:38:59.616Z] > git symbolic-ref --short HEAD [14ms]
[2022-03-16T01:38:59.645Z] > git for-each-ref --format=%(refname)%00%(upstream:short)%00%(objectname)%00%(upstream:track) refs/heads/master refs/remotes/master [15ms]
[2022-03-16T01:38:59.688Z] > git remote --verbose [12ms]
[2022-03-16T01:38:59.689Z] > git for-each-ref --sort -committerdate --format %(refname) %(objectname) %(*objectname) [27ms]
[2022-03-16T01:39:05.478Z] > git config --get commit.template [142ms]
[2022-03-16T01:39:06.598Z] > git fetch [89ms]
[2022-03-16T01:39:06.813Z] > git symbolic-ref --short HEAD [18ms]
[2022-03-16T01:39:06.835Z] > git for-each-ref --format=%(refname)%00%(upstream:short)%00%(objectname)%00%(upstream:track) refs/heads/master refs/remotes/master [4ms]
[2022-03-16T01:39:06.876Z] > git for-each-ref --sort -committerdate --format %(refname) %(objectname) %(*objectname) [23ms]
[2022-03-16T01:39:06.877Z] > git remote --verbose [5ms]
[2022-03-16T01:39:16.994Z] > git config --get commit.template [73ms]
[2022-03-16T01:39:17.278Z] > git ls-files --stage -- /home/pi/workspace/basic/PWM_Servo.py [61ms]
[2022-03-16T01:39:17.283Z] > git symbolic-ref --short HEAD [6ms]
[2022-03-16T01:39:17.307Z] > git for-each-ref --format=%(refname)%00%(upstream:short)%00%(objectname)%00%(upstream:track) refs/heads/master refs/remotes/master [4ms]
[2022-03-16T01:39:17.353Z] > git for-each-ref --sort -committerdate --format %(refname) %(objectname) %(*objectname) [23ms]
[2022-03-16T01:39:17.354Z] > git remote --verbose [4ms]
[2022-03-16T01:39:27.040Z] > git config --get commit.template [49ms]
[2022-03-16T01:39:32.372Z] > git symbolic-ref --short HEAD [18ms]
[2022-03-16T01:39:32.405Z] > git for-each-ref --format=%(refname)%00%(upstream:short)%00%(objectname)%00%(upstream:track) refs/heads/master refs/remotes/master [4ms]
[2022-03-16T01:39:32.473Z] > git for-each-ref --sort -committerdate --format %(refname) %(objectname) %(*objectname) [40ms]
[2022-03-16T01:39:32.481Z] > git remote --verbose [12ms]
[2022-03-16T01:39:43.962Z] > git config --get commit.template [162ms]
[2022-03-16T01:39:49.233Z] > git symbolic-ref --short HEAD [3ms]
[2022-03-16T01:39:49.257Z] > git for-each-ref --format=%(refname)%00%(upstream:short)%00%(objectname)%00%(upstream:track) refs/heads/master refs/remotes/master [4ms]
[2022-03-16T01:39:49.301Z] > git for-each-ref --sort -committerdate --format %(refname) %(objectname) %(*objectname) [23ms]
[2022-03-16T01:39:49.303Z] > git remote --verbose [4ms]
[2022-03-16T01:39:58.903Z] > git config --get commit.template [49ms]
[2022-03-16T01:40:04.156Z] > git symbolic-ref --short HEAD [4ms]
[2022-03-16T01:40:04.180Z] > git for-each-ref --format=%(refname)%00%(upstream:short)%00%(objectname)%00%(upstream:track) refs/heads/master refs/remotes/master [3ms]
[2022-03-16T01:40:04.224Z] > git for-each-ref --sort -committerdate --format %(refname) %(objectname) %(*objectname) [23ms]
[2022-03-16T01:40:04.225Z] > git remote --verbose [4ms]
[2022-03-16T01:40:13.836Z] > git config --get commit.template [107ms]
[2022-03-16T01:40:19.098Z] > git symbolic-ref --short HEAD [3ms]
[2022-03-16T01:40:19.125Z] > git for-each-ref --format=%(refname)%00%(upstream:short)%00%(objectname)%00%(upstream:track) refs/heads/master refs/remotes/master [3ms]
[2022-03-16T01:40:19.168Z] > git for-each-ref --sort -committerdate --format %(refname) %(objectname) %(*objectname) [23ms]
[2022-03-16T01:40:19.169Z] > git remote --verbose [3ms]
[2022-03-16T01:40:28.789Z] > git config --get commit.template [107ms]
[2022-03-16T01:44:47.148Z] > git fetch [36ms]
[2022-03-16T01:44:47.385Z] > git symbolic-ref --short HEAD [4ms]
[2022-03-16T01:44:47.406Z] > git for-each-ref --format=%(refname)%00%(upstream:short)%00%(objectname)%00%(upstream:track) refs/heads/master refs/remotes/master [5ms]
[2022-03-16T01:44:47.442Z] > git for-each-ref --sort -committerdate --format %(refname) %(objectname) %(*objectname) [19ms]
[2022-03-16T01:44:47.444Z] > git remote --verbose [4ms]
[2022-03-16T01:44:57.513Z] > git config --get commit.template [50ms]
[2022-03-16T01:44:57.760Z] > git symbolic-ref --short HEAD [4ms]
[2022-03-16T01:44:57.789Z] > git for-each-ref --format=%(refname)%00%(upstream:short)%00%(objectname)%00%(upstream:track) refs/heads/master refs/remotes/master [3ms]
[2022-03-16T01:44:57.842Z] > git for-each-ref --sort -committerdate --format %(refname) %(objectname) %(*objectname) [28ms]
[2022-03-16T01:44:57.844Z] > git remote --verbose [6ms]
[2022-03-16T01:45:07.577Z] > git config --get commit.template [62ms]
[2022-03-16T01:45:07.850Z] > git symbolic-ref --short HEAD [5ms]
[2022-03-16T01:45:07.878Z] > git for-each-ref --format=%(refname)%00%(upstream:short)%00%(objectname)%00%(upstream:track) refs/heads/master refs/remotes/master [4ms]
[2022-03-16T01:45:07.931Z] > git for-each-ref --sort -committerdate --format %(refname) %(objectname) %(*objectname) [26ms]
[2022-03-16T01:45:07.932Z] > git remote --verbose [4ms]
[2022-03-16T01:45:17.747Z] > git config --get commit.template [101ms]
[2022-03-16T01:45:17.789Z] > git ls-files --stage -- /home/pi/workspace/basic/PWM_Servo.py [9ms]
[2022-03-16T01:45:23.020Z] > git symbolic-ref --short HEAD [3ms]
[2022-03-16T01:45:23.048Z] > git for-each-ref --format=%(refname)%00%(upstream:short)%00%(objectname)%00%(upstream:track) refs/heads/master refs/remotes/master [3ms]
[2022-03-16T01:45:23.098Z] > git for-each-ref --sort -committerdate --format %(refname) %(objectname) %(*objectname) [26ms]
[2022-03-16T01:45:23.100Z] > git remote --verbose [4ms]
[2022-03-16T01:45:32.810Z] > git config --get commit.template [65ms]
[2022-03-16T01:45:38.107Z] > git symbolic-ref --short HEAD [3ms]
[2022-03-16T01:45:38.132Z] > git for-each-ref --format=%(refname)%00%(upstream:short)%00%(objectname)%00%(upstream:track) refs/heads/master refs/remotes/master [3ms]
[2022-03-16T01:45:38.179Z] > git for-each-ref --sort -committerdate --format %(refname) %(objectname) %(*objectname) [24ms]
[2022-03-16T01:45:38.180Z] > git remote --verbose [3ms]
[2022-03-16T01:45:47.976Z] > git config --get commit.template [94ms]
[2022-03-16T01:45:53.268Z] > git symbolic-ref --short HEAD [3ms]
[2022-03-16T01:45:53.297Z] > git for-each-ref --format=%(refname)%00%(upstream:short)%00%(objectname)%00%(upstream:track) refs/heads/master refs/remotes/master [3ms]
[2022-03-16T01:45:53.345Z] > git for-each-ref --sort -committerdate --format %(refname) %(objectname) %(*objectname) [26ms]
[2022-03-16T01:45:53.346Z] > git remote --verbose [5ms]
[2022-03-16T01:46:03.074Z] > git config --get commit.template [53ms]
[2022-03-16T01:46:08.348Z] > git symbolic-ref --short HEAD [3ms]
[2022-03-16T01:46:08.373Z] > git for-each-ref --format=%(refname)%00%(upstream:short)%00%(objectname)%00%(upstream:track) refs/heads/master refs/remotes/master [3ms]
[2022-03-16T01:46:08.420Z] > git for-each-ref --sort -committerdate --format %(refname) %(objectname) %(*objectname) [25ms]
[2022-03-16T01:46:08.421Z] > git remote --verbose [4ms]
[2022-03-16T01:46:18.103Z] > git config --get commit.template [48ms]
[2022-03-16T01:46:23.400Z] > git symbolic-ref --short HEAD [3ms]
[2022-03-16T01:46:23.426Z] > git for-each-ref --format=%(refname)%00%(upstream:short)%00%(objectname)%00%(upstream:track) refs/heads/master refs/remotes/master [4ms]
[2022-03-16T01:46:23.473Z] > git for-each-ref --sort -committerdate --format %(refname) %(objectname) %(*objectname) [25ms]
[2022-03-16T01:46:23.474Z] > git remote --verbose [3ms]
[2022-03-16T01:46:33.204Z] > git config --get commit.template [54ms]
[2022-03-16T01:46:38.497Z] > git symbolic-ref --short HEAD [3ms]
[2022-03-16T01:46:38.524Z] > git for-each-ref --format=%(refname)%00%(upstream:short)%00%(objectname)%00%(upstream:track) refs/heads/master refs/remotes/master [3ms]
[2022-03-16T01:46:38.571Z] > git for-each-ref --sort -committerdate --format %(refname) %(objectname) %(*objectname) [24ms]
[2022-03-16T01:46:38.572Z] > git remote --verbose [3ms]
[2022-03-16T01:46:48.310Z] > git config --get commit.template [63ms]
[2022-03-16T01:46:53.605Z] > git symbolic-ref --short HEAD [3ms]
[2022-03-16T01:46:53.630Z] > git for-each-ref --format=%(refname)%00%(upstream:short)%00%(objectname)%00%(upstream:track) refs/heads/master refs/remotes/master [3ms]
[2022-03-16T01:46:53.676Z] > git for-each-ref --sort -committerdate --format %(refname) %(objectname) %(*objectname) [24ms]
[2022-03-16T01:46:53.678Z] > git remote --verbose [3ms]
[2022-03-16T01:47:03.312Z] > git config --get commit.template [47ms]
[2022-03-16T01:47:08.588Z] > git symbolic-ref --short HEAD [3ms]
[2022-03-16T01:47:08.613Z] > git for-each-ref --format=%(refname)%00%(upstream:short)%00%(objectname)%00%(upstream:track) refs/heads/master refs/remotes/master [3ms]
[2022-03-16T01:47:08.660Z] > git for-each-ref --sort -committerdate --format %(refname) %(objectname) %(*objectname) [25ms]
[2022-03-16T01:47:08.661Z] > git remote --verbose [3ms]
[2022-03-16T01:47:18.287Z] > git config --get commit.template [48ms]
[2022-03-16T01:47:23.553Z] > git symbolic-ref --short HEAD [3ms]
[2022-03-16T01:47:23.581Z] > git for-each-ref --format=%(refname)%00%(upstream:short)%00%(objectname)%00%(upstream:track) refs/heads/master refs/remotes/master [3ms]
[2022-03-16T01:47:23.629Z] > git for-each-ref --sort -committerdate --format %(refname) %(objectname) %(*objectname) [24ms]
[2022-03-16T01:47:23.630Z] > git remote --verbose [4ms]
[2022-03-16T01:47:33.280Z] > git config --get commit.template [49ms]
[2022-03-16T01:47:38.570Z] > git symbolic-ref --short HEAD [3ms]
[2022-03-16T01:47:38.598Z] > git for-each-ref --format=%(refname)%00%(upstream:short)%00%(objectname)%00%(upstream:track) refs/heads/master refs/remotes/master [3ms]
[2022-03-16T01:47:38.645Z] > git for-each-ref --sort -committerdate --format %(refname) %(objectname) %(*objectname) [25ms]
[2022-03-16T01:47:38.647Z] > git remote --verbose [4ms]
[2022-03-16T01:47:48.308Z] > git config --get commit.template [48ms]
[2022-03-16T01:47:53.610Z] > git symbolic-ref --short HEAD [3ms]
[2022-03-16T01:47:53.638Z] > git for-each-ref --format=%(refname)%00%(upstream:short)%00%(objectname)%00%(upstream:track) refs/heads/master refs/remotes/master [3ms]
[2022-03-16T01:47:53.686Z] > git for-each-ref --sort -committerdate --format %(refname) %(objectname) %(*objectname) [25ms]
[2022-03-16T01:47:53.687Z] > git remote --verbose [4ms]
[2022-03-16T01:48:03.391Z] > git config --get commit.template [47ms]
[2022-03-16T01:48:07.662Z] > git fetch [20ms]
[2022-03-16T01:48:07.912Z] > git symbolic-ref --short HEAD [3ms]
[2022-03-16T01:48:07.938Z] > git for-each-ref --format=%(refname)%00%(upstream:short)%00%(objectname)%00%(upstream:track) refs/heads/master refs/remotes/master [3ms]
[2022-03-16T01:48:07.986Z] > git for-each-ref --sort -committerdate --format %(refname) %(objectname) %(*objectname) [25ms]
[2022-03-16T01:48:07.987Z] > git remote --verbose [4ms]
[2022-03-16T01:48:17.633Z] > git config --get commit.template [49ms]
[2022-03-16T01:48:17.914Z] > git symbolic-ref --short HEAD [5ms]
[2022-03-16T01:48:17.941Z] > git for-each-ref --format=%(refname)%00%(upstream:short)%00%(objectname)%00%(upstream:track) refs/heads/master refs/remotes/master [4ms]
[2022-03-16T01:48:17.989Z] > git for-each-ref --sort -committerdate --format %(refname) %(objectname) %(*objectname) [24ms]
[2022-03-16T01:48:17.991Z] > git remote --verbose [3ms]
[2022-03-16T01:48:27.686Z] > git config --get commit.template [61ms]
[2022-03-16T01:48:28.029Z] > git ls-files --stage -- /home/pi/workspace/basic/PWM_Servo.py [3ms]
[2022-03-16T01:48:32.963Z] > git symbolic-ref --short HEAD [3ms]
[2022-03-16T01:48:32.990Z] > git for-each-ref --format=%(refname)%00%(upstream:short)%00%(objectname)%00%(upstream:track) refs/heads/master refs/remotes/master [3ms]
[2022-03-16T01:48:33.043Z] > git remote --verbose [4ms]
[2022-03-16T01:48:33.044Z] > git for-each-ref --sort -committerdate --format %(refname) %(objectname) %(*objectname) [28ms]
[2022-03-16T01:48:42.699Z] > git config --get commit.template [54ms]
[2022-03-16T01:48:47.994Z] > git symbolic-ref --short HEAD [4ms]
[2022-03-16T01:48:48.023Z] > git for-each-ref --format=%(refname)%00%(upstream:short)%00%(objectname)%00%(upstream:track) refs/heads/master refs/remotes/master [4ms]
[2022-03-16T01:48:48.071Z] > git for-each-ref --sort -committerdate --format %(refname) %(objectname) %(*objectname) [25ms]
[2022-03-16T01:48:48.072Z] > git remote --verbose [3ms]
[2022-03-16T01:48:57.814Z] > git config --get commit.template [61ms]
[2022-03-16T01:49:03.096Z] > git symbolic-ref --short HEAD [3ms]
[2022-03-16T01:49:03.122Z] > git for-each-ref --format=%(refname)%00%(upstream:short)%00%(objectname)%00%(upstream:track) refs/heads/master refs/remotes/master [3ms]
[2022-03-16T01:49:03.170Z] > git for-each-ref --sort -committerdate --format %(refname) %(objectname) %(*objectname) [25ms]
[2022-03-16T01:49:03.171Z] > git remote --verbose [4ms]
[2022-03-16T01:49:12.856Z] > git config --get commit.template [59ms]
[2022-03-16T01:49:45.406Z] > git symbolic-ref --short HEAD [3ms]
[2022-03-16T01:49:45.432Z] > git for-each-ref --format=%(refname)%00%(upstream:short)%00%(objectname)%00%(upstream:track) refs/heads/master refs/remotes/master [3ms]
[2022-03-16T01:49:45.479Z] > git for-each-ref --sort -committerdate --format %(refname) %(objectname) %(*objectname) [24ms]
[2022-03-16T01:49:45.480Z] > git remote --verbose [3ms]
[2022-03-16T01:49:55.279Z] > git config --get commit.template [71ms]
[2022-03-16T01:50:00.570Z] > git symbolic-ref --short HEAD [3ms]
[2022-03-16T01:50:00.596Z] > git for-each-ref --format=%(refname)%00%(upstream:short)%00%(objectname)%00%(upstream:track) refs/heads/master refs/remotes/master [4ms]
[2022-03-16T01:50:00.642Z] > git for-each-ref --sort -committerdate --format %(refname) %(objectname) %(*objectname) [24ms]
[2022-03-16T01:50:00.643Z] > git remote --verbose [3ms]
[2022-03-16T01:50:10.229Z] > git config --get commit.template [61ms]
[2022-03-16T01:50:15.501Z] > git symbolic-ref --short HEAD [3ms]
[2022-03-16T01:50:15.526Z] > git for-each-ref --format=%(refname)%00%(upstream:short)%00%(objectname)%00%(upstream:track) refs/heads/master refs/remotes/master [3ms]
[2022-03-16T01:50:15.574Z] > git for-each-ref --sort -committerdate --format %(refname) %(objectname) %(*objectname) [26ms]
[2022-03-16T01:50:15.575Z] > git remote --verbose [5ms]
[2022-03-16T01:50:25.232Z] > git config --get commit.template [57ms]
[2022-03-16T01:50:30.519Z] > git symbolic-ref --short HEAD [3ms]
[2022-03-16T01:50:30.546Z] > git for-each-ref --format=%(refname)%00%(upstream:short)%00%(objectname)%00%(upstream:track) refs/heads/master refs/remotes/master [3ms]
[2022-03-16T01:50:30.594Z] > git for-each-ref --sort -committerdate --format %(refname) %(objectname) %(*objectname) [26ms]
[2022-03-16T01:50:30.595Z] > git remote --verbose [4ms]
[2022-03-16T01:50:40.258Z] > git config --get commit.template [48ms]
[2022-03-16T01:50:45.523Z] > git symbolic-ref --short HEAD [4ms]
[2022-03-16T01:50:45.548Z] > git for-each-ref --format=%(refname)%00%(upstream:short)%00%(objectname)%00%(upstream:track) refs/heads/master refs/remotes/master [3ms]
[2022-03-16T01:50:45.596Z] > git for-each-ref --sort -committerdate --format %(refname) %(objectname) %(*objectname) [25ms]
[2022-03-16T01:50:45.597Z] > git remote --verbose [4ms]
[2022-03-16T01:50:55.334Z] > git config --get commit.template [48ms]
[2022-03-16T01:51:00.610Z] > git symbolic-ref --short HEAD [3ms]
[2022-03-16T01:51:00.636Z] > git for-each-ref --format=%(refname)%00%(upstream:short)%00%(objectname)%00%(upstream:track) refs/heads/master refs/remotes/master [3ms]
[2022-03-16T01:51:00.683Z] > git for-each-ref --sort -committerdate --format %(refname) %(objectname) %(*objectname) [25ms]
[2022-03-16T01:51:00.684Z] > git remote --verbose [4ms]
[2022-03-16T01:51:10.369Z] > git config --get commit.template [50ms]
[2022-03-16T01:51:15.641Z] > git symbolic-ref --short HEAD [3ms]
[2022-03-16T01:51:15.667Z] > git for-each-ref --format=%(refname)%00%(upstream:short)%00%(objectname)%00%(upstream:track) refs/heads/master refs/remotes/master [3ms]
[2022-03-16T01:51:15.714Z] > git for-each-ref --sort -committerdate --format %(refname) %(objectname) %(*objectname) [25ms]
[2022-03-16T01:51:15.716Z] > git remote --verbose [4ms]
[2022-03-16T01:51:25.372Z] > git config --get commit.template [74ms]
[2022-03-16T01:51:25.449Z] > git fetch [39ms]
[2022-03-16T01:51:25.674Z] > git symbolic-ref --short HEAD [3ms]
[2022-03-16T01:51:25.703Z] > git for-each-ref --format=%(refname)%00%(upstream:short)%00%(objectname)%00%(upstream:track) refs/heads/master refs/remotes/master [5ms]
[2022-03-16T01:51:25.751Z] > git for-each-ref --sort -committerdate --format %(refname) %(objectname) %(*objectname) [25ms]
[2022-03-16T01:51:25.752Z] > git remote --verbose [3ms]
[2022-03-16T01:51:35.397Z] > git config --get commit.template [48ms]
[2022-03-16T01:51:35.667Z] > git symbolic-ref --short HEAD [3ms]
[2022-03-16T01:51:35.695Z] > git for-each-ref --format=%(refname)%00%(upstream:short)%00%(objectname)%00%(upstream:track) refs/heads/master refs/remotes/master [3ms]
[2022-03-16T01:51:35.746Z] > git for-each-ref --sort -committerdate --format %(refname) %(objectname) %(*objectname) [26ms]
[2022-03-16T01:51:35.747Z] > git remote --verbose [3ms]
[2022-03-16T01:51:45.532Z] > git config --get commit.template [66ms]
[2022-03-16T01:51:45.864Z] > git ls-files --stage -- /home/pi/workspace/basic/PWM_Servo.py [7ms]
[2022-03-16T01:51:50.809Z] > git symbolic-ref --short HEAD [4ms]
[2022-03-16T01:51:50.836Z] > git for-each-ref --format=%(refname)%00%(upstream:short)%00%(objectname)%00%(upstream:track) refs/heads/master refs/remotes/master [3ms]
[2022-03-16T01:51:50.888Z] > git for-each-ref --sort -committerdate --format %(refname) %(objectname) %(*objectname) [26ms]
[2022-03-16T01:51:50.889Z] > git remote --verbose [4ms]
[2022-03-16T01:52:00.502Z] > git config --get commit.template [46ms]
[2022-03-16T01:52:05.799Z] > git symbolic-ref --short HEAD [3ms]
[2022-03-16T01:52:05.828Z] > git for-each-ref --format=%(refname)%00%(upstream:short)%00%(objectname)%00%(upstream:track) refs/heads/master refs/remotes/master [4ms]
[2022-03-16T01:52:05.877Z] > git for-each-ref --sort -committerdate --format %(refname) %(objectname) %(*objectname) [26ms]
[2022-03-16T01:52:05.878Z] > git remote --verbose [3ms]
[2022-03-16T01:52:15.562Z] > git config --get commit.template [44ms]
[2022-03-16T01:52:20.859Z] > git symbolic-ref --short HEAD [3ms]
[2022-03-16T01:52:20.889Z] > git for-each-ref --format=%(refname)%00%(upstream:short)%00%(objectname)%00%(upstream:track) refs/heads/master refs/remotes/master [3ms]
[2022-03-16T01:52:20.943Z] > git for-each-ref --sort -committerdate --format %(refname) %(objectname) %(*objectname) [28ms]
[2022-03-16T01:52:20.945Z] > git remote --verbose [4ms]
[2022-03-16T01:52:30.558Z] > git config --get commit.template [36ms]
[2022-03-16T01:52:35.870Z] > git symbolic-ref --short HEAD [3ms]
[2022-03-16T01:52:35.905Z] > git for-each-ref --format=%(refname)%00%(upstream:short)%00%(objectname)%00%(upstream:track) refs/heads/master refs/remotes/master [4ms]
[2022-03-16T01:52:35.970Z] > git for-each-ref --sort -committerdate --format %(refname) %(objectname) %(*objectname) [34ms]
[2022-03-16T01:52:35.971Z] > git remote --verbose [4ms]
[2022-03-16T01:52:45.651Z] > git config --get commit.template [49ms]
[2022-03-16T01:52:50.921Z] > git symbolic-ref --short HEAD [3ms]
[2022-03-16T01:52:50.945Z] > git for-each-ref --format=%(refname)%00%(upstream:short)%00%(objectname)%00%(upstream:track) refs/heads/master refs/remotes/master [3ms]
[2022-03-16T01:52:50.990Z] > git for-each-ref --sort -committerdate --format %(refname) %(objectname) %(*objectname) [24ms]
[2022-03-16T01:52:50.992Z] > git remote --verbose [4ms]
[2022-03-16T01:53:00.740Z] > git config --get commit.template [40ms]
[2022-03-16T01:53:02.414Z] > git ls-files --stage -- /home/pi/workspace/basic/HC_sr04.py [6ms]
[2022-03-16T01:53:05.967Z] > git symbolic-ref --short HEAD [4ms]
[2022-03-16T01:53:05.996Z] > git for-each-ref --format=%(refname)%00%(upstream:short)%00%(objectname)%00%(upstream:track) refs/heads/master refs/remotes/master [3ms]
[2022-03-16T01:53:06.050Z] > git for-each-ref --sort -committerdate --format %(refname) %(objectname) %(*objectname) [28ms]
[2022-03-16T01:53:06.052Z] > git remote --verbose [4ms]
[2022-03-16T01:53:15.784Z] > git config --get commit.template [48ms]
[2022-03-16T01:53:21.084Z] > git symbolic-ref --short HEAD [3ms]
[2022-03-16T01:53:21.122Z] > git for-each-ref --format=%(refname)%00%(upstream:short)%00%(objectname)%00%(upstream:track) refs/heads/master refs/remotes/master [6ms]
[2022-03-16T01:53:21.191Z] > git remote --verbose [4ms]
[2022-03-16T01:53:21.192Z] > git for-each-ref --sort -committerdate --format %(refname) %(objectname) %(*objectname) [37ms]
[2022-03-16T01:53:30.867Z] > git config --get commit.template [44ms]
[2022-03-16T01:53:36.163Z] > git symbolic-ref --short HEAD [4ms]
[2022-03-16T01:53:36.195Z] > git for-each-ref --format=%(refname)%00%(upstream:short)%00%(objectname)%00%(upstream:track) refs/heads/master refs/remotes/master [3ms]
[2022-03-16T01:53:36.265Z] > git for-each-ref --sort -committerdate --format %(refname) %(objectname) %(*objectname) [39ms]
[2022-03-16T01:53:36.266Z] > git remote --verbose [5ms]
[2022-03-16T01:53:46.060Z] > git config --get commit.template [52ms]
[2022-03-16T01:53:51.344Z] > git symbolic-ref --short HEAD [3ms]
[2022-03-16T01:53:51.375Z] > git for-each-ref --format=%(refname)%00%(upstream:short)%00%(objectname)%00%(upstream:track) refs/heads/master refs/remotes/master [3ms]
[2022-03-16T01:53:51.433Z] > git for-each-ref --sort -committerdate --format %(refname) %(objectname) %(*objectname) [30ms]
[2022-03-16T01:53:51.434Z] > git remote --verbose [3ms]
[2022-03-16T01:54:01.234Z] > git config --get commit.template [57ms]
[2022-03-16T01:54:06.514Z] > git symbolic-ref --short HEAD [3ms]
[2022-03-16T01:54:06.545Z] > git for-each-ref --format=%(refname)%00%(upstream:short)%00%(objectname)%00%(upstream:track) refs/heads/master refs/remotes/master [5ms]
[2022-03-16T01:54:06.599Z] > git for-each-ref --sort -committerdate --format %(refname) %(objectname) %(*objectname) [29ms]
[2022-03-16T01:54:06.601Z] > git remote --verbose [5ms]
[2022-03-16T01:54:16.217Z] > git config --get commit.template [55ms]
[2022-03-16T01:54:21.488Z] > git symbolic-ref --short HEAD [3ms]
[2022-03-16T01:54:21.516Z] > git for-each-ref --format=%(refname)%00%(upstream:short)%00%(objectname)%00%(upstream:track) refs/heads/master refs/remotes/master [3ms]
[2022-03-16T01:54:21.566Z] > git for-each-ref --sort -committerdate --format %(refname) %(objectname) %(*objectname) [27ms]
[2022-03-16T01:54:21.567Z] > git remote --verbose [4ms]
[2022-03-16T01:54:31.207Z] > git config --get commit.template [61ms]
[2022-03-16T01:54:35.433Z] > git fetch [8ms]
[2022-03-16T01:54:35.664Z] > git symbolic-ref --short HEAD [3ms]
[2022-03-16T01:54:35.692Z] > git for-each-ref --format=%(refname)%00%(upstream:short)%00%(objectname)%00%(upstream:track) refs/heads/master refs/remotes/master [3ms]
[2022-03-16T01:54:35.745Z] > git for-each-ref --sort -committerdate --format %(refname) %(objectname) %(*objectname) [27ms]
[2022-03-16T01:54:35.746Z] > git remote --verbose [4ms]
[2022-03-16T01:54:45.415Z] > git config --get commit.template [96ms]
[2022-03-16T01:54:45.918Z] > git symbolic-ref --short HEAD [6ms]
[2022-03-16T01:54:45.953Z] > git for-each-ref --format=%(refname)%00%(upstream:short)%00%(objectname)%00%(upstream:track) refs/heads/master refs/remotes/master [9ms]
[2022-03-16T01:54:46.015Z] > git for-each-ref --sort -committerdate --format %(refname) %(objectname) %(*objectname) [33ms]
[2022-03-16T01:54:46.020Z] > git remote --verbose [9ms]
[2022-03-16T01:54:55.925Z] > git config --get commit.template [77ms]
[2022-03-16T01:54:56.512Z] > git ls-files --stage -- /home/pi/workspace/basic/HC_sr04.py [5ms]
[2022-03-16T01:55:01.148Z] > git symbolic-ref --short HEAD [3ms]
[2022-03-16T01:55:01.185Z] > git for-each-ref --format=%(refname)%00%(upstream:short)%00%(objectname)%00%(upstream:track) refs/heads/master refs/remotes/master [8ms]
[2022-03-16T01:55:01.283Z] > git for-each-ref --sort -committerdate --format %(refname) %(objectname) %(*objectname) [48ms]
[2022-03-16T01:55:01.285Z] > git remote --verbose [4ms]
[2022-03-16T01:55:10.918Z] > git config --get commit.template [67ms]
[2022-03-16T01:55:16.131Z] > git symbolic-ref --short HEAD [3ms]
[2022-03-16T01:55:16.158Z] > git for-each-ref --format=%(refname)%00%(upstream:short)%00%(objectname)%00%(upstream:track) refs/heads/master refs/remotes/master [3ms]
[2022-03-16T01:55:16.224Z] > git remote --verbose [7ms]
[2022-03-16T01:55:16.226Z] > git for-each-ref --sort -committerdate --format %(refname) %(objectname) %(*objectname) [44ms]
[2022-03-16T01:55:25.913Z] > git config --get commit.template [90ms]
[2022-03-16T01:55:31.137Z] > git symbolic-ref --short HEAD [3ms]
[2022-03-16T01:55:31.170Z] > git for-each-ref --format=%(refname)%00%(upstream:short)%00%(objectname)%00%(upstream:track) refs/heads/master refs/remotes/master [8ms]
[2022-03-16T01:55:31.228Z] > git for-each-ref --sort -committerdate --format %(refname) %(objectname) %(*objectname) [29ms]
[2022-03-16T01:55:31.229Z] > git remote --verbose [5ms]
[2022-03-16T01:55:40.928Z] > git config --get commit.template [68ms]
[2022-03-16T01:55:46.176Z] > git symbolic-ref --short HEAD [3ms]
[2022-03-16T01:55:46.205Z] > git for-each-ref --format=%(refname)%00%(upstream:short)%00%(objectname)%00%(upstream:track) refs/heads/master refs/remotes/master [4ms]
[2022-03-16T01:55:46.258Z] > git for-each-ref --sort -committerdate --format %(refname) %(objectname) %(*objectname) [29ms]
[2022-03-16T01:55:46.259Z] > git remote --verbose [5ms]
[2022-03-16T01:55:55.998Z] > git config --get commit.template [67ms]
[2022-03-16T01:56:01.228Z] > git symbolic-ref --short HEAD [3ms]
[2022-03-16T01:56:01.258Z] > git for-each-ref --format=%(refname)%00%(upstream:short)%00%(objectname)%00%(upstream:track) refs/heads/master refs/remotes/master [4ms]
[2022-03-16T01:56:01.313Z] > git for-each-ref --sort -committerdate --format %(refname) %(objectname) %(*objectname) [29ms]
[2022-03-16T01:56:01.314Z] > git remote --verbose [5ms]
[2022-03-16T01:56:11.015Z] > git config --get commit.template [59ms]
[2022-03-16T01:56:16.246Z] > git symbolic-ref --short HEAD [5ms]
[2022-03-16T01:56:16.279Z] > git for-each-ref --format=%(refname)%00%(upstream:short)%00%(objectname)%00%(upstream:track) refs/heads/master refs/remotes/master [5ms]
[2022-03-16T01:56:16.345Z] > git for-each-ref --sort -committerdate --format %(refname) %(objectname) %(*objectname) [33ms]
[2022-03-16T01:56:16.346Z] > git remote --verbose [8ms]
[2022-03-16T01:56:26.058Z] > git config --get commit.template [106ms]
[2022-03-16T01:56:31.344Z] > git symbolic-ref --short HEAD [3ms]
[2022-03-16T01:56:31.373Z] > git for-each-ref --format=%(refname)%00%(upstream:short)%00%(objectname)%00%(upstream:track) refs/heads/master refs/remotes/master [3ms]
[2022-03-16T01:56:31.427Z] > git for-each-ref --sort -committerdate --format %(refname) %(objectname) %(*objectname) [29ms]
[2022-03-16T01:56:31.429Z] > git remote --verbose [5ms]
[2022-03-16T01:56:41.239Z] > git config --get commit.template [110ms]
[2022-03-16T01:56:46.509Z] > git symbolic-ref --short HEAD [3ms]
[2022-03-16T01:56:46.540Z] > git for-each-ref --format=%(refname)%00%(upstream:short)%00%(objectname)%00%(upstream:track) refs/heads/master refs/remotes/master [3ms]
[2022-03-16T01:56:46.596Z] > git remote --verbose [2ms]
[2022-03-16T01:56:46.596Z] > git for-each-ref --sort -committerdate --format %(refname) %(objectname) %(*objectname) [30ms]
[2022-03-16T01:56:56.277Z] > git config --get commit.template [61ms]
[2022-03-16T01:57:01.556Z] > git symbolic-ref --short HEAD [3ms]
[2022-03-16T01:57:01.585Z] > git for-each-ref --format=%(refname)%00%(upstream:short)%00%(objectname)%00%(upstream:track) refs/heads/master refs/remotes/master [3ms]
[2022-03-16T01:57:01.641Z] > git remote --verbose [3ms]
[2022-03-16T01:57:01.642Z] > git for-each-ref --sort -committerdate --format %(refname) %(objectname) %(*objectname) [31ms]
[2022-03-16T01:57:11.328Z] > git config --get commit.template [80ms]
[2022-03-16T01:57:16.602Z] > git symbolic-ref --short HEAD [3ms]
[2022-03-16T01:57:16.631Z] > git for-each-ref --format=%(refname)%00%(upstream:short)%00%(objectname)%00%(upstream:track) refs/heads/master refs/remotes/master [3ms]
[2022-03-16T01:57:16.685Z] > git for-each-ref --sort -committerdate --format %(refname) %(objectname) %(*objectname) [28ms]
[2022-03-16T01:57:16.686Z] > git remote --verbose [4ms]
[2022-03-16T01:57:26.373Z] > git config --get commit.template [47ms]
[2022-03-16T01:57:31.654Z] > git symbolic-ref --short HEAD [4ms]
[2022-03-16T01:57:31.683Z] > git for-each-ref --format=%(refname)%00%(upstream:short)%00%(objectname)%00%(upstream:track) refs/heads/master refs/remotes/master [3ms]
[2022-03-16T01:57:31.740Z] > git for-each-ref --sort -committerdate --format %(refname) %(objectname) %(*objectname) [28ms]
[2022-03-16T01:57:31.741Z] > git remote --verbose [4ms]
[2022-03-16T01:57:41.459Z] > git config --get commit.template [97ms]
[2022-03-16T01:57:45.500Z] > git fetch [16ms]
[2022-03-16T01:57:45.746Z] > git symbolic-ref --short HEAD [3ms]
[2022-03-16T01:57:45.775Z] > git for-each-ref --format=%(refname)%00%(upstream:short)%00%(objectname)%00%(upstream:track) refs/heads/master refs/remotes/master [3ms]
[2022-03-16T01:57:45.830Z] > git for-each-ref --sort -committerdate --format %(refname) %(objectname) %(*objectname) [28ms]
[2022-03-16T01:57:45.830Z] > git remote --verbose [3ms]
[2022-03-16T01:57:55.524Z] > git config --get commit.template [48ms]
[2022-03-16T01:57:55.827Z] > git symbolic-ref --short HEAD [3ms]
[2022-03-16T01:57:55.858Z] > git for-each-ref --format=%(refname)%00%(upstream:short)%00%(objectname)%00%(upstream:track) refs/heads/master refs/remotes/master [3ms]
[2022-03-16T01:57:55.916Z] > git for-each-ref --sort -committerdate --format %(refname) %(objectname) %(*objectname) [30ms]
[2022-03-16T01:57:55.917Z] > git remote --verbose [4ms]
[2022-03-16T01:58:05.556Z] > git config --get commit.template [50ms]
[2022-03-16T01:58:05.909Z] > git ls-files --stage -- /home/pi/workspace/basic/HC_sr04.py [3ms]
[2022-03-16T01:58:10.846Z] > git symbolic-ref --short HEAD [3ms]
[2022-03-16T01:58:10.877Z] > git for-each-ref --format=%(refname)%00%(upstream:short)%00%(objectname)%00%(upstream:track) refs/heads/master refs/remotes/master [3ms]
[2022-03-16T01:58:10.934Z] > git for-each-ref --sort -committerdate --format %(refname) %(objectname) %(*objectname) [30ms]
[2022-03-16T01:58:10.935Z] > git remote --verbose [3ms]
[2022-03-16T01:58:20.717Z] > git config --get commit.template [72ms]
[2022-03-16T01:58:26.014Z] > git symbolic-ref --short HEAD [3ms]
[2022-03-16T01:58:26.043Z] > git for-each-ref --format=%(refname)%00%(upstream:short)%00%(objectname)%00%(upstream:track) refs/heads/master refs/remotes/master [3ms]
[2022-03-16T01:58:26.098Z] > git for-each-ref --sort -committerdate --format %(refname) %(objectname) %(*objectname) [28ms]
[2022-03-16T01:58:26.099Z] > git remote --verbose [3ms]
[2022-03-16T01:58:35.772Z] > git config --get commit.template [84ms]
[2022-03-16T01:58:41.047Z] > git symbolic-ref --short HEAD [4ms]
[2022-03-16T01:58:41.076Z] > git for-each-ref --format=%(refname)%00%(upstream:short)%00%(objectname)%00%(upstream:track) refs/heads/master refs/remotes/master [3ms]
[2022-03-16T01:58:41.132Z] > git for-each-ref --sort -committerdate --format %(refname) %(objectname) %(*objectname) [30ms]
[2022-03-16T01:58:41.133Z] > git remote --verbose [4ms]
[2022-03-16T01:58:50.817Z] > git config --get commit.template [57ms]
[2022-03-16T01:58:56.110Z] > git symbolic-ref --short HEAD [3ms]
[2022-03-16T01:58:56.140Z] > git for-each-ref --format=%(refname)%00%(upstream:short)%00%(objectname)%00%(upstream:track) refs/heads/master refs/remotes/master [3ms]
[2022-03-16T01:58:56.205Z] > git for-each-ref --sort -committerdate --format %(refname) %(objectname) %(*objectname) [29ms]
[2022-03-16T01:58:56.206Z] > git remote --verbose [3ms]
[2022-03-16T01:59:06.104Z] > git config --get commit.template [79ms]
[2022-03-16T01:59:11.394Z] > git symbolic-ref --short HEAD [3ms]
[2022-03-16T01:59:11.425Z] > git for-each-ref --format=%(refname)%00%(upstream:short)%00%(objectname)%00%(upstream:track) refs/heads/master refs/remotes/master [4ms]
[2022-03-16T01:59:11.479Z] > git for-each-ref --sort -committerdate --format %(refname) %(objectname) %(*objectname) [28ms]
[2022-03-16T01:59:11.481Z] > git remote --verbose [4ms]
[2022-03-16T01:59:21.157Z] > git config --get commit.template [50ms]
[2022-03-16T01:59:26.458Z] > git symbolic-ref --short HEAD [3ms]
[2022-03-16T01:59:26.487Z] > git for-each-ref --format=%(refname)%00%(upstream:short)%00%(objectname)%00%(upstream:track) refs/heads/master refs/remotes/master [3ms]
[2022-03-16T01:59:26.542Z] > git for-each-ref --sort -committerdate --format %(refname) %(objectname) %(*objectname) [28ms]
[2022-03-16T01:59:26.543Z] > git remote --verbose [3ms]
[2022-03-16T01:59:36.249Z] > git config --get commit.template [61ms]
[2022-03-16T01:59:41.532Z] > git symbolic-ref --short HEAD [4ms]
[2022-03-16T01:59:41.562Z] > git for-each-ref --format=%(refname)%00%(upstream:short)%00%(objectname)%00%(upstream:track) refs/heads/master refs/remotes/master [3ms]
[2022-03-16T01:59:41.618Z] > git for-each-ref --sort -committerdate --format %(refname) %(objectname) %(*objectname) [29ms]
[2022-03-16T01:59:41.620Z] > git remote --verbose [5ms]
[2022-03-16T01:59:51.302Z] > git config --get commit.template [56ms]
[2022-03-16T01:59:56.579Z] > git symbolic-ref --short HEAD [2ms]
[2022-03-16T01:59:56.608Z] > git for-each-ref --format=%(refname)%00%(upstream:short)%00%(objectname)%00%(upstream:track) refs/heads/master refs/remotes/master [3ms]
[2022-03-16T01:59:56.663Z] > git for-each-ref --sort -committerdate --format %(refname) %(objectname) %(*objectname) [29ms]
[2022-03-16T01:59:56.664Z] > git remote --verbose [4ms]
[2022-03-16T02:00:06.393Z] > git config --get commit.template [50ms]
[2022-03-16T02:00:11.679Z] > git symbolic-ref --short HEAD [3ms]
[2022-03-16T02:00:11.708Z] > git for-each-ref --format=%(refname)%00%(upstream:short)%00%(objectname)%00%(upstream:track) refs/heads/master refs/remotes/master [3ms]
[2022-03-16T02:00:11.764Z] > git for-each-ref --sort -committerdate --format %(refname) %(objectname) %(*objectname) [29ms]
[2022-03-16T02:00:11.766Z] > git remote --verbose [5ms]
[2022-03-16T02:00:21.463Z] > git config --get commit.template [48ms]
[2022-03-16T02:00:26.745Z] > git symbolic-ref --short HEAD [3ms]
[2022-03-16T02:00:26.775Z] > git for-each-ref --format=%(refname)%00%(upstream:short)%00%(objectname)%00%(upstream:track) refs/heads/master refs/remotes/master [3ms]
[2022-03-16T02:00:26.831Z] > git for-each-ref --sort -committerdate --format %(refname) %(objectname) %(*objectname) [30ms]
[2022-03-16T02:00:26.832Z] > git remote --verbose [3ms]
[2022-03-16T02:00:36.547Z] > git config --get commit.template [38ms]
[2022-03-16T02:00:41.830Z] > git symbolic-ref --short HEAD [3ms]
[2022-03-16T02:00:41.863Z] > git for-each-ref --format=%(refname)%00%(upstream:short)%00%(objectname)%00%(upstream:track) refs/heads/master refs/remotes/master [4ms]
[2022-03-16T02:00:41.924Z] > git for-each-ref --sort -committerdate --format %(refname) %(objectname) %(*objectname) [32ms]
[2022-03-16T02:00:41.925Z] > git remote --verbose [4ms]
[2022-03-16T02:00:51.759Z] > git config --get commit.template [56ms]
[2022-03-16T02:00:55.604Z] > git fetch [18ms]
[2022-03-16T02:00:55.835Z] > git symbolic-ref --short HEAD [3ms]
[2022-03-16T02:00:55.864Z] > git for-each-ref --format=%(refname)%00%(upstream:short)%00%(objectname)%00%(upstream:track) refs/heads/master refs/remotes/master [3ms]
[2022-03-16T02:00:55.920Z] > git for-each-ref --sort -committerdate --format %(refname) %(objectname) %(*objectname) [29ms]
[2022-03-16T02:00:55.921Z] > git remote --verbose [3ms]
[2022-03-16T02:01:05.574Z] > git config --get commit.template [48ms]
[2022-03-16T02:01:05.835Z] > git symbolic-ref --short HEAD [3ms]
[2022-03-16T02:01:05.867Z] > git for-each-ref --format=%(refname)%00%(upstream:short)%00%(objectname)%00%(upstream:track) refs/heads/master refs/remotes/master [4ms]
[2022-03-16T02:01:05.924Z] > git for-each-ref --sort -committerdate --format %(refname) %(objectname) %(*objectname) [29ms]
[2022-03-16T02:01:05.925Z] > git remote --verbose [3ms]
[2022-03-16T02:01:15.571Z] > git config --get commit.template [53ms]
[2022-03-16T02:01:15.902Z] > git ls-files --stage -- /home/pi/workspace/basic/HC_sr04.py [4ms]
[2022-03-16T02:01:20.877Z] > git symbolic-ref --short HEAD [3ms]
[2022-03-16T02:01:20.909Z] > git for-each-ref --format=%(refname)%00%(upstream:short)%00%(objectname)%00%(upstream:track) refs/heads/master refs/remotes/master [3ms]
[2022-03-16T02:01:20.968Z] > git for-each-ref --sort -committerdate --format %(refname) %(objectname) %(*objectname) [31ms]
[2022-03-16T02:01:20.969Z] > git remote --verbose [3ms]
[2022-03-16T02:01:30.658Z] > git config --get commit.template [50ms]
[2022-03-16T02:01:35.955Z] > git symbolic-ref --short HEAD [4ms]
[2022-03-16T02:01:35.984Z] > git for-each-ref --format=%(refname)%00%(upstream:short)%00%(objectname)%00%(upstream:track) refs/heads/master refs/remotes/master [3ms]
[2022-03-16T02:01:36.041Z] > git for-each-ref --sort -committerdate --format %(refname) %(objectname) %(*objectname) [30ms]
[2022-03-16T02:01:36.041Z] > git remote --verbose [2ms]
[2022-03-16T02:01:45.735Z] > git config --get commit.template [46ms]
[2022-03-16T02:01:51.023Z] > git symbolic-ref --short HEAD [3ms]
[2022-03-16T02:01:51.054Z] > git for-each-ref --format=%(refname)%00%(upstream:short)%00%(objectname)%00%(upstream:track) refs/heads/master refs/remotes/master [3ms]
[2022-03-16T02:01:51.110Z] > git for-each-ref --sort -committerdate --format %(refname) %(objectname) %(*objectname) [29ms]
[2022-03-16T02:01:51.111Z] > git remote --verbose [3ms]
[2022-03-16T02:02:00.785Z] > git config --get commit.template [49ms]
[2022-03-16T02:02:06.081Z] > git symbolic-ref --short HEAD [3ms]
[2022-03-16T02:02:06.112Z] > git for-each-ref --format=%(refname)%00%(upstream:short)%00%(objectname)%00%(upstream:track) refs/heads/master refs/remotes/master [4ms]
[2022-03-16T02:02:06.170Z] > git for-each-ref --sort -committerdate --format %(refname) %(objectname) %(*objectname) [32ms]
[2022-03-16T02:02:06.171Z] > git remote --verbose [3ms]
[2022-03-16T02:02:15.954Z] > git config --get commit.template [49ms]
[2022-03-16T02:02:21.235Z] > git symbolic-ref --short HEAD [3ms]
[2022-03-16T02:02:21.265Z] > git for-each-ref --format=%(refname)%00%(upstream:short)%00%(objectname)%00%(upstream:track) refs/heads/master refs/remotes/master [3ms]
[2022-03-16T02:02:21.322Z] > git for-each-ref --sort -committerdate --format %(refname) %(objectname) %(*objectname) [30ms]
[2022-03-16T02:02:21.323Z] > git remote --verbose [4ms]
[2022-03-16T02:02:31.097Z] > git config --get commit.template [51ms]
[2022-03-16T02:02:36.377Z] > git symbolic-ref --short HEAD [3ms]
[2022-03-16T02:02:36.433Z] > git for-each-ref --format=%(refname)%00%(upstream:short)%00%(objectname)%00%(upstream:track) refs/heads/master refs/remotes/master [28ms]
[2022-03-16T02:02:36.489Z] > git for-each-ref --sort -committerdate --format %(refname) %(objectname) %(*objectname) [29ms]
[2022-03-16T02:02:36.490Z] > git remote --verbose [3ms]
[2022-03-16T02:02:46.289Z] > git config --get commit.template [55ms]
[2022-03-16T02:02:51.565Z] > git symbolic-ref --short HEAD [3ms]
[2022-03-16T02:02:51.596Z] > git for-each-ref --format=%(refname)%00%(upstream:short)%00%(objectname)%00%(upstream:track) refs/heads/master refs/remotes/master [3ms]
[2022-03-16T02:02:51.653Z] > git for-each-ref --sort -committerdate --format %(refname) %(objectname) %(*objectname) [30ms]
[2022-03-16T02:02:51.654Z] > git remote --verbose [4ms]
[2022-03-16T02:03:01.354Z] > git config --get commit.template [62ms]
[2022-03-16T02:03:06.641Z] > git symbolic-ref --short HEAD [3ms]
[2022-03-16T02:03:06.672Z] > git for-each-ref --format=%(refname)%00%(upstream:short)%00%(objectname)%00%(upstream:track) refs/heads/master refs/remotes/master [4ms]
[2022-03-16T02:03:06.729Z] > git for-each-ref --sort -committerdate --format %(refname) %(objectname) %(*objectname) [30ms]
[2022-03-16T02:03:06.736Z] > git remote --verbose [10ms]
[2022-03-16T02:03:16.491Z] > git config --get commit.template [54ms]
[2022-03-16T02:03:21.816Z] > git symbolic-ref --short HEAD [4ms]
[2022-03-16T02:03:21.847Z] > git for-each-ref --format=%(refname)%00%(upstream:short)%00%(objectname)%00%(upstream:track) refs/heads/master refs/remotes/master [4ms]
[2022-03-16T02:03:21.905Z] > git for-each-ref --sort -committerdate --format %(refname) %(objectname) %(*objectname) [31ms]
[2022-03-16T02:03:21.906Z] > git remote --verbose [4ms]
[2022-03-16T02:03:31.698Z] > git config --get commit.template [81ms]
[2022-03-16T02:03:36.980Z] > git symbolic-ref --short HEAD [3ms]
[2022-03-16T02:03:37.010Z] > git for-each-ref --format=%(refname)%00%(upstream:short)%00%(objectname)%00%(upstream:track) refs/heads/master refs/remotes/master [3ms]
[2022-03-16T02:03:37.075Z] > git for-each-ref --sort -committerdate --format %(refname) %(objectname) %(*objectname) [36ms]
[2022-03-16T02:03:37.076Z] > git remote --verbose [10ms]
[2022-03-16T02:03:46.742Z] > git config --get commit.template [44ms]
[2022-03-16T02:03:52.021Z] > git symbolic-ref --short HEAD [3ms]
[2022-03-16T02:03:52.052Z] > git for-each-ref --format=%(refname)%00%(upstream:short)%00%(objectname)%00%(upstream:track) refs/heads/master refs/remotes/master [3ms]
[2022-03-16T02:03:52.109Z] > git for-each-ref --sort -committerdate --format %(refname) %(objectname) %(*objectname) [30ms]
[2022-03-16T02:03:52.110Z] > git remote --verbose [3ms]
[2022-03-16T02:04:01.782Z] > git config --get commit.template [40ms]
[2022-03-16T02:04:05.647Z] > git fetch [18ms]
[2022-03-16T02:04:05.887Z] > git symbolic-ref --short HEAD [6ms]
[2022-03-16T02:04:05.918Z] > git for-each-ref --format=%(refname)%00%(upstream:short)%00%(objectname)%00%(upstream:track) refs/heads/master refs/remotes/master [4ms]
[2022-03-16T02:04:05.974Z] > git for-each-ref --sort -committerdate --format %(refname) %(objectname) %(*objectname) [29ms]
[2022-03-16T02:04:05.976Z] > git remote --verbose [3ms]
[2022-03-16T02:04:15.666Z] > git config --get commit.template [44ms]
[2022-03-16T02:04:15.956Z] > git symbolic-ref --short HEAD [19ms]
[2022-03-16T02:04:15.996Z] > git for-each-ref --format=%(refname)%00%(upstream:short)%00%(objectname)%00%(upstream:track) refs/heads/master refs/remotes/master [5ms]
[2022-03-16T02:04:16.058Z] > git for-each-ref --sort -committerdate --format %(refname) %(objectname) %(*objectname) [32ms]
[2022-03-16T02:04:16.060Z] > git remote --verbose [6ms]
[2022-03-16T02:04:25.727Z] > git config --get commit.template [45ms]
[2022-03-16T02:04:26.277Z] > git ls-files --stage -- /home/pi/workspace/basic/HC_sr04.py [7ms]
[2022-03-16T02:04:31.012Z] > git symbolic-ref --short HEAD [3ms]
[2022-03-16T02:04:31.045Z] > git for-each-ref --format=%(refname)%00%(upstream:short)%00%(objectname)%00%(upstream:track) refs/heads/master refs/remotes/master [3ms]
[2022-03-16T02:04:31.108Z] > git for-each-ref --sort -committerdate --format %(refname) %(objectname) %(*objectname) [34ms]
[2022-03-16T02:04:31.109Z] > git remote --verbose [4ms]
[2022-03-16T02:04:40.934Z] > git config --get commit.template [51ms]
[2022-03-16T02:04:46.214Z] > git symbolic-ref --short HEAD [4ms]
[2022-03-16T02:04:46.245Z] > git for-each-ref --format=%(refname)%00%(upstream:short)%00%(objectname)%00%(upstream:track) refs/heads/master refs/remotes/master [3ms]
[2022-03-16T02:04:46.304Z] > git for-each-ref --sort -committerdate --format %(refname) %(objectname) %(*objectname) [32ms]
[2022-03-16T02:04:46.305Z] > git remote --verbose [5ms]
[2022-03-16T02:04:55.991Z] > git config --get commit.template [44ms]
[2022-03-16T02:05:01.300Z] > git symbolic-ref --short HEAD [3ms]
[2022-03-16T02:05:01.333Z] > git for-each-ref --format=%(refname)%00%(upstream:short)%00%(objectname)%00%(upstream:track) refs/heads/master refs/remotes/master [3ms]
[2022-03-16T02:05:01.391Z] > git for-each-ref --sort -committerdate --format %(refname) %(objectname) %(*objectname) [30ms]
[2022-03-16T02:05:01.392Z] > git remote --verbose [3ms]
[2022-03-16T02:05:11.063Z] > git config --get commit.template [79ms]
[2022-03-16T02:05:12.062Z] > git add -A -- . [4ms]
[2022-03-16T02:05:12.062Z] fatal: Unable to create '/home/pi/.git/index.lock': File exists.

Another git process seems to be running in this repository, e.g.
an editor opened by 'git commit'. Please make sure all processes
are terminated then try again. If it still fails, a git process
may have crashed in this repository earlier:
remove the file manually to continue.
[2022-03-16T02:05:12.146Z] > git add -A -- . [3ms]
[2022-03-16T02:05:12.146Z] fatal: Unable to create '/home/pi/.git/index.lock': File exists.

Another git process seems to be running in this repository, e.g.
an editor opened by 'git commit'. Please make sure all processes
are terminated then try again. If it still fails, a git process
may have crashed in this repository earlier:
remove the file manually to continue.
[2022-03-16T02:05:12.379Z] > git add -A -- . [3ms]
[2022-03-16T02:05:12.379Z] fatal: Unable to create '/home/pi/.git/index.lock': File exists.

Another git process seems to be running in this repository, e.g.
an editor opened by 'git commit'. Please make sure all processes
are terminated then try again. If it still fails, a git process
may have crashed in this repository earlier:
remove the file manually to continue.
[2022-03-16T02:05:12.862Z] > git add -A -- . [3ms]
[2022-03-16T02:05:12.862Z] fatal: Unable to create '/home/pi/.git/index.lock': File exists.

Another git process seems to be running in this repository, e.g.
an editor opened by 'git commit'. Please make sure all processes
are terminated then try again. If it still fails, a git process
may have crashed in this repository earlier:
remove the file manually to continue.
[2022-03-16T02:05:13.695Z] > git add -A -- . [3ms]
[2022-03-16T02:05:13.695Z] fatal: Unable to create '/home/pi/.git/index.lock': File exists.

Another git process seems to be running in this repository, e.g.
an editor opened by 'git commit'. Please make sure all processes
are terminated then try again. If it still fails, a git process
may have crashed in this repository earlier:
remove the file manually to continue.
[2022-03-16T02:05:14.978Z] > git add -A -- . [3ms]
[2022-03-16T02:05:14.979Z] fatal: Unable to create '/home/pi/.git/index.lock': File exists.

Another git process seems to be running in this repository, e.g.
an editor opened by 'git commit'. Please make sure all processes
are terminated then try again. If it still fails, a git process
may have crashed in this repository earlier:
remove the file manually to continue.
[2022-03-16T02:05:16.813Z] > git add -A -- . [3ms]
[2022-03-16T02:05:16.813Z] fatal: Unable to create '/home/pi/.git/index.lock': File exists.

Another git process seems to be running in this repository, e.g.
an editor opened by 'git commit'. Please make sure all processes
are terminated then try again. If it still fails, a git process
may have crashed in this repository earlier:
remove the file manually to continue.
[2022-03-16T02:05:18.305Z] > git log --format=%H%n%aN%n%aE%n%at%n%ct%n%P%n%B -z -n21 -- /home/pi/workspace/basic/HC_sr04.py [3ms]
[2022-03-16T02:05:18.305Z] fatal: your current branch 'master' does not have any commits yet
[2022-03-16T02:05:19.295Z] > git add -A -- . [3ms]
[2022-03-16T02:05:19.295Z] fatal: Unable to create '/home/pi/.git/index.lock': File exists.

Another git process seems to be running in this repository, e.g.
an editor opened by 'git commit'. Please make sure all processes
are terminated then try again. If it still fails, a git process
may have crashed in this repository earlier:
remove the file manually to continue.
[2022-03-16T02:05:22.528Z] > git add -A -- . [3ms]
[2022-03-16T02:05:22.528Z] fatal: Unable to create '/home/pi/.git/index.lock': File exists.

Another git process seems to be running in this repository, e.g.
an editor opened by 'git commit'. Please make sure all processes
are terminated then try again. If it still fails, a git process
may have crashed in this repository earlier:
remove the file manually to continue.
[2022-03-16T02:05:26.611Z] > git add -A -- . [3ms]
[2022-03-16T02:05:26.611Z] fatal: Unable to create '/home/pi/.git/index.lock': File exists.

Another git process seems to be running in this repository, e.g.
an editor opened by 'git commit'. Please make sure all processes
are terminated then try again. If it still fails, a git process
may have crashed in this repository earlier:
remove the file manually to continue.
