[Info  - 10:39:29] (1775) Pylance language server 2022.3.1 (pyright bd47ac0b) starting
[Info  - 10:39:29] (1775) Server root directory: /home/pi/.vscode-server/extensions/ms-python.vscode-pylance-2022.3.1/dist
[Info  - 10:39:29] (1775) No configuration file found.
[Info  - 10:39:29] (1775) No pyproject.toml file found.
[Info  - 10:39:29] (1775) Setting pythonPath for service "pi": "/bin/python"
[Warn  - 10:39:29] (1775) stubPath /home/pi/typings is not a valid directory.
[Info  - 10:39:29] (1775) Assuming Python version 3.9
[Info  - 10:39:29] (1775) Assuming Python platform Linux
[Warn  - 10:39:31] (1775) Exception received when installing file system watcher: TypeError [ERR_FEATURE_UNAVAILABLE_ON_PLATFORM]: The feature watch recursively is unavailable on the current platform, which is being used to run Node.js
[Warn  - 10:39:31] (1775) Exception received when installing file system watcher: TypeError [ERR_FEATURE_UNAVAILABLE_ON_PLATFORM]: The feature watch recursively is unavailable on the current platform, which is being used to run Node.js
[Warn  - 10:39:31] (1775) Exception received when installing file system watcher: TypeError [ERR_FEATURE_UNAVAILABLE_ON_PLATFORM]: The feature watch recursively is unavailable on the current platform, which is being used to run Node.js
[Warn  - 10:39:31] (1775) Exception received when installing file system watcher: TypeError [ERR_FEATURE_UNAVAILABLE_ON_PLATFORM]: The feature watch recursively is unavailable on the current platform, which is being used to run Node.js
[Warn  - 10:39:31] (1775) Exception received when installing file system watcher: TypeError [ERR_FEATURE_UNAVAILABLE_ON_PLATFORM]: The feature watch recursively is unavailable on the current platform, which is being used to run Node.js
[Info  - 10:39:31] (1775) Searching for source files
[Info  - 10:39:31] (1775) Found 10 source files
[Info  - 10:39:31] (1775) Background analysis(1) root directory: /home/pi/.vscode-server/extensions/ms-python.vscode-pylance-2022.3.1/dist
[Info  - 10:39:31] (1775) Background analysis(1) started
[Info  - 10:39:43] (1775) Indexer background runner(2) root directory: /home/pi/.vscode-server/extensions/ms-python.vscode-pylance-2022.3.1/dist (index)
[Info  - 10:39:43] (1775) Indexing(2) started
[Info  - 10:39:44] (1775) [IDX(2)] Long operation: index execution environment /home/pi (3779ms)
[Info  - 10:39:44] (1775) [IDX(2)] Long operation: index libraries /home/pi (5222ms)
[Info  - 10:39:44] (1775) Indexer done(2). indexed 447 files
[Info  - 10:53:02] (1775) Searching for source files
[Info  - 10:53:02] (1775) Found 11 source files
[Info  - 11:29:08] (1775) Searching for source files
[Info  - 11:29:08] (1775) Found 12 source files
[Info  - 13:11:32] (1775) Searching for source files
[Info  - 13:11:32] (1775) Found 12 source files
[Info  - 13:11:33] (1775) Searching for source files
[Info  - 13:11:33] (1775) Found 12 source files
[Info  - 13:11:34] (1775) Searching for source files
[Info  - 13:11:34] (1775) Found 12 source files
[Info  - 13:11:38] (1775) Searching for source files
[Info  - 13:11:38] (1775) Found 12 source files
[Info  - 13:11:39] (1775) Searching for source files
[Info  - 13:11:39] (1775) Found 12 source files
[Info  - 13:11:39] (1775) Searching for source files
[Info  - 13:11:39] (1775) Found 12 source files
[Info  - 13:11:42] (1775) Searching for source files
[Info  - 13:11:42] (1775) Found 12 source files
[Info  - 13:11:43] (1775) Searching for source files
[Info  - 13:11:43] (1775) Found 12 source files
[Info  - 13:11:45] (1775) Searching for source files
[Info  - 13:11:45] (1775) Found 12 source files
[Info  - 13:11:47] (1775) Searching for source files
[Info  - 13:11:47] (1775) Found 12 source files
[Info  - 13:11:50] (1775) Searching for source files
[Info  - 13:11:50] (1775) Found 12 source files
[Info  - 13:11:52] (1775) Searching for source files
[Info  - 13:11:52] (1775) Found 12 source files
[Info  - 13:11:56] (1775) Searching for source files
[Info  - 13:11:56] (1775) Found 12 source files
[Info  - 13:11:57] (1775) Searching for source files
[Info  - 13:11:57] (1775) Found 12 source files
[Info  - 13:11:58] (1775) Searching for source files
[Info  - 13:11:58] (1775) Found 12 source files
[Info  - 13:12:01] (1775) Searching for source files
[Info  - 13:12:01] (1775) Found 12 source files
[Info  - 13:12:02] (1775) Searching for source files
[Info  - 13:12:02] (1775) Found 12 source files
[Info  - 13:12:08] (1775) Searching for source files
[Info  - 13:12:08] (1775) Found 12 source files
[Info  - 13:12:13] (1775) Searching for source files
[Info  - 13:12:13] (1775) Found 12 source files
[Info  - 13:12:16] (1775) Searching for source files
[Info  - 13:12:16] (1775) Found 12 source files
[Info  - 13:12:34] (1775) Searching for source files
[Info  - 13:12:34] (1775) Found 12 source files
[Info  - 13:12:35] (1775) Searching for source files
[Info  - 13:12:35] (1775) Found 12 source files
[Info  - 13:12:36] (1775) Searching for source files
[Info  - 13:12:36] (1775) Found 12 source files
[Info  - 13:12:38] (1775) Searching for source files
[Info  - 13:12:38] (1775) Found 12 source files
[Info  - 13:12:40] (1775) Searching for source files
[Info  - 13:12:40] (1775) Found 12 source files
[Info  - 13:12:42] (1775) Searching for source files
[Info  - 13:12:42] (1775) Found 12 source files
[Info  - 13:12:45] (1775) Searching for source files
[Info  - 13:12:45] (1775) Found 12 source files
[Info  - 13:12:46] (1775) Searching for source files
[Info  - 13:12:46] (1775) Found 12 source files
[Info  - 13:12:46] (1775) Searching for source files
[Info  - 13:12:46] (1775) Found 12 source files
[Info  - 13:12:47] (1775) Searching for source files
[Info  - 13:12:47] (1775) Found 12 source files
[Info  - 13:12:47] (1775) Searching for source files
[Info  - 13:12:47] (1775) Found 12 source files
[Info  - 13:12:48] (1775) Searching for source files
[Info  - 13:12:48] (1775) Found 12 source files
[Info  - 13:12:49] (1775) Searching for source files
[Info  - 13:12:49] (1775) Found 12 source files
[Info  - 13:12:51] (1775) Searching for source files
[Info  - 13:12:51] (1775) Found 12 source files
[Info  - 13:12:51] (1775) Searching for source files
[Info  - 13:12:51] (1775) Found 12 source files
[Info  - 13:13:22] (1775) Searching for source files
[Info  - 13:13:22] (1775) Found 12 source files
[Info  - 13:14:31] (1775) Searching for source files
[Info  - 13:14:31] (1775) Found 12 source files
[Info  - 13:14:32] (1775) Searching for source files
[Info  - 13:14:32] (1775) Found 12 source files
[Info  - 13:19:49] (1775) Searching for source files
[Info  - 13:19:49] (1775) Found 13 source files
[Info  - 13:24:13] (1775) Searching for source files
[Info  - 13:24:13] (1775) Found 13 source files
[Info  - 13:26:36] (1775) Searching for source files
[Info  - 13:26:36] (1775) Found 13 source files
[Info  - 13:26:39] (1775) Searching for source files
[Info  - 13:26:39] (1775) Found 13 source files
[Info  - 13:28:57] (1775) Searching for source files
[Info  - 13:28:57] (1775) Found 13 source files
[Info  - 14:12:21] (1775) Searching for source files
[Info  - 14:12:21] (1775) Found 14 source files
[Info  - 16:03:33] (1775) Searching for source files
[Info  - 16:03:33] (1775) Found 14 source files
[Info  - 16:03:39] (1775) Searching for source files
[Info  - 16:03:39] (1775) Found 15 source files
[Info  - 16:07:29] (1775) Searching for source files
[Info  - 16:07:29] (1775) Found 16 source files
[Info  - 16:28:06] (1775) Searching for source files
[Info  - 16:28:06] (1775) Found 16 source files
[Info  - 16:28:10] (1775) Searching for source files
[Info  - 16:28:10] (1775) Found 17 source files
