[2022-03-16 10:20:26.969] [exthost] [info] Extension host with pid 3994 started
[2022-03-16 10:20:26.981] [exthost] [error] Error: EEXIST: file already exists, open '/home/pi/.vscode-server/data/User/workspaceStorage/527f972cc57f3c538a5e653c4192c8c2/vscode.lock'
[2022-03-16 10:20:26.991] [exthost] [info] Lock '/home/pi/.vscode-server/data/User/workspaceStorage/527f972cc57f3c538a5e653c4192c8c2/vscode.lock': Could not acquire lock, checking if the file is stale.
[2022-03-16 10:20:27.008] [exthost] [info] Lock '/home/pi/.vscode-server/data/User/workspaceStorage/527f972cc57f3c538a5e653c4192c8c2/vscode.lock': The lock does not look stale, elapsed: 969 ms, giving up.
[2022-03-16 10:20:27.021] [exthost] [info] Lock '/home/pi/.vscode-server/data/User/workspaceStorage/527f972cc57f3c538a5e653c4192c8c2-1/vscode.lock': Lock acquired.
[2022-03-16 10:20:28.140] [exthost] [info] ExtensionService#_doActivateExtension ms-python.python, startup: false, activationEvent: 'onLanguage:python', root cause: ms-python.vscode-pylance
[2022-03-16 10:20:28.734] [exthost] [info] ExtensionService#_doActivateExtension ms-toolsai.jupyter, startup: false, activationEvent: 'onLanguage:python'
[2022-03-16 10:20:29.936] [exthost] [info] ExtensionService#_doActivateExtension vscode.debug-auto-launch, startup: true, activationEvent: '*'
[2022-03-16 10:20:29.949] [exthost] [info] ExtensionService#_doActivateExtension vscode.git-base, startup: true, activationEvent: '*', root cause: vscode.github
[2022-03-16 10:20:29.964] [exthost] [info] ExtensionService#_doActivateExtension vscode.ipynb, startup: true, activationEvent: '*'
[2022-03-16 10:20:30.372] [exthost] [info] ExtensionService#_doActivateExtension vscode.git, startup: true, activationEvent: '*'
[2022-03-16 10:20:30.563] [exthost] [info] ExtensionService#_doActivateExtension vscode.github, startup: true, activationEvent: '*'
[2022-03-16 10:20:35.999] [exthost] [info] ExtensionService#_doActivateExtension vscode.emmet, startup: false, activationEvent: 'onStartupFinished'
[2022-03-16 10:20:36.046] [exthost] [info] ExtensionService#_doActivateExtension vscode.merge-conflict, startup: false, activationEvent: 'onStartupFinished'
[2022-03-16 10:20:36.057] [exthost] [info] Eager extensions activated
[2022-03-16 10:20:36.680] [exthost] [info] ExtensionService#_doActivateExtension ms-toolsai.jupyter-renderers, startup: false, activationEvent: 'api', root cause: ms-toolsai.jupyter
[2022-03-16 10:20:37.606] [exthost] [warning] [Decorations] CAPPING events from decorations provider vscode.git 8664
[2022-03-16 10:20:43.547] [exthost] [warning] [Decorations] CAPPING events from decorations provider vscode.git 8664
[2022-03-16 10:20:53.192] [exthost] [info] ExtensionService#_doActivateExtension ms-python.vscode-pylance, startup: false, activationEvent: 'onLanguage:python'
[2022-03-16 10:20:55.744] [exthost] [warning] [Decorations] CAPPING events from decorations provider vscode.git 8668
[2022-03-16 10:21:10.586] [exthost] [warning] [Decorations] CAPPING events from decorations provider vscode.git 8668
[2022-03-16 10:21:25.473] [exthost] [warning] [Decorations] CAPPING events from decorations provider vscode.git 8668
[2022-03-16 10:23:53.748] [exthost] [warning] [Decorations] CAPPING events from decorations provider vscode.git 8668
[2022-03-16 10:27:03.547] [exthost] [warning] [Decorations] CAPPING events from decorations provider vscode.git 8669
[2022-03-16 10:30:14.091] [exthost] [warning] [Decorations] CAPPING events from decorations provider vscode.git 8671
[2022-03-16 10:31:02.128] [exthost] [info] extension host terminating: renderer disconnected for too long (2)
[2022-03-16 10:31:02.142] [exthost] [info] Lock '/home/pi/.vscode-server/data/User/workspaceStorage/527f972cc57f3c538a5e653c4192c8c2-1/vscode.lock': Marking the lockfile as scheduled to be released in 6000 ms.
[2022-03-16 10:31:02.338] [exthost] [info] Extension host with pid 3994 exiting with code 0
