[2022-03-17T00:16:42.451Z] git에서 찾은 git 유효성을 검사하는 중
[2022-03-17T00:16:42.563Z] git에서 git 2.30.2을(를) 사용하는 중
[2022-03-17T00:16:42.724Z] > git rev-parse --git-dir [13ms]
[2022-03-17T00:16:42.743Z] Open repository: /home/pi
[2022-03-17T00:16:43.634Z] > git symbolic-ref --short HEAD [6ms]
[2022-03-17T00:16:43.848Z] > git fetch [1086ms]
[2022-03-17T00:16:43.849Z] > git for-each-ref --format=%(refname)%00%(upstream:short)%00%(objectname)%00%(upstream:track) refs/heads/main refs/remotes/main [201ms]
[2022-03-17T00:16:43.929Z] > git remote --verbose [49ms]
[2022-03-17T00:16:43.931Z] > git for-each-ref --sort -committerdate --format %(refname) %(objectname) %(*objectname) [66ms]
[2022-03-17T00:16:43.997Z] > git config --get commit.template [27ms]
[2022-03-17T00:16:44.218Z] > git symbolic-ref --short HEAD [9ms]
[2022-03-17T00:16:44.245Z] > git for-each-ref --format=%(refname)%00%(upstream:short)%00%(objectname)%00%(upstream:track) refs/heads/main refs/remotes/main [14ms]
[2022-03-17T00:16:44.278Z] > git for-each-ref --sort -committerdate --format %(refname) %(objectname) %(*objectname) [19ms]
[2022-03-17T00:16:44.283Z] > git remote --verbose [9ms]
[2022-03-17T00:16:44.310Z] > git config --get commit.template [5ms]
[2022-03-17T00:16:45.388Z] > git ls-files --stage -- /home/pi/workspace/zero/Motion_sensor.py [21ms]
[2022-03-17T00:16:46.360Z] > git ls-files --stage -- /home/pi/workspace/zero/Motion_sensor.py [31ms]
[2022-03-17T00:16:54.484Z] > git symbolic-ref --short HEAD [15ms]
[2022-03-17T00:16:54.515Z] > git for-each-ref --format=%(refname)%00%(upstream:short)%00%(objectname)%00%(upstream:track) refs/heads/main refs/remotes/main [5ms]
[2022-03-17T00:16:54.556Z] > git for-each-ref --sort -committerdate --format %(refname) %(objectname) %(*objectname) [19ms]
[2022-03-17T00:16:54.557Z] > git remote --verbose [4ms]
[2022-03-17T00:16:54.592Z] > git config --get commit.template [4ms]
[2022-03-17T00:16:58.331Z] > git ls-files --stage -- /home/pi/workspace/zero/Distance_Sensor.py [14ms]
[2022-03-17T00:16:59.928Z] > git symbolic-ref --short HEAD [3ms]
[2022-03-17T00:16:59.948Z] > git for-each-ref --format=%(refname)%00%(upstream:short)%00%(objectname)%00%(upstream:track) refs/heads/main refs/remotes/main [5ms]
[2022-03-17T00:16:59.982Z] > git for-each-ref --sort -committerdate --format %(refname) %(objectname) %(*objectname) [18ms]
[2022-03-17T00:16:59.983Z] > git remote --verbose [4ms]
[2022-03-17T00:17:00.008Z] > git config --get commit.template [3ms]
[2022-03-17T00:17:05.236Z] > git symbolic-ref --short HEAD [2ms]
[2022-03-17T00:17:05.258Z] > git for-each-ref --format=%(refname)%00%(upstream:short)%00%(objectname)%00%(upstream:track) refs/heads/main refs/remotes/main [6ms]
[2022-03-17T00:17:05.294Z] > git for-each-ref --sort -committerdate --format %(refname) %(objectname) %(*objectname) [19ms]
[2022-03-17T00:17:05.295Z] > git remote --verbose [5ms]
[2022-03-17T00:17:05.320Z] > git config --get commit.template [3ms]
[2022-03-17T00:17:10.566Z] > git symbolic-ref --short HEAD [3ms]
[2022-03-17T00:17:10.587Z] > git for-each-ref --format=%(refname)%00%(upstream:short)%00%(objectname)%00%(upstream:track) refs/heads/main refs/remotes/main [4ms]
[2022-03-17T00:17:10.621Z] > git for-each-ref --sort -committerdate --format %(refname) %(objectname) %(*objectname) [18ms]
[2022-03-17T00:17:10.627Z] > git remote --verbose [9ms]
[2022-03-17T00:17:10.653Z] > git config --get commit.template [5ms]
[2022-03-17T00:17:15.892Z] > git symbolic-ref --short HEAD [4ms]
[2022-03-17T00:17:15.913Z] > git for-each-ref --format=%(refname)%00%(upstream:short)%00%(objectname)%00%(upstream:track) refs/heads/main refs/remotes/main [5ms]
[2022-03-17T00:17:15.946Z] > git for-each-ref --sort -committerdate --format %(refname) %(objectname) %(*objectname) [17ms]
[2022-03-17T00:17:15.959Z] > git remote --verbose [16ms]
[2022-03-17T00:17:15.984Z] > git config --get commit.template [4ms]
[2022-03-17T00:17:21.225Z] > git symbolic-ref --short HEAD [4ms]
[2022-03-17T00:17:21.244Z] > git for-each-ref --format=%(refname)%00%(upstream:short)%00%(objectname)%00%(upstream:track) refs/heads/main refs/remotes/main [4ms]
[2022-03-17T00:17:21.278Z] > git for-each-ref --sort -committerdate --format %(refname) %(objectname) %(*objectname) [18ms]
[2022-03-17T00:17:21.279Z] > git remote --verbose [3ms]
[2022-03-17T00:17:21.312Z] > git config --get commit.template [4ms]
[2022-03-17T00:17:26.551Z] > git symbolic-ref --short HEAD [3ms]
[2022-03-17T00:17:26.571Z] > git for-each-ref --format=%(refname)%00%(upstream:short)%00%(objectname)%00%(upstream:track) refs/heads/main refs/remotes/main [4ms]
[2022-03-17T00:17:26.604Z] > git for-each-ref --sort -committerdate --format %(refname) %(objectname) %(*objectname) [18ms]
[2022-03-17T00:17:26.605Z] > git remote --verbose [3ms]
[2022-03-17T00:17:26.631Z] > git config --get commit.template [3ms]
[2022-03-17T00:17:31.853Z] > git symbolic-ref --short HEAD [4ms]
[2022-03-17T00:17:31.873Z] > git for-each-ref --format=%(refname)%00%(upstream:short)%00%(objectname)%00%(upstream:track) refs/heads/main refs/remotes/main [5ms]
[2022-03-17T00:17:31.906Z] > git for-each-ref --sort -committerdate --format %(refname) %(objectname) %(*objectname) [17ms]
[2022-03-17T00:17:31.907Z] > git remote --verbose [4ms]
[2022-03-17T00:17:31.930Z] > git config --get commit.template [3ms]
[2022-03-17T00:17:37.147Z] > git symbolic-ref --short HEAD [4ms]
[2022-03-17T00:17:37.166Z] > git for-each-ref --format=%(refname)%00%(upstream:short)%00%(objectname)%00%(upstream:track) refs/heads/main refs/remotes/main [4ms]
[2022-03-17T00:17:37.199Z] > git for-each-ref --sort -committerdate --format %(refname) %(objectname) %(*objectname) [18ms]
[2022-03-17T00:17:37.201Z] > git remote --verbose [5ms]
[2022-03-17T00:17:37.226Z] > git config --get commit.template [3ms]
[2022-03-17T00:17:42.474Z] > git symbolic-ref --short HEAD [3ms]
[2022-03-17T00:17:42.493Z] > git for-each-ref --format=%(refname)%00%(upstream:short)%00%(objectname)%00%(upstream:track) refs/heads/main refs/remotes/main [4ms]
[2022-03-17T00:17:42.526Z] > git for-each-ref --sort -committerdate --format %(refname) %(objectname) %(*objectname) [18ms]
[2022-03-17T00:17:42.528Z] > git remote --verbose [5ms]
[2022-03-17T00:17:42.551Z] > git config --get commit.template [3ms]
[2022-03-17T00:17:47.790Z] > git symbolic-ref --short HEAD [3ms]
[2022-03-17T00:17:47.809Z] > git for-each-ref --format=%(refname)%00%(upstream:short)%00%(objectname)%00%(upstream:track) refs/heads/main refs/remotes/main [4ms]
[2022-03-17T00:17:47.842Z] > git for-each-ref --sort -committerdate --format %(refname) %(objectname) %(*objectname) [18ms]
[2022-03-17T00:17:47.843Z] > git remote --verbose [3ms]
[2022-03-17T00:17:47.866Z] > git config --get commit.template [3ms]
[2022-03-17T00:17:53.040Z] > git symbolic-ref --short HEAD [4ms]
[2022-03-17T00:17:53.059Z] > git for-each-ref --format=%(refname)%00%(upstream:short)%00%(objectname)%00%(upstream:track) refs/heads/main refs/remotes/main [4ms]
[2022-03-17T00:17:53.093Z] > git for-each-ref --sort -committerdate --format %(refname) %(objectname) %(*objectname) [18ms]
[2022-03-17T00:17:53.094Z] > git remote --verbose [4ms]
[2022-03-17T00:17:53.120Z] > git config --get commit.template [4ms]
[2022-03-17T00:17:58.325Z] > git symbolic-ref --short HEAD [3ms]
[2022-03-17T00:17:58.347Z] > git for-each-ref --format=%(refname)%00%(upstream:short)%00%(objectname)%00%(upstream:track) refs/heads/main refs/remotes/main [4ms]
[2022-03-17T00:17:58.381Z] > git for-each-ref --sort -committerdate --format %(refname) %(objectname) %(*objectname) [19ms]
[2022-03-17T00:17:58.382Z] > git remote --verbose [4ms]
[2022-03-17T00:17:58.405Z] > git config --get commit.template [3ms]
[2022-03-17T00:18:03.646Z] > git symbolic-ref --short HEAD [3ms]
[2022-03-17T00:18:03.666Z] > git for-each-ref --format=%(refname)%00%(upstream:short)%00%(objectname)%00%(upstream:track) refs/heads/main refs/remotes/main [5ms]
[2022-03-17T00:18:03.700Z] > git for-each-ref --sort -committerdate --format %(refname) %(objectname) %(*objectname) [18ms]
[2022-03-17T00:18:03.702Z] > git remote --verbose [4ms]
[2022-03-17T00:18:03.729Z] > git config --get commit.template [3ms]
[2022-03-17T00:18:08.950Z] > git symbolic-ref --short HEAD [5ms]
[2022-03-17T00:18:08.972Z] > git for-each-ref --format=%(refname)%00%(upstream:short)%00%(objectname)%00%(upstream:track) refs/heads/main refs/remotes/main [7ms]
[2022-03-17T00:18:09.005Z] > git for-each-ref --sort -committerdate --format %(refname) %(objectname) %(*objectname) [18ms]
[2022-03-17T00:18:09.007Z] > git remote --verbose [4ms]
[2022-03-17T00:18:09.030Z] > git config --get commit.template [3ms]
[2022-03-17T00:18:14.252Z] > git symbolic-ref --short HEAD [5ms]
[2022-03-17T00:18:14.305Z] > git for-each-ref --format=%(refname)%00%(upstream:short)%00%(objectname)%00%(upstream:track) refs/heads/main refs/remotes/main [18ms]
[2022-03-17T00:18:14.340Z] > git for-each-ref --sort -committerdate --format %(refname) %(objectname) %(*objectname) [19ms]
[2022-03-17T00:18:14.341Z] > git remote --verbose [5ms]
[2022-03-17T00:18:14.366Z] > git config --get commit.template [4ms]
[2022-03-17T00:18:19.643Z] > git symbolic-ref --short HEAD [4ms]
[2022-03-17T00:18:19.666Z] > git for-each-ref --format=%(refname)%00%(upstream:short)%00%(objectname)%00%(upstream:track) refs/heads/main refs/remotes/main [5ms]
[2022-03-17T00:18:19.938Z] > git for-each-ref --sort -committerdate --format %(refname) %(objectname) %(*objectname) [253ms]
[2022-03-17T00:18:19.942Z] > git remote --verbose [241ms]
[2022-03-17T00:18:19.978Z] > git config --get commit.template [11ms]
[2022-03-17T00:18:25.233Z] > git symbolic-ref --short HEAD [4ms]
[2022-03-17T00:18:25.254Z] > git for-each-ref --format=%(refname)%00%(upstream:short)%00%(objectname)%00%(upstream:track) refs/heads/main refs/remotes/main [5ms]
[2022-03-17T00:18:25.289Z] > git for-each-ref --sort -committerdate --format %(refname) %(objectname) %(*objectname) [19ms]
[2022-03-17T00:18:25.291Z] > git remote --verbose [5ms]
[2022-03-17T00:18:25.321Z] > git config --get commit.template [9ms]
[2022-03-17T00:18:30.550Z] > git symbolic-ref --short HEAD [3ms]
[2022-03-17T00:18:30.571Z] > git for-each-ref --format=%(refname)%00%(upstream:short)%00%(objectname)%00%(upstream:track) refs/heads/main refs/remotes/main [4ms]
[2022-03-17T00:18:30.607Z] > git for-each-ref --sort -committerdate --format %(refname) %(objectname) %(*objectname) [20ms]
[2022-03-17T00:18:30.608Z] > git remote --verbose [4ms]
[2022-03-17T00:18:30.634Z] > git config --get commit.template [3ms]
[2022-03-17T00:18:35.805Z] > git symbolic-ref --short HEAD [3ms]
[2022-03-17T00:18:35.834Z] > git for-each-ref --format=%(refname)%00%(upstream:short)%00%(objectname)%00%(upstream:track) refs/heads/main refs/remotes/main [11ms]
[2022-03-17T00:18:35.877Z] > git for-each-ref --sort -committerdate --format %(refname) %(objectname) %(*objectname) [24ms]
[2022-03-17T00:18:35.880Z] > git remote --verbose [6ms]
[2022-03-17T00:18:35.913Z] > git config --get commit.template [6ms]
[2022-03-17T00:18:41.099Z] > git symbolic-ref --short HEAD [3ms]
[2022-03-17T00:18:41.120Z] > git for-each-ref --format=%(refname)%00%(upstream:short)%00%(objectname)%00%(upstream:track) refs/heads/main refs/remotes/main [5ms]
[2022-03-17T00:18:41.154Z] > git for-each-ref --sort -committerdate --format %(refname) %(objectname) %(*objectname) [18ms]
[2022-03-17T00:18:41.155Z] > git remote --verbose [3ms]
[2022-03-17T00:18:41.183Z] > git config --get commit.template [3ms]
[2022-03-17T00:18:46.416Z] > git symbolic-ref --short HEAD [10ms]
[2022-03-17T00:18:46.444Z] > git for-each-ref --format=%(refname)%00%(upstream:short)%00%(objectname)%00%(upstream:track) refs/heads/main refs/remotes/main [7ms]
[2022-03-17T00:18:46.479Z] > git for-each-ref --sort -committerdate --format %(refname) %(objectname) %(*objectname) [19ms]
[2022-03-17T00:18:46.481Z] > git remote --verbose [4ms]
[2022-03-17T00:18:46.505Z] > git config --get commit.template [3ms]
[2022-03-17T00:18:51.748Z] > git symbolic-ref --short HEAD [3ms]
[2022-03-17T00:18:51.769Z] > git for-each-ref --format=%(refname)%00%(upstream:short)%00%(objectname)%00%(upstream:track) refs/heads/main refs/remotes/main [4ms]
[2022-03-17T00:18:51.805Z] > git for-each-ref --sort -committerdate --format %(refname) %(objectname) %(*objectname) [19ms]
[2022-03-17T00:18:51.806Z] > git remote --verbose [4ms]
[2022-03-17T00:18:51.833Z] > git config --get commit.template [4ms]
[2022-03-17T00:18:58.851Z] > git symbolic-ref --short HEAD [4ms]
[2022-03-17T00:18:58.878Z] > git for-each-ref --format=%(refname)%00%(upstream:short)%00%(objectname)%00%(upstream:track) refs/heads/main refs/remotes/main [4ms]
[2022-03-17T00:18:59.130Z] > git for-each-ref --sort -committerdate --format %(refname) %(objectname) %(*objectname) [234ms]
[2022-03-17T00:18:59.133Z] > git remote --verbose [219ms]
[2022-03-17T00:18:59.165Z] > git config --get commit.template [8ms]
[2022-03-17T00:19:04.407Z] > git symbolic-ref --short HEAD [6ms]
[2022-03-17T00:19:04.434Z] > git for-each-ref --format=%(refname)%00%(upstream:short)%00%(objectname)%00%(upstream:track) refs/heads/main refs/remotes/main [5ms]
[2022-03-17T00:19:04.477Z] > git for-each-ref --sort -committerdate --format %(refname) %(objectname) %(*objectname) [23ms]
[2022-03-17T00:19:04.495Z] > git remote --verbose [21ms]
[2022-03-17T00:19:04.540Z] > git config --get commit.template [9ms]
[2022-03-17T00:19:09.727Z] > git symbolic-ref --short HEAD [7ms]
[2022-03-17T00:19:09.770Z] > git for-each-ref --format=%(refname)%00%(upstream:short)%00%(objectname)%00%(upstream:track) refs/heads/main refs/remotes/main [10ms]
[2022-03-17T00:19:09.816Z] > git for-each-ref --sort -committerdate --format %(refname) %(objectname) %(*objectname) [20ms]
[2022-03-17T00:19:09.817Z] > git remote --verbose [3ms]
[2022-03-17T00:19:09.842Z] > git config --get commit.template [3ms]
[2022-03-17T00:19:15.087Z] > git symbolic-ref --short HEAD [3ms]
[2022-03-17T00:19:15.109Z] > git for-each-ref --format=%(refname)%00%(upstream:short)%00%(objectname)%00%(upstream:track) refs/heads/main refs/remotes/main [4ms]
[2022-03-17T00:19:15.146Z] > git for-each-ref --sort -committerdate --format %(refname) %(objectname) %(*objectname) [20ms]
[2022-03-17T00:19:15.147Z] > git remote --verbose [3ms]
[2022-03-17T00:19:15.171Z] > git config --get commit.template [3ms]
[2022-03-17T00:19:20.417Z] > git symbolic-ref --short HEAD [3ms]
[2022-03-17T00:19:20.438Z] > git for-each-ref --format=%(refname)%00%(upstream:short)%00%(objectname)%00%(upstream:track) refs/heads/main refs/remotes/main [4ms]
[2022-03-17T00:19:20.475Z] > git for-each-ref --sort -committerdate --format %(refname) %(objectname) %(*objectname) [20ms]
[2022-03-17T00:19:20.476Z] > git remote --verbose [3ms]
[2022-03-17T00:19:20.508Z] > git config --get commit.template [10ms]
[2022-03-17T00:19:25.724Z] > git symbolic-ref --short HEAD [3ms]
[2022-03-17T00:19:25.746Z] > git for-each-ref --format=%(refname)%00%(upstream:short)%00%(objectname)%00%(upstream:track) refs/heads/main refs/remotes/main [5ms]
[2022-03-17T00:19:25.782Z] > git for-each-ref --sort -committerdate --format %(refname) %(objectname) %(*objectname) [19ms]
[2022-03-17T00:19:25.784Z] > git remote --verbose [4ms]
[2022-03-17T00:19:25.811Z] > git config --get commit.template [5ms]
[2022-03-17T00:19:31.047Z] > git symbolic-ref --short HEAD [3ms]
[2022-03-17T00:19:31.070Z] > git for-each-ref --format=%(refname)%00%(upstream:short)%00%(objectname)%00%(upstream:track) refs/heads/main refs/remotes/main [5ms]
[2022-03-17T00:19:31.107Z] > git for-each-ref --sort -committerdate --format %(refname) %(objectname) %(*objectname) [20ms]
[2022-03-17T00:19:31.108Z] > git remote --verbose [3ms]
[2022-03-17T00:19:31.134Z] > git config --get commit.template [4ms]
[2022-03-17T00:19:36.366Z] > git symbolic-ref --short HEAD [4ms]
[2022-03-17T00:19:36.388Z] > git for-each-ref --format=%(refname)%00%(upstream:short)%00%(objectname)%00%(upstream:track) refs/heads/main refs/remotes/main [5ms]
[2022-03-17T00:19:36.425Z] > git for-each-ref --sort -committerdate --format %(refname) %(objectname) %(*objectname) [20ms]
[2022-03-17T00:19:36.427Z] > git remote --verbose [4ms]
[2022-03-17T00:19:36.452Z] > git config --get commit.template [3ms]
[2022-03-17T00:19:41.669Z] > git symbolic-ref --short HEAD [3ms]
[2022-03-17T00:19:41.691Z] > git for-each-ref --format=%(refname)%00%(upstream:short)%00%(objectname)%00%(upstream:track) refs/heads/main refs/remotes/main [4ms]
[2022-03-17T00:19:41.728Z] > git for-each-ref --sort -committerdate --format %(refname) %(objectname) %(*objectname) [20ms]
[2022-03-17T00:19:41.729Z] > git remote --verbose [3ms]
[2022-03-17T00:19:41.754Z] > git config --get commit.template [3ms]
[2022-03-17T00:19:45.173Z] > git fetch [813ms]
[2022-03-17T00:19:45.353Z] > git symbolic-ref --short HEAD [3ms]
[2022-03-17T00:19:45.375Z] > git for-each-ref --format=%(refname)%00%(upstream:short)%00%(objectname)%00%(upstream:track) refs/heads/main refs/remotes/main [4ms]
[2022-03-17T00:19:45.437Z] > git for-each-ref --sort -committerdate --format %(refname) %(objectname) %(*objectname) [41ms]
[2022-03-17T00:19:45.439Z] > git remote --verbose [10ms]
[2022-03-17T00:19:45.484Z] > git config --get commit.template [7ms]
[2022-03-17T00:19:46.457Z] > git ls-files --stage -- /home/pi/workspace/zero/Distance_Sensor.py [28ms]
[2022-03-17T00:19:46.929Z] > git symbolic-ref --short HEAD [3ms]
[2022-03-17T00:19:46.953Z] > git for-each-ref --format=%(refname)%00%(upstream:short)%00%(objectname)%00%(upstream:track) refs/heads/main refs/remotes/main [7ms]
[2022-03-17T00:19:46.989Z] > git for-each-ref --sort -committerdate --format %(refname) %(objectname) %(*objectname) [19ms]
[2022-03-17T00:19:46.991Z] > git remote --verbose [4ms]
[2022-03-17T00:19:47.016Z] > git config --get commit.template [4ms]
[2022-03-17T00:19:52.185Z] > git symbolic-ref --short HEAD [3ms]
[2022-03-17T00:19:52.208Z] > git for-each-ref --format=%(refname)%00%(upstream:short)%00%(objectname)%00%(upstream:track) refs/heads/main refs/remotes/main [4ms]
[2022-03-17T00:19:52.245Z] > git for-each-ref --sort -committerdate --format %(refname) %(objectname) %(*objectname) [20ms]
[2022-03-17T00:19:52.248Z] > git remote --verbose [6ms]
[2022-03-17T00:19:52.272Z] > git config --get commit.template [3ms]
[2022-03-17T00:19:57.504Z] > git symbolic-ref --short HEAD [5ms]
[2022-03-17T00:19:57.527Z] > git for-each-ref --format=%(refname)%00%(upstream:short)%00%(objectname)%00%(upstream:track) refs/heads/main refs/remotes/main [5ms]
[2022-03-17T00:19:57.563Z] > git for-each-ref --sort -committerdate --format %(refname) %(objectname) %(*objectname) [19ms]
[2022-03-17T00:19:57.564Z] > git remote --verbose [3ms]
[2022-03-17T00:19:57.589Z] > git config --get commit.template [3ms]
[2022-03-17T00:20:02.833Z] > git symbolic-ref --short HEAD [4ms]
[2022-03-17T00:20:02.855Z] > git for-each-ref --format=%(refname)%00%(upstream:short)%00%(objectname)%00%(upstream:track) refs/heads/main refs/remotes/main [4ms]
[2022-03-17T00:20:02.892Z] > git for-each-ref --sort -committerdate --format %(refname) %(objectname) %(*objectname) [20ms]
[2022-03-17T00:20:02.893Z] > git remote --verbose [4ms]
[2022-03-17T00:20:02.918Z] > git config --get commit.template [3ms]
[2022-03-17T00:20:08.105Z] > git symbolic-ref --short HEAD [3ms]
[2022-03-17T00:20:08.126Z] > git for-each-ref --format=%(refname)%00%(upstream:short)%00%(objectname)%00%(upstream:track) refs/heads/main refs/remotes/main [4ms]
[2022-03-17T00:20:08.163Z] > git for-each-ref --sort -committerdate --format %(refname) %(objectname) %(*objectname) [19ms]
[2022-03-17T00:20:08.164Z] > git remote --verbose [3ms]
[2022-03-17T00:20:08.190Z] > git config --get commit.template [4ms]
[2022-03-17T00:20:13.425Z] > git symbolic-ref --short HEAD [3ms]
[2022-03-17T00:20:13.449Z] > git for-each-ref --format=%(refname)%00%(upstream:short)%00%(objectname)%00%(upstream:track) refs/heads/main refs/remotes/main [4ms]
[2022-03-17T00:20:13.486Z] > git for-each-ref --sort -committerdate --format %(refname) %(objectname) %(*objectname) [20ms]
[2022-03-17T00:20:13.488Z] > git remote --verbose [4ms]
[2022-03-17T00:20:13.512Z] > git config --get commit.template [3ms]
[2022-03-17T00:20:18.753Z] > git symbolic-ref --short HEAD [3ms]
[2022-03-17T00:20:18.774Z] > git for-each-ref --format=%(refname)%00%(upstream:short)%00%(objectname)%00%(upstream:track) refs/heads/main refs/remotes/main [4ms]
[2022-03-17T00:20:18.812Z] > git for-each-ref --sort -committerdate --format %(refname) %(objectname) %(*objectname) [21ms]
[2022-03-17T00:20:18.813Z] > git remote --verbose [4ms]
[2022-03-17T00:20:18.839Z] > git config --get commit.template [4ms]
[2022-03-17T00:20:24.080Z] > git symbolic-ref --short HEAD [3ms]
[2022-03-17T00:20:24.103Z] > git for-each-ref --format=%(refname)%00%(upstream:short)%00%(objectname)%00%(upstream:track) refs/heads/main refs/remotes/main [4ms]
[2022-03-17T00:20:24.140Z] > git for-each-ref --sort -committerdate --format %(refname) %(objectname) %(*objectname) [20ms]
[2022-03-17T00:20:24.141Z] > git remote --verbose [4ms]
[2022-03-17T00:20:24.166Z] > git config --get commit.template [3ms]
[2022-03-17T00:20:29.378Z] > git symbolic-ref --short HEAD [3ms]
[2022-03-17T00:20:29.400Z] > git for-each-ref --format=%(refname)%00%(upstream:short)%00%(objectname)%00%(upstream:track) refs/heads/main refs/remotes/main [5ms]
[2022-03-17T00:20:29.437Z] > git for-each-ref --sort -committerdate --format %(refname) %(objectname) %(*objectname) [19ms]
[2022-03-17T00:20:29.438Z] > git remote --verbose [4ms]
[2022-03-17T00:20:29.462Z] > git config --get commit.template [3ms]
[2022-03-17T00:20:34.710Z] > git symbolic-ref --short HEAD [3ms]
[2022-03-17T00:20:34.734Z] > git for-each-ref --format=%(refname)%00%(upstream:short)%00%(objectname)%00%(upstream:track) refs/heads/main refs/remotes/main [5ms]
[2022-03-17T00:20:34.773Z] > git for-each-ref --sort -committerdate --format %(refname) %(objectname) %(*objectname) [19ms]
[2022-03-17T00:20:34.774Z] > git remote --verbose [3ms]
[2022-03-17T00:20:34.799Z] > git config --get commit.template [3ms]
[2022-03-17T00:20:40.023Z] > git symbolic-ref --short HEAD [3ms]
[2022-03-17T00:20:40.045Z] > git for-each-ref --format=%(refname)%00%(upstream:short)%00%(objectname)%00%(upstream:track) refs/heads/main refs/remotes/main [4ms]
[2022-03-17T00:20:40.082Z] > git for-each-ref --sort -committerdate --format %(refname) %(objectname) %(*objectname) [20ms]
[2022-03-17T00:20:40.083Z] > git remote --verbose [4ms]
[2022-03-17T00:20:40.108Z] > git config --get commit.template [2ms]
[2022-03-17T00:20:45.344Z] > git symbolic-ref --short HEAD [4ms]
[2022-03-17T00:20:45.367Z] > git for-each-ref --format=%(refname)%00%(upstream:short)%00%(objectname)%00%(upstream:track) refs/heads/main refs/remotes/main [4ms]
[2022-03-17T00:20:45.404Z] > git for-each-ref --sort -committerdate --format %(refname) %(objectname) %(*objectname) [20ms]
[2022-03-17T00:20:45.405Z] > git remote --verbose [3ms]
[2022-03-17T00:20:45.431Z] > git config --get commit.template [4ms]
[2022-03-17T00:20:50.673Z] > git symbolic-ref --short HEAD [5ms]
[2022-03-17T00:20:50.693Z] > git for-each-ref --format=%(refname)%00%(upstream:short)%00%(objectname)%00%(upstream:track) refs/heads/main refs/remotes/main [4ms]
[2022-03-17T00:20:50.726Z] > git for-each-ref --sort -committerdate --format %(refname) %(objectname) %(*objectname) [18ms]
[2022-03-17T00:20:50.727Z] > git remote --verbose [4ms]
[2022-03-17T00:20:50.751Z] > git config --get commit.template [3ms]
[2022-03-17T00:20:55.982Z] > git symbolic-ref --short HEAD [4ms]
[2022-03-17T00:20:56.002Z] > git for-each-ref --format=%(refname)%00%(upstream:short)%00%(objectname)%00%(upstream:track) refs/heads/main refs/remotes/main [5ms]
[2022-03-17T00:20:56.035Z] > git for-each-ref --sort -committerdate --format %(refname) %(objectname) %(*objectname) [18ms]
[2022-03-17T00:20:56.037Z] > git remote --verbose [5ms]
[2022-03-17T00:20:56.060Z] > git config --get commit.template [3ms]
[2022-03-17T00:21:01.274Z] > git symbolic-ref --short HEAD [4ms]
[2022-03-17T00:21:01.293Z] > git for-each-ref --format=%(refname)%00%(upstream:short)%00%(objectname)%00%(upstream:track) refs/heads/main refs/remotes/main [4ms]
[2022-03-17T00:21:01.327Z] > git for-each-ref --sort -committerdate --format %(refname) %(objectname) %(*objectname) [19ms]
[2022-03-17T00:21:01.328Z] > git remote --verbose [4ms]
[2022-03-17T00:21:01.352Z] > git config --get commit.template [4ms]
[2022-03-17T00:21:06.589Z] > git symbolic-ref --short HEAD [3ms]
[2022-03-17T00:21:06.609Z] > git for-each-ref --format=%(refname)%00%(upstream:short)%00%(objectname)%00%(upstream:track) refs/heads/main refs/remotes/main [4ms]
[2022-03-17T00:21:06.642Z] > git for-each-ref --sort -committerdate --format %(refname) %(objectname) %(*objectname) [18ms]
[2022-03-17T00:21:06.643Z] > git remote --verbose [3ms]
[2022-03-17T00:21:06.667Z] > git config --get commit.template [3ms]
[2022-03-17T00:21:11.891Z] > git symbolic-ref --short HEAD [5ms]
[2022-03-17T00:21:11.912Z] > git for-each-ref --format=%(refname)%00%(upstream:short)%00%(objectname)%00%(upstream:track) refs/heads/main refs/remotes/main [5ms]
[2022-03-17T00:21:11.950Z] > git for-each-ref --sort -committerdate --format %(refname) %(objectname) %(*objectname) [19ms]
[2022-03-17T00:21:11.951Z] > git remote --verbose [4ms]
[2022-03-17T00:21:11.975Z] > git config --get commit.template [3ms]
[2022-03-17T00:21:17.188Z] > git symbolic-ref --short HEAD [4ms]
[2022-03-17T00:21:17.207Z] > git for-each-ref --format=%(refname)%00%(upstream:short)%00%(objectname)%00%(upstream:track) refs/heads/main refs/remotes/main [4ms]
[2022-03-17T00:21:17.240Z] > git for-each-ref --sort -committerdate --format %(refname) %(objectname) %(*objectname) [18ms]
[2022-03-17T00:21:17.241Z] > git remote --verbose [4ms]
[2022-03-17T00:21:17.267Z] > git config --get commit.template [3ms]
[2022-03-17T00:21:22.501Z] > git symbolic-ref --short HEAD [4ms]
[2022-03-17T00:21:22.521Z] > git for-each-ref --format=%(refname)%00%(upstream:short)%00%(objectname)%00%(upstream:track) refs/heads/main refs/remotes/main [4ms]
[2022-03-17T00:21:22.554Z] > git for-each-ref --sort -committerdate --format %(refname) %(objectname) %(*objectname) [18ms]
[2022-03-17T00:21:22.555Z] > git remote --verbose [4ms]
[2022-03-17T00:21:22.578Z] > git config --get commit.template [3ms]
[2022-03-17T00:21:27.744Z] > git symbolic-ref --short HEAD [3ms]
[2022-03-17T00:21:27.765Z] > git for-each-ref --format=%(refname)%00%(upstream:short)%00%(objectname)%00%(upstream:track) refs/heads/main refs/remotes/main [5ms]
[2022-03-17T00:21:27.799Z] > git for-each-ref --sort -committerdate --format %(refname) %(objectname) %(*objectname) [18ms]
[2022-03-17T00:21:27.800Z] > git remote --verbose [3ms]
[2022-03-17T00:21:27.842Z] > git config --get commit.template [14ms]
[2022-03-17T00:21:33.084Z] > git symbolic-ref --short HEAD [4ms]
[2022-03-17T00:21:33.105Z] > git for-each-ref --format=%(refname)%00%(upstream:short)%00%(objectname)%00%(upstream:track) refs/heads/main refs/remotes/main [6ms]
[2022-03-17T00:21:33.137Z] > git for-each-ref --sort -committerdate --format %(refname) %(objectname) %(*objectname) [17ms]
[2022-03-17T00:21:33.139Z] > git remote --verbose [4ms]
[2022-03-17T00:21:33.161Z] > git config --get commit.template [3ms]
[2022-03-17T00:21:38.347Z] > git symbolic-ref --short HEAD [8ms]
[2022-03-17T00:21:38.387Z] > git for-each-ref --format=%(refname)%00%(upstream:short)%00%(objectname)%00%(upstream:track) refs/heads/main refs/remotes/main [13ms]
[2022-03-17T00:21:38.429Z] > git for-each-ref --sort -committerdate --format %(refname) %(objectname) %(*objectname) [22ms]
[2022-03-17T00:21:38.431Z] > git remote --verbose [6ms]
[2022-03-17T00:21:38.456Z] > git config --get commit.template [4ms]
[2022-03-17T00:21:43.683Z] > git symbolic-ref --short HEAD [4ms]
[2022-03-17T00:21:43.707Z] > git for-each-ref --format=%(refname)%00%(upstream:short)%00%(objectname)%00%(upstream:track) refs/heads/main refs/remotes/main [7ms]
[2022-03-17T00:21:43.739Z] > git for-each-ref --sort -committerdate --format %(refname) %(objectname) %(*objectname) [17ms]
[2022-03-17T00:21:43.741Z] > git remote --verbose [4ms]
[2022-03-17T00:21:43.764Z] > git config --get commit.template [3ms]
[2022-03-17T00:21:49.002Z] > git symbolic-ref --short HEAD [3ms]
[2022-03-17T00:21:49.022Z] > git for-each-ref --format=%(refname)%00%(upstream:short)%00%(objectname)%00%(upstream:track) refs/heads/main refs/remotes/main [4ms]
[2022-03-17T00:21:49.056Z] > git for-each-ref --sort -committerdate --format %(refname) %(objectname) %(*objectname) [19ms]
[2022-03-17T00:21:49.057Z] > git remote --verbose [4ms]
[2022-03-17T00:21:49.082Z] > git config --get commit.template [3ms]
[2022-03-17T00:21:54.311Z] > git symbolic-ref --short HEAD [4ms]
[2022-03-17T00:21:54.330Z] > git for-each-ref --format=%(refname)%00%(upstream:short)%00%(objectname)%00%(upstream:track) refs/heads/main refs/remotes/main [5ms]
[2022-03-17T00:21:54.361Z] > git for-each-ref --sort -committerdate --format %(refname) %(objectname) %(*objectname) [16ms]
[2022-03-17T00:21:54.363Z] > git remote --verbose [4ms]
[2022-03-17T00:21:54.386Z] > git config --get commit.template [4ms]
[2022-03-17T00:21:59.628Z] > git symbolic-ref --short HEAD [7ms]
[2022-03-17T00:21:59.649Z] > git for-each-ref --format=%(refname)%00%(upstream:short)%00%(objectname)%00%(upstream:track) refs/heads/main refs/remotes/main [5ms]
[2022-03-17T00:21:59.681Z] > git for-each-ref --sort -committerdate --format %(refname) %(objectname) %(*objectname) [17ms]
[2022-03-17T00:21:59.682Z] > git remote --verbose [3ms]
[2022-03-17T00:21:59.707Z] > git config --get commit.template [3ms]
[2022-03-17T00:22:04.952Z] > git symbolic-ref --short HEAD [3ms]
[2022-03-17T00:22:04.973Z] > git for-each-ref --format=%(refname)%00%(upstream:short)%00%(objectname)%00%(upstream:track) refs/heads/main refs/remotes/main [6ms]
[2022-03-17T00:22:05.007Z] > git for-each-ref --sort -committerdate --format %(refname) %(objectname) %(*objectname) [20ms]
[2022-03-17T00:22:05.008Z] > git remote --verbose [3ms]
[2022-03-17T00:22:05.031Z] > git config --get commit.template [3ms]
[2022-03-17T00:22:10.263Z] > git symbolic-ref --short HEAD [3ms]
[2022-03-17T00:22:10.283Z] > git for-each-ref --format=%(refname)%00%(upstream:short)%00%(objectname)%00%(upstream:track) refs/heads/main refs/remotes/main [5ms]
[2022-03-17T00:22:10.315Z] > git for-each-ref --sort -committerdate --format %(refname) %(objectname) %(*objectname) [17ms]
[2022-03-17T00:22:10.316Z] > git remote --verbose [3ms]
[2022-03-17T00:22:10.340Z] > git config --get commit.template [4ms]
[2022-03-17T00:22:15.505Z] > git symbolic-ref --short HEAD [3ms]
[2022-03-17T00:22:15.524Z] > git for-each-ref --format=%(refname)%00%(upstream:short)%00%(objectname)%00%(upstream:track) refs/heads/main refs/remotes/main [4ms]
[2022-03-17T00:22:15.557Z] > git for-each-ref --sort -committerdate --format %(refname) %(objectname) %(*objectname) [17ms]
[2022-03-17T00:22:15.558Z] > git remote --verbose [3ms]
[2022-03-17T00:22:15.582Z] > git config --get commit.template [3ms]
[2022-03-17T00:22:20.747Z] > git symbolic-ref --short HEAD [3ms]
[2022-03-17T00:22:20.766Z] > git for-each-ref --format=%(refname)%00%(upstream:short)%00%(objectname)%00%(upstream:track) refs/heads/main refs/remotes/main [4ms]
[2022-03-17T00:22:20.798Z] > git for-each-ref --sort -committerdate --format %(refname) %(objectname) %(*objectname) [17ms]
[2022-03-17T00:22:20.799Z] > git remote --verbose [3ms]
[2022-03-17T00:22:20.822Z] > git config --get commit.template [4ms]
[2022-03-17T00:22:26.070Z] > git symbolic-ref --short HEAD [4ms]
[2022-03-17T00:22:26.093Z] > git for-each-ref --format=%(refname)%00%(upstream:short)%00%(objectname)%00%(upstream:track) refs/heads/main refs/remotes/main [6ms]
[2022-03-17T00:22:26.127Z] > git for-each-ref --sort -committerdate --format %(refname) %(objectname) %(*objectname) [18ms]
[2022-03-17T00:22:26.128Z] > git remote --verbose [4ms]
[2022-03-17T00:22:26.153Z] > git config --get commit.template [3ms]
[2022-03-17T00:22:31.315Z] > git symbolic-ref --short HEAD [3ms]
[2022-03-17T00:22:31.335Z] > git for-each-ref --format=%(refname)%00%(upstream:short)%00%(objectname)%00%(upstream:track) refs/heads/main refs/remotes/main [4ms]
[2022-03-17T00:22:31.368Z] > git for-each-ref --sort -committerdate --format %(refname) %(objectname) %(*objectname) [18ms]
[2022-03-17T00:22:31.369Z] > git remote --verbose [4ms]
[2022-03-17T00:22:31.391Z] > git config --get commit.template [3ms]
[2022-03-17T00:22:36.557Z] > git symbolic-ref --short HEAD [4ms]
[2022-03-17T00:22:36.577Z] > git for-each-ref --format=%(refname)%00%(upstream:short)%00%(objectname)%00%(upstream:track) refs/heads/main refs/remotes/main [5ms]
[2022-03-17T00:22:36.611Z] > git for-each-ref --sort -committerdate --format %(refname) %(objectname) %(*objectname) [18ms]
[2022-03-17T00:22:36.612Z] > git remote --verbose [4ms]
[2022-03-17T00:22:36.636Z] > git config --get commit.template [3ms]
[2022-03-17T00:22:41.863Z] > git symbolic-ref --short HEAD [4ms]
[2022-03-17T00:22:41.882Z] > git for-each-ref --format=%(refname)%00%(upstream:short)%00%(objectname)%00%(upstream:track) refs/heads/main refs/remotes/main [4ms]
[2022-03-17T00:22:41.917Z] > git for-each-ref --sort -committerdate --format %(refname) %(objectname) %(*objectname) [18ms]
[2022-03-17T00:22:41.918Z] > git remote --verbose [4ms]
[2022-03-17T00:22:41.947Z] > git config --get commit.template [9ms]
[2022-03-17T00:22:46.199Z] > git fetch [672ms]
[2022-03-17T00:22:46.368Z] > git symbolic-ref --short HEAD [6ms]
[2022-03-17T00:22:46.408Z] > git for-each-ref --format=%(refname)%00%(upstream:short)%00%(objectname)%00%(upstream:track) refs/heads/main refs/remotes/main [9ms]
[2022-03-17T00:22:46.468Z] > git for-each-ref --sort -committerdate --format %(refname) %(objectname) %(*objectname) [30ms]
[2022-03-17T00:22:46.469Z] > git remote --verbose [3ms]
[2022-03-17T00:22:46.493Z] > git config --get commit.template [3ms]
[2022-03-17T00:22:47.112Z] > git symbolic-ref --short HEAD [3ms]
[2022-03-17T00:22:47.133Z] > git for-each-ref --format=%(refname)%00%(upstream:short)%00%(objectname)%00%(upstream:track) refs/heads/main refs/remotes/main [5ms]
[2022-03-17T00:22:47.166Z] > git for-each-ref --sort -committerdate --format %(refname) %(objectname) %(*objectname) [18ms]
[2022-03-17T00:22:47.169Z] > git remote --verbose [5ms]
[2022-03-17T00:22:47.215Z] > git config --get commit.template [7ms]
[2022-03-17T00:22:47.462Z] > git ls-files --stage -- /home/pi/workspace/zero/Distance_Sensor.py [24ms]
[2022-03-17T00:22:52.430Z] > git symbolic-ref --short HEAD [4ms]
[2022-03-17T00:22:52.449Z] > git for-each-ref --format=%(refname)%00%(upstream:short)%00%(objectname)%00%(upstream:track) refs/heads/main refs/remotes/main [4ms]
[2022-03-17T00:22:52.483Z] > git for-each-ref --sort -committerdate --format %(refname) %(objectname) %(*objectname) [18ms]
[2022-03-17T00:22:52.484Z] > git remote --verbose [4ms]
[2022-03-17T00:22:52.508Z] > git config --get commit.template [3ms]
[2022-03-17T00:22:57.739Z] > git symbolic-ref --short HEAD [4ms]
[2022-03-17T00:22:57.761Z] > git for-each-ref --format=%(refname)%00%(upstream:short)%00%(objectname)%00%(upstream:track) refs/heads/main refs/remotes/main [5ms]
[2022-03-17T00:22:57.793Z] > git for-each-ref --sort -committerdate --format %(refname) %(objectname) %(*objectname) [17ms]
[2022-03-17T00:22:57.795Z] > git remote --verbose [4ms]
[2022-03-17T00:22:57.817Z] > git config --get commit.template [3ms]
[2022-03-17T00:23:03.061Z] > git symbolic-ref --short HEAD [4ms]
[2022-03-17T00:23:03.082Z] > git for-each-ref --format=%(refname)%00%(upstream:short)%00%(objectname)%00%(upstream:track) refs/heads/main refs/remotes/main [5ms]
[2022-03-17T00:23:03.115Z] > git for-each-ref --sort -committerdate --format %(refname) %(objectname) %(*objectname) [17ms]
[2022-03-17T00:23:03.116Z] > git remote --verbose [4ms]
[2022-03-17T00:23:03.139Z] > git config --get commit.template [3ms]
[2022-03-17T00:23:08.303Z] > git symbolic-ref --short HEAD [4ms]
[2022-03-17T00:23:08.323Z] > git for-each-ref --format=%(refname)%00%(upstream:short)%00%(objectname)%00%(upstream:track) refs/heads/main refs/remotes/main [5ms]
[2022-03-17T00:23:08.357Z] > git for-each-ref --sort -committerdate --format %(refname) %(objectname) %(*objectname) [18ms]
[2022-03-17T00:23:08.359Z] > git remote --verbose [4ms]
[2022-03-17T00:23:08.382Z] > git config --get commit.template [4ms]
[2022-03-17T00:23:13.625Z] > git symbolic-ref --short HEAD [3ms]
[2022-03-17T00:23:13.645Z] > git for-each-ref --format=%(refname)%00%(upstream:short)%00%(objectname)%00%(upstream:track) refs/heads/main refs/remotes/main [4ms]
[2022-03-17T00:23:13.678Z] > git for-each-ref --sort -committerdate --format %(refname) %(objectname) %(*objectname) [18ms]
[2022-03-17T00:23:13.679Z] > git remote --verbose [3ms]
[2022-03-17T00:23:13.712Z] > git config --get commit.template [3ms]
[2022-03-17T00:23:18.940Z] > git symbolic-ref --short HEAD [4ms]
[2022-03-17T00:23:18.960Z] > git for-each-ref --format=%(refname)%00%(upstream:short)%00%(objectname)%00%(upstream:track) refs/heads/main refs/remotes/main [4ms]
[2022-03-17T00:23:18.994Z] > git for-each-ref --sort -committerdate --format %(refname) %(objectname) %(*objectname) [18ms]
[2022-03-17T00:23:18.995Z] > git remote --verbose [4ms]
[2022-03-17T00:23:19.018Z] > git config --get commit.template [3ms]
[2022-03-17T00:23:24.261Z] > git symbolic-ref --short HEAD [4ms]
[2022-03-17T00:23:24.282Z] > git for-each-ref --format=%(refname)%00%(upstream:short)%00%(objectname)%00%(upstream:track) refs/heads/main refs/remotes/main [6ms]
[2022-03-17T00:23:24.315Z] > git for-each-ref --sort -committerdate --format %(refname) %(objectname) %(*objectname) [18ms]
[2022-03-17T00:23:24.319Z] > git remote --verbose [6ms]
[2022-03-17T00:23:24.342Z] > git config --get commit.template [3ms]
[2022-03-17T00:23:29.588Z] > git symbolic-ref --short HEAD [3ms]
[2022-03-17T00:23:29.609Z] > git for-each-ref --format=%(refname)%00%(upstream:short)%00%(objectname)%00%(upstream:track) refs/heads/main refs/remotes/main [4ms]
[2022-03-17T00:23:29.644Z] > git for-each-ref --sort -committerdate --format %(refname) %(objectname) %(*objectname) [19ms]
[2022-03-17T00:23:29.645Z] > git remote --verbose [3ms]
[2022-03-17T00:23:29.668Z] > git config --get commit.template [3ms]
[2022-03-17T00:23:34.888Z] > git symbolic-ref --short HEAD [3ms]
[2022-03-17T00:23:34.909Z] > git for-each-ref --format=%(refname)%00%(upstream:short)%00%(objectname)%00%(upstream:track) refs/heads/main refs/remotes/main [5ms]
[2022-03-17T00:23:34.941Z] > git for-each-ref --sort -committerdate --format %(refname) %(objectname) %(*objectname) [17ms]
[2022-03-17T00:23:34.943Z] > git remote --verbose [4ms]
[2022-03-17T00:23:34.968Z] > git config --get commit.template [4ms]
[2022-03-17T00:23:40.204Z] > git symbolic-ref --short HEAD [6ms]
[2022-03-17T00:23:40.224Z] > git for-each-ref --format=%(refname)%00%(upstream:short)%00%(objectname)%00%(upstream:track) refs/heads/main refs/remotes/main [4ms]
[2022-03-17T00:23:40.258Z] > git for-each-ref --sort -committerdate --format %(refname) %(objectname) %(*objectname) [18ms]
[2022-03-17T00:23:40.261Z] > git remote --verbose [6ms]
[2022-03-17T00:23:40.290Z] > git config --get commit.template [3ms]
[2022-03-17T00:23:45.527Z] > git symbolic-ref --short HEAD [3ms]
[2022-03-17T00:23:45.547Z] > git for-each-ref --format=%(refname)%00%(upstream:short)%00%(objectname)%00%(upstream:track) refs/heads/main refs/remotes/main [4ms]
[2022-03-17T00:23:45.585Z] > git for-each-ref --sort -committerdate --format %(refname) %(objectname) %(*objectname) [23ms]
[2022-03-17T00:23:45.586Z] > git remote --verbose [3ms]
[2022-03-17T00:23:45.609Z] > git config --get commit.template [4ms]
[2022-03-17T00:23:50.871Z] > git symbolic-ref --short HEAD [4ms]
[2022-03-17T00:23:50.890Z] > git for-each-ref --format=%(refname)%00%(upstream:short)%00%(objectname)%00%(upstream:track) refs/heads/main refs/remotes/main [4ms]
[2022-03-17T00:23:50.923Z] > git for-each-ref --sort -committerdate --format %(refname) %(objectname) %(*objectname) [18ms]
[2022-03-17T00:23:50.924Z] > git remote --verbose [3ms]
[2022-03-17T00:23:50.946Z] > git config --get commit.template [3ms]
[2022-03-17T00:23:56.171Z] > git symbolic-ref --short HEAD [4ms]
[2022-03-17T00:23:56.191Z] > git for-each-ref --format=%(refname)%00%(upstream:short)%00%(objectname)%00%(upstream:track) refs/heads/main refs/remotes/main [4ms]
[2022-03-17T00:23:56.224Z] > git for-each-ref --sort -committerdate --format %(refname) %(objectname) %(*objectname) [18ms]
[2022-03-17T00:23:56.232Z] > git remote --verbose [10ms]
[2022-03-17T00:23:56.257Z] > git config --get commit.template [2ms]
[2022-03-17T00:24:01.467Z] > git symbolic-ref --short HEAD [3ms]
[2022-03-17T00:24:01.486Z] > git for-each-ref --format=%(refname)%00%(upstream:short)%00%(objectname)%00%(upstream:track) refs/heads/main refs/remotes/main [4ms]
[2022-03-17T00:24:01.519Z] > git for-each-ref --sort -committerdate --format %(refname) %(objectname) %(*objectname) [17ms]
[2022-03-17T00:24:01.521Z] > git remote --verbose [4ms]
[2022-03-17T00:24:01.543Z] > git config --get commit.template [3ms]
[2022-03-17T00:24:06.779Z] > git symbolic-ref --short HEAD [3ms]
[2022-03-17T00:24:06.802Z] > git for-each-ref --format=%(refname)%00%(upstream:short)%00%(objectname)%00%(upstream:track) refs/heads/main refs/remotes/main [4ms]
[2022-03-17T00:24:06.834Z] > git for-each-ref --sort -committerdate --format %(refname) %(objectname) %(*objectname) [17ms]
[2022-03-17T00:24:06.835Z] > git remote --verbose [3ms]
[2022-03-17T00:24:06.860Z] > git config --get commit.template [3ms]
[2022-03-17T00:24:12.088Z] > git symbolic-ref --short HEAD [3ms]
[2022-03-17T00:24:12.108Z] > git for-each-ref --format=%(refname)%00%(upstream:short)%00%(objectname)%00%(upstream:track) refs/heads/main refs/remotes/main [4ms]
[2022-03-17T00:24:12.140Z] > git for-each-ref --sort -committerdate --format %(refname) %(objectname) %(*objectname) [17ms]
[2022-03-17T00:24:12.142Z] > git remote --verbose [4ms]
[2022-03-17T00:24:12.164Z] > git config --get commit.template [3ms]
[2022-03-17T00:24:17.402Z] > git symbolic-ref --short HEAD [3ms]
[2022-03-17T00:24:17.422Z] > git for-each-ref --format=%(refname)%00%(upstream:short)%00%(objectname)%00%(upstream:track) refs/heads/main refs/remotes/main [4ms]
[2022-03-17T00:24:17.454Z] > git for-each-ref --sort -committerdate --format %(refname) %(objectname) %(*objectname) [17ms]
[2022-03-17T00:24:17.456Z] > git remote --verbose [4ms]
[2022-03-17T00:24:17.483Z] > git config --get commit.template [3ms]
[2022-03-17T00:24:22.720Z] > git symbolic-ref --short HEAD [3ms]
[2022-03-17T00:24:22.740Z] > git for-each-ref --format=%(refname)%00%(upstream:short)%00%(objectname)%00%(upstream:track) refs/heads/main refs/remotes/main [4ms]
[2022-03-17T00:24:22.773Z] > git for-each-ref --sort -committerdate --format %(refname) %(objectname) %(*objectname) [18ms]
[2022-03-17T00:24:22.774Z] > git remote --verbose [4ms]
[2022-03-17T00:24:22.796Z] > git config --get commit.template [3ms]
[2022-03-17T00:24:28.043Z] > git symbolic-ref --short HEAD [5ms]
[2022-03-17T00:24:28.064Z] > git for-each-ref --format=%(refname)%00%(upstream:short)%00%(objectname)%00%(upstream:track) refs/heads/main refs/remotes/main [4ms]
[2022-03-17T00:24:28.096Z] > git for-each-ref --sort -committerdate --format %(refname) %(objectname) %(*objectname) [17ms]
[2022-03-17T00:24:28.097Z] > git remote --verbose [3ms]
[2022-03-17T00:24:28.119Z] > git config --get commit.template [3ms]
[2022-03-17T00:24:33.312Z] > git symbolic-ref --short HEAD [3ms]
[2022-03-17T00:24:33.332Z] > git for-each-ref --format=%(refname)%00%(upstream:short)%00%(objectname)%00%(upstream:track) refs/heads/main refs/remotes/main [4ms]
[2022-03-17T00:24:33.364Z] > git for-each-ref --sort -committerdate --format %(refname) %(objectname) %(*objectname) [17ms]
[2022-03-17T00:24:33.366Z] > git remote --verbose [4ms]
[2022-03-17T00:24:33.390Z] > git config --get commit.template [3ms]
[2022-03-17T00:24:38.554Z] > git symbolic-ref --short HEAD [3ms]
[2022-03-17T00:24:38.574Z] > git for-each-ref --format=%(refname)%00%(upstream:short)%00%(objectname)%00%(upstream:track) refs/heads/main refs/remotes/main [4ms]
[2022-03-17T00:24:38.606Z] > git for-each-ref --sort -committerdate --format %(refname) %(objectname) %(*objectname) [17ms]
[2022-03-17T00:24:38.607Z] > git remote --verbose [3ms]
[2022-03-17T00:24:38.630Z] > git config --get commit.template [3ms]
[2022-03-17T00:24:43.812Z] > git symbolic-ref --short HEAD [6ms]
[2022-03-17T00:24:43.850Z] > git for-each-ref --format=%(refname)%00%(upstream:short)%00%(objectname)%00%(upstream:track) refs/heads/main refs/remotes/main [9ms]
[2022-03-17T00:24:43.905Z] > git for-each-ref --sort -committerdate --format %(refname) %(objectname) %(*objectname) [25ms]
[2022-03-17T00:24:43.906Z] > git remote --verbose [3ms]
[2022-03-17T00:24:43.929Z] > git config --get commit.template [4ms]
[2022-03-17T00:24:49.168Z] > git symbolic-ref --short HEAD [3ms]
[2022-03-17T00:24:49.188Z] > git for-each-ref --format=%(refname)%00%(upstream:short)%00%(objectname)%00%(upstream:track) refs/heads/main refs/remotes/main [4ms]
[2022-03-17T00:24:49.221Z] > git for-each-ref --sort -committerdate --format %(refname) %(objectname) %(*objectname) [17ms]
[2022-03-17T00:24:49.222Z] > git remote --verbose [3ms]
[2022-03-17T00:24:49.245Z] > git config --get commit.template [3ms]
[2022-03-17T00:24:54.473Z] > git symbolic-ref --short HEAD [4ms]
[2022-03-17T00:24:54.492Z] > git for-each-ref --format=%(refname)%00%(upstream:short)%00%(objectname)%00%(upstream:track) refs/heads/main refs/remotes/main [4ms]
[2022-03-17T00:24:54.527Z] > git for-each-ref --sort -committerdate --format %(refname) %(objectname) %(*objectname) [17ms]
[2022-03-17T00:24:54.528Z] > git remote --verbose [4ms]
[2022-03-17T00:24:54.550Z] > git config --get commit.template [3ms]
[2022-03-17T00:24:59.793Z] > git symbolic-ref --short HEAD [3ms]
[2022-03-17T00:24:59.813Z] > git for-each-ref --format=%(refname)%00%(upstream:short)%00%(objectname)%00%(upstream:track) refs/heads/main refs/remotes/main [4ms]
[2022-03-17T00:24:59.848Z] > git remote --verbose [1ms]
[2022-03-17T00:24:59.848Z] > git for-each-ref --sort -committerdate --format %(refname) %(objectname) %(*objectname) [20ms]
[2022-03-17T00:24:59.870Z] > git config --get commit.template [3ms]
[2022-03-17T00:25:05.102Z] > git symbolic-ref --short HEAD [4ms]
[2022-03-17T00:25:05.122Z] > git for-each-ref --format=%(refname)%00%(upstream:short)%00%(objectname)%00%(upstream:track) refs/heads/main refs/remotes/main [4ms]
[2022-03-17T00:25:05.155Z] > git for-each-ref --sort -committerdate --format %(refname) %(objectname) %(*objectname) [18ms]
[2022-03-17T00:25:05.156Z] > git remote --verbose [4ms]
[2022-03-17T00:25:05.179Z] > git config --get commit.template [3ms]
[2022-03-17T00:25:10.396Z] > git symbolic-ref --short HEAD [3ms]
[2022-03-17T00:25:10.415Z] > git for-each-ref --format=%(refname)%00%(upstream:short)%00%(objectname)%00%(upstream:track) refs/heads/main refs/remotes/main [4ms]
[2022-03-17T00:25:10.448Z] > git for-each-ref --sort -committerdate --format %(refname) %(objectname) %(*objectname) [17ms]
[2022-03-17T00:25:10.449Z] > git remote --verbose [3ms]
[2022-03-17T00:25:10.471Z] > git config --get commit.template [3ms]
[2022-03-17T00:25:15.706Z] > git symbolic-ref --short HEAD [3ms]
[2022-03-17T00:25:15.727Z] > git for-each-ref --format=%(refname)%00%(upstream:short)%00%(objectname)%00%(upstream:track) refs/heads/main refs/remotes/main [4ms]
[2022-03-17T00:25:15.761Z] > git for-each-ref --sort -committerdate --format %(refname) %(objectname) %(*objectname) [18ms]
[2022-03-17T00:25:15.763Z] > git remote --verbose [4ms]
[2022-03-17T00:25:15.786Z] > git config --get commit.template [3ms]
[2022-03-17T00:25:21.000Z] > git symbolic-ref --short HEAD [3ms]
[2022-03-17T00:25:21.020Z] > git for-each-ref --format=%(refname)%00%(upstream:short)%00%(objectname)%00%(upstream:track) refs/heads/main refs/remotes/main [4ms]
[2022-03-17T00:25:21.054Z] > git for-each-ref --sort -committerdate --format %(refname) %(objectname) %(*objectname) [17ms]
[2022-03-17T00:25:21.055Z] > git remote --verbose [3ms]
[2022-03-17T00:25:21.078Z] > git config --get commit.template [4ms]
[2022-03-17T00:25:26.321Z] > git symbolic-ref --short HEAD [4ms]
[2022-03-17T00:25:26.341Z] > git for-each-ref --format=%(refname)%00%(upstream:short)%00%(objectname)%00%(upstream:track) refs/heads/main refs/remotes/main [4ms]
[2022-03-17T00:25:26.373Z] > git for-each-ref --sort -committerdate --format %(refname) %(objectname) %(*objectname) [17ms]
[2022-03-17T00:25:26.375Z] > git remote --verbose [4ms]
[2022-03-17T00:25:26.399Z] > git config --get commit.template [3ms]
[2022-03-17T00:25:31.628Z] > git symbolic-ref --short HEAD [3ms]
[2022-03-17T00:25:31.648Z] > git for-each-ref --format=%(refname)%00%(upstream:short)%00%(objectname)%00%(upstream:track) refs/heads/main refs/remotes/main [4ms]
[2022-03-17T00:25:31.681Z] > git for-each-ref --sort -committerdate --format %(refname) %(objectname) %(*objectname) [18ms]
[2022-03-17T00:25:31.682Z] > git remote --verbose [4ms]
[2022-03-17T00:25:31.713Z] > git config --get commit.template [2ms]
[2022-03-17T00:25:36.946Z] > git symbolic-ref --short HEAD [3ms]
[2022-03-17T00:25:36.967Z] > git for-each-ref --format=%(refname)%00%(upstream:short)%00%(objectname)%00%(upstream:track) refs/heads/main refs/remotes/main [4ms]
[2022-03-17T00:25:36.999Z] > git for-each-ref --sort -committerdate --format %(refname) %(objectname) %(*objectname) [17ms]
[2022-03-17T00:25:37.000Z] > git remote --verbose [3ms]
[2022-03-17T00:25:37.023Z] > git config --get commit.template [3ms]
