[2022-03-23 09:06:52.260] [exthost] [info] Extension host with pid 1498 started
[2022-03-23 09:06:52.271] [exthost] [error] Error: EEXIST: file already exists, open '/home/pi/.vscode-server/data/User/workspaceStorage/390b2b8d1559b8a1fc0892202a598e1e/vscode.lock'
[2022-03-23 09:06:52.282] [exthost] [info] Lock '/home/pi/.vscode-server/data/User/workspaceStorage/390b2b8d1559b8a1fc0892202a598e1e/vscode.lock': Could not acquire lock, checking if the file is stale.
[2022-03-23 09:06:52.286] [exthost] [info] Lock '/home/pi/.vscode-server/data/User/workspaceStorage/390b2b8d1559b8a1fc0892202a598e1e/vscode.lock': The pid 1703 appears to be gone.
[2022-03-23 09:06:52.286] [exthost] [info] Lock '/home/pi/.vscode-server/data/User/workspaceStorage/390b2b8d1559b8a1fc0892202a598e1e/vscode.lock': Deleting a stale lock.
[2022-03-23 09:06:52.313] [exthost] [info] Lock '/home/pi/.vscode-server/data/User/workspaceStorage/390b2b8d1559b8a1fc0892202a598e1e/vscode.lock': Lock acquired.
[2022-03-23 09:06:52.448] [exthost] [info] ExtensionService#_doActivateExtension ms-python.python, startup: false, activationEvent: 'onLanguage:python', root cause: ms-python.vscode-pylance
[2022-03-23 09:06:53.257] [exthost] [info] ExtensionService#_doActivateExtension ms-toolsai.jupyter, startup: false, activationEvent: 'onLanguage:python'
[2022-03-23 09:06:54.466] [exthost] [info] ExtensionService#_doActivateExtension vscode.debug-auto-launch, startup: true, activationEvent: '*'
[2022-03-23 09:06:54.480] [exthost] [info] ExtensionService#_doActivateExtension vscode.git-base, startup: true, activationEvent: '*', root cause: vscode.github
[2022-03-23 09:06:54.493] [exthost] [info] ExtensionService#_doActivateExtension vscode.ipynb, startup: true, activationEvent: '*'
[2022-03-23 09:06:54.834] [exthost] [info] ExtensionService#_doActivateExtension vscode.git, startup: true, activationEvent: '*'
[2022-03-23 09:06:55.075] [exthost] [info] ExtensionService#_doActivateExtension vscode.github, startup: true, activationEvent: '*'
[2022-03-23 09:06:55.453] [exthost] [info] ExtensionService#_doActivateExtension vscode.emmet, startup: false, activationEvent: 'onStartupFinished'
[2022-03-23 09:06:55.508] [exthost] [info] ExtensionService#_doActivateExtension vscode.merge-conflict, startup: false, activationEvent: 'onStartupFinished'
[2022-03-23 09:06:55.521] [exthost] [info] Eager extensions activated
[2022-03-23 09:06:56.395] [exthost] [info] ExtensionService#_doActivateExtension ms-toolsai.jupyter-renderers, startup: false, activationEvent: 'api', root cause: ms-toolsai.jupyter
[2022-03-23 09:06:57.218] [exthost] [info] ExtensionService#_doActivateExtension ms-python.vscode-pylance, startup: false, activationEvent: 'onLanguage:python'
[2022-03-23 10:42:53.266] [exthost] [error] {"message":"Git error","stdout":"","stderr":"fatal: Pathspec '/home/pi/workspace/Opencv/__pycache__' is in submodule 'workspace/Opencv'\n","exitCode":128,"gitErrorCode":"IsInSubmodule"}
[2022-03-23 10:42:53.266] [exthost] [error] {"message":"Git error","stdout":"","stderr":"fatal: Pathspec '/home/pi/workspace/Opencv/__pycache__' is in submodule 'workspace/Opencv'\n","exitCode":128,"gitErrorCode":"IsInSubmodule"}
[2022-03-23 10:42:53.266] [exthost] [error] {"message":"Git error","stdout":"","stderr":"fatal: Pathspec '/home/pi/workspace/Opencv/__pycache__' is in submodule 'workspace/Opencv'\n","exitCode":128,"gitErrorCode":"IsInSubmodule"}
[2022-03-23 10:42:53.268] [exthost] [error] {"message":"Git error","stdout":"","stderr":"fatal: Pathspec '/home/pi/workspace/Opencv/__pycache__' is in submodule 'workspace/Opencv'\n","exitCode":128,"gitErrorCode":"IsInSubmodule"}
[2022-03-23 10:42:53.268] [exthost] [error] {"message":"Git error","stdout":"","stderr":"fatal: Pathspec '/home/pi/workspace/Opencv/__pycache__' is in submodule 'workspace/Opencv'\n","exitCode":128,"gitErrorCode":"IsInSubmodule"}
[2022-03-23 10:42:53.268] [exthost] [error] {"message":"Git error","stdout":"","stderr":"fatal: Pathspec '/home/pi/workspace/Opencv/__pycache__' is in submodule 'workspace/Opencv'\n","exitCode":128,"gitErrorCode":"IsInSubmodule"}
[2022-03-23 10:42:53.268] [exthost] [error] {"message":"Git error","stdout":"","stderr":"fatal: Pathspec '/home/pi/workspace/Opencv/__pycache__' is in submodule 'workspace/Opencv'\n","exitCode":128,"gitErrorCode":"IsInSubmodule"}
[2022-03-23 10:42:53.268] [exthost] [error] {"message":"Git error","stdout":"","stderr":"fatal: Pathspec '/home/pi/workspace/Opencv/__pycache__' is in submodule 'workspace/Opencv'\n","exitCode":128,"gitErrorCode":"IsInSubmodule"}
[2022-03-23 10:42:53.268] [exthost] [error] {"message":"Git error","stdout":"","stderr":"fatal: Pathspec '/home/pi/workspace/Opencv/__pycache__' is in submodule 'workspace/Opencv'\n","exitCode":128,"gitErrorCode":"IsInSubmodule"}
[2022-03-23 10:42:53.269] [exthost] [error] {"message":"Git error","stdout":"","stderr":"fatal: Pathspec '/home/pi/workspace/Opencv/__pycache__' is in submodule 'workspace/Opencv'\n","exitCode":128,"gitErrorCode":"IsInSubmodule"}
[2022-03-23 10:42:53.269] [exthost] [error] {"message":"Git error","stdout":"","stderr":"fatal: Pathspec '/home/pi/workspace/Opencv/__pycache__' is in submodule 'workspace/Opencv'\n","exitCode":128,"gitErrorCode":"IsInSubmodule"}
[2022-03-23 10:42:53.269] [exthost] [error] {"message":"Git error","stdout":"","stderr":"fatal: Pathspec '/home/pi/workspace/Opencv/__pycache__' is in submodule 'workspace/Opencv'\n","exitCode":128,"gitErrorCode":"IsInSubmodule"}
[2022-03-23 10:42:53.269] [exthost] [error] {"message":"Git error","stdout":"","stderr":"fatal: Pathspec '/home/pi/workspace/Opencv/__pycache__' is in submodule 'workspace/Opencv'\n","exitCode":128,"gitErrorCode":"IsInSubmodule"}
[2022-03-23 10:42:53.269] [exthost] [error] {"message":"Git error","stdout":"","stderr":"fatal: Pathspec '/home/pi/workspace/Opencv/__pycache__' is in submodule 'workspace/Opencv'\n","exitCode":128,"gitErrorCode":"IsInSubmodule"}
[2022-03-23 10:42:53.269] [exthost] [error] {"message":"Git error","stdout":"","stderr":"fatal: Pathspec '/home/pi/workspace/Opencv/__pycache__' is in submodule 'workspace/Opencv'\n","exitCode":128,"gitErrorCode":"IsInSubmodule"}
[2022-03-23 10:42:53.269] [exthost] [error] {"message":"Git error","stdout":"","stderr":"fatal: Pathspec '/home/pi/workspace/Opencv/__pycache__' is in submodule 'workspace/Opencv'\n","exitCode":128,"gitErrorCode":"IsInSubmodule"}
[2022-03-23 10:42:53.269] [exthost] [error] {"message":"Git error","stdout":"","stderr":"fatal: Pathspec '/home/pi/workspace/Opencv/__pycache__' is in submodule 'workspace/Opencv'\n","exitCode":128,"gitErrorCode":"IsInSubmodule"}
[2022-03-23 10:42:53.269] [exthost] [error] {"message":"Git error","stdout":"","stderr":"fatal: Pathspec '/home/pi/workspace/Opencv/__pycache__' is in submodule 'workspace/Opencv'\n","exitCode":128,"gitErrorCode":"IsInSubmodule"}
[2022-03-23 10:42:53.269] [exthost] [error] {"message":"Git error","stdout":"","stderr":"fatal: Pathspec '/home/pi/workspace/Opencv/__pycache__' is in submodule 'workspace/Opencv'\n","exitCode":128,"gitErrorCode":"IsInSubmodule"}
[2022-03-23 10:42:53.269] [exthost] [error] {"message":"Git error","stdout":"","stderr":"fatal: Pathspec '/home/pi/workspace/Opencv/__pycache__' is in submodule 'workspace/Opencv'\n","exitCode":128,"gitErrorCode":"IsInSubmodule"}
[2022-03-23 10:42:53.269] [exthost] [error] {"message":"Git error","stdout":"","stderr":"fatal: Pathspec '/home/pi/workspace/Opencv/__pycache__' is in submodule 'workspace/Opencv'\n","exitCode":128,"gitErrorCode":"IsInSubmodule"}
[2022-03-23 10:42:53.270] [exthost] [error] {"message":"Git error","stdout":"","stderr":"fatal: Pathspec '/home/pi/workspace/Opencv/__pycache__' is in submodule 'workspace/Opencv'\n","exitCode":128,"gitErrorCode":"IsInSubmodule"}
[2022-03-23 10:42:53.270] [exthost] [error] {"message":"Git error","stdout":"","stderr":"fatal: Pathspec '/home/pi/workspace/Opencv/__pycache__' is in submodule 'workspace/Opencv'\n","exitCode":128,"gitErrorCode":"IsInSubmodule"}
[2022-03-23 10:42:57.042] [exthost] [error] {"message":"Git error","stdout":"","stderr":"fatal: Pathspec '/home/pi/workspace/Opencv/operation/op_ex01.py' is in submodule 'workspace/Opencv'\n","exitCode":128,"gitErrorCode":"IsInSubmodule"}
