[2022-03-22T08:11:51.226Z] git에서 찾은 git 유효성을 검사하는 중
[2022-03-22T08:11:51.348Z] git에서 git 2.30.2을(를) 사용하는 중
[2022-03-22T08:11:52.241Z] > git rev-parse --git-dir [748ms]
[2022-03-22T08:11:52.256Z] Open repository: /home/pi
[2022-03-22T08:11:53.606Z] > git fetch [1330ms]
[2022-03-22T08:11:53.614Z] > git symbolic-ref --short HEAD [10ms]
[2022-03-22T08:11:53.668Z] > git for-each-ref --format=%(refname)%00%(upstream:short)%00%(objectname)%00%(upstream:track) refs/heads/main refs/remotes/main [30ms]
[2022-03-22T08:11:53.707Z] > git remote --verbose [6ms]
[2022-03-22T08:11:53.709Z] > git for-each-ref --sort -committerdate --format %(refname) %(objectname) %(*objectname) [24ms]
[2022-03-22T08:11:53.780Z] > git config --get commit.template [41ms]
[2022-03-22T08:11:54.113Z] > git ls-files --stage -- /home/pi/workspace/send_file/file_sender3.py [57ms]
[2022-03-22T08:11:54.169Z] > git symbolic-ref --short HEAD [26ms]
[2022-03-22T08:11:54.228Z] > git for-each-ref --format=%(refname)%00%(upstream:short)%00%(objectname)%00%(upstream:track) refs/heads/main refs/remotes/main [42ms]
[2022-03-22T08:11:54.268Z] > git for-each-ref --sort -committerdate --format %(refname) %(objectname) %(*objectname) [22ms]
[2022-03-22T08:11:54.281Z] > git remote --verbose [19ms]
[2022-03-22T08:11:54.314Z] > git config --get commit.template [6ms]
[2022-03-22T08:11:55.087Z] > git ls-files --stage -- /home/pi/workspace/send_file/file_sender3.py [18ms]
[2022-03-22T08:11:57.082Z] > git symbolic-ref --short HEAD [10ms]
[2022-03-22T08:11:57.114Z] > git for-each-ref --format=%(refname)%00%(upstream:short)%00%(objectname)%00%(upstream:track) refs/heads/main refs/remotes/main [11ms]
[2022-03-22T08:11:57.208Z] > git remote --verbose [40ms]
[2022-03-22T08:11:57.210Z] > git for-each-ref --sort -committerdate --format %(refname) %(objectname) %(*objectname) [64ms]
[2022-03-22T08:11:57.257Z] > git config --get commit.template [9ms]
[2022-03-22T08:12:02.698Z] > git symbolic-ref --short HEAD [4ms]
[2022-03-22T08:12:02.719Z] > git for-each-ref --format=%(refname)%00%(upstream:short)%00%(objectname)%00%(upstream:track) refs/heads/main refs/remotes/main [5ms]
[2022-03-22T08:12:02.754Z] > git for-each-ref --sort -committerdate --format %(refname) %(objectname) %(*objectname) [19ms]
[2022-03-22T08:12:02.755Z] > git remote --verbose [4ms]
[2022-03-22T08:12:02.791Z] > git config --get commit.template [4ms]
[2022-03-22T08:12:21.261Z] > git symbolic-ref --short HEAD [3ms]
[2022-03-22T08:12:21.283Z] > git for-each-ref --format=%(refname)%00%(upstream:short)%00%(objectname)%00%(upstream:track) refs/heads/main refs/remotes/main [4ms]
[2022-03-22T08:12:21.316Z] > git for-each-ref --sort -committerdate --format %(refname) %(objectname) %(*objectname) [18ms]
[2022-03-22T08:12:21.318Z] > git remote --verbose [4ms]
[2022-03-22T08:12:21.344Z] > git config --get commit.template [4ms]
[2022-03-22T08:12:26.736Z] > git symbolic-ref --short HEAD [3ms]
[2022-03-22T08:12:26.756Z] > git for-each-ref --format=%(refname)%00%(upstream:short)%00%(objectname)%00%(upstream:track) refs/heads/main refs/remotes/main [4ms]
[2022-03-22T08:12:26.789Z] > git for-each-ref --sort -committerdate --format %(refname) %(objectname) %(*objectname) [18ms]
[2022-03-22T08:12:26.790Z] > git remote --verbose [4ms]
[2022-03-22T08:12:26.815Z] > git config --get commit.template [3ms]
[2022-03-22T08:12:32.202Z] > git symbolic-ref --short HEAD [4ms]
[2022-03-22T08:12:32.232Z] > git for-each-ref --format=%(refname)%00%(upstream:short)%00%(objectname)%00%(upstream:track) refs/heads/main refs/remotes/main [15ms]
[2022-03-22T08:12:32.265Z] > git for-each-ref --sort -committerdate --format %(refname) %(objectname) %(*objectname) [17ms]
[2022-03-22T08:12:32.266Z] > git remote --verbose [4ms]
[2022-03-22T08:12:32.290Z] > git config --get commit.template [3ms]
