[2022-03-18T04:14:10.427Z] git에서 찾은 git 유효성을 검사하는 중
[2022-03-18T04:14:10.517Z] git에서 git 2.30.2을(를) 사용하는 중
[2022-03-18T04:14:10.580Z] > git rev-parse --git-dir [7ms]
[2022-03-18T04:14:10.599Z] Open repository: /home/pi
[2022-03-18T04:14:11.422Z] > git symbolic-ref --short HEAD [5ms]
[2022-03-18T04:14:11.450Z] > git for-each-ref --format=%(refname)%00%(upstream:short)%00%(objectname)%00%(upstream:track) refs/heads/main refs/remotes/main [16ms]
[2022-03-18T04:14:11.478Z] > git for-each-ref --sort -committerdate --format %(refname) %(objectname) %(*objectname) [16ms]
[2022-03-18T04:14:11.480Z] > git remote --verbose [6ms]
[2022-03-18T04:14:11.507Z] > git config --get commit.template [3ms]
[2022-03-18T04:14:12.001Z] > git fetch [1383ms]
[2022-03-18T04:14:12.242Z] > git symbolic-ref --short HEAD [3ms]
[2022-03-18T04:14:12.258Z] > git for-each-ref --format=%(refname)%00%(upstream:short)%00%(objectname)%00%(upstream:track) refs/heads/main refs/remotes/main [6ms]
[2022-03-18T04:14:12.281Z] > git for-each-ref --sort -committerdate --format %(refname) %(objectname) %(*objectname) [13ms]
[2022-03-18T04:14:12.283Z] > git remote --verbose [5ms]
[2022-03-18T04:14:12.303Z] > git config --get commit.template [3ms]
[2022-03-18T04:14:15.680Z] > git symbolic-ref --short HEAD [4ms]
[2022-03-18T04:14:15.695Z] > git for-each-ref --format=%(refname)%00%(upstream:short)%00%(objectname)%00%(upstream:track) refs/heads/main refs/remotes/main [6ms]
[2022-03-18T04:14:15.719Z] > git for-each-ref --sort -committerdate --format %(refname) %(objectname) %(*objectname) [14ms]
[2022-03-18T04:14:15.720Z] > git remote --verbose [5ms]
[2022-03-18T04:14:15.739Z] > git config --get commit.template [4ms]
[2022-03-18T04:14:20.979Z] > git symbolic-ref --short HEAD [4ms]
[2022-03-18T04:14:20.997Z] > git for-each-ref --format=%(refname)%00%(upstream:short)%00%(objectname)%00%(upstream:track) refs/heads/main refs/remotes/main [6ms]
[2022-03-18T04:14:21.020Z] > git for-each-ref --sort -committerdate --format %(refname) %(objectname) %(*objectname) [13ms]
[2022-03-18T04:14:21.021Z] > git remote --verbose [4ms]
[2022-03-18T04:14:21.041Z] > git config --get commit.template [4ms]
[2022-03-18T04:14:26.278Z] > git symbolic-ref --short HEAD [4ms]
[2022-03-18T04:14:26.294Z] > git for-each-ref --format=%(refname)%00%(upstream:short)%00%(objectname)%00%(upstream:track) refs/heads/main refs/remotes/main [6ms]
[2022-03-18T04:14:26.316Z] > git for-each-ref --sort -committerdate --format %(refname) %(objectname) %(*objectname) [12ms]
[2022-03-18T04:14:26.318Z] > git remote --verbose [4ms]
[2022-03-18T04:14:26.337Z] > git config --get commit.template [3ms]
[2022-03-18T04:14:31.591Z] > git symbolic-ref --short HEAD [3ms]
[2022-03-18T04:14:31.608Z] > git for-each-ref --format=%(refname)%00%(upstream:short)%00%(objectname)%00%(upstream:track) refs/heads/main refs/remotes/main [6ms]
[2022-03-18T04:14:31.631Z] > git for-each-ref --sort -committerdate --format %(refname) %(objectname) %(*objectname) [13ms]
[2022-03-18T04:14:31.632Z] > git remote --verbose [3ms]
[2022-03-18T04:14:31.652Z] > git config --get commit.template [3ms]
[2022-03-18T04:14:36.900Z] > git symbolic-ref --short HEAD [3ms]
[2022-03-18T04:14:36.917Z] > git for-each-ref --format=%(refname)%00%(upstream:short)%00%(objectname)%00%(upstream:track) refs/heads/main refs/remotes/main [6ms]
[2022-03-18T04:14:36.940Z] > git for-each-ref --sort -committerdate --format %(refname) %(objectname) %(*objectname) [13ms]
[2022-03-18T04:14:36.942Z] > git remote --verbose [4ms]
[2022-03-18T04:14:36.961Z] > git config --get commit.template [3ms]
[2022-03-18T04:14:42.218Z] > git symbolic-ref --short HEAD [3ms]
[2022-03-18T04:14:42.236Z] > git for-each-ref --format=%(refname)%00%(upstream:short)%00%(objectname)%00%(upstream:track) refs/heads/main refs/remotes/main [6ms]
[2022-03-18T04:14:42.259Z] > git for-each-ref --sort -committerdate --format %(refname) %(objectname) %(*objectname) [13ms]
[2022-03-18T04:14:42.262Z] > git remote --verbose [4ms]
[2022-03-18T04:14:42.281Z] > git config --get commit.template [3ms]
[2022-03-18T04:14:47.513Z] > git symbolic-ref --short HEAD [4ms]
[2022-03-18T04:14:47.529Z] > git for-each-ref --format=%(refname)%00%(upstream:short)%00%(objectname)%00%(upstream:track) refs/heads/main refs/remotes/main [6ms]
[2022-03-18T04:14:47.552Z] > git for-each-ref --sort -committerdate --format %(refname) %(objectname) %(*objectname) [13ms]
[2022-03-18T04:14:47.554Z] > git remote --verbose [4ms]
[2022-03-18T04:14:47.576Z] > git config --get commit.template [3ms]
[2022-03-18T04:14:52.820Z] > git symbolic-ref --short HEAD [4ms]
[2022-03-18T04:14:52.837Z] > git for-each-ref --format=%(refname)%00%(upstream:short)%00%(objectname)%00%(upstream:track) refs/heads/main refs/remotes/main [6ms]
[2022-03-18T04:14:52.863Z] > git for-each-ref --sort -committerdate --format %(refname) %(objectname) %(*objectname) [16ms]
[2022-03-18T04:14:52.864Z] > git remote --verbose [4ms]
[2022-03-18T04:14:52.883Z] > git config --get commit.template [4ms]
[2022-03-18T04:14:58.138Z] > git symbolic-ref --short HEAD [5ms]
[2022-03-18T04:14:58.155Z] > git for-each-ref --format=%(refname)%00%(upstream:short)%00%(objectname)%00%(upstream:track) refs/heads/main refs/remotes/main [6ms]
[2022-03-18T04:14:58.179Z] > git for-each-ref --sort -committerdate --format %(refname) %(objectname) %(*objectname) [14ms]
[2022-03-18T04:14:58.180Z] > git remote --verbose [4ms]
[2022-03-18T04:14:58.199Z] > git config --get commit.template [3ms]
[2022-03-18T04:15:03.456Z] > git symbolic-ref --short HEAD [4ms]
[2022-03-18T04:15:03.472Z] > git for-each-ref --format=%(refname)%00%(upstream:short)%00%(objectname)%00%(upstream:track) refs/heads/main refs/remotes/main [6ms]
[2022-03-18T04:15:03.495Z] > git for-each-ref --sort -committerdate --format %(refname) %(objectname) %(*objectname) [13ms]
[2022-03-18T04:15:03.497Z] > git remote --verbose [4ms]
[2022-03-18T04:15:03.515Z] > git config --get commit.template [3ms]
[2022-03-18T04:15:09.337Z] > git symbolic-ref --short HEAD [34ms]
[2022-03-18T04:15:09.382Z] > git for-each-ref --format=%(refname)%00%(upstream:short)%00%(objectname)%00%(upstream:track) refs/heads/main refs/remotes/main [32ms]
[2022-03-18T04:15:09.430Z] > git for-each-ref --sort -committerdate --format %(refname) %(objectname) %(*objectname) [32ms]
[2022-03-18T04:15:09.469Z] > git remote --verbose [50ms]
[2022-03-18T04:15:09.503Z] > git ls-files --stage -- /home/pi/workspace/Opencv/operation/cvtColor.py [36ms]
[2022-03-18T04:15:09.508Z] > git config --get commit.template [9ms]
[2022-03-18T04:15:16.789Z] > git symbolic-ref --short HEAD [9ms]
[2022-03-18T04:15:16.852Z] > git for-each-ref --format=%(refname)%00%(upstream:short)%00%(objectname)%00%(upstream:track) refs/heads/main refs/remotes/main [27ms]
[2022-03-18T04:15:16.918Z] > git remote --verbose [16ms]
[2022-03-18T04:15:16.921Z] > git for-each-ref --sort -committerdate --format %(refname) %(objectname) %(*objectname) [38ms]
[2022-03-18T04:15:17.019Z] > git config --get commit.template [23ms]
[2022-03-18T04:15:17.967Z] > git ls-files --stage -- /home/pi/workspace/Opencv/cvtColor.py [47ms]
[2022-03-18T04:15:50.136Z] > git symbolic-ref --short HEAD [4ms]
[2022-03-18T04:15:50.157Z] > git for-each-ref --format=%(refname)%00%(upstream:short)%00%(objectname)%00%(upstream:track) refs/heads/main refs/remotes/main [6ms]
[2022-03-18T04:15:50.190Z] > git for-each-ref --sort -committerdate --format %(refname) %(objectname) %(*objectname) [18ms]
[2022-03-18T04:15:50.191Z] > git remote --verbose [4ms]
[2022-03-18T04:15:50.214Z] > git config --get commit.template [3ms]
[2022-03-18T04:15:55.480Z] > git symbolic-ref --short HEAD [3ms]
[2022-03-18T04:15:55.501Z] > git for-each-ref --format=%(refname)%00%(upstream:short)%00%(objectname)%00%(upstream:track) refs/heads/main refs/remotes/main [7ms]
[2022-03-18T04:15:55.533Z] > git for-each-ref --sort -committerdate --format %(refname) %(objectname) %(*objectname) [17ms]
[2022-03-18T04:15:55.537Z] > git remote --verbose [6ms]
[2022-03-18T04:15:55.561Z] > git config --get commit.template [4ms]
[2022-03-18T04:16:00.783Z] > git symbolic-ref --short HEAD [4ms]
[2022-03-18T04:16:00.803Z] > git for-each-ref --format=%(refname)%00%(upstream:short)%00%(objectname)%00%(upstream:track) refs/heads/main refs/remotes/main [5ms]
[2022-03-18T04:16:00.836Z] > git for-each-ref --sort -committerdate --format %(refname) %(objectname) %(*objectname) [17ms]
[2022-03-18T04:16:00.837Z] > git remote --verbose [4ms]
[2022-03-18T04:16:00.860Z] > git config --get commit.template [3ms]
[2022-03-18T04:16:06.098Z] > git symbolic-ref --short HEAD [3ms]
[2022-03-18T04:16:06.119Z] > git for-each-ref --format=%(refname)%00%(upstream:short)%00%(objectname)%00%(upstream:track) refs/heads/main refs/remotes/main [6ms]
[2022-03-18T04:16:06.154Z] > git for-each-ref --sort -committerdate --format %(refname) %(objectname) %(*objectname) [20ms]
[2022-03-18T04:16:06.155Z] > git remote --verbose [4ms]
[2022-03-18T04:16:06.178Z] > git config --get commit.template [3ms]
[2022-03-18T04:16:42.592Z] > git symbolic-ref --short HEAD [6ms]
[2022-03-18T04:16:42.615Z] > git for-each-ref --format=%(refname)%00%(upstream:short)%00%(objectname)%00%(upstream:track) refs/heads/main refs/remotes/main [7ms]
[2022-03-18T04:16:42.650Z] > git for-each-ref --sort -committerdate --format %(refname) %(objectname) %(*objectname) [18ms]
[2022-03-18T04:16:42.651Z] > git remote --verbose [4ms]
[2022-03-18T04:16:42.675Z] > git config --get commit.template [4ms]
[2022-03-18T04:16:47.942Z] > git symbolic-ref --short HEAD [3ms]
[2022-03-18T04:16:47.964Z] > git for-each-ref --format=%(refname)%00%(upstream:short)%00%(objectname)%00%(upstream:track) refs/heads/main refs/remotes/main [6ms]
[2022-03-18T04:16:47.996Z] > git for-each-ref --sort -committerdate --format %(refname) %(objectname) %(*objectname) [18ms]
[2022-03-18T04:16:47.997Z] > git remote --verbose [4ms]
[2022-03-18T04:16:48.020Z] > git config --get commit.template [3ms]
[2022-03-18T04:16:53.281Z] > git symbolic-ref --short HEAD [4ms]
[2022-03-18T04:16:53.301Z] > git for-each-ref --format=%(refname)%00%(upstream:short)%00%(objectname)%00%(upstream:track) refs/heads/main refs/remotes/main [6ms]
[2022-03-18T04:16:53.333Z] > git for-each-ref --sort -committerdate --format %(refname) %(objectname) %(*objectname) [17ms]
[2022-03-18T04:16:53.335Z] > git remote --verbose [5ms]
[2022-03-18T04:16:53.357Z] > git config --get commit.template [3ms]
[2022-03-18T04:16:58.597Z] > git symbolic-ref --short HEAD [4ms]
[2022-03-18T04:16:58.620Z] > git for-each-ref --format=%(refname)%00%(upstream:short)%00%(objectname)%00%(upstream:track) refs/heads/main refs/remotes/main [9ms]
[2022-03-18T04:16:58.655Z] > git for-each-ref --sort -committerdate --format %(refname) %(objectname) %(*objectname) [19ms]
[2022-03-18T04:16:58.657Z] > git remote --verbose [5ms]
[2022-03-18T04:16:58.680Z] > git config --get commit.template [3ms]
[2022-03-18T04:17:03.937Z] > git symbolic-ref --short HEAD [4ms]
[2022-03-18T04:17:03.958Z] > git for-each-ref --format=%(refname)%00%(upstream:short)%00%(objectname)%00%(upstream:track) refs/heads/main refs/remotes/main [5ms]
[2022-03-18T04:17:03.993Z] > git remote --verbose [6ms]
[2022-03-18T04:17:03.994Z] > git for-each-ref --sort -committerdate --format %(refname) %(objectname) %(*objectname) [22ms]
[2022-03-18T04:17:04.019Z] > git config --get commit.template [3ms]
[2022-03-18T04:17:09.279Z] > git symbolic-ref --short HEAD [3ms]
[2022-03-18T04:17:09.299Z] > git for-each-ref --format=%(refname)%00%(upstream:short)%00%(objectname)%00%(upstream:track) refs/heads/main refs/remotes/main [5ms]
[2022-03-18T04:17:09.332Z] > git for-each-ref --sort -committerdate --format %(refname) %(objectname) %(*objectname) [17ms]
[2022-03-18T04:17:09.333Z] > git remote --verbose [4ms]
[2022-03-18T04:17:09.355Z] > git config --get commit.template [3ms]
[2022-03-18T04:17:13.013Z] > git fetch [666ms]
[2022-03-18T04:17:13.248Z] > git symbolic-ref --short HEAD [3ms]
[2022-03-18T04:17:13.273Z] > git for-each-ref --format=%(refname)%00%(upstream:short)%00%(objectname)%00%(upstream:track) refs/heads/main refs/remotes/main [7ms]
[2022-03-18T04:17:13.309Z] > git for-each-ref --sort -committerdate --format %(refname) %(objectname) %(*objectname) [20ms]
[2022-03-18T04:17:13.311Z] > git remote --verbose [5ms]
[2022-03-18T04:17:13.342Z] > git config --get commit.template [6ms]
[2022-03-18T04:17:14.239Z] > git ls-files --stage -- /home/pi/workspace/Opencv/cvtColor.py [17ms]
[2022-03-18T04:17:14.565Z] > git symbolic-ref --short HEAD [4ms]
[2022-03-18T04:17:14.589Z] > git for-each-ref --format=%(refname)%00%(upstream:short)%00%(objectname)%00%(upstream:track) refs/heads/main refs/remotes/main [7ms]
[2022-03-18T04:17:14.621Z] > git for-each-ref --sort -committerdate --format %(refname) %(objectname) %(*objectname) [18ms]
[2022-03-18T04:17:14.622Z] > git remote --verbose [4ms]
[2022-03-18T04:17:14.645Z] > git config --get commit.template [3ms]
[2022-03-18T04:17:19.853Z] > git symbolic-ref --short HEAD [6ms]
[2022-03-18T04:17:19.876Z] > git for-each-ref --format=%(refname)%00%(upstream:short)%00%(objectname)%00%(upstream:track) refs/heads/main refs/remotes/main [6ms]
[2022-03-18T04:17:19.911Z] > git for-each-ref --sort -committerdate --format %(refname) %(objectname) %(*objectname) [20ms]
[2022-03-18T04:17:19.912Z] > git remote --verbose [6ms]
[2022-03-18T04:17:19.935Z] > git config --get commit.template [3ms]
[2022-03-18T04:17:25.187Z] > git symbolic-ref --short HEAD [4ms]
[2022-03-18T04:17:25.207Z] > git for-each-ref --format=%(refname)%00%(upstream:short)%00%(objectname)%00%(upstream:track) refs/heads/main refs/remotes/main [6ms]
[2022-03-18T04:17:25.239Z] > git for-each-ref --sort -committerdate --format %(refname) %(objectname) %(*objectname) [17ms]
[2022-03-18T04:17:25.246Z] > git remote --verbose [9ms]
[2022-03-18T04:17:25.270Z] > git config --get commit.template [3ms]
[2022-03-18T04:17:30.520Z] > git symbolic-ref --short HEAD [6ms]
[2022-03-18T04:17:30.542Z] > git for-each-ref --format=%(refname)%00%(upstream:short)%00%(objectname)%00%(upstream:track) refs/heads/main refs/remotes/main [6ms]
[2022-03-18T04:17:30.575Z] > git for-each-ref --sort -committerdate --format %(refname) %(objectname) %(*objectname) [18ms]
[2022-03-18T04:17:30.576Z] > git remote --verbose [3ms]
[2022-03-18T04:17:30.599Z] > git config --get commit.template [3ms]
[2022-03-18T04:17:35.837Z] > git symbolic-ref --short HEAD [3ms]
[2022-03-18T04:17:35.859Z] > git for-each-ref --format=%(refname)%00%(upstream:short)%00%(objectname)%00%(upstream:track) refs/heads/main refs/remotes/main [6ms]
[2022-03-18T04:17:35.891Z] > git for-each-ref --sort -committerdate --format %(refname) %(objectname) %(*objectname) [18ms]
[2022-03-18T04:17:35.892Z] > git remote --verbose [3ms]
[2022-03-18T04:17:35.925Z] > git config --get commit.template [4ms]
[2022-03-18T04:17:41.187Z] > git symbolic-ref --short HEAD [7ms]
[2022-03-18T04:17:41.209Z] > git for-each-ref --format=%(refname)%00%(upstream:short)%00%(objectname)%00%(upstream:track) refs/heads/main refs/remotes/main [6ms]
[2022-03-18T04:17:41.247Z] > git for-each-ref --sort -committerdate --format %(refname) %(objectname) %(*objectname) [22ms]
[2022-03-18T04:17:41.248Z] > git remote --verbose [4ms]
[2022-03-18T04:17:41.272Z] > git config --get commit.template [3ms]
[2022-03-18T04:17:46.530Z] > git symbolic-ref --short HEAD [3ms]
[2022-03-18T04:17:46.553Z] > git for-each-ref --format=%(refname)%00%(upstream:short)%00%(objectname)%00%(upstream:track) refs/heads/main refs/remotes/main [7ms]
[2022-03-18T04:17:46.587Z] > git for-each-ref --sort -committerdate --format %(refname) %(objectname) %(*objectname) [18ms]
[2022-03-18T04:17:46.589Z] > git remote --verbose [4ms]
[2022-03-18T04:17:46.612Z] > git config --get commit.template [3ms]
[2022-03-18T04:17:51.862Z] > git symbolic-ref --short HEAD [3ms]
[2022-03-18T04:17:51.883Z] > git for-each-ref --format=%(refname)%00%(upstream:short)%00%(objectname)%00%(upstream:track) refs/heads/main refs/remotes/main [6ms]
[2022-03-18T04:17:51.915Z] > git for-each-ref --sort -committerdate --format %(refname) %(objectname) %(*objectname) [17ms]
[2022-03-18T04:17:51.917Z] > git remote --verbose [4ms]
[2022-03-18T04:17:51.942Z] > git config --get commit.template [4ms]
[2022-03-18T04:17:57.210Z] > git symbolic-ref --short HEAD [3ms]
[2022-03-18T04:17:57.231Z] > git for-each-ref --format=%(refname)%00%(upstream:short)%00%(objectname)%00%(upstream:track) refs/heads/main refs/remotes/main [6ms]
[2022-03-18T04:17:57.267Z] > git for-each-ref --sort -committerdate --format %(refname) %(objectname) %(*objectname) [19ms]
[2022-03-18T04:17:57.268Z] > git remote --verbose [4ms]
[2022-03-18T04:17:57.291Z] > git config --get commit.template [3ms]
[2022-03-18T04:18:02.553Z] > git symbolic-ref --short HEAD [4ms]
[2022-03-18T04:18:02.575Z] > git for-each-ref --format=%(refname)%00%(upstream:short)%00%(objectname)%00%(upstream:track) refs/heads/main refs/remotes/main [5ms]
[2022-03-18T04:18:02.607Z] > git for-each-ref --sort -committerdate --format %(refname) %(objectname) %(*objectname) [17ms]
[2022-03-18T04:18:02.609Z] > git remote --verbose [4ms]
[2022-03-18T04:18:02.633Z] > git config --get commit.template [3ms]
[2022-03-18T04:18:07.889Z] > git symbolic-ref --short HEAD [4ms]
[2022-03-18T04:18:07.909Z] > git for-each-ref --format=%(refname)%00%(upstream:short)%00%(objectname)%00%(upstream:track) refs/heads/main refs/remotes/main [5ms]
[2022-03-18T04:18:07.942Z] > git for-each-ref --sort -committerdate --format %(refname) %(objectname) %(*objectname) [18ms]
[2022-03-18T04:18:07.943Z] > git remote --verbose [3ms]
[2022-03-18T04:18:07.966Z] > git config --get commit.template [3ms]
[2022-03-18T04:18:13.215Z] > git symbolic-ref --short HEAD [3ms]
[2022-03-18T04:18:13.238Z] > git for-each-ref --format=%(refname)%00%(upstream:short)%00%(objectname)%00%(upstream:track) refs/heads/main refs/remotes/main [6ms]
[2022-03-18T04:18:13.270Z] > git for-each-ref --sort -committerdate --format %(refname) %(objectname) %(*objectname) [18ms]
[2022-03-18T04:18:13.271Z] > git remote --verbose [3ms]
[2022-03-18T04:18:13.295Z] > git config --get commit.template [3ms]
[2022-03-18T04:18:18.540Z] > git symbolic-ref --short HEAD [4ms]
[2022-03-18T04:18:18.560Z] > git for-each-ref --format=%(refname)%00%(upstream:short)%00%(objectname)%00%(upstream:track) refs/heads/main refs/remotes/main [5ms]
[2022-03-18T04:18:18.593Z] > git for-each-ref --sort -committerdate --format %(refname) %(objectname) %(*objectname) [17ms]
[2022-03-18T04:18:18.594Z] > git remote --verbose [3ms]
[2022-03-18T04:18:18.617Z] > git config --get commit.template [3ms]
[2022-03-18T04:18:23.879Z] > git symbolic-ref --short HEAD [3ms]
[2022-03-18T04:18:23.900Z] > git for-each-ref --format=%(refname)%00%(upstream:short)%00%(objectname)%00%(upstream:track) refs/heads/main refs/remotes/main [6ms]
[2022-03-18T04:18:23.932Z] > git for-each-ref --sort -committerdate --format %(refname) %(objectname) %(*objectname) [17ms]
[2022-03-18T04:18:23.934Z] > git remote --verbose [4ms]
[2022-03-18T04:18:23.958Z] > git config --get commit.template [3ms]
[2022-03-18T04:18:29.203Z] > git symbolic-ref --short HEAD [4ms]
[2022-03-18T04:18:29.223Z] > git for-each-ref --format=%(refname)%00%(upstream:short)%00%(objectname)%00%(upstream:track) refs/heads/main refs/remotes/main [5ms]
[2022-03-18T04:18:29.259Z] > git for-each-ref --sort -committerdate --format %(refname) %(objectname) %(*objectname) [18ms]
[2022-03-18T04:18:29.260Z] > git remote --verbose [4ms]
[2022-03-18T04:18:29.283Z] > git config --get commit.template [4ms]
[2022-03-18T04:18:34.523Z] > git symbolic-ref --short HEAD [3ms]
[2022-03-18T04:18:34.547Z] > git for-each-ref --format=%(refname)%00%(upstream:short)%00%(objectname)%00%(upstream:track) refs/heads/main refs/remotes/main [6ms]
[2022-03-18T04:18:34.580Z] > git for-each-ref --sort -committerdate --format %(refname) %(objectname) %(*objectname) [18ms]
[2022-03-18T04:18:34.581Z] > git remote --verbose [3ms]
[2022-03-18T04:18:34.603Z] > git config --get commit.template [3ms]
[2022-03-18T04:18:39.859Z] > git symbolic-ref --short HEAD [4ms]
[2022-03-18T04:18:39.879Z] > git for-each-ref --format=%(refname)%00%(upstream:short)%00%(objectname)%00%(upstream:track) refs/heads/main refs/remotes/main [5ms]
[2022-03-18T04:18:39.912Z] > git for-each-ref --sort -committerdate --format %(refname) %(objectname) %(*objectname) [18ms]
[2022-03-18T04:18:39.913Z] > git remote --verbose [3ms]
[2022-03-18T04:18:39.937Z] > git config --get commit.template [4ms]
[2022-03-18T04:18:45.202Z] > git symbolic-ref --short HEAD [3ms]
[2022-03-18T04:18:45.225Z] > git for-each-ref --format=%(refname)%00%(upstream:short)%00%(objectname)%00%(upstream:track) refs/heads/main refs/remotes/main [7ms]
[2022-03-18T04:18:45.257Z] > git for-each-ref --sort -committerdate --format %(refname) %(objectname) %(*objectname) [17ms]
[2022-03-18T04:18:45.259Z] > git remote --verbose [4ms]
[2022-03-18T04:18:45.281Z] > git config --get commit.template [3ms]
