[2022-03-18T05:33:59.875Z] git에서 찾은 git 유효성을 검사하는 중
[2022-03-18T05:33:59.993Z] git에서 git 2.30.2을(를) 사용하는 중
[2022-03-18T05:34:00.152Z] > git rev-parse --git-dir [26ms]
[2022-03-18T05:34:00.170Z] Open repository: /home/pi
[2022-03-18T05:34:00.994Z] > git fetch [802ms]
[2022-03-18T05:34:00.999Z] > git symbolic-ref --short HEAD [8ms]
[2022-03-18T05:34:01.237Z] > git for-each-ref --format=%(refname)%00%(upstream:short)%00%(objectname)%00%(upstream:track) refs/heads/main refs/remotes/main [218ms]
[2022-03-18T05:34:01.323Z] > git remote --verbose [50ms]
[2022-03-18T05:34:01.325Z] > git for-each-ref --sort -committerdate --format %(refname) %(objectname) %(*objectname) [69ms]
[2022-03-18T05:34:01.403Z] > git config --get commit.template [36ms]
[2022-03-18T05:34:01.632Z] > git symbolic-ref --short HEAD [15ms]
[2022-03-18T05:34:01.657Z] > git for-each-ref --format=%(refname)%00%(upstream:short)%00%(objectname)%00%(upstream:track) refs/heads/main refs/remotes/main [9ms]
[2022-03-18T05:34:01.693Z] > git for-each-ref --sort -committerdate --format %(refname) %(objectname) %(*objectname) [20ms]
[2022-03-18T05:34:01.697Z] > git remote --verbose [8ms]
[2022-03-18T05:34:01.736Z] > git config --get commit.template [11ms]
[2022-03-18T05:34:02.830Z] > git ls-files --stage -- /home/pi/workspace/Opencv/detect/ex01.py [21ms]
[2022-03-18T05:34:02.900Z] > git ls-files --stage -- /home/pi/workspace/Opencv/detect/haardetect.py [29ms]
[2022-03-18T05:34:02.988Z] > git ls-files --stage -- /home/pi/workspace/Opencv/detect/ex01.py [30ms]
[2022-03-18T05:34:03.037Z] > git ls-files --stage -- /home/pi/workspace/Opencv/detect/haardetect.py [54ms]
[2022-03-18T05:34:09.791Z] > git ls-files --stage -- /home/pi/workspace/Opencv/detect/ex01.py [42ms]
[2022-03-18T05:34:09.804Z] > git ls-files --stage -- /home/pi/workspace/Opencv/detect/haardetect.py [34ms]
[2022-03-18T05:34:26.960Z] > git symbolic-ref --short HEAD [4ms]
[2022-03-18T05:34:26.984Z] > git for-each-ref --format=%(refname)%00%(upstream:short)%00%(objectname)%00%(upstream:track) refs/heads/main refs/remotes/main [6ms]
[2022-03-18T05:34:27.022Z] > git for-each-ref --sort -committerdate --format %(refname) %(objectname) %(*objectname) [20ms]
[2022-03-18T05:34:27.023Z] > git remote --verbose [3ms]
[2022-03-18T05:34:27.059Z] > git config --get commit.template [7ms]
[2022-03-18T05:34:59.013Z] > git symbolic-ref --short HEAD [4ms]
[2022-03-18T05:34:59.049Z] > git for-each-ref --format=%(refname)%00%(upstream:short)%00%(objectname)%00%(upstream:track) refs/heads/main refs/remotes/main [13ms]
[2022-03-18T05:34:59.094Z] > git for-each-ref --sort -committerdate --format %(refname) %(objectname) %(*objectname) [27ms]
[2022-03-18T05:34:59.097Z] > git remote --verbose [9ms]
[2022-03-18T05:34:59.125Z] > git config --get commit.template [4ms]
[2022-03-18T05:35:04.319Z] > git symbolic-ref --short HEAD [4ms]
[2022-03-18T05:35:04.342Z] > git for-each-ref --format=%(refname)%00%(upstream:short)%00%(objectname)%00%(upstream:track) refs/heads/main refs/remotes/main [6ms]
[2022-03-18T05:35:04.378Z] > git for-each-ref --sort -committerdate --format %(refname) %(objectname) %(*objectname) [19ms]
[2022-03-18T05:35:04.380Z] > git remote --verbose [5ms]
[2022-03-18T05:35:04.406Z] > git config --get commit.template [3ms]
[2022-03-18T05:35:09.674Z] > git symbolic-ref --short HEAD [3ms]
[2022-03-18T05:35:09.697Z] > git for-each-ref --format=%(refname)%00%(upstream:short)%00%(objectname)%00%(upstream:track) refs/heads/main refs/remotes/main [6ms]
[2022-03-18T05:35:09.733Z] > git for-each-ref --sort -committerdate --format %(refname) %(objectname) %(*objectname) [19ms]
[2022-03-18T05:35:09.735Z] > git remote --verbose [4ms]
[2022-03-18T05:35:09.760Z] > git config --get commit.template [3ms]
[2022-03-18T05:35:15.024Z] > git symbolic-ref --short HEAD [4ms]
[2022-03-18T05:35:15.047Z] > git for-each-ref --format=%(refname)%00%(upstream:short)%00%(objectname)%00%(upstream:track) refs/heads/main refs/remotes/main [6ms]
[2022-03-18T05:35:15.084Z] > git remote --verbose [4ms]
[2022-03-18T05:35:15.085Z] > git for-each-ref --sort -committerdate --format %(refname) %(objectname) %(*objectname) [21ms]
[2022-03-18T05:35:15.110Z] > git config --get commit.template [3ms]
[2022-03-18T05:35:20.378Z] > git symbolic-ref --short HEAD [4ms]
[2022-03-18T05:35:20.400Z] > git for-each-ref --format=%(refname)%00%(upstream:short)%00%(objectname)%00%(upstream:track) refs/heads/main refs/remotes/main [6ms]
[2022-03-18T05:35:20.435Z] > git for-each-ref --sort -committerdate --format %(refname) %(objectname) %(*objectname) [19ms]
[2022-03-18T05:35:20.437Z] > git remote --verbose [3ms]
[2022-03-18T05:35:20.461Z] > git config --get commit.template [3ms]
[2022-03-18T05:36:04.017Z] > git symbolic-ref --short HEAD [3ms]
[2022-03-18T05:36:04.040Z] > git for-each-ref --format=%(refname)%00%(upstream:short)%00%(objectname)%00%(upstream:track) refs/heads/main refs/remotes/main [6ms]
[2022-03-18T05:36:04.075Z] > git for-each-ref --sort -committerdate --format %(refname) %(objectname) %(*objectname) [19ms]
[2022-03-18T05:36:04.077Z] > git remote --verbose [4ms]
[2022-03-18T05:36:04.101Z] > git config --get commit.template [3ms]
[2022-03-18T05:36:09.373Z] > git symbolic-ref --short HEAD [3ms]
[2022-03-18T05:36:09.395Z] > git for-each-ref --format=%(refname)%00%(upstream:short)%00%(objectname)%00%(upstream:track) refs/heads/main refs/remotes/main [6ms]
[2022-03-18T05:36:09.431Z] > git for-each-ref --sort -committerdate --format %(refname) %(objectname) %(*objectname) [19ms]
[2022-03-18T05:36:09.432Z] > git remote --verbose [4ms]
[2022-03-18T05:36:09.457Z] > git config --get commit.template [3ms]
[2022-03-18T05:36:14.715Z] > git symbolic-ref --short HEAD [3ms]
[2022-03-18T05:36:14.737Z] > git for-each-ref --format=%(refname)%00%(upstream:short)%00%(objectname)%00%(upstream:track) refs/heads/main refs/remotes/main [5ms]
[2022-03-18T05:36:14.773Z] > git for-each-ref --sort -committerdate --format %(refname) %(objectname) %(*objectname) [19ms]
[2022-03-18T05:36:14.776Z] > git remote --verbose [5ms]
[2022-03-18T05:36:14.802Z] > git config --get commit.template [3ms]
[2022-03-18T05:36:20.048Z] > git symbolic-ref --short HEAD [3ms]
[2022-03-18T05:36:20.071Z] > git for-each-ref --format=%(refname)%00%(upstream:short)%00%(objectname)%00%(upstream:track) refs/heads/main refs/remotes/main [6ms]
[2022-03-18T05:36:20.106Z] > git for-each-ref --sort -committerdate --format %(refname) %(objectname) %(*objectname) [19ms]
[2022-03-18T05:36:20.107Z] > git remote --verbose [3ms]
[2022-03-18T05:36:20.132Z] > git config --get commit.template [4ms]
[2022-03-18T05:37:51.368Z] > git ls-files --stage -- /home/pi/workspace/Opencv/detect/ex01.py [37ms]
[2022-03-18T05:37:51.385Z] > git ls-files --stage -- /home/pi/workspace/Opencv/detect/haardetect.py [22ms]
[2022-03-18T05:37:51.516Z] > git symbolic-ref --short HEAD [3ms]
[2022-03-18T05:37:51.539Z] > git for-each-ref --format=%(refname)%00%(upstream:short)%00%(objectname)%00%(upstream:track) refs/heads/main refs/remotes/main [6ms]
[2022-03-18T05:37:51.574Z] > git for-each-ref --sort -committerdate --format %(refname) %(objectname) %(*objectname) [19ms]
[2022-03-18T05:37:51.576Z] > git remote --verbose [4ms]
[2022-03-18T05:37:51.600Z] > git config --get commit.template [3ms]
[2022-03-18T05:37:51.963Z] > git fetch [726ms]
[2022-03-18T05:37:52.193Z] > git symbolic-ref --short HEAD [4ms]
[2022-03-18T05:37:52.215Z] > git for-each-ref --format=%(refname)%00%(upstream:short)%00%(objectname)%00%(upstream:track) refs/heads/main refs/remotes/main [6ms]
[2022-03-18T05:37:52.250Z] > git for-each-ref --sort -committerdate --format %(refname) %(objectname) %(*objectname) [19ms]
[2022-03-18T05:37:52.251Z] > git remote --verbose [3ms]
[2022-03-18T05:37:52.276Z] > git config --get commit.template [3ms]
[2022-03-18T05:37:53.225Z] > git ls-files --stage -- /home/pi/workspace/Opencv/detect/ex01.py [35ms]
[2022-03-18T05:37:53.276Z] > git ls-files --stage -- /home/pi/workspace/Opencv/detect/haardetect.py [55ms]
[2022-03-18T05:37:56.864Z] > git symbolic-ref --short HEAD [4ms]
[2022-03-18T05:37:56.886Z] > git for-each-ref --format=%(refname)%00%(upstream:short)%00%(objectname)%00%(upstream:track) refs/heads/main refs/remotes/main [5ms]
[2022-03-18T05:37:56.921Z] > git for-each-ref --sort -committerdate --format %(refname) %(objectname) %(*objectname) [19ms]
[2022-03-18T05:37:56.922Z] > git remote --verbose [3ms]
[2022-03-18T05:37:56.949Z] > git config --get commit.template [3ms]
[2022-03-18T05:38:02.206Z] > git symbolic-ref --short HEAD [3ms]
[2022-03-18T05:38:02.228Z] > git for-each-ref --format=%(refname)%00%(upstream:short)%00%(objectname)%00%(upstream:track) refs/heads/main refs/remotes/main [6ms]
[2022-03-18T05:38:02.264Z] > git for-each-ref --sort -committerdate --format %(refname) %(objectname) %(*objectname) [20ms]
[2022-03-18T05:38:02.265Z] > git remote --verbose [4ms]
[2022-03-18T05:38:02.290Z] > git config --get commit.template [3ms]
[2022-03-18T05:38:07.547Z] > git symbolic-ref --short HEAD [3ms]
[2022-03-18T05:38:07.570Z] > git for-each-ref --format=%(refname)%00%(upstream:short)%00%(objectname)%00%(upstream:track) refs/heads/main refs/remotes/main [6ms]
[2022-03-18T05:38:07.605Z] > git for-each-ref --sort -committerdate --format %(refname) %(objectname) %(*objectname) [19ms]
[2022-03-18T05:38:07.606Z] > git remote --verbose [3ms]
[2022-03-18T05:38:07.632Z] > git config --get commit.template [3ms]
[2022-03-18T05:38:12.881Z] > git symbolic-ref --short HEAD [4ms]
[2022-03-18T05:38:12.903Z] > git for-each-ref --format=%(refname)%00%(upstream:short)%00%(objectname)%00%(upstream:track) refs/heads/main refs/remotes/main [6ms]
[2022-03-18T05:38:12.939Z] > git for-each-ref --sort -committerdate --format %(refname) %(objectname) %(*objectname) [19ms]
[2022-03-18T05:38:12.941Z] > git remote --verbose [5ms]
[2022-03-18T05:38:12.966Z] > git config --get commit.template [4ms]
[2022-03-18T05:38:18.157Z] > git symbolic-ref --short HEAD [3ms]
[2022-03-18T05:38:18.181Z] > git for-each-ref --format=%(refname)%00%(upstream:short)%00%(objectname)%00%(upstream:track) refs/heads/main refs/remotes/main [6ms]
[2022-03-18T05:38:18.218Z] > git for-each-ref --sort -committerdate --format %(refname) %(objectname) %(*objectname) [21ms]
[2022-03-18T05:38:18.219Z] > git remote --verbose [4ms]
[2022-03-18T05:38:18.246Z] > git config --get commit.template [3ms]
[2022-03-18T05:38:23.438Z] > git symbolic-ref --short HEAD [3ms]
[2022-03-18T05:38:23.460Z] > git for-each-ref --format=%(refname)%00%(upstream:short)%00%(objectname)%00%(upstream:track) refs/heads/main refs/remotes/main [5ms]
[2022-03-18T05:38:23.495Z] > git for-each-ref --sort -committerdate --format %(refname) %(objectname) %(*objectname) [19ms]
[2022-03-18T05:38:23.496Z] > git remote --verbose [3ms]
[2022-03-18T05:38:23.521Z] > git config --get commit.template [4ms]
[2022-03-18T05:38:28.774Z] > git symbolic-ref --short HEAD [4ms]
[2022-03-18T05:38:28.799Z] > git for-each-ref --format=%(refname)%00%(upstream:short)%00%(objectname)%00%(upstream:track) refs/heads/main refs/remotes/main [6ms]
[2022-03-18T05:38:28.835Z] > git for-each-ref --sort -committerdate --format %(refname) %(objectname) %(*objectname) [20ms]
[2022-03-18T05:38:28.836Z] > git remote --verbose [4ms]
[2022-03-18T05:38:28.870Z] > git config --get commit.template [4ms]
[2022-03-18T05:38:34.145Z] > git symbolic-ref --short HEAD [3ms]
[2022-03-18T05:38:34.171Z] > git for-each-ref --format=%(refname)%00%(upstream:short)%00%(objectname)%00%(upstream:track) refs/heads/main refs/remotes/main [9ms]
[2022-03-18T05:38:34.207Z] > git for-each-ref --sort -committerdate --format %(refname) %(objectname) %(*objectname) [20ms]
[2022-03-18T05:38:34.208Z] > git remote --verbose [4ms]
[2022-03-18T05:38:34.242Z] > git config --get commit.template [10ms]
[2022-03-18T05:38:39.492Z] > git symbolic-ref --short HEAD [4ms]
[2022-03-18T05:38:39.514Z] > git for-each-ref --format=%(refname)%00%(upstream:short)%00%(objectname)%00%(upstream:track) refs/heads/main refs/remotes/main [5ms]
[2022-03-18T05:38:39.549Z] > git for-each-ref --sort -committerdate --format %(refname) %(objectname) %(*objectname) [18ms]
[2022-03-18T05:38:39.551Z] > git remote --verbose [4ms]
[2022-03-18T05:38:39.578Z] > git config --get commit.template [4ms]
[2022-03-18T05:39:36.880Z] > git symbolic-ref --short HEAD [4ms]
[2022-03-18T05:39:36.905Z] > git for-each-ref --format=%(refname)%00%(upstream:short)%00%(objectname)%00%(upstream:track) refs/heads/main refs/remotes/main [6ms]
[2022-03-18T05:39:36.940Z] > git for-each-ref --sort -committerdate --format %(refname) %(objectname) %(*objectname) [19ms]
[2022-03-18T05:39:36.941Z] > git remote --verbose [3ms]
[2022-03-18T05:39:36.966Z] > git config --get commit.template [3ms]
[2022-03-18T05:39:42.187Z] > git symbolic-ref --short HEAD [5ms]
[2022-03-18T05:39:42.211Z] > git for-each-ref --format=%(refname)%00%(upstream:short)%00%(objectname)%00%(upstream:track) refs/heads/main refs/remotes/main [7ms]
[2022-03-18T05:39:42.246Z] > git for-each-ref --sort -committerdate --format %(refname) %(objectname) %(*objectname) [19ms]
[2022-03-18T05:39:42.248Z] > git remote --verbose [4ms]
[2022-03-18T05:39:42.277Z] > git config --get commit.template [4ms]
[2022-03-18T05:39:47.477Z] > git symbolic-ref --short HEAD [6ms]
[2022-03-18T05:39:47.503Z] > git for-each-ref --format=%(refname)%00%(upstream:short)%00%(objectname)%00%(upstream:track) refs/heads/main refs/remotes/main [7ms]
[2022-03-18T05:39:47.539Z] > git for-each-ref --sort -committerdate --format %(refname) %(objectname) %(*objectname) [20ms]
[2022-03-18T05:39:47.541Z] > git remote --verbose [5ms]
[2022-03-18T05:39:47.565Z] > git config --get commit.template [4ms]
[2022-03-18T05:39:52.802Z] > git symbolic-ref --short HEAD [3ms]
[2022-03-18T05:39:52.824Z] > git for-each-ref --format=%(refname)%00%(upstream:short)%00%(objectname)%00%(upstream:track) refs/heads/main refs/remotes/main [6ms]
[2022-03-18T05:39:52.859Z] > git for-each-ref --sort -committerdate --format %(refname) %(objectname) %(*objectname) [19ms]
[2022-03-18T05:39:52.860Z] > git remote --verbose [3ms]
[2022-03-18T05:39:52.887Z] > git config --get commit.template [4ms]
[2022-03-18T05:39:58.079Z] > git symbolic-ref --short HEAD [4ms]
[2022-03-18T05:39:58.101Z] > git for-each-ref --format=%(refname)%00%(upstream:short)%00%(objectname)%00%(upstream:track) refs/heads/main refs/remotes/main [6ms]
[2022-03-18T05:39:58.136Z] > git for-each-ref --sort -committerdate --format %(refname) %(objectname) %(*objectname) [19ms]
[2022-03-18T05:39:58.137Z] > git remote --verbose [3ms]
[2022-03-18T05:39:58.161Z] > git config --get commit.template [3ms]
[2022-03-18T05:40:03.415Z] > git symbolic-ref --short HEAD [4ms]
[2022-03-18T05:40:03.437Z] > git for-each-ref --format=%(refname)%00%(upstream:short)%00%(objectname)%00%(upstream:track) refs/heads/main refs/remotes/main [6ms]
[2022-03-18T05:40:03.473Z] > git for-each-ref --sort -committerdate --format %(refname) %(objectname) %(*objectname) [19ms]
[2022-03-18T05:40:03.474Z] > git remote --verbose [4ms]
[2022-03-18T05:40:03.498Z] > git config --get commit.template [3ms]
[2022-03-18T05:40:08.767Z] > git symbolic-ref --short HEAD [4ms]
[2022-03-18T05:40:08.790Z] > git for-each-ref --format=%(refname)%00%(upstream:short)%00%(objectname)%00%(upstream:track) refs/heads/main refs/remotes/main [6ms]
[2022-03-18T05:40:08.826Z] > git for-each-ref --sort -committerdate --format %(refname) %(objectname) %(*objectname) [19ms]
[2022-03-18T05:40:08.827Z] > git remote --verbose [3ms]
[2022-03-18T05:40:08.851Z] > git config --get commit.template [3ms]
[2022-03-18T05:40:34.434Z] > git symbolic-ref --short HEAD [3ms]
[2022-03-18T05:40:34.456Z] > git for-each-ref --format=%(refname)%00%(upstream:short)%00%(objectname)%00%(upstream:track) refs/heads/main refs/remotes/main [6ms]
[2022-03-18T05:40:34.491Z] > git for-each-ref --sort -committerdate --format %(refname) %(objectname) %(*objectname) [19ms]
[2022-03-18T05:40:34.492Z] > git remote --verbose [3ms]
[2022-03-18T05:40:34.519Z] > git config --get commit.template [4ms]
[2022-03-18T05:40:39.776Z] > git symbolic-ref --short HEAD [3ms]
[2022-03-18T05:40:39.798Z] > git for-each-ref --format=%(refname)%00%(upstream:short)%00%(objectname)%00%(upstream:track) refs/heads/main refs/remotes/main [6ms]
[2022-03-18T05:40:39.833Z] > git for-each-ref --sort -committerdate --format %(refname) %(objectname) %(*objectname) [19ms]
[2022-03-18T05:40:39.834Z] > git remote --verbose [3ms]
[2022-03-18T05:40:39.861Z] > git config --get commit.template [3ms]
[2022-03-18T05:40:45.118Z] > git symbolic-ref --short HEAD [3ms]
[2022-03-18T05:40:45.141Z] > git for-each-ref --format=%(refname)%00%(upstream:short)%00%(objectname)%00%(upstream:track) refs/heads/main refs/remotes/main [5ms]
[2022-03-18T05:40:45.178Z] > git for-each-ref --sort -committerdate --format %(refname) %(objectname) %(*objectname) [19ms]
[2022-03-18T05:40:45.179Z] > git remote --verbose [4ms]
[2022-03-18T05:40:45.204Z] > git config --get commit.template [4ms]
[2022-03-18T05:40:50.457Z] > git symbolic-ref --short HEAD [3ms]
[2022-03-18T05:40:50.480Z] > git for-each-ref --format=%(refname)%00%(upstream:short)%00%(objectname)%00%(upstream:track) refs/heads/main refs/remotes/main [7ms]
[2022-03-18T05:40:50.516Z] > git for-each-ref --sort -committerdate --format %(refname) %(objectname) %(*objectname) [20ms]
[2022-03-18T05:40:50.517Z] > git remote --verbose [3ms]
[2022-03-18T05:40:50.544Z] > git config --get commit.template [3ms]
[2022-03-18T05:40:53.114Z] > git fetch [805ms]
[2022-03-18T05:40:53.326Z] > git symbolic-ref --short HEAD [3ms]
[2022-03-18T05:40:53.349Z] > git for-each-ref --format=%(refname)%00%(upstream:short)%00%(objectname)%00%(upstream:track) refs/heads/main refs/remotes/main [6ms]
[2022-03-18T05:40:53.385Z] > git for-each-ref --sort -committerdate --format %(refname) %(objectname) %(*objectname) [20ms]
[2022-03-18T05:40:53.386Z] > git remote --verbose [4ms]
[2022-03-18T05:40:53.415Z] > git config --get commit.template [6ms]
[2022-03-18T05:40:54.356Z] > git ls-files --stage -- /home/pi/workspace/Opencv/detect/ex01.py [20ms]
[2022-03-18T05:40:54.370Z] > git ls-files --stage -- /home/pi/workspace/Opencv/detect/haardetect.py [16ms]
[2022-03-18T05:40:55.791Z] > git symbolic-ref --short HEAD [3ms]
[2022-03-18T05:40:55.812Z] > git for-each-ref --format=%(refname)%00%(upstream:short)%00%(objectname)%00%(upstream:track) refs/heads/main refs/remotes/main [5ms]
[2022-03-18T05:40:55.848Z] > git for-each-ref --sort -committerdate --format %(refname) %(objectname) %(*objectname) [19ms]
[2022-03-18T05:40:55.849Z] > git remote --verbose [4ms]
[2022-03-18T05:40:55.876Z] > git config --get commit.template [2ms]
[2022-03-18T05:41:01.117Z] > git symbolic-ref --short HEAD [4ms]
[2022-03-18T05:41:01.139Z] > git for-each-ref --format=%(refname)%00%(upstream:short)%00%(objectname)%00%(upstream:track) refs/heads/main refs/remotes/main [6ms]
[2022-03-18T05:41:01.174Z] > git for-each-ref --sort -committerdate --format %(refname) %(objectname) %(*objectname) [19ms]
[2022-03-18T05:41:01.175Z] > git remote --verbose [3ms]
[2022-03-18T05:41:01.200Z] > git config --get commit.template [4ms]
[2022-03-18T05:41:06.452Z] > git symbolic-ref --short HEAD [3ms]
[2022-03-18T05:41:06.474Z] > git for-each-ref --format=%(refname)%00%(upstream:short)%00%(objectname)%00%(upstream:track) refs/heads/main refs/remotes/main [5ms]
[2022-03-18T05:41:06.510Z] > git for-each-ref --sort -committerdate --format %(refname) %(objectname) %(*objectname) [19ms]
[2022-03-18T05:41:06.511Z] > git remote --verbose [4ms]
[2022-03-18T05:41:06.535Z] > git config --get commit.template [3ms]
[2022-03-18T05:41:11.736Z] > git symbolic-ref --short HEAD [3ms]
[2022-03-18T05:41:11.759Z] > git for-each-ref --format=%(refname)%00%(upstream:short)%00%(objectname)%00%(upstream:track) refs/heads/main refs/remotes/main [5ms]
[2022-03-18T05:41:11.794Z] > git for-each-ref --sort -committerdate --format %(refname) %(objectname) %(*objectname) [19ms]
[2022-03-18T05:41:11.795Z] > git remote --verbose [4ms]
[2022-03-18T05:41:11.821Z] > git config --get commit.template [3ms]
[2022-03-18T05:41:17.087Z] > git symbolic-ref --short HEAD [4ms]
[2022-03-18T05:41:17.109Z] > git for-each-ref --format=%(refname)%00%(upstream:short)%00%(objectname)%00%(upstream:track) refs/heads/main refs/remotes/main [5ms]
[2022-03-18T05:41:17.145Z] > git for-each-ref --sort -committerdate --format %(refname) %(objectname) %(*objectname) [19ms]
[2022-03-18T05:41:17.147Z] > git remote --verbose [4ms]
[2022-03-18T05:41:17.172Z] > git config --get commit.template [4ms]
[2022-03-18T05:41:22.440Z] > git symbolic-ref --short HEAD [3ms]
[2022-03-18T05:41:22.462Z] > git for-each-ref --format=%(refname)%00%(upstream:short)%00%(objectname)%00%(upstream:track) refs/heads/main refs/remotes/main [5ms]
[2022-03-18T05:41:22.498Z] > git for-each-ref --sort -committerdate --format %(refname) %(objectname) %(*objectname) [19ms]
[2022-03-18T05:41:22.499Z] > git remote --verbose [3ms]
[2022-03-18T05:41:22.523Z] > git config --get commit.template [3ms]
[2022-03-18T05:41:27.797Z] > git symbolic-ref --short HEAD [4ms]
[2022-03-18T05:41:27.819Z] > git for-each-ref --format=%(refname)%00%(upstream:short)%00%(objectname)%00%(upstream:track) refs/heads/main refs/remotes/main [6ms]
[2022-03-18T05:41:27.857Z] > git for-each-ref --sort -committerdate --format %(refname) %(objectname) %(*objectname) [18ms]
[2022-03-18T05:41:27.858Z] > git remote --verbose [4ms]
[2022-03-18T05:41:27.882Z] > git config --get commit.template [3ms]
[2022-03-18T05:41:33.137Z] > git symbolic-ref --short HEAD [3ms]
[2022-03-18T05:41:33.160Z] > git for-each-ref --format=%(refname)%00%(upstream:short)%00%(objectname)%00%(upstream:track) refs/heads/main refs/remotes/main [6ms]
[2022-03-18T05:41:33.197Z] > git for-each-ref --sort -committerdate --format %(refname) %(objectname) %(*objectname) [20ms]
[2022-03-18T05:41:33.198Z] > git remote --verbose [3ms]
[2022-03-18T05:41:33.223Z] > git config --get commit.template [4ms]
[2022-03-18T05:41:38.463Z] > git symbolic-ref --short HEAD [4ms]
[2022-03-18T05:41:38.485Z] > git for-each-ref --format=%(refname)%00%(upstream:short)%00%(objectname)%00%(upstream:track) refs/heads/main refs/remotes/main [6ms]
[2022-03-18T05:41:38.520Z] > git for-each-ref --sort -committerdate --format %(refname) %(objectname) %(*objectname) [18ms]
[2022-03-18T05:41:38.522Z] > git remote --verbose [3ms]
[2022-03-18T05:41:38.548Z] > git config --get commit.template [3ms]
[2022-03-18T05:41:43.797Z] > git symbolic-ref --short HEAD [4ms]
[2022-03-18T05:41:43.822Z] > git for-each-ref --format=%(refname)%00%(upstream:short)%00%(objectname)%00%(upstream:track) refs/heads/main refs/remotes/main [8ms]
[2022-03-18T05:41:43.858Z] > git for-each-ref --sort -committerdate --format %(refname) %(objectname) %(*objectname) [19ms]
[2022-03-18T05:41:43.859Z] > git remote --verbose [4ms]
[2022-03-18T05:41:43.883Z] > git config --get commit.template [3ms]
[2022-03-18T05:41:49.160Z] > git symbolic-ref --short HEAD [3ms]
[2022-03-18T05:41:49.184Z] > git for-each-ref --format=%(refname)%00%(upstream:short)%00%(objectname)%00%(upstream:track) refs/heads/main refs/remotes/main [6ms]
[2022-03-18T05:41:49.219Z] > git for-each-ref --sort -committerdate --format %(refname) %(objectname) %(*objectname) [19ms]
[2022-03-18T05:41:49.220Z] > git remote --verbose [3ms]
[2022-03-18T05:41:49.244Z] > git config --get commit.template [3ms]
[2022-03-18T05:41:54.517Z] > git symbolic-ref --short HEAD [3ms]
[2022-03-18T05:41:54.541Z] > git for-each-ref --format=%(refname)%00%(upstream:short)%00%(objectname)%00%(upstream:track) refs/heads/main refs/remotes/main [5ms]
[2022-03-18T05:41:54.578Z] > git for-each-ref --sort -committerdate --format %(refname) %(objectname) %(*objectname) [20ms]
[2022-03-18T05:41:54.579Z] > git remote --verbose [4ms]
[2022-03-18T05:41:54.603Z] > git config --get commit.template [3ms]
[2022-03-18T05:41:59.820Z] > git symbolic-ref --short HEAD [9ms]
[2022-03-18T05:41:59.843Z] > git for-each-ref --format=%(refname)%00%(upstream:short)%00%(objectname)%00%(upstream:track) refs/heads/main refs/remotes/main [6ms]
[2022-03-18T05:41:59.879Z] > git for-each-ref --sort -committerdate --format %(refname) %(objectname) %(*objectname) [19ms]
[2022-03-18T05:41:59.880Z] > git remote --verbose [4ms]
[2022-03-18T05:41:59.905Z] > git config --get commit.template [3ms]
[2022-03-18T05:42:05.177Z] > git symbolic-ref --short HEAD [3ms]
[2022-03-18T05:42:05.200Z] > git for-each-ref --format=%(refname)%00%(upstream:short)%00%(objectname)%00%(upstream:track) refs/heads/main refs/remotes/main [5ms]
[2022-03-18T05:42:05.235Z] > git for-each-ref --sort -committerdate --format %(refname) %(objectname) %(*objectname) [19ms]
[2022-03-18T05:42:05.236Z] > git remote --verbose [4ms]
[2022-03-18T05:42:05.260Z] > git config --get commit.template [3ms]
[2022-03-18T05:42:10.515Z] > git symbolic-ref --short HEAD [3ms]
[2022-03-18T05:42:10.537Z] > git for-each-ref --format=%(refname)%00%(upstream:short)%00%(objectname)%00%(upstream:track) refs/heads/main refs/remotes/main [5ms]
[2022-03-18T05:42:10.574Z] > git for-each-ref --sort -committerdate --format %(refname) %(objectname) %(*objectname) [20ms]
[2022-03-18T05:42:10.575Z] > git remote --verbose [3ms]
[2022-03-18T05:42:10.601Z] > git config --get commit.template [4ms]
[2022-03-18T05:42:15.836Z] > git symbolic-ref --short HEAD [3ms]
[2022-03-18T05:42:15.859Z] > git for-each-ref --format=%(refname)%00%(upstream:short)%00%(objectname)%00%(upstream:track) refs/heads/main refs/remotes/main [6ms]
[2022-03-18T05:42:15.894Z] > git for-each-ref --sort -committerdate --format %(refname) %(objectname) %(*objectname) [19ms]
[2022-03-18T05:42:15.896Z] > git remote --verbose [4ms]
[2022-03-18T05:42:15.920Z] > git config --get commit.template [3ms]
[2022-03-18T05:42:21.170Z] > git symbolic-ref --short HEAD [4ms]
[2022-03-18T05:42:21.194Z] > git for-each-ref --format=%(refname)%00%(upstream:short)%00%(objectname)%00%(upstream:track) refs/heads/main refs/remotes/main [6ms]
[2022-03-18T05:42:21.230Z] > git for-each-ref --sort -committerdate --format %(refname) %(objectname) %(*objectname) [20ms]
[2022-03-18T05:42:21.231Z] > git remote --verbose [4ms]
[2022-03-18T05:42:21.257Z] > git config --get commit.template [4ms]
[2022-03-18T05:42:26.516Z] > git symbolic-ref --short HEAD [3ms]
[2022-03-18T05:42:26.538Z] > git for-each-ref --format=%(refname)%00%(upstream:short)%00%(objectname)%00%(upstream:track) refs/heads/main refs/remotes/main [6ms]
[2022-03-18T05:42:26.573Z] > git for-each-ref --sort -committerdate --format %(refname) %(objectname) %(*objectname) [19ms]
[2022-03-18T05:42:26.574Z] > git remote --verbose [3ms]
[2022-03-18T05:42:26.601Z] > git config --get commit.template [3ms]
[2022-03-18T05:42:31.853Z] > git symbolic-ref --short HEAD [3ms]
[2022-03-18T05:42:31.876Z] > git for-each-ref --format=%(refname)%00%(upstream:short)%00%(objectname)%00%(upstream:track) refs/heads/main refs/remotes/main [6ms]
[2022-03-18T05:42:31.911Z] > git for-each-ref --sort -committerdate --format %(refname) %(objectname) %(*objectname) [19ms]
[2022-03-18T05:42:31.912Z] > git remote --verbose [3ms]
[2022-03-18T05:42:31.936Z] > git config --get commit.template [3ms]
[2022-03-18T05:42:37.219Z] > git symbolic-ref --short HEAD [3ms]
[2022-03-18T05:42:37.242Z] > git for-each-ref --format=%(refname)%00%(upstream:short)%00%(objectname)%00%(upstream:track) refs/heads/main refs/remotes/main [6ms]
[2022-03-18T05:42:37.279Z] > git for-each-ref --sort -committerdate --format %(refname) %(objectname) %(*objectname) [21ms]
[2022-03-18T05:42:37.280Z] > git remote --verbose [4ms]
[2022-03-18T05:42:37.304Z] > git config --get commit.template [3ms]
[2022-03-18T05:42:42.546Z] > git symbolic-ref --short HEAD [3ms]
[2022-03-18T05:42:42.568Z] > git for-each-ref --format=%(refname)%00%(upstream:short)%00%(objectname)%00%(upstream:track) refs/heads/main refs/remotes/main [6ms]
[2022-03-18T05:42:42.604Z] > git for-each-ref --sort -committerdate --format %(refname) %(objectname) %(*objectname) [19ms]
[2022-03-18T05:42:42.605Z] > git remote --verbose [3ms]
[2022-03-18T05:42:42.629Z] > git config --get commit.template [3ms]
[2022-03-18T05:42:47.891Z] > git symbolic-ref --short HEAD [4ms]
[2022-03-18T05:42:47.913Z] > git for-each-ref --format=%(refname)%00%(upstream:short)%00%(objectname)%00%(upstream:track) refs/heads/main refs/remotes/main [6ms]
[2022-03-18T05:42:47.949Z] > git for-each-ref --sort -committerdate --format %(refname) %(objectname) %(*objectname) [19ms]
[2022-03-18T05:42:47.950Z] > git remote --verbose [4ms]
[2022-03-18T05:42:47.976Z] > git config --get commit.template [3ms]
[2022-03-18T05:43:28.755Z] > git symbolic-ref --short HEAD [4ms]
[2022-03-18T05:43:28.777Z] > git for-each-ref --format=%(refname)%00%(upstream:short)%00%(objectname)%00%(upstream:track) refs/heads/main refs/remotes/main [6ms]
[2022-03-18T05:43:28.817Z] > git for-each-ref --sort -committerdate --format %(refname) %(objectname) %(*objectname) [22ms]
[2022-03-18T05:43:28.818Z] > git remote --verbose [6ms]
[2022-03-18T05:43:28.842Z] > git config --get commit.template [3ms]
[2022-03-18T05:43:34.108Z] > git symbolic-ref --short HEAD [3ms]
[2022-03-18T05:43:34.132Z] > git for-each-ref --format=%(refname)%00%(upstream:short)%00%(objectname)%00%(upstream:track) refs/heads/main refs/remotes/main [5ms]
[2022-03-18T05:43:34.169Z] > git for-each-ref --sort -committerdate --format %(refname) %(objectname) %(*objectname) [19ms]
[2022-03-18T05:43:34.170Z] > git remote --verbose [3ms]
[2022-03-18T05:43:34.195Z] > git config --get commit.template [4ms]
[2022-03-18T05:43:39.457Z] > git symbolic-ref --short HEAD [3ms]
[2022-03-18T05:43:39.479Z] > git for-each-ref --format=%(refname)%00%(upstream:short)%00%(objectname)%00%(upstream:track) refs/heads/main refs/remotes/main [6ms]
[2022-03-18T05:43:39.520Z] > git for-each-ref --sort -committerdate --format %(refname) %(objectname) %(*objectname) [24ms]
[2022-03-18T05:43:39.520Z] > git remote --verbose [8ms]
[2022-03-18T05:43:39.544Z] > git config --get commit.template [3ms]
[2022-03-18T05:43:44.790Z] > git symbolic-ref --short HEAD [3ms]
[2022-03-18T05:43:44.813Z] > git for-each-ref --format=%(refname)%00%(upstream:short)%00%(objectname)%00%(upstream:track) refs/heads/main refs/remotes/main [7ms]
[2022-03-18T05:43:44.851Z] > git for-each-ref --sort -committerdate --format %(refname) %(objectname) %(*objectname) [22ms]
[2022-03-18T05:43:44.852Z] > git remote --verbose [4ms]
[2022-03-18T05:43:44.876Z] > git config --get commit.template [3ms]
[2022-03-18T05:43:50.139Z] > git symbolic-ref --short HEAD [3ms]
[2022-03-18T05:43:50.162Z] > git for-each-ref --format=%(refname)%00%(upstream:short)%00%(objectname)%00%(upstream:track) refs/heads/main refs/remotes/main [6ms]
[2022-03-18T05:43:50.197Z] > git for-each-ref --sort -committerdate --format %(refname) %(objectname) %(*objectname) [19ms]
[2022-03-18T05:43:50.198Z] > git remote --verbose [4ms]
[2022-03-18T05:43:50.223Z] > git config --get commit.template [4ms]
[2022-03-18T05:43:51.747Z] > git add -A -- /home/pi/workspace/Opencv/detect/haardetect.py [41ms]
[2022-03-18T05:43:51.747Z] fatal: Pathspec '/home/pi/workspace/Opencv/detect/haardetect.py' is in submodule 'workspace/Opencv'
[2022-03-18T05:43:54.395Z] > git fetch [937ms]
[2022-03-18T05:43:54.632Z] > git symbolic-ref --short HEAD [4ms]
[2022-03-18T05:43:54.654Z] > git for-each-ref --format=%(refname)%00%(upstream:short)%00%(objectname)%00%(upstream:track) refs/heads/main refs/remotes/main [6ms]
[2022-03-18T05:43:54.690Z] > git for-each-ref --sort -committerdate --format %(refname) %(objectname) %(*objectname) [20ms]
[2022-03-18T05:43:54.691Z] > git remote --verbose [3ms]
[2022-03-18T05:43:54.730Z] > git config --get commit.template [3ms]
[2022-03-18T05:43:55.461Z] > git symbolic-ref --short HEAD [3ms]
[2022-03-18T05:43:55.485Z] > git for-each-ref --format=%(refname)%00%(upstream:short)%00%(objectname)%00%(upstream:track) refs/heads/main refs/remotes/main [7ms]
[2022-03-18T05:43:55.526Z] > git for-each-ref --sort -committerdate --format %(refname) %(objectname) %(*objectname) [22ms]
[2022-03-18T05:43:55.527Z] > git remote --verbose [4ms]
[2022-03-18T05:43:55.552Z] > git config --get commit.template [3ms]
[2022-03-18T05:43:55.685Z] > git ls-files --stage -- /home/pi/workspace/Opencv/detect/haardetect.py [52ms]
[2022-03-18T05:43:55.687Z] > git ls-files --stage -- /home/pi/workspace/Opencv/detect/ex01.py [73ms]
[2022-03-18T05:43:58.803Z] > git add -A -- /home/pi/workspace/Opencv/detect/haardetect.py [40ms]
[2022-03-18T05:43:58.803Z] fatal: Pathspec '/home/pi/workspace/Opencv/detect/haardetect.py' is in submodule 'workspace/Opencv'
[2022-03-18T05:44:00.821Z] > git symbolic-ref --short HEAD [4ms]
[2022-03-18T05:44:00.844Z] > git for-each-ref --format=%(refname)%00%(upstream:short)%00%(objectname)%00%(upstream:track) refs/heads/main refs/remotes/main [5ms]
[2022-03-18T05:44:00.880Z] > git for-each-ref --sort -committerdate --format %(refname) %(objectname) %(*objectname) [20ms]
[2022-03-18T05:44:00.881Z] > git remote --verbose [4ms]
[2022-03-18T05:44:00.907Z] > git config --get commit.template [3ms]
[2022-03-18T05:44:06.157Z] > git symbolic-ref --short HEAD [4ms]
[2022-03-18T05:44:06.184Z] > git for-each-ref --format=%(refname)%00%(upstream:short)%00%(objectname)%00%(upstream:track) refs/heads/main refs/remotes/main [6ms]
[2022-03-18T05:44:06.223Z] > git for-each-ref --sort -committerdate --format %(refname) %(objectname) %(*objectname) [20ms]
[2022-03-18T05:44:06.224Z] > git remote --verbose [5ms]
[2022-03-18T05:44:06.248Z] > git config --get commit.template [3ms]
[2022-03-18T05:44:11.512Z] > git symbolic-ref --short HEAD [3ms]
[2022-03-18T05:44:11.541Z] > git for-each-ref --format=%(refname)%00%(upstream:short)%00%(objectname)%00%(upstream:track) refs/heads/main refs/remotes/main [12ms]
[2022-03-18T05:44:11.580Z] > git for-each-ref --sort -committerdate --format %(refname) %(objectname) %(*objectname) [23ms]
[2022-03-18T05:44:11.581Z] > git remote --verbose [7ms]
[2022-03-18T05:44:11.606Z] > git config --get commit.template [4ms]
[2022-03-18T05:44:14.970Z] > git add -A -- . [268ms]
[2022-03-18T05:44:15.160Z] > git -c user.useConfigOnly=true commit --quiet --allow-empty-message --file - [172ms]
[2022-03-18T05:44:15.353Z] > git symbolic-ref --short HEAD [3ms]
[2022-03-18T05:44:15.376Z] > git for-each-ref --format=%(refname)%00%(upstream:short)%00%(objectname)%00%(upstream:track) refs/heads/main refs/remotes/main [6ms]
[2022-03-18T05:44:15.412Z] > git for-each-ref --sort -committerdate --format %(refname) %(objectname) %(*objectname) [19ms]
[2022-03-18T05:44:15.413Z] > git remote --verbose [4ms]
[2022-03-18T05:44:15.439Z] > git config --get commit.template [3ms]
[2022-03-18T05:44:15.460Z] > git config --get commit.template [3ms]
[2022-03-18T05:44:16.427Z] > git ls-files --stage -- /home/pi/workspace/Opencv/detect/ex01.py [36ms]
[2022-03-18T05:44:16.476Z] > git ls-files --stage -- /home/pi/workspace/Opencv/detect/haardetect.py [52ms]
[2022-03-18T05:44:16.811Z] > git symbolic-ref --short HEAD [4ms]
[2022-03-18T05:44:16.834Z] > git for-each-ref --format=%(refname)%00%(upstream:short)%00%(objectname)%00%(upstream:track) refs/heads/main refs/remotes/main [6ms]
[2022-03-18T05:44:16.870Z] > git for-each-ref --sort -committerdate --format %(refname) %(objectname) %(*objectname) [20ms]
[2022-03-18T05:44:16.871Z] > git remote --verbose [3ms]
[2022-03-18T05:44:16.895Z] > git config --get commit.template [3ms]
[2022-03-18T05:44:22.159Z] > git symbolic-ref --short HEAD [3ms]
[2022-03-18T05:44:22.185Z] > git for-each-ref --format=%(refname)%00%(upstream:short)%00%(objectname)%00%(upstream:track) refs/heads/main refs/remotes/main [9ms]
[2022-03-18T05:44:22.222Z] > git for-each-ref --sort -committerdate --format %(refname) %(objectname) %(*objectname) [19ms]
[2022-03-18T05:44:22.224Z] > git remote --verbose [5ms]
[2022-03-18T05:44:22.247Z] > git config --get commit.template [3ms]
[2022-03-18T05:44:24.341Z] > git ls-files --stage -- /home/pi/workspace/Opencv/detect/ex02.py [17ms]
[2022-03-18T05:44:27.502Z] > git symbolic-ref --short HEAD [3ms]
[2022-03-18T05:44:27.526Z] > git for-each-ref --format=%(refname)%00%(upstream:short)%00%(objectname)%00%(upstream:track) refs/heads/main refs/remotes/main [7ms]
[2022-03-18T05:44:27.562Z] > git for-each-ref --sort -committerdate --format %(refname) %(objectname) %(*objectname) [19ms]
[2022-03-18T05:44:27.563Z] > git remote --verbose [4ms]
[2022-03-18T05:44:27.587Z] > git config --get commit.template [3ms]
[2022-03-18T05:44:32.826Z] > git symbolic-ref --short HEAD [3ms]
[2022-03-18T05:44:32.849Z] > git for-each-ref --format=%(refname)%00%(upstream:short)%00%(objectname)%00%(upstream:track) refs/heads/main refs/remotes/main [5ms]
[2022-03-18T05:44:32.884Z] > git for-each-ref --sort -committerdate --format %(refname) %(objectname) %(*objectname) [19ms]
[2022-03-18T05:44:32.886Z] > git remote --verbose [4ms]
[2022-03-18T05:44:32.908Z] > git config --get commit.template [3ms]
[2022-03-18T05:44:38.151Z] > git symbolic-ref --short HEAD [3ms]
[2022-03-18T05:44:38.174Z] > git for-each-ref --format=%(refname)%00%(upstream:short)%00%(objectname)%00%(upstream:track) refs/heads/main refs/remotes/main [6ms]
[2022-03-18T05:44:38.210Z] > git for-each-ref --sort -committerdate --format %(refname) %(objectname) %(*objectname) [19ms]
[2022-03-18T05:44:38.211Z] > git remote --verbose [4ms]
[2022-03-18T05:44:38.236Z] > git config --get commit.template [3ms]
[2022-03-18T05:44:43.508Z] > git symbolic-ref --short HEAD [4ms]
[2022-03-18T05:44:43.530Z] > git for-each-ref --format=%(refname)%00%(upstream:short)%00%(objectname)%00%(upstream:track) refs/heads/main refs/remotes/main [6ms]
[2022-03-18T05:44:43.566Z] > git for-each-ref --sort -committerdate --format %(refname) %(objectname) %(*objectname) [19ms]
[2022-03-18T05:44:43.567Z] > git remote --verbose [3ms]
[2022-03-18T05:44:43.590Z] > git config --get commit.template [3ms]
[2022-03-18T05:44:48.874Z] > git symbolic-ref --short HEAD [4ms]
[2022-03-18T05:44:48.930Z] > git for-each-ref --format=%(refname)%00%(upstream:short)%00%(objectname)%00%(upstream:track) refs/heads/main refs/remotes/main [38ms]
[2022-03-18T05:44:48.968Z] > git remote --verbose [4ms]
[2022-03-18T05:44:48.969Z] > git for-each-ref --sort -committerdate --format %(refname) %(objectname) %(*objectname) [22ms]
[2022-03-18T05:44:48.992Z] > git config --get commit.template [4ms]
[2022-03-18T05:44:54.256Z] > git symbolic-ref --short HEAD [3ms]
[2022-03-18T05:44:54.279Z] > git for-each-ref --format=%(refname)%00%(upstream:short)%00%(objectname)%00%(upstream:track) refs/heads/main refs/remotes/main [6ms]
[2022-03-18T05:44:54.317Z] > git for-each-ref --sort -committerdate --format %(refname) %(objectname) %(*objectname) [21ms]
[2022-03-18T05:44:54.318Z] > git remote --verbose [5ms]
[2022-03-18T05:44:54.344Z] > git config --get commit.template [3ms]
[2022-03-18T05:44:59.609Z] > git symbolic-ref --short HEAD [4ms]
[2022-03-18T05:44:59.631Z] > git for-each-ref --format=%(refname)%00%(upstream:short)%00%(objectname)%00%(upstream:track) refs/heads/main refs/remotes/main [6ms]
[2022-03-18T05:44:59.668Z] > git for-each-ref --sort -committerdate --format %(refname) %(objectname) %(*objectname) [21ms]
[2022-03-18T05:44:59.669Z] > git remote --verbose [5ms]
[2022-03-18T05:44:59.691Z] > git config --get commit.template [3ms]
[2022-03-18T05:45:04.951Z] > git symbolic-ref --short HEAD [3ms]
[2022-03-18T05:45:04.975Z] > git for-each-ref --format=%(refname)%00%(upstream:short)%00%(objectname)%00%(upstream:track) refs/heads/main refs/remotes/main [5ms]
[2022-03-18T05:45:05.011Z] > git for-each-ref --sort -committerdate --format %(refname) %(objectname) %(*objectname) [20ms]
[2022-03-18T05:45:05.012Z] > git remote --verbose [3ms]
[2022-03-18T05:45:05.035Z] > git config --get commit.template [3ms]
[2022-03-18T05:45:10.304Z] > git symbolic-ref --short HEAD [3ms]
[2022-03-18T05:45:10.326Z] > git for-each-ref --format=%(refname)%00%(upstream:short)%00%(objectname)%00%(upstream:track) refs/heads/main refs/remotes/main [6ms]
[2022-03-18T05:45:10.365Z] > git for-each-ref --sort -committerdate --format %(refname) %(objectname) %(*objectname) [20ms]
[2022-03-18T05:45:10.366Z] > git remote --verbose [4ms]
[2022-03-18T05:45:10.389Z] > git config --get commit.template [3ms]
[2022-03-18T05:45:15.581Z] > git symbolic-ref --short HEAD [3ms]
[2022-03-18T05:45:15.605Z] > git for-each-ref --format=%(refname)%00%(upstream:short)%00%(objectname)%00%(upstream:track) refs/heads/main refs/remotes/main [7ms]
[2022-03-18T05:45:15.642Z] > git for-each-ref --sort -committerdate --format %(refname) %(objectname) %(*objectname) [20ms]
[2022-03-18T05:45:15.643Z] > git remote --verbose [4ms]
[2022-03-18T05:45:15.707Z] > git config --get commit.template [18ms]
[2022-03-18T05:45:18.038Z] > git log --format=%H%n%aN%n%aE%n%at%n%ct%n%P%n%B -z -n21 -- /home/pi/workspace/Opencv/detect/haardetect.py [16ms]
[2022-03-18T05:45:18.122Z] > git ls-files --stage -- /home/pi/workspace/Opencv/detect/haardetect.py [21ms]
[2022-03-18T05:45:20.967Z] > git symbolic-ref --short HEAD [3ms]
[2022-03-18T05:45:20.994Z] > git for-each-ref --format=%(refname)%00%(upstream:short)%00%(objectname)%00%(upstream:track) refs/heads/main refs/remotes/main [6ms]
[2022-03-18T05:45:21.031Z] > git for-each-ref --sort -committerdate --format %(refname) %(objectname) %(*objectname) [20ms]
[2022-03-18T05:45:21.032Z] > git remote --verbose [4ms]
[2022-03-18T05:45:21.056Z] > git config --get commit.template [3ms]
[2022-03-18T05:45:26.320Z] > git symbolic-ref --short HEAD [3ms]
[2022-03-18T05:45:26.343Z] > git for-each-ref --format=%(refname)%00%(upstream:short)%00%(objectname)%00%(upstream:track) refs/heads/main refs/remotes/main [6ms]
[2022-03-18T05:45:26.379Z] > git for-each-ref --sort -committerdate --format %(refname) %(objectname) %(*objectname) [19ms]
[2022-03-18T05:45:26.380Z] > git remote --verbose [3ms]
[2022-03-18T05:45:26.404Z] > git config --get commit.template [4ms]
[2022-03-18T05:45:27.927Z] > git log --format=%H%n%aN%n%aE%n%at%n%ct%n%P%n%B -z -n21 -- /home/pi/workspace/Opencv/detect/ex01.py [17ms]
[2022-03-18T05:45:28.064Z] > git ls-files --stage -- /home/pi/workspace/Opencv/detect/ex01.py [16ms]
[2022-03-18T05:45:31.658Z] > git symbolic-ref --short HEAD [3ms]
[2022-03-18T05:45:31.681Z] > git for-each-ref --format=%(refname)%00%(upstream:short)%00%(objectname)%00%(upstream:track) refs/heads/main refs/remotes/main [6ms]
[2022-03-18T05:45:31.718Z] > git for-each-ref --sort -committerdate --format %(refname) %(objectname) %(*objectname) [20ms]
[2022-03-18T05:45:31.720Z] > git remote --verbose [4ms]
[2022-03-18T05:45:31.743Z] > git config --get commit.template [3ms]
[2022-03-18T05:45:32.161Z] > git ls-files --stage -- /home/pi/workspace/Opencv/detect/haardetect.py [16ms]
[2022-03-18T05:45:33.554Z] > git ls-files --stage -- /home/pi/workspace/Opencv/detect/ex01.py [23ms]
[2022-03-18T05:45:36.994Z] > git symbolic-ref --short HEAD [4ms]
[2022-03-18T05:45:37.017Z] > git for-each-ref --format=%(refname)%00%(upstream:short)%00%(objectname)%00%(upstream:track) refs/heads/main refs/remotes/main [6ms]
[2022-03-18T05:45:37.055Z] > git for-each-ref --sort -committerdate --format %(refname) %(objectname) %(*objectname) [20ms]
[2022-03-18T05:45:37.057Z] > git remote --verbose [4ms]
[2022-03-18T05:45:37.083Z] > git config --get commit.template [5ms]
[2022-03-18T05:45:42.275Z] > git symbolic-ref --short HEAD [4ms]
[2022-03-18T05:45:42.300Z] > git for-each-ref --format=%(refname)%00%(upstream:short)%00%(objectname)%00%(upstream:track) refs/heads/main refs/remotes/main [8ms]
[2022-03-18T05:45:42.344Z] > git remote --verbose [9ms]
[2022-03-18T05:45:42.345Z] > git for-each-ref --sort -committerdate --format %(refname) %(objectname) %(*objectname) [28ms]
[2022-03-18T05:45:42.374Z] > git config --get commit.template [4ms]
[2022-03-18T05:45:47.616Z] > git symbolic-ref --short HEAD [3ms]
[2022-03-18T05:45:47.642Z] > git for-each-ref --format=%(refname)%00%(upstream:short)%00%(objectname)%00%(upstream:track) refs/heads/main refs/remotes/main [6ms]
[2022-03-18T05:45:47.680Z] > git for-each-ref --sort -committerdate --format %(refname) %(objectname) %(*objectname) [20ms]
[2022-03-18T05:45:47.682Z] > git remote --verbose [4ms]
[2022-03-18T05:45:47.709Z] > git config --get commit.template [4ms]
[2022-03-18T05:45:52.975Z] > git symbolic-ref --short HEAD [3ms]
[2022-03-18T05:45:52.998Z] > git for-each-ref --format=%(refname)%00%(upstream:short)%00%(objectname)%00%(upstream:track) refs/heads/main refs/remotes/main [6ms]
[2022-03-18T05:45:53.035Z] > git for-each-ref --sort -committerdate --format %(refname) %(objectname) %(*objectname) [20ms]
[2022-03-18T05:45:53.036Z] > git remote --verbose [3ms]
[2022-03-18T05:45:53.060Z] > git config --get commit.template [3ms]
[2022-03-18T05:45:58.324Z] > git symbolic-ref --short HEAD [3ms]
[2022-03-18T05:45:58.347Z] > git for-each-ref --format=%(refname)%00%(upstream:short)%00%(objectname)%00%(upstream:track) refs/heads/main refs/remotes/main [6ms]
[2022-03-18T05:45:58.388Z] > git remote --verbose [5ms]
[2022-03-18T05:45:58.389Z] > git for-each-ref --sort -committerdate --format %(refname) %(objectname) %(*objectname) [24ms]
[2022-03-18T05:45:58.412Z] > git config --get commit.template [3ms]
[2022-03-18T05:46:03.665Z] > git symbolic-ref --short HEAD [3ms]
[2022-03-18T05:46:03.692Z] > git for-each-ref --format=%(refname)%00%(upstream:short)%00%(objectname)%00%(upstream:track) refs/heads/main refs/remotes/main [5ms]
[2022-03-18T05:46:03.729Z] > git for-each-ref --sort -committerdate --format %(refname) %(objectname) %(*objectname) [20ms]
[2022-03-18T05:46:03.730Z] > git remote --verbose [3ms]
[2022-03-18T05:46:03.754Z] > git config --get commit.template [3ms]
[2022-03-18T05:46:09.025Z] > git symbolic-ref --short HEAD [3ms]
[2022-03-18T05:46:09.049Z] > git for-each-ref --format=%(refname)%00%(upstream:short)%00%(objectname)%00%(upstream:track) refs/heads/main refs/remotes/main [6ms]
[2022-03-18T05:46:09.087Z] > git for-each-ref --sort -committerdate --format %(refname) %(objectname) %(*objectname) [20ms]
[2022-03-18T05:46:09.088Z] > git remote --verbose [3ms]
[2022-03-18T05:46:09.112Z] > git config --get commit.template [4ms]
[2022-03-18T05:46:14.371Z] > git symbolic-ref --short HEAD [4ms]
[2022-03-18T05:46:14.396Z] > git for-each-ref --format=%(refname)%00%(upstream:short)%00%(objectname)%00%(upstream:track) refs/heads/main refs/remotes/main [7ms]
[2022-03-18T05:46:14.439Z] > git for-each-ref --sort -committerdate --format %(refname) %(objectname) %(*objectname) [23ms]
[2022-03-18T05:46:14.440Z] > git remote --verbose [5ms]
[2022-03-18T05:46:14.466Z] > git config --get commit.template [4ms]
[2022-03-18T05:46:19.663Z] > git symbolic-ref --short HEAD [4ms]
[2022-03-18T05:46:19.688Z] > git for-each-ref --format=%(refname)%00%(upstream:short)%00%(objectname)%00%(upstream:track) refs/heads/main refs/remotes/main [6ms]
[2022-03-18T05:46:19.736Z] > git for-each-ref --sort -committerdate --format %(refname) %(objectname) %(*objectname) [29ms]
[2022-03-18T05:46:19.739Z] > git remote --verbose [6ms]
[2022-03-18T05:46:19.768Z] > git config --get commit.template [3ms]
[2022-03-18T05:46:25.044Z] > git symbolic-ref --short HEAD [3ms]
[2022-03-18T05:46:25.069Z] > git for-each-ref --format=%(refname)%00%(upstream:short)%00%(objectname)%00%(upstream:track) refs/heads/main refs/remotes/main [6ms]
[2022-03-18T05:46:25.108Z] > git for-each-ref --sort -committerdate --format %(refname) %(objectname) %(*objectname) [21ms]
[2022-03-18T05:46:25.110Z] > git remote --verbose [4ms]
[2022-03-18T05:46:25.135Z] > git config --get commit.template [3ms]
[2022-03-18T05:46:30.342Z] > git symbolic-ref --short HEAD [3ms]
[2022-03-18T05:46:30.368Z] > git for-each-ref --format=%(refname)%00%(upstream:short)%00%(objectname)%00%(upstream:track) refs/heads/main refs/remotes/main [7ms]
[2022-03-18T05:46:30.408Z] > git for-each-ref --sort -committerdate --format %(refname) %(objectname) %(*objectname) [20ms]
[2022-03-18T05:46:30.409Z] > git remote --verbose [4ms]
[2022-03-18T05:46:30.434Z] > git config --get commit.template [3ms]
[2022-03-18T05:46:35.627Z] > git symbolic-ref --short HEAD [3ms]
[2022-03-18T05:46:35.653Z] > git for-each-ref --format=%(refname)%00%(upstream:short)%00%(objectname)%00%(upstream:track) refs/heads/main refs/remotes/main [8ms]
[2022-03-18T05:46:35.692Z] > git for-each-ref --sort -committerdate --format %(refname) %(objectname) %(*objectname) [20ms]
[2022-03-18T05:46:35.694Z] > git remote --verbose [4ms]
[2022-03-18T05:46:35.718Z] > git config --get commit.template [3ms]
[2022-03-18T05:46:40.919Z] > git symbolic-ref --short HEAD [4ms]
[2022-03-18T05:46:40.943Z] > git for-each-ref --format=%(refname)%00%(upstream:short)%00%(objectname)%00%(upstream:track) refs/heads/main refs/remotes/main [5ms]
[2022-03-18T05:46:40.984Z] > git for-each-ref --sort -committerdate --format %(refname) %(objectname) %(*objectname) [22ms]
[2022-03-18T05:46:40.986Z] > git remote --verbose [4ms]
[2022-03-18T05:46:41.014Z] > git config --get commit.template [3ms]
[2022-03-18T05:46:46.283Z] > git symbolic-ref --short HEAD [5ms]
[2022-03-18T05:46:46.310Z] > git for-each-ref --format=%(refname)%00%(upstream:short)%00%(objectname)%00%(upstream:track) refs/heads/main refs/remotes/main [7ms]
[2022-03-18T05:46:46.350Z] > git for-each-ref --sort -committerdate --format %(refname) %(objectname) %(*objectname) [21ms]
[2022-03-18T05:46:46.351Z] > git remote --verbose [3ms]
[2022-03-18T05:46:46.377Z] > git config --get commit.template [3ms]
[2022-03-18T05:46:51.574Z] > git symbolic-ref --short HEAD [4ms]
[2022-03-18T05:46:51.597Z] > git for-each-ref --format=%(refname)%00%(upstream:short)%00%(objectname)%00%(upstream:track) refs/heads/main refs/remotes/main [6ms]
[2022-03-18T05:46:51.635Z] > git for-each-ref --sort -committerdate --format %(refname) %(objectname) %(*objectname) [21ms]
[2022-03-18T05:46:51.636Z] > git remote --verbose [4ms]
[2022-03-18T05:46:51.661Z] > git config --get commit.template [3ms]
[2022-03-18T05:46:55.477Z] > git fetch [706ms]
[2022-03-18T05:46:55.720Z] > git symbolic-ref --short HEAD [4ms]
[2022-03-18T05:46:55.744Z] > git for-each-ref --format=%(refname)%00%(upstream:short)%00%(objectname)%00%(upstream:track) refs/heads/main refs/remotes/main [7ms]
[2022-03-18T05:46:55.784Z] > git for-each-ref --sort -committerdate --format %(refname) %(objectname) %(*objectname) [22ms]
[2022-03-18T05:46:55.786Z] > git remote --verbose [4ms]
[2022-03-18T05:46:55.810Z] > git config --get commit.template [3ms]
[2022-03-18T05:46:56.716Z] > git ls-files --stage -- /home/pi/workspace/Opencv/detect/ex01.py [32ms]
[2022-03-18T05:46:56.933Z] > git symbolic-ref --short HEAD [4ms]
[2022-03-18T05:46:56.956Z] > git for-each-ref --format=%(refname)%00%(upstream:short)%00%(objectname)%00%(upstream:track) refs/heads/main refs/remotes/main [6ms]
[2022-03-18T05:46:56.994Z] > git for-each-ref --sort -committerdate --format %(refname) %(objectname) %(*objectname) [20ms]
[2022-03-18T05:46:56.996Z] > git remote --verbose [4ms]
[2022-03-18T05:46:57.020Z] > git config --get commit.template [4ms]
[2022-03-18T05:47:02.287Z] > git symbolic-ref --short HEAD [3ms]
[2022-03-18T05:47:02.313Z] > git for-each-ref --format=%(refname)%00%(upstream:short)%00%(objectname)%00%(upstream:track) refs/heads/main refs/remotes/main [9ms]
[2022-03-18T05:47:02.353Z] > git for-each-ref --sort -committerdate --format %(refname) %(objectname) %(*objectname) [24ms]
[2022-03-18T05:47:02.355Z] > git remote --verbose [8ms]
[2022-03-18T05:47:02.387Z] > git config --get commit.template [4ms]
[2022-03-18T05:47:07.657Z] > git symbolic-ref --short HEAD [4ms]
[2022-03-18T05:47:07.680Z] > git for-each-ref --format=%(refname)%00%(upstream:short)%00%(objectname)%00%(upstream:track) refs/heads/main refs/remotes/main [6ms]
[2022-03-18T05:47:07.717Z] > git for-each-ref --sort -committerdate --format %(refname) %(objectname) %(*objectname) [20ms]
[2022-03-18T05:47:07.719Z] > git remote --verbose [4ms]
[2022-03-18T05:47:07.743Z] > git config --get commit.template [4ms]
[2022-03-18T05:47:12.986Z] > git symbolic-ref --short HEAD [3ms]
[2022-03-18T05:47:13.010Z] > git for-each-ref --format=%(refname)%00%(upstream:short)%00%(objectname)%00%(upstream:track) refs/heads/main refs/remotes/main [7ms]
[2022-03-18T05:47:13.050Z] > git for-each-ref --sort -committerdate --format %(refname) %(objectname) %(*objectname) [21ms]
[2022-03-18T05:47:13.051Z] > git remote --verbose [4ms]
[2022-03-18T05:47:13.075Z] > git config --get commit.template [3ms]
[2022-03-18T05:47:15.344Z] > git ls-files --stage -- /home/pi/workspace/Opencv/detect/ex02.py [33ms]
[2022-03-18T05:47:19.334Z] > git symbolic-ref --short HEAD [1ms]
[2022-03-18T05:47:19.358Z] > git for-each-ref --format=%(refname)%00%(upstream:short)%00%(objectname)%00%(upstream:track) refs/heads/main refs/remotes/main [6ms]
[2022-03-18T05:47:19.396Z] > git for-each-ref --sort -committerdate --format %(refname) %(objectname) %(*objectname) [21ms]
[2022-03-18T05:47:19.397Z] > git remote --verbose [5ms]
[2022-03-18T05:47:19.421Z] > git config --get commit.template [3ms]
[2022-03-18T05:47:24.666Z] > git symbolic-ref --short HEAD [3ms]
[2022-03-18T05:47:24.689Z] > git for-each-ref --format=%(refname)%00%(upstream:short)%00%(objectname)%00%(upstream:track) refs/heads/main refs/remotes/main [6ms]
[2022-03-18T05:47:24.725Z] > git for-each-ref --sort -committerdate --format %(refname) %(objectname) %(*objectname) [19ms]
[2022-03-18T05:47:24.727Z] > git remote --verbose [4ms]
[2022-03-18T05:47:24.753Z] > git config --get commit.template [4ms]
[2022-03-18T05:47:29.991Z] > git symbolic-ref --short HEAD [3ms]
[2022-03-18T05:47:30.015Z] > git for-each-ref --format=%(refname)%00%(upstream:short)%00%(objectname)%00%(upstream:track) refs/heads/main refs/remotes/main [7ms]
[2022-03-18T05:47:30.055Z] > git for-each-ref --sort -committerdate --format %(refname) %(objectname) %(*objectname) [23ms]
[2022-03-18T05:47:30.056Z] > git remote --verbose [7ms]
[2022-03-18T05:47:30.080Z] > git config --get commit.template [4ms]
[2022-03-18T05:47:35.355Z] > git symbolic-ref --short HEAD [4ms]
[2022-03-18T05:47:35.379Z] > git for-each-ref --format=%(refname)%00%(upstream:short)%00%(objectname)%00%(upstream:track) refs/heads/main refs/remotes/main [6ms]
[2022-03-18T05:47:35.417Z] > git for-each-ref --sort -committerdate --format %(refname) %(objectname) %(*objectname) [21ms]
[2022-03-18T05:47:35.418Z] > git remote --verbose [4ms]
[2022-03-18T05:47:35.444Z] > git config --get commit.template [4ms]
[2022-03-18T05:47:40.716Z] > git symbolic-ref --short HEAD [3ms]
[2022-03-18T05:47:40.739Z] > git for-each-ref --format=%(refname)%00%(upstream:short)%00%(objectname)%00%(upstream:track) refs/heads/main refs/remotes/main [6ms]
[2022-03-18T05:47:40.776Z] > git for-each-ref --sort -committerdate --format %(refname) %(objectname) %(*objectname) [20ms]
[2022-03-18T05:47:40.777Z] > git remote --verbose [3ms]
[2022-03-18T05:47:40.801Z] > git config --get commit.template [3ms]
[2022-03-18T05:47:46.078Z] > git symbolic-ref --short HEAD [8ms]
[2022-03-18T05:47:46.103Z] > git for-each-ref --format=%(refname)%00%(upstream:short)%00%(objectname)%00%(upstream:track) refs/heads/main refs/remotes/main [7ms]
[2022-03-18T05:47:46.141Z] > git for-each-ref --sort -committerdate --format %(refname) %(objectname) %(*objectname) [21ms]
[2022-03-18T05:47:46.142Z] > git remote --verbose [4ms]
[2022-03-18T05:47:46.167Z] > git config --get commit.template [4ms]
[2022-03-18T05:47:51.437Z] > git symbolic-ref --short HEAD [4ms]
[2022-03-18T05:47:51.462Z] > git for-each-ref --format=%(refname)%00%(upstream:short)%00%(objectname)%00%(upstream:track) refs/heads/main refs/remotes/main [6ms]
[2022-03-18T05:47:51.500Z] > git for-each-ref --sort -committerdate --format %(refname) %(objectname) %(*objectname) [20ms]
[2022-03-18T05:47:51.501Z] > git remote --verbose [4ms]
[2022-03-18T05:47:51.528Z] > git config --get commit.template [4ms]
[2022-03-18T05:47:56.729Z] > git symbolic-ref --short HEAD [4ms]
[2022-03-18T05:47:56.757Z] > git for-each-ref --format=%(refname)%00%(upstream:short)%00%(objectname)%00%(upstream:track) refs/heads/main refs/remotes/main [8ms]
[2022-03-18T05:47:56.795Z] > git for-each-ref --sort -committerdate --format %(refname) %(objectname) %(*objectname) [20ms]
[2022-03-18T05:47:56.799Z] > git remote --verbose [6ms]
[2022-03-18T05:47:56.827Z] > git config --get commit.template [7ms]
[2022-03-18T05:48:02.018Z] > git symbolic-ref --short HEAD [3ms]
[2022-03-18T05:48:02.050Z] > git for-each-ref --format=%(refname)%00%(upstream:short)%00%(objectname)%00%(upstream:track) refs/heads/main refs/remotes/main [14ms]
[2022-03-18T05:48:02.095Z] > git for-each-ref --sort -committerdate --format %(refname) %(objectname) %(*objectname) [24ms]
[2022-03-18T05:48:02.097Z] > git remote --verbose [5ms]
[2022-03-18T05:48:02.170Z] > git config --get commit.template [8ms]
[2022-03-18T05:48:07.597Z] > git symbolic-ref --short HEAD [4ms]
[2022-03-18T05:48:07.624Z] > git for-each-ref --format=%(refname)%00%(upstream:short)%00%(objectname)%00%(upstream:track) refs/heads/main refs/remotes/main [8ms]
[2022-03-18T05:48:07.668Z] > git for-each-ref --sort -committerdate --format %(refname) %(objectname) %(*objectname) [23ms]
[2022-03-18T05:48:07.670Z] > git remote --verbose [6ms]
[2022-03-18T05:48:07.703Z] > git config --get commit.template [4ms]
[2022-03-18T05:48:12.902Z] > git symbolic-ref --short HEAD [3ms]
[2022-03-18T05:48:12.927Z] > git for-each-ref --format=%(refname)%00%(upstream:short)%00%(objectname)%00%(upstream:track) refs/heads/main refs/remotes/main [6ms]
[2022-03-18T05:48:12.967Z] > git for-each-ref --sort -committerdate --format %(refname) %(objectname) %(*objectname) [21ms]
[2022-03-18T05:48:12.969Z] > git remote --verbose [5ms]
[2022-03-18T05:48:13.022Z] > git config --get commit.template [5ms]
[2022-03-18T05:48:15.368Z] > git log --format=%H%n%aN%n%aE%n%at%n%ct%n%P%n%B -z -n21 -- /home/pi/workspace/Opencv/detect/haardetect.py [12ms]
[2022-03-18T05:48:15.546Z] > git ls-files --stage -- /home/pi/workspace/Opencv/detect/haardetect.py [25ms]
[2022-03-18T05:48:18.286Z] > git symbolic-ref --short HEAD [3ms]
[2022-03-18T05:48:18.311Z] > git for-each-ref --format=%(refname)%00%(upstream:short)%00%(objectname)%00%(upstream:track) refs/heads/main refs/remotes/main [7ms]
[2022-03-18T05:48:18.349Z] > git for-each-ref --sort -committerdate --format %(refname) %(objectname) %(*objectname) [20ms]
[2022-03-18T05:48:18.350Z] > git remote --verbose [3ms]
[2022-03-18T05:48:18.374Z] > git config --get commit.template [3ms]
[2022-03-18T05:48:23.625Z] > git symbolic-ref --short HEAD [4ms]
[2022-03-18T05:48:23.649Z] > git for-each-ref --format=%(refname)%00%(upstream:short)%00%(objectname)%00%(upstream:track) refs/heads/main refs/remotes/main [6ms]
[2022-03-18T05:48:23.688Z] > git for-each-ref --sort -committerdate --format %(refname) %(objectname) %(*objectname) [20ms]
[2022-03-18T05:48:23.690Z] > git remote --verbose [4ms]
[2022-03-18T05:48:23.715Z] > git config --get commit.template [4ms]
[2022-03-18T05:48:29.011Z] > git symbolic-ref --short HEAD [6ms]
[2022-03-18T05:48:29.035Z] > git for-each-ref --format=%(refname)%00%(upstream:short)%00%(objectname)%00%(upstream:track) refs/heads/main refs/remotes/main [6ms]
[2022-03-18T05:48:29.075Z] > git for-each-ref --sort -committerdate --format %(refname) %(objectname) %(*objectname) [21ms]
[2022-03-18T05:48:29.076Z] > git remote --verbose [3ms]
[2022-03-18T05:48:29.102Z] > git config --get commit.template [3ms]
[2022-03-18T05:48:34.368Z] > git symbolic-ref --short HEAD [4ms]
[2022-03-18T05:48:34.393Z] > git for-each-ref --format=%(refname)%00%(upstream:short)%00%(objectname)%00%(upstream:track) refs/heads/main refs/remotes/main [7ms]
[2022-03-18T05:48:34.433Z] > git for-each-ref --sort -committerdate --format %(refname) %(objectname) %(*objectname) [21ms]
[2022-03-18T05:48:34.434Z] > git remote --verbose [3ms]
[2022-03-18T05:48:34.460Z] > git config --get commit.template [4ms]
[2022-03-18T05:48:46.107Z] > git symbolic-ref --short HEAD [5ms]
[2022-03-18T05:48:46.133Z] > git for-each-ref --format=%(refname)%00%(upstream:short)%00%(objectname)%00%(upstream:track) refs/heads/main refs/remotes/main [7ms]
[2022-03-18T05:48:46.173Z] > git for-each-ref --sort -committerdate --format %(refname) %(objectname) %(*objectname) [22ms]
[2022-03-18T05:48:46.174Z] > git remote --verbose [4ms]
[2022-03-18T05:48:46.200Z] > git config --get commit.template [4ms]
[2022-03-18T05:48:51.463Z] > git symbolic-ref --short HEAD [3ms]
[2022-03-18T05:48:51.488Z] > git for-each-ref --format=%(refname)%00%(upstream:short)%00%(objectname)%00%(upstream:track) refs/heads/main refs/remotes/main [6ms]
[2022-03-18T05:48:51.528Z] > git for-each-ref --sort -committerdate --format %(refname) %(objectname) %(*objectname) [22ms]
[2022-03-18T05:48:51.529Z] > git remote --verbose [4ms]
[2022-03-18T05:48:51.555Z] > git config --get commit.template [3ms]
[2022-03-18T05:48:54.930Z] > git log --format=%H%n%aN%n%aE%n%at%n%ct%n%P%n%B -z -n21 -- /home/pi/workspace/Opencv/detect/ex01.py [13ms]
[2022-03-18T05:48:55.135Z] > git ls-files --stage -- /home/pi/workspace/Opencv/detect/ex01.py [29ms]
[2022-03-18T05:48:56.751Z] > git symbolic-ref --short HEAD [3ms]
[2022-03-18T05:48:56.776Z] > git for-each-ref --format=%(refname)%00%(upstream:short)%00%(objectname)%00%(upstream:track) refs/heads/main refs/remotes/main [6ms]
[2022-03-18T05:48:56.816Z] > git for-each-ref --sort -committerdate --format %(refname) %(objectname) %(*objectname) [21ms]
[2022-03-18T05:48:56.817Z] > git remote --verbose [3ms]
[2022-03-18T05:48:56.842Z] > git config --get commit.template [3ms]
[2022-03-18T05:49:02.104Z] > git symbolic-ref --short HEAD [3ms]
[2022-03-18T05:49:02.129Z] > git for-each-ref --format=%(refname)%00%(upstream:short)%00%(objectname)%00%(upstream:track) refs/heads/main refs/remotes/main [6ms]
[2022-03-18T05:49:02.169Z] > git for-each-ref --sort -committerdate --format %(refname) %(objectname) %(*objectname) [21ms]
[2022-03-18T05:49:02.170Z] > git remote --verbose [3ms]
[2022-03-18T05:49:02.195Z] > git config --get commit.template [3ms]
[2022-03-18T05:49:07.396Z] > git symbolic-ref --short HEAD [4ms]
[2022-03-18T05:49:07.428Z] > git for-each-ref --format=%(refname)%00%(upstream:short)%00%(objectname)%00%(upstream:track) refs/heads/main refs/remotes/main [13ms]
[2022-03-18T05:49:07.501Z] > git for-each-ref --sort -committerdate --format %(refname) %(objectname) %(*objectname) [40ms]
[2022-03-18T05:49:07.503Z] > git remote --verbose [7ms]
[2022-03-18T05:49:07.539Z] > git config --get commit.template [6ms]
[2022-03-18T05:49:12.737Z] > git symbolic-ref --short HEAD [4ms]
[2022-03-18T05:49:12.770Z] > git for-each-ref --format=%(refname)%00%(upstream:short)%00%(objectname)%00%(upstream:track) refs/heads/main refs/remotes/main [14ms]
[2022-03-18T05:49:12.819Z] > git for-each-ref --sort -committerdate --format %(refname) %(objectname) %(*objectname) [26ms]
[2022-03-18T05:49:12.821Z] > git remote --verbose [7ms]
[2022-03-18T05:49:12.849Z] > git config --get commit.template [4ms]
[2022-03-18T05:49:16.056Z] > git ls-files --stage -- /home/pi/workspace/Opencv/detect/haardetect.py [17ms]
[2022-03-18T05:49:18.105Z] > git symbolic-ref --short HEAD [3ms]
[2022-03-18T05:49:18.130Z] > git for-each-ref --format=%(refname)%00%(upstream:short)%00%(objectname)%00%(upstream:track) refs/heads/main refs/remotes/main [6ms]
[2022-03-18T05:49:18.170Z] > git for-each-ref --sort -committerdate --format %(refname) %(objectname) %(*objectname) [22ms]
[2022-03-18T05:49:18.173Z] > git remote --verbose [5ms]
[2022-03-18T05:49:18.198Z] > git config --get commit.template [3ms]
[2022-03-18T05:49:20.089Z] > git ls-files --stage -- /home/pi/workspace/Opencv/detect/ex02.py [30ms]
[2022-03-18T05:49:23.478Z] > git symbolic-ref --short HEAD [4ms]
[2022-03-18T05:49:23.503Z] > git for-each-ref --format=%(refname)%00%(upstream:short)%00%(objectname)%00%(upstream:track) refs/heads/main refs/remotes/main [6ms]
[2022-03-18T05:49:23.543Z] > git for-each-ref --sort -committerdate --format %(refname) %(objectname) %(*objectname) [21ms]
[2022-03-18T05:49:23.544Z] > git remote --verbose [3ms]
[2022-03-18T05:49:23.573Z] > git config --get commit.template [3ms]
[2022-03-18T05:49:28.827Z] > git symbolic-ref --short HEAD [4ms]
[2022-03-18T05:49:28.857Z] > git for-each-ref --format=%(refname)%00%(upstream:short)%00%(objectname)%00%(upstream:track) refs/heads/main refs/remotes/main [10ms]
[2022-03-18T05:49:28.899Z] > git for-each-ref --sort -committerdate --format %(refname) %(objectname) %(*objectname) [22ms]
[2022-03-18T05:49:28.900Z] > git remote --verbose [3ms]
[2022-03-18T05:49:28.931Z] > git config --get commit.template [3ms]
[2022-03-18T05:49:34.195Z] > git symbolic-ref --short HEAD [3ms]
[2022-03-18T05:49:34.221Z] > git for-each-ref --format=%(refname)%00%(upstream:short)%00%(objectname)%00%(upstream:track) refs/heads/main refs/remotes/main [6ms]
[2022-03-18T05:49:34.262Z] > git for-each-ref --sort -committerdate --format %(refname) %(objectname) %(*objectname) [22ms]
[2022-03-18T05:49:34.263Z] > git remote --verbose [3ms]
[2022-03-18T05:49:34.289Z] > git config --get commit.template [3ms]
[2022-03-18T05:49:39.730Z] > git symbolic-ref --short HEAD [5ms]
[2022-03-18T05:49:39.756Z] > git for-each-ref --format=%(refname)%00%(upstream:short)%00%(objectname)%00%(upstream:track) refs/heads/main refs/remotes/main [6ms]
[2022-03-18T05:49:39.799Z] > git for-each-ref --sort -committerdate --format %(refname) %(objectname) %(*objectname) [22ms]
[2022-03-18T05:49:39.800Z] > git remote --verbose [4ms]
[2022-03-18T05:49:39.827Z] > git config --get commit.template [4ms]
[2022-03-18T05:49:45.103Z] > git symbolic-ref --short HEAD [3ms]
[2022-03-18T05:49:45.131Z] > git for-each-ref --format=%(refname)%00%(upstream:short)%00%(objectname)%00%(upstream:track) refs/heads/main refs/remotes/main [6ms]
[2022-03-18T05:49:45.175Z] > git for-each-ref --sort -committerdate --format %(refname) %(objectname) %(*objectname) [24ms]
[2022-03-18T05:49:45.176Z] > git remote --verbose [3ms]
[2022-03-18T05:49:45.203Z] > git config --get commit.template [3ms]
[2022-03-18T05:49:50.471Z] > git symbolic-ref --short HEAD [3ms]
[2022-03-18T05:49:50.497Z] > git for-each-ref --format=%(refname)%00%(upstream:short)%00%(objectname)%00%(upstream:track) refs/heads/main refs/remotes/main [6ms]
[2022-03-18T05:49:50.539Z] > git for-each-ref --sort -committerdate --format %(refname) %(objectname) %(*objectname) [22ms]
[2022-03-18T05:49:50.540Z] > git remote --verbose [3ms]
[2022-03-18T05:49:50.566Z] > git config --get commit.template [3ms]
[2022-03-18T05:49:51.358Z] > git ls-files --stage -- /home/pi/workspace/Opencv/detect/haardetect.py [19ms]
[2022-03-18T05:49:55.840Z] > git symbolic-ref --short HEAD [3ms]
[2022-03-18T05:49:55.866Z] > git for-each-ref --format=%(refname)%00%(upstream:short)%00%(objectname)%00%(upstream:track) refs/heads/main refs/remotes/main [6ms]
[2022-03-18T05:49:55.909Z] > git for-each-ref --sort -committerdate --format %(refname) %(objectname) %(*objectname) [22ms]
[2022-03-18T05:49:55.910Z] > git remote --verbose [3ms]
[2022-03-18T05:49:55.937Z] > git config --get commit.template [3ms]
[2022-03-18T05:49:56.661Z] > git fetch [703ms]
[2022-03-18T05:49:56.901Z] > git symbolic-ref --short HEAD [3ms]
[2022-03-18T05:49:56.927Z] > git for-each-ref --format=%(refname)%00%(upstream:short)%00%(objectname)%00%(upstream:track) refs/heads/main refs/remotes/main [6ms]
[2022-03-18T05:49:56.969Z] > git for-each-ref --sort -committerdate --format %(refname) %(objectname) %(*objectname) [22ms]
[2022-03-18T05:49:56.970Z] > git remote --verbose [3ms]
[2022-03-18T05:49:56.999Z] > git config --get commit.template [3ms]
[2022-03-18T05:49:58.007Z] > git ls-files --stage -- /home/pi/workspace/Opencv/detect/ex02.py [39ms]
[2022-03-18T05:49:58.051Z] > git ls-files --stage -- /home/pi/workspace/Opencv/detect/haardetect.py [46ms]
[2022-03-18T05:50:01.239Z] > git symbolic-ref --short HEAD [3ms]
[2022-03-18T05:50:01.266Z] > git for-each-ref --format=%(refname)%00%(upstream:short)%00%(objectname)%00%(upstream:track) refs/heads/main refs/remotes/main [7ms]
[2022-03-18T05:50:01.308Z] > git for-each-ref --sort -committerdate --format %(refname) %(objectname) %(*objectname) [22ms]
[2022-03-18T05:50:01.309Z] > git remote --verbose [3ms]
[2022-03-18T05:50:01.339Z] > git config --get commit.template [4ms]
[2022-03-18T05:50:06.567Z] > git symbolic-ref --short HEAD [4ms]
[2022-03-18T05:50:06.593Z] > git for-each-ref --format=%(refname)%00%(upstream:short)%00%(objectname)%00%(upstream:track) refs/heads/main refs/remotes/main [7ms]
[2022-03-18T05:50:06.636Z] > git for-each-ref --sort -committerdate --format %(refname) %(objectname) %(*objectname) [22ms]
[2022-03-18T05:50:06.637Z] > git remote --verbose [3ms]
[2022-03-18T05:50:06.664Z] > git config --get commit.template [4ms]
[2022-03-18T05:50:12.467Z] > git symbolic-ref --short HEAD [4ms]
[2022-03-18T05:50:12.493Z] > git for-each-ref --format=%(refname)%00%(upstream:short)%00%(objectname)%00%(upstream:track) refs/heads/main refs/remotes/main [6ms]
[2022-03-18T05:50:12.535Z] > git for-each-ref --sort -committerdate --format %(refname) %(objectname) %(*objectname) [23ms]
[2022-03-18T05:50:12.536Z] > git remote --verbose [3ms]
[2022-03-18T05:50:12.564Z] > git config --get commit.template [4ms]
[2022-03-18T05:50:17.839Z] > git symbolic-ref --short HEAD [3ms]
[2022-03-18T05:50:17.865Z] > git for-each-ref --format=%(refname)%00%(upstream:short)%00%(objectname)%00%(upstream:track) refs/heads/main refs/remotes/main [6ms]
[2022-03-18T05:50:17.908Z] > git for-each-ref --sort -committerdate --format %(refname) %(objectname) %(*objectname) [23ms]
[2022-03-18T05:50:17.909Z] > git remote --verbose [4ms]
[2022-03-18T05:50:17.937Z] > git config --get commit.template [5ms]
[2022-03-18T05:50:23.141Z] > git symbolic-ref --short HEAD [3ms]
[2022-03-18T05:50:23.167Z] > git for-each-ref --format=%(refname)%00%(upstream:short)%00%(objectname)%00%(upstream:track) refs/heads/main refs/remotes/main [6ms]
[2022-03-18T05:50:23.208Z] > git for-each-ref --sort -committerdate --format %(refname) %(objectname) %(*objectname) [22ms]
[2022-03-18T05:50:23.210Z] > git remote --verbose [4ms]
[2022-03-18T05:50:23.236Z] > git config --get commit.template [3ms]
[2022-03-18T05:50:29.532Z] > git symbolic-ref --short HEAD [3ms]
[2022-03-18T05:50:29.561Z] > git for-each-ref --format=%(refname)%00%(upstream:short)%00%(objectname)%00%(upstream:track) refs/heads/main refs/remotes/main [9ms]
[2022-03-18T05:50:29.604Z] > git for-each-ref --sort -committerdate --format %(refname) %(objectname) %(*objectname) [22ms]
[2022-03-18T05:50:29.606Z] > git remote --verbose [4ms]
[2022-03-18T05:50:29.632Z] > git config --get commit.template [3ms]
[2022-03-18T05:50:34.907Z] > git symbolic-ref --short HEAD [3ms]
[2022-03-18T05:50:34.933Z] > git for-each-ref --format=%(refname)%00%(upstream:short)%00%(objectname)%00%(upstream:track) refs/heads/main refs/remotes/main [6ms]
[2022-03-18T05:50:34.975Z] > git for-each-ref --sort -committerdate --format %(refname) %(objectname) %(*objectname) [22ms]
[2022-03-18T05:50:34.976Z] > git remote --verbose [3ms]
[2022-03-18T05:50:35.002Z] > git config --get commit.template [3ms]
[2022-03-18T05:50:40.270Z] > git symbolic-ref --short HEAD [4ms]
[2022-03-18T05:50:40.295Z] > git for-each-ref --format=%(refname)%00%(upstream:short)%00%(objectname)%00%(upstream:track) refs/heads/main refs/remotes/main [6ms]
[2022-03-18T05:50:40.337Z] > git for-each-ref --sort -committerdate --format %(refname) %(objectname) %(*objectname) [22ms]
[2022-03-18T05:50:40.339Z] > git remote --verbose [4ms]
[2022-03-18T05:50:40.368Z] > git config --get commit.template [3ms]
[2022-03-18T05:50:45.629Z] > git symbolic-ref --short HEAD [4ms]
[2022-03-18T05:50:45.655Z] > git for-each-ref --format=%(refname)%00%(upstream:short)%00%(objectname)%00%(upstream:track) refs/heads/main refs/remotes/main [7ms]
[2022-03-18T05:50:45.697Z] > git for-each-ref --sort -committerdate --format %(refname) %(objectname) %(*objectname) [22ms]
[2022-03-18T05:50:45.698Z] > git remote --verbose [3ms]
[2022-03-18T05:50:45.724Z] > git config --get commit.template [3ms]
[2022-03-18T05:50:50.988Z] > git symbolic-ref --short HEAD [3ms]
[2022-03-18T05:50:51.014Z] > git for-each-ref --format=%(refname)%00%(upstream:short)%00%(objectname)%00%(upstream:track) refs/heads/main refs/remotes/main [5ms]
[2022-03-18T05:50:51.056Z] > git for-each-ref --sort -committerdate --format %(refname) %(objectname) %(*objectname) [23ms]
[2022-03-18T05:50:51.057Z] > git remote --verbose [3ms]
[2022-03-18T05:50:51.083Z] > git config --get commit.template [3ms]
[2022-03-18T05:50:56.356Z] > git symbolic-ref --short HEAD [4ms]
[2022-03-18T05:50:56.381Z] > git for-each-ref --format=%(refname)%00%(upstream:short)%00%(objectname)%00%(upstream:track) refs/heads/main refs/remotes/main [6ms]
[2022-03-18T05:50:56.423Z] > git for-each-ref --sort -committerdate --format %(refname) %(objectname) %(*objectname) [22ms]
[2022-03-18T05:50:56.424Z] > git remote --verbose [3ms]
[2022-03-18T05:50:56.451Z] > git config --get commit.template [3ms]
[2022-03-18T05:51:01.728Z] > git symbolic-ref --short HEAD [3ms]
[2022-03-18T05:51:01.757Z] > git for-each-ref --format=%(refname)%00%(upstream:short)%00%(objectname)%00%(upstream:track) refs/heads/main refs/remotes/main [5ms]
[2022-03-18T05:51:01.800Z] > git for-each-ref --sort -committerdate --format %(refname) %(objectname) %(*objectname) [23ms]
[2022-03-18T05:51:01.800Z] > git remote --verbose [4ms]
[2022-03-18T05:51:01.826Z] > git config --get commit.template [3ms]
[2022-03-18T05:51:07.100Z] > git symbolic-ref --short HEAD [3ms]
[2022-03-18T05:51:07.126Z] > git for-each-ref --format=%(refname)%00%(upstream:short)%00%(objectname)%00%(upstream:track) refs/heads/main refs/remotes/main [6ms]
[2022-03-18T05:51:07.168Z] > git for-each-ref --sort -committerdate --format %(refname) %(objectname) %(*objectname) [22ms]
[2022-03-18T05:51:07.169Z] > git remote --verbose [3ms]
[2022-03-18T05:51:07.195Z] > git config --get commit.template [3ms]
[2022-03-18T05:51:12.461Z] > git symbolic-ref --short HEAD [3ms]
[2022-03-18T05:51:12.487Z] > git for-each-ref --format=%(refname)%00%(upstream:short)%00%(objectname)%00%(upstream:track) refs/heads/main refs/remotes/main [6ms]
[2022-03-18T05:51:12.529Z] > git for-each-ref --sort -committerdate --format %(refname) %(objectname) %(*objectname) [22ms]
[2022-03-18T05:51:12.530Z] > git remote --verbose [3ms]
[2022-03-18T05:51:12.556Z] > git config --get commit.template [3ms]
[2022-03-18T05:51:17.818Z] > git symbolic-ref --short HEAD [3ms]
[2022-03-18T05:51:17.845Z] > git for-each-ref --format=%(refname)%00%(upstream:short)%00%(objectname)%00%(upstream:track) refs/heads/main refs/remotes/main [7ms]
[2022-03-18T05:51:17.887Z] > git for-each-ref --sort -committerdate --format %(refname) %(objectname) %(*objectname) [23ms]
[2022-03-18T05:51:17.888Z] > git remote --verbose [3ms]
[2022-03-18T05:51:17.914Z] > git config --get commit.template [3ms]
[2022-03-18T05:54:04.058Z] > git symbolic-ref --short HEAD [3ms]
[2022-03-18T05:54:04.084Z] > git for-each-ref --format=%(refname)%00%(upstream:short)%00%(objectname)%00%(upstream:track) refs/heads/main refs/remotes/main [6ms]
[2022-03-18T05:54:04.127Z] > git for-each-ref --sort -committerdate --format %(refname) %(objectname) %(*objectname) [23ms]
[2022-03-18T05:54:04.128Z] > git remote --verbose [4ms]
[2022-03-18T05:54:04.155Z] > git config --get commit.template [3ms]
[2022-03-18T05:54:04.490Z] > git fetch [690ms]
[2022-03-18T05:54:04.731Z] > git symbolic-ref --short HEAD [3ms]
[2022-03-18T05:54:04.757Z] > git for-each-ref --format=%(refname)%00%(upstream:short)%00%(objectname)%00%(upstream:track) refs/heads/main refs/remotes/main [6ms]
[2022-03-18T05:54:04.799Z] > git for-each-ref --sort -committerdate --format %(refname) %(objectname) %(*objectname) [22ms]
[2022-03-18T05:54:04.800Z] > git remote --verbose [3ms]
[2022-03-18T05:54:04.828Z] > git config --get commit.template [5ms]
[2022-03-18T05:54:05.744Z] > git ls-files --stage -- /home/pi/workspace/Opencv/detect/ex02.py [28ms]
[2022-03-18T05:54:09.425Z] > git symbolic-ref --short HEAD [3ms]
[2022-03-18T05:54:09.451Z] > git for-each-ref --format=%(refname)%00%(upstream:short)%00%(objectname)%00%(upstream:track) refs/heads/main refs/remotes/main [6ms]
[2022-03-18T05:54:09.497Z] > git for-each-ref --sort -committerdate --format %(refname) %(objectname) %(*objectname) [26ms]
[2022-03-18T05:54:09.498Z] > git remote --verbose [6ms]
[2022-03-18T05:54:09.524Z] > git config --get commit.template [3ms]
[2022-03-18T05:54:09.993Z] > git log --format=%H%n%aN%n%aE%n%at%n%ct%n%P%n%B -z -n21 -- /home/pi/workspace/Opencv/detect/ex02.py [7ms]
[2022-03-18T06:00:34.326Z] > git symbolic-ref --short HEAD [11ms]
[2022-03-18T06:00:34.392Z] > git for-each-ref --format=%(refname)%00%(upstream:short)%00%(objectname)%00%(upstream:track) refs/heads/main refs/remotes/main [16ms]
[2022-03-18T06:00:34.501Z] > git for-each-ref --sort -committerdate --format %(refname) %(objectname) %(*objectname) [61ms]
[2022-03-18T06:00:34.507Z] > git remote --verbose [13ms]
[2022-03-18T06:00:34.577Z] > git config --get commit.template [11ms]
[2022-03-18T06:00:35.103Z] > git fetch [1163ms]
[2022-03-18T06:00:35.316Z] > git ls-files --stage -- /home/pi/workspace/Opencv/detect/ex02.py [45ms]
[2022-03-18T06:00:35.662Z] > git symbolic-ref --short HEAD [10ms]
[2022-03-18T06:00:35.727Z] > git for-each-ref --format=%(refname)%00%(upstream:short)%00%(objectname)%00%(upstream:track) refs/heads/main refs/remotes/main [18ms]
[2022-03-18T06:00:35.837Z] > git for-each-ref --sort -committerdate --format %(refname) %(objectname) %(*objectname) [60ms]
[2022-03-18T06:00:35.841Z] > git remote --verbose [10ms]
[2022-03-18T06:00:35.912Z] > git config --get commit.template [12ms]
[2022-03-18T06:00:36.482Z] > git ls-files --stage -- /home/pi/workspace/Opencv/detect/ex02.py [41ms]
[2022-03-18T06:00:39.965Z] > git symbolic-ref --short HEAD [10ms]
[2022-03-18T06:00:40.030Z] > git for-each-ref --format=%(refname)%00%(upstream:short)%00%(objectname)%00%(upstream:track) refs/heads/main refs/remotes/main [17ms]
[2022-03-18T06:00:40.133Z] > git for-each-ref --sort -committerdate --format %(refname) %(objectname) %(*objectname) [55ms]
[2022-03-18T06:00:40.139Z] > git remote --verbose [11ms]
[2022-03-18T06:00:40.205Z] > git config --get commit.template [10ms]
[2022-03-18T06:00:45.591Z] > git symbolic-ref --short HEAD [9ms]
[2022-03-18T06:00:45.656Z] > git for-each-ref --format=%(refname)%00%(upstream:short)%00%(objectname)%00%(upstream:track) refs/heads/main refs/remotes/main [17ms]
[2022-03-18T06:00:45.759Z] > git for-each-ref --sort -committerdate --format %(refname) %(objectname) %(*objectname) [55ms]
[2022-03-18T06:00:45.762Z] > git remote --verbose [9ms]
[2022-03-18T06:00:45.831Z] > git config --get commit.template [9ms]
[2022-03-18T06:00:51.098Z] > git symbolic-ref --short HEAD [3ms]
[2022-03-18T06:00:51.124Z] > git for-each-ref --format=%(refname)%00%(upstream:short)%00%(objectname)%00%(upstream:track) refs/heads/main refs/remotes/main [7ms]
[2022-03-18T06:00:51.168Z] > git for-each-ref --sort -committerdate --format %(refname) %(objectname) %(*objectname) [23ms]
[2022-03-18T06:00:51.169Z] > git remote --verbose [3ms]
[2022-03-18T06:00:51.196Z] > git config --get commit.template [4ms]
[2022-03-18T06:00:56.468Z] > git symbolic-ref --short HEAD [3ms]
[2022-03-18T06:00:56.494Z] > git for-each-ref --format=%(refname)%00%(upstream:short)%00%(objectname)%00%(upstream:track) refs/heads/main refs/remotes/main [6ms]
[2022-03-18T06:00:56.537Z] > git for-each-ref --sort -committerdate --format %(refname) %(objectname) %(*objectname) [23ms]
[2022-03-18T06:00:56.538Z] > git remote --verbose [4ms]
[2022-03-18T06:00:56.564Z] > git config --get commit.template [3ms]
[2022-03-18T06:01:02.307Z] > git symbolic-ref --short HEAD [4ms]
[2022-03-18T06:01:02.333Z] > git for-each-ref --format=%(refname)%00%(upstream:short)%00%(objectname)%00%(upstream:track) refs/heads/main refs/remotes/main [6ms]
[2022-03-18T06:01:02.375Z] > git for-each-ref --sort -committerdate --format %(refname) %(objectname) %(*objectname) [22ms]
[2022-03-18T06:01:02.379Z] > git remote --verbose [6ms]
[2022-03-18T06:01:02.405Z] > git config --get commit.template [3ms]
[2022-03-18T06:01:07.881Z] > git symbolic-ref --short HEAD [8ms]
[2022-03-18T06:01:07.946Z] > git for-each-ref --format=%(refname)%00%(upstream:short)%00%(objectname)%00%(upstream:track) refs/heads/main refs/remotes/main [18ms]
[2022-03-18T06:01:08.050Z] > git for-each-ref --sort -committerdate --format %(refname) %(objectname) %(*objectname) [56ms]
[2022-03-18T06:01:08.053Z] > git remote --verbose [10ms]
[2022-03-18T06:01:08.120Z] > git config --get commit.template [9ms]
