[2022-03-18 09:24:02.179] [exthost] [info] Extension host with pid 1482 started
[2022-03-18 09:24:02.192] [exthost] [info] Lock '/home/pi/.vscode-server/data/User/workspaceStorage/527f972cc57f3c538a5e653c4192c8c2/vscode.lock': Lock acquired.
[2022-03-18 09:24:02.325] [exthost] [info] ExtensionService#_doActivateExtension ms-python.python, startup: false, activationEvent: 'onLanguage:python', root cause: ms-python.vscode-pylance
[2022-03-18 09:24:03.071] [exthost] [info] ExtensionService#_doActivateExtension ms-toolsai.jupyter, startup: false, activationEvent: 'onLanguage:python'
[2022-03-18 09:24:04.341] [exthost] [info] ExtensionService#_doActivateExtension vscode.debug-auto-launch, startup: true, activationEvent: '*'
[2022-03-18 09:24:04.354] [exthost] [info] ExtensionService#_doActivateExtension vscode.git-base, startup: true, activationEvent: '*', root cause: vscode.github
[2022-03-18 09:24:04.372] [exthost] [info] ExtensionService#_doActivateExtension vscode.ipynb, startup: true, activationEvent: '*'
[2022-03-18 09:24:04.734] [exthost] [info] ExtensionService#_doActivateExtension vscode.git, startup: true, activationEvent: '*'
[2022-03-18 09:24:04.984] [exthost] [info] ExtensionService#_doActivateExtension vscode.github, startup: true, activationEvent: '*'
[2022-03-18 09:24:05.364] [exthost] [info] ExtensionService#_doActivateExtension vscode.emmet, startup: false, activationEvent: 'onStartupFinished'
[2022-03-18 09:24:05.525] [exthost] [info] ExtensionService#_doActivateExtension vscode.merge-conflict, startup: false, activationEvent: 'onStartupFinished'
[2022-03-18 09:24:05.538] [exthost] [info] Eager extensions activated
[2022-03-18 09:24:06.337] [exthost] [info] ExtensionService#_doActivateExtension ms-toolsai.jupyter-renderers, startup: false, activationEvent: 'api', root cause: ms-toolsai.jupyter
[2022-03-18 09:24:07.101] [exthost] [warning] [Decorations] CAPPING events from decorations provider vscode.git 4114
[2022-03-18 09:24:10.061] [exthost] [info] ExtensionService#_doActivateExtension ms-python.vscode-pylance, startup: false, activationEvent: 'onLanguage:python'
[2022-03-18 09:24:11.118] [exthost] [warning] [Decorations] CAPPING events from decorations provider vscode.git 4118
[2022-03-18 09:24:16.007] [exthost] [error] {"message":"Git error","stdout":"","stderr":"fatal: Pathspec '/home/pi/workspace/Opencv/cv_ex03.py' is in submodule 'workspace/Opencv'\n","exitCode":128,"gitErrorCode":"IsInSubmodule"}
[2022-03-18 09:24:16.007] [exthost] [error] {"message":"Git error","stdout":"","stderr":"fatal: Pathspec '/home/pi/workspace/Opencv/cv_ex03.py' is in submodule 'workspace/Opencv'\n","exitCode":128,"gitErrorCode":"IsInSubmodule"}
[2022-03-18 09:24:16.013] [exthost] [error] {"message":"Git error","stdout":"","stderr":"fatal: Pathspec '/home/pi/workspace/Opencv/cv_ex03.py' is in submodule 'workspace/Opencv'\n","exitCode":128,"gitErrorCode":"IsInSubmodule"}
[2022-03-18 09:24:16.013] [exthost] [error] {"message":"Git error","stdout":"","stderr":"fatal: Pathspec '/home/pi/workspace/Opencv/cv_ex03.py' is in submodule 'workspace/Opencv'\n","exitCode":128,"gitErrorCode":"IsInSubmodule"}
[2022-03-18 09:24:16.013] [exthost] [error] {"message":"Git error","stdout":"","stderr":"fatal: Pathspec '/home/pi/workspace/Opencv/cv_ex03.py' is in submodule 'workspace/Opencv'\n","exitCode":128,"gitErrorCode":"IsInSubmodule"}
[2022-03-18 09:24:16.013] [exthost] [error] {"message":"Git error","stdout":"","stderr":"fatal: Pathspec '/home/pi/workspace/Opencv/cv_ex03.py' is in submodule 'workspace/Opencv'\n","exitCode":128,"gitErrorCode":"IsInSubmodule"}
[2022-03-18 09:24:16.013] [exthost] [error] {"message":"Git error","stdout":"","stderr":"fatal: Pathspec '/home/pi/workspace/Opencv/cv_ex03.py' is in submodule 'workspace/Opencv'\n","exitCode":128,"gitErrorCode":"IsInSubmodule"}
[2022-03-18 09:24:16.013] [exthost] [error] {"message":"Git error","stdout":"","stderr":"fatal: Pathspec '/home/pi/workspace/Opencv/cv_ex03.py' is in submodule 'workspace/Opencv'\n","exitCode":128,"gitErrorCode":"IsInSubmodule"}
[2022-03-18 09:24:16.013] [exthost] [error] {"message":"Git error","stdout":"","stderr":"fatal: Pathspec '/home/pi/workspace/Opencv/cv_ex03.py' is in submodule 'workspace/Opencv'\n","exitCode":128,"gitErrorCode":"IsInSubmodule"}
[2022-03-18 09:24:16.014] [exthost] [error] {"message":"Git error","stdout":"","stderr":"fatal: Pathspec '/home/pi/workspace/Opencv/cv_ex03.py' is in submodule 'workspace/Opencv'\n","exitCode":128,"gitErrorCode":"IsInSubmodule"}
[2022-03-18 09:24:16.014] [exthost] [error] {"message":"Git error","stdout":"","stderr":"fatal: Pathspec '/home/pi/workspace/Opencv/cv_ex03.py' is in submodule 'workspace/Opencv'\n","exitCode":128,"gitErrorCode":"IsInSubmodule"}
[2022-03-18 09:24:16.014] [exthost] [error] {"message":"Git error","stdout":"","stderr":"fatal: Pathspec '/home/pi/workspace/Opencv/cv_ex03.py' is in submodule 'workspace/Opencv'\n","exitCode":128,"gitErrorCode":"IsInSubmodule"}
[2022-03-18 09:24:16.014] [exthost] [error] {"message":"Git error","stdout":"","stderr":"fatal: Pathspec '/home/pi/workspace/Opencv/cv_ex03.py' is in submodule 'workspace/Opencv'\n","exitCode":128,"gitErrorCode":"IsInSubmodule"}
[2022-03-18 09:24:16.014] [exthost] [error] {"message":"Git error","stdout":"","stderr":"fatal: Pathspec '/home/pi/workspace/Opencv/cv_ex03.py' is in submodule 'workspace/Opencv'\n","exitCode":128,"gitErrorCode":"IsInSubmodule"}
[2022-03-18 09:24:16.014] [exthost] [error] {"message":"Git error","stdout":"","stderr":"fatal: Pathspec '/home/pi/workspace/Opencv/cv_ex03.py' is in submodule 'workspace/Opencv'\n","exitCode":128,"gitErrorCode":"IsInSubmodule"}
[2022-03-18 09:24:16.014] [exthost] [error] {"message":"Git error","stdout":"","stderr":"fatal: Pathspec '/home/pi/workspace/Opencv/cv_ex03.py' is in submodule 'workspace/Opencv'\n","exitCode":128,"gitErrorCode":"IsInSubmodule"}
[2022-03-18 09:24:16.014] [exthost] [error] {"message":"Git error","stdout":"","stderr":"fatal: Pathspec '/home/pi/workspace/Opencv/cv_ex03.py' is in submodule 'workspace/Opencv'\n","exitCode":128,"gitErrorCode":"IsInSubmodule"}
[2022-03-18 09:24:16.014] [exthost] [error] {"message":"Git error","stdout":"","stderr":"fatal: Pathspec '/home/pi/workspace/Opencv/cv_ex03.py' is in submodule 'workspace/Opencv'\n","exitCode":128,"gitErrorCode":"IsInSubmodule"}
[2022-03-18 09:24:16.014] [exthost] [error] {"message":"Git error","stdout":"","stderr":"fatal: Pathspec '/home/pi/workspace/Opencv/cv_ex03.py' is in submodule 'workspace/Opencv'\n","exitCode":128,"gitErrorCode":"IsInSubmodule"}
[2022-03-18 09:24:16.014] [exthost] [error] {"message":"Git error","stdout":"","stderr":"fatal: Pathspec '/home/pi/workspace/Opencv/cv_ex03.py' is in submodule 'workspace/Opencv'\n","exitCode":128,"gitErrorCode":"IsInSubmodule"}
[2022-03-18 09:24:16.014] [exthost] [error] {"message":"Git error","stdout":"","stderr":"fatal: Pathspec '/home/pi/workspace/Opencv/cv_ex03.py' is in submodule 'workspace/Opencv'\n","exitCode":128,"gitErrorCode":"IsInSubmodule"}
[2022-03-18 09:24:16.014] [exthost] [error] {"message":"Git error","stdout":"","stderr":"fatal: Pathspec '/home/pi/workspace/Opencv/cv_ex03.py' is in submodule 'workspace/Opencv'\n","exitCode":128,"gitErrorCode":"IsInSubmodule"}
[2022-03-18 09:24:16.014] [exthost] [error] {"message":"Git error","stdout":"","stderr":"fatal: Pathspec '/home/pi/workspace/Opencv/cv_ex03.py' is in submodule 'workspace/Opencv'\n","exitCode":128,"gitErrorCode":"IsInSubmodule"}
[2022-03-18 09:24:16.014] [exthost] [error] {"message":"Git error","stdout":"","stderr":"fatal: Pathspec '/home/pi/workspace/Opencv/cv_ex03.py' is in submodule 'workspace/Opencv'\n","exitCode":128,"gitErrorCode":"IsInSubmodule"}
[2022-03-18 09:24:16.014] [exthost] [error] {"message":"Git error","stdout":"","stderr":"fatal: Pathspec '/home/pi/workspace/Opencv/cv_ex03.py' is in submodule 'workspace/Opencv'\n","exitCode":128,"gitErrorCode":"IsInSubmodule"}
[2022-03-18 09:24:16.014] [exthost] [error] {"message":"Git error","stdout":"","stderr":"fatal: Pathspec '/home/pi/workspace/Opencv/cv_ex03.py' is in submodule 'workspace/Opencv'\n","exitCode":128,"gitErrorCode":"IsInSubmodule"}
[2022-03-18 09:24:16.014] [exthost] [error] {"message":"Git error","stdout":"","stderr":"fatal: Pathspec '/home/pi/workspace/Opencv/cv_ex03.py' is in submodule 'workspace/Opencv'\n","exitCode":128,"gitErrorCode":"IsInSubmodule"}
[2022-03-18 09:24:16.014] [exthost] [error] {"message":"Git error","stdout":"","stderr":"fatal: Pathspec '/home/pi/workspace/Opencv/cv_ex03.py' is in submodule 'workspace/Opencv'\n","exitCode":128,"gitErrorCode":"IsInSubmodule"}
[2022-03-18 09:24:16.014] [exthost] [error] {"message":"Git error","stdout":"","stderr":"fatal: Pathspec '/home/pi/workspace/Opencv/cv_ex03.py' is in submodule 'workspace/Opencv'\n","exitCode":128,"gitErrorCode":"IsInSubmodule"}
[2022-03-18 09:24:16.014] [exthost] [error] {"message":"Git error","stdout":"","stderr":"fatal: Pathspec '/home/pi/workspace/Opencv/cv_ex03.py' is in submodule 'workspace/Opencv'\n","exitCode":128,"gitErrorCode":"IsInSubmodule"}
[2022-03-18 09:24:16.014] [exthost] [error] {"message":"Git error","stdout":"","stderr":"fatal: Pathspec '/home/pi/workspace/Opencv/cv_ex03.py' is in submodule 'workspace/Opencv'\n","exitCode":128,"gitErrorCode":"IsInSubmodule"}
[2022-03-18 09:24:16.014] [exthost] [error] {"message":"Git error","stdout":"","stderr":"fatal: Pathspec '/home/pi/workspace/Opencv/cv_ex03.py' is in submodule 'workspace/Opencv'\n","exitCode":128,"gitErrorCode":"IsInSubmodule"}
[2022-03-18 09:24:16.015] [exthost] [error] {"message":"Git error","stdout":"","stderr":"fatal: Pathspec '/home/pi/workspace/Opencv/cv_ex03.py' is in submodule 'workspace/Opencv'\n","exitCode":128,"gitErrorCode":"IsInSubmodule"}
[2022-03-18 09:24:16.015] [exthost] [error] {"message":"Git error","stdout":"","stderr":"fatal: Pathspec '/home/pi/workspace/Opencv/cv_ex03.py' is in submodule 'workspace/Opencv'\n","exitCode":128,"gitErrorCode":"IsInSubmodule"}
[2022-03-18 09:24:16.015] [exthost] [error] {"message":"Git error","stdout":"","stderr":"fatal: Pathspec '/home/pi/workspace/Opencv/cv_ex03.py' is in submodule 'workspace/Opencv'\n","exitCode":128,"gitErrorCode":"IsInSubmodule"}
[2022-03-18 09:24:16.015] [exthost] [error] {"message":"Git error","stdout":"","stderr":"fatal: Pathspec '/home/pi/workspace/Opencv/cv_ex03.py' is in submodule 'workspace/Opencv'\n","exitCode":128,"gitErrorCode":"IsInSubmodule"}
[2022-03-18 09:24:16.015] [exthost] [error] {"message":"Git error","stdout":"","stderr":"fatal: Pathspec '/home/pi/workspace/Opencv/cv_ex03.py' is in submodule 'workspace/Opencv'\n","exitCode":128,"gitErrorCode":"IsInSubmodule"}
[2022-03-18 09:24:16.015] [exthost] [error] {"message":"Git error","stdout":"","stderr":"fatal: Pathspec '/home/pi/workspace/Opencv/cv_ex03.py' is in submodule 'workspace/Opencv'\n","exitCode":128,"gitErrorCode":"IsInSubmodule"}
[2022-03-18 09:24:16.015] [exthost] [error] {"message":"Git error","stdout":"","stderr":"fatal: Pathspec '/home/pi/workspace/Opencv/cv_ex03.py' is in submodule 'workspace/Opencv'\n","exitCode":128,"gitErrorCode":"IsInSubmodule"}
[2022-03-18 09:24:16.015] [exthost] [error] {"message":"Git error","stdout":"","stderr":"fatal: Pathspec '/home/pi/workspace/Opencv/cv_ex03.py' is in submodule 'workspace/Opencv'\n","exitCode":128,"gitErrorCode":"IsInSubmodule"}
[2022-03-18 09:24:16.015] [exthost] [error] {"message":"Git error","stdout":"","stderr":"fatal: Pathspec '/home/pi/workspace/Opencv/cv_ex03.py' is in submodule 'workspace/Opencv'\n","exitCode":128,"gitErrorCode":"IsInSubmodule"}
[2022-03-18 09:24:16.015] [exthost] [error] {"message":"Git error","stdout":"","stderr":"fatal: Pathspec '/home/pi/workspace/Opencv/cv_ex03.py' is in submodule 'workspace/Opencv'\n","exitCode":128,"gitErrorCode":"IsInSubmodule"}
[2022-03-18 09:24:16.015] [exthost] [error] {"message":"Git error","stdout":"","stderr":"fatal: Pathspec '/home/pi/workspace/Opencv/cv_ex03.py' is in submodule 'workspace/Opencv'\n","exitCode":128,"gitErrorCode":"IsInSubmodule"}
[2022-03-18 09:24:16.015] [exthost] [error] {"message":"Git error","stdout":"","stderr":"fatal: Pathspec '/home/pi/workspace/Opencv/cv_ex03.py' is in submodule 'workspace/Opencv'\n","exitCode":128,"gitErrorCode":"IsInSubmodule"}
[2022-03-18 09:24:16.015] [exthost] [error] {"message":"Git error","stdout":"","stderr":"fatal: Pathspec '/home/pi/workspace/Opencv/cv_ex03.py' is in submodule 'workspace/Opencv'\n","exitCode":128,"gitErrorCode":"IsInSubmodule"}
[2022-03-18 09:24:16.015] [exthost] [error] {"message":"Git error","stdout":"","stderr":"fatal: Pathspec '/home/pi/workspace/Opencv/cv_ex03.py' is in submodule 'workspace/Opencv'\n","exitCode":128,"gitErrorCode":"IsInSubmodule"}
[2022-03-18 09:24:16.015] [exthost] [error] {"message":"Git error","stdout":"","stderr":"fatal: Pathspec '/home/pi/workspace/Opencv/cv_ex03.py' is in submodule 'workspace/Opencv'\n","exitCode":128,"gitErrorCode":"IsInSubmodule"}
[2022-03-18 09:24:16.015] [exthost] [error] {"message":"Git error","stdout":"","stderr":"fatal: Pathspec '/home/pi/workspace/Opencv/cv_ex03.py' is in submodule 'workspace/Opencv'\n","exitCode":128,"gitErrorCode":"IsInSubmodule"}
[2022-03-18 09:24:16.015] [exthost] [error] {"message":"Git error","stdout":"","stderr":"fatal: Pathspec '/home/pi/workspace/Opencv/cv_ex03.py' is in submodule 'workspace/Opencv'\n","exitCode":128,"gitErrorCode":"IsInSubmodule"}
[2022-03-18 09:24:16.015] [exthost] [error] {"message":"Git error","stdout":"","stderr":"fatal: Pathspec '/home/pi/workspace/Opencv/cv_ex03.py' is in submodule 'workspace/Opencv'\n","exitCode":128,"gitErrorCode":"IsInSubmodule"}
[2022-03-18 09:24:16.015] [exthost] [error] {"message":"Git error","stdout":"","stderr":"fatal: Pathspec '/home/pi/workspace/Opencv/cv_ex03.py' is in submodule 'workspace/Opencv'\n","exitCode":128,"gitErrorCode":"IsInSubmodule"}
[2022-03-18 09:24:16.015] [exthost] [error] {"message":"Git error","stdout":"","stderr":"fatal: Pathspec '/home/pi/workspace/Opencv/cv_ex03.py' is in submodule 'workspace/Opencv'\n","exitCode":128,"gitErrorCode":"IsInSubmodule"}
[2022-03-18 09:24:16.015] [exthost] [error] {"message":"Git error","stdout":"","stderr":"fatal: Pathspec '/home/pi/workspace/Opencv/cv_ex03.py' is in submodule 'workspace/Opencv'\n","exitCode":128,"gitErrorCode":"IsInSubmodule"}
[2022-03-18 09:24:16.015] [exthost] [error] {"message":"Git error","stdout":"","stderr":"fatal: Pathspec '/home/pi/workspace/Opencv/cv_ex03.py' is in submodule 'workspace/Opencv'\n","exitCode":128,"gitErrorCode":"IsInSubmodule"}
[2022-03-18 09:24:16.015] [exthost] [error] {"message":"Git error","stdout":"","stderr":"fatal: Pathspec '/home/pi/workspace/Opencv/cv_ex03.py' is in submodule 'workspace/Opencv'\n","exitCode":128,"gitErrorCode":"IsInSubmodule"}
[2022-03-18 09:24:16.015] [exthost] [error] {"message":"Git error","stdout":"","stderr":"fatal: Pathspec '/home/pi/workspace/Opencv/cv_ex03.py' is in submodule 'workspace/Opencv'\n","exitCode":128,"gitErrorCode":"IsInSubmodule"}
[2022-03-18 09:24:16.015] [exthost] [error] {"message":"Git error","stdout":"","stderr":"fatal: Pathspec '/home/pi/workspace/Opencv/cv_ex03.py' is in submodule 'workspace/Opencv'\n","exitCode":128,"gitErrorCode":"IsInSubmodule"}
[2022-03-18 09:24:16.015] [exthost] [error] {"message":"Git error","stdout":"","stderr":"fatal: Pathspec '/home/pi/workspace/Opencv/cv_ex03.py' is in submodule 'workspace/Opencv'\n","exitCode":128,"gitErrorCode":"IsInSubmodule"}
[2022-03-18 09:24:16.015] [exthost] [error] {"message":"Git error","stdout":"","stderr":"fatal: Pathspec '/home/pi/workspace/Opencv/cv_ex03.py' is in submodule 'workspace/Opencv'\n","exitCode":128,"gitErrorCode":"IsInSubmodule"}
[2022-03-18 09:24:16.016] [exthost] [error] {"message":"Git error","stdout":"","stderr":"fatal: Pathspec '/home/pi/workspace/Opencv/cv_ex03.py' is in submodule 'workspace/Opencv'\n","exitCode":128,"gitErrorCode":"IsInSubmodule"}
[2022-03-18 09:24:16.016] [exthost] [error] {"message":"Git error","stdout":"","stderr":"fatal: Pathspec '/home/pi/workspace/Opencv/cv_ex03.py' is in submodule 'workspace/Opencv'\n","exitCode":128,"gitErrorCode":"IsInSubmodule"}
[2022-03-18 09:24:16.016] [exthost] [error] {"message":"Git error","stdout":"","stderr":"fatal: Pathspec '/home/pi/workspace/Opencv/cv_ex03.py' is in submodule 'workspace/Opencv'\n","exitCode":128,"gitErrorCode":"IsInSubmodule"}
[2022-03-18 09:24:16.016] [exthost] [error] {"message":"Git error","stdout":"","stderr":"fatal: Pathspec '/home/pi/workspace/Opencv/cv_ex03.py' is in submodule 'workspace/Opencv'\n","exitCode":128,"gitErrorCode":"IsInSubmodule"}
[2022-03-18 09:24:16.016] [exthost] [error] {"message":"Git error","stdout":"","stderr":"fatal: Pathspec '/home/pi/workspace/Opencv/cv_ex03.py' is in submodule 'workspace/Opencv'\n","exitCode":128,"gitErrorCode":"IsInSubmodule"}
[2022-03-18 09:24:16.016] [exthost] [error] {"message":"Git error","stdout":"","stderr":"fatal: Pathspec '/home/pi/workspace/Opencv/cv_ex03.py' is in submodule 'workspace/Opencv'\n","exitCode":128,"gitErrorCode":"IsInSubmodule"}
[2022-03-18 09:24:16.016] [exthost] [error] {"message":"Git error","stdout":"","stderr":"fatal: Pathspec '/home/pi/workspace/Opencv/cv_ex03.py' is in submodule 'workspace/Opencv'\n","exitCode":128,"gitErrorCode":"IsInSubmodule"}
[2022-03-18 09:24:16.016] [exthost] [error] {"message":"Git error","stdout":"","stderr":"fatal: Pathspec '/home/pi/workspace/Opencv/cv_ex03.py' is in submodule 'workspace/Opencv'\n","exitCode":128,"gitErrorCode":"IsInSubmodule"}
[2022-03-18 09:24:16.016] [exthost] [error] {"message":"Git error","stdout":"","stderr":"fatal: Pathspec '/home/pi/workspace/Opencv/cv_ex03.py' is in submodule 'workspace/Opencv'\n","exitCode":128,"gitErrorCode":"IsInSubmodule"}
[2022-03-18 09:24:16.016] [exthost] [error] {"message":"Git error","stdout":"","stderr":"fatal: Pathspec '/home/pi/workspace/Opencv/cv_ex03.py' is in submodule 'workspace/Opencv'\n","exitCode":128,"gitErrorCode":"IsInSubmodule"}
[2022-03-18 09:24:16.016] [exthost] [error] {"message":"Git error","stdout":"","stderr":"fatal: Pathspec '/home/pi/workspace/Opencv/cv_ex03.py' is in submodule 'workspace/Opencv'\n","exitCode":128,"gitErrorCode":"IsInSubmodule"}
[2022-03-18 09:24:16.016] [exthost] [error] {"message":"Git error","stdout":"","stderr":"fatal: Pathspec '/home/pi/workspace/Opencv/cv_ex03.py' is in submodule 'workspace/Opencv'\n","exitCode":128,"gitErrorCode":"IsInSubmodule"}
[2022-03-18 09:24:16.016] [exthost] [error] {"message":"Git error","stdout":"","stderr":"fatal: Pathspec '/home/pi/workspace/Opencv/cv_ex03.py' is in submodule 'workspace/Opencv'\n","exitCode":128,"gitErrorCode":"IsInSubmodule"}
[2022-03-18 09:24:16.016] [exthost] [error] {"message":"Git error","stdout":"","stderr":"fatal: Pathspec '/home/pi/workspace/Opencv/cv_ex03.py' is in submodule 'workspace/Opencv'\n","exitCode":128,"gitErrorCode":"IsInSubmodule"}
[2022-03-18 09:24:16.016] [exthost] [error] {"message":"Git error","stdout":"","stderr":"fatal: Pathspec '/home/pi/workspace/Opencv/cv_ex03.py' is in submodule 'workspace/Opencv'\n","exitCode":128,"gitErrorCode":"IsInSubmodule"}
[2022-03-18 09:24:16.016] [exthost] [error] {"message":"Git error","stdout":"","stderr":"fatal: Pathspec '/home/pi/workspace/Opencv/cv_ex03.py' is in submodule 'workspace/Opencv'\n","exitCode":128,"gitErrorCode":"IsInSubmodule"}
[2022-03-18 09:24:16.016] [exthost] [error] {"message":"Git error","stdout":"","stderr":"fatal: Pathspec '/home/pi/workspace/Opencv/cv_ex03.py' is in submodule 'workspace/Opencv'\n","exitCode":128,"gitErrorCode":"IsInSubmodule"}
[2022-03-18 09:24:16.016] [exthost] [error] {"message":"Git error","stdout":"","stderr":"fatal: Pathspec '/home/pi/workspace/Opencv/cv_ex03.py' is in submodule 'workspace/Opencv'\n","exitCode":128,"gitErrorCode":"IsInSubmodule"}
[2022-03-18 09:24:16.016] [exthost] [error] {"message":"Git error","stdout":"","stderr":"fatal: Pathspec '/home/pi/workspace/Opencv/cv_ex03.py' is in submodule 'workspace/Opencv'\n","exitCode":128,"gitErrorCode":"IsInSubmodule"}
[2022-03-18 09:24:16.016] [exthost] [error] {"message":"Git error","stdout":"","stderr":"fatal: Pathspec '/home/pi/workspace/Opencv/cv_ex03.py' is in submodule 'workspace/Opencv'\n","exitCode":128,"gitErrorCode":"IsInSubmodule"}
[2022-03-18 09:24:16.016] [exthost] [error] {"message":"Git error","stdout":"","stderr":"fatal: Pathspec '/home/pi/workspace/Opencv/cv_ex03.py' is in submodule 'workspace/Opencv'\n","exitCode":128,"gitErrorCode":"IsInSubmodule"}
[2022-03-18 09:24:16.016] [exthost] [error] {"message":"Git error","stdout":"","stderr":"fatal: Pathspec '/home/pi/workspace/Opencv/cv_ex03.py' is in submodule 'workspace/Opencv'\n","exitCode":128,"gitErrorCode":"IsInSubmodule"}
[2022-03-18 09:24:16.016] [exthost] [error] {"message":"Git error","stdout":"","stderr":"fatal: Pathspec '/home/pi/workspace/Opencv/cv_ex03.py' is in submodule 'workspace/Opencv'\n","exitCode":128,"gitErrorCode":"IsInSubmodule"}
[2022-03-18 09:24:16.016] [exthost] [error] {"message":"Git error","stdout":"","stderr":"fatal: Pathspec '/home/pi/workspace/Opencv/cv_ex03.py' is in submodule 'workspace/Opencv'\n","exitCode":128,"gitErrorCode":"IsInSubmodule"}
[2022-03-18 09:24:16.016] [exthost] [error] {"message":"Git error","stdout":"","stderr":"fatal: Pathspec '/home/pi/workspace/Opencv/cv_ex03.py' is in submodule 'workspace/Opencv'\n","exitCode":128,"gitErrorCode":"IsInSubmodule"}
[2022-03-18 09:24:16.016] [exthost] [error] {"message":"Git error","stdout":"","stderr":"fatal: Pathspec '/home/pi/workspace/Opencv/cv_ex03.py' is in submodule 'workspace/Opencv'\n","exitCode":128,"gitErrorCode":"IsInSubmodule"}
[2022-03-18 09:24:16.016] [exthost] [error] {"message":"Git error","stdout":"","stderr":"fatal: Pathspec '/home/pi/workspace/Opencv/cv_ex03.py' is in submodule 'workspace/Opencv'\n","exitCode":128,"gitErrorCode":"IsInSubmodule"}
[2022-03-18 09:24:16.017] [exthost] [error] {"message":"Git error","stdout":"","stderr":"fatal: Pathspec '/home/pi/workspace/Opencv/cv_ex03.py' is in submodule 'workspace/Opencv'\n","exitCode":128,"gitErrorCode":"IsInSubmodule"}
[2022-03-18 09:24:16.017] [exthost] [error] {"message":"Git error","stdout":"","stderr":"fatal: Pathspec '/home/pi/workspace/Opencv/cv_ex03.py' is in submodule 'workspace/Opencv'\n","exitCode":128,"gitErrorCode":"IsInSubmodule"}
[2022-03-18 09:24:16.017] [exthost] [error] {"message":"Git error","stdout":"","stderr":"fatal: Pathspec '/home/pi/workspace/Opencv/cv_ex03.py' is in submodule 'workspace/Opencv'\n","exitCode":128,"gitErrorCode":"IsInSubmodule"}
[2022-03-18 09:24:16.017] [exthost] [error] {"message":"Git error","stdout":"","stderr":"fatal: Pathspec '/home/pi/workspace/Opencv/cv_ex03.py' is in submodule 'workspace/Opencv'\n","exitCode":128,"gitErrorCode":"IsInSubmodule"}
[2022-03-18 09:24:16.017] [exthost] [error] {"message":"Git error","stdout":"","stderr":"fatal: Pathspec '/home/pi/workspace/Opencv/cv_ex03.py' is in submodule 'workspace/Opencv'\n","exitCode":128,"gitErrorCode":"IsInSubmodule"}
[2022-03-18 09:24:16.017] [exthost] [error] {"message":"Git error","stdout":"","stderr":"fatal: Pathspec '/home/pi/workspace/Opencv/cv_ex03.py' is in submodule 'workspace/Opencv'\n","exitCode":128,"gitErrorCode":"IsInSubmodule"}
[2022-03-18 09:24:16.017] [exthost] [error] {"message":"Git error","stdout":"","stderr":"fatal: Pathspec '/home/pi/workspace/Opencv/cv_ex03.py' is in submodule 'workspace/Opencv'\n","exitCode":128,"gitErrorCode":"IsInSubmodule"}
[2022-03-18 09:24:16.017] [exthost] [error] {"message":"Git error","stdout":"","stderr":"fatal: Pathspec '/home/pi/workspace/Opencv/cv_ex03.py' is in submodule 'workspace/Opencv'\n","exitCode":128,"gitErrorCode":"IsInSubmodule"}
[2022-03-18 09:24:16.017] [exthost] [error] {"message":"Git error","stdout":"","stderr":"fatal: Pathspec '/home/pi/workspace/Opencv/cv_ex03.py' is in submodule 'workspace/Opencv'\n","exitCode":128,"gitErrorCode":"IsInSubmodule"}
[2022-03-18 09:24:16.017] [exthost] [error] {"message":"Git error","stdout":"","stderr":"fatal: Pathspec '/home/pi/workspace/Opencv/cv_ex03.py' is in submodule 'workspace/Opencv'\n","exitCode":128,"gitErrorCode":"IsInSubmodule"}
[2022-03-18 09:24:16.017] [exthost] [error] {"message":"Git error","stdout":"","stderr":"fatal: Pathspec '/home/pi/workspace/Opencv/cv_ex03.py' is in submodule 'workspace/Opencv'\n","exitCode":128,"gitErrorCode":"IsInSubmodule"}
[2022-03-18 09:24:16.017] [exthost] [error] {"message":"Git error","stdout":"","stderr":"fatal: Pathspec '/home/pi/workspace/Opencv/cv_ex03.py' is in submodule 'workspace/Opencv'\n","exitCode":128,"gitErrorCode":"IsInSubmodule"}
[2022-03-18 09:24:20.830] [exthost] [warning] [Decorations] CAPPING events from decorations provider vscode.git 4119
[2022-03-18 09:24:32.862] [exthost] [warning] [Decorations] CAPPING events from decorations provider vscode.git 4119
[2022-03-18 09:24:42.495] [exthost] [warning] [Decorations] CAPPING events from decorations provider vscode.git 4119
[2022-03-18 09:24:52.035] [exthost] [warning] [Decorations] CAPPING events from decorations provider vscode.git 4119
[2022-03-18 09:25:01.535] [exthost] [warning] [Decorations] CAPPING events from decorations provider vscode.git 4119
[2022-03-18 09:25:11.094] [exthost] [warning] [Decorations] CAPPING events from decorations provider vscode.git 4119
[2022-03-18 09:25:20.634] [exthost] [warning] [Decorations] CAPPING events from decorations provider vscode.git 4119
[2022-03-18 09:25:30.112] [exthost] [warning] [Decorations] CAPPING events from decorations provider vscode.git 4119
[2022-03-18 09:25:39.778] [exthost] [warning] [Decorations] CAPPING events from decorations provider vscode.git 4119
[2022-03-18 09:25:49.270] [exthost] [warning] [Decorations] CAPPING events from decorations provider vscode.git 4119
[2022-03-18 09:25:58.740] [exthost] [warning] [Decorations] CAPPING events from decorations provider vscode.git 4119
[2022-03-18 09:26:08.229] [exthost] [warning] [Decorations] CAPPING events from decorations provider vscode.git 4119
[2022-03-18 09:26:17.738] [exthost] [warning] [Decorations] CAPPING events from decorations provider vscode.git 4119
[2022-03-18 09:26:27.328] [exthost] [warning] [Decorations] CAPPING events from decorations provider vscode.git 4119
[2022-03-18 09:26:36.856] [exthost] [warning] [Decorations] CAPPING events from decorations provider vscode.git 4119
[2022-03-18 09:26:46.402] [exthost] [warning] [Decorations] CAPPING events from decorations provider vscode.git 4119
[2022-03-18 09:26:55.996] [exthost] [warning] [Decorations] CAPPING events from decorations provider vscode.git 4119
[2022-03-18 09:27:05.500] [exthost] [warning] [Decorations] CAPPING events from decorations provider vscode.git 4119
[2022-03-18 09:27:14.983] [exthost] [warning] [Decorations] CAPPING events from decorations provider vscode.git 4119
[2022-03-18 09:27:20.179] [exthost] [warning] [Decorations] CAPPING events from decorations provider vscode.git 4119
[2022-03-18 09:27:24.672] [exthost] [warning] [Decorations] CAPPING events from decorations provider vscode.git 4119
[2022-03-18 09:27:34.234] [exthost] [warning] [Decorations] CAPPING events from decorations provider vscode.git 4119
[2022-03-18 09:27:43.730] [exthost] [warning] [Decorations] CAPPING events from decorations provider vscode.git 4119
[2022-03-18 09:27:53.268] [exthost] [warning] [Decorations] CAPPING events from decorations provider vscode.git 4119
[2022-03-18 09:28:02.761] [exthost] [warning] [Decorations] CAPPING events from decorations provider vscode.git 4119
[2022-03-18 09:28:12.259] [exthost] [warning] [Decorations] CAPPING events from decorations provider vscode.git 4119
[2022-03-18 09:28:21.838] [exthost] [warning] [Decorations] CAPPING events from decorations provider vscode.git 4119
[2022-03-18 09:28:26.701] [exthost] [error] {"message":"Git error","stdout":"","stderr":"fatal: Pathspec '/home/pi/workspace/Opencv/numpy_ex01.py' is in submodule 'workspace/Opencv'\n","exitCode":128,"gitErrorCode":"IsInSubmodule"}
[2022-03-18 09:28:31.320] [exthost] [warning] [Decorations] CAPPING events from decorations provider vscode.git 4119
[2022-03-18 09:28:40.825] [exthost] [warning] [Decorations] CAPPING events from decorations provider vscode.git 4119
[2022-03-18 09:28:50.442] [exthost] [warning] [Decorations] CAPPING events from decorations provider vscode.git 4119
[2022-03-18 09:28:59.990] [exthost] [warning] [Decorations] CAPPING events from decorations provider vscode.git 4119
[2022-03-18 09:29:09.605] [exthost] [warning] [Decorations] CAPPING events from decorations provider vscode.git 4119
[2022-03-18 09:29:19.250] [exthost] [warning] [Decorations] CAPPING events from decorations provider vscode.git 4119
[2022-03-18 09:29:29.251] [exthost] [warning] [Decorations] CAPPING events from decorations provider vscode.git 4119
[2022-03-18 09:29:38.745] [exthost] [warning] [Decorations] CAPPING events from decorations provider vscode.git 4119
[2022-03-18 09:29:48.295] [exthost] [warning] [Decorations] CAPPING events from decorations provider vscode.git 4119
[2022-03-18 09:29:57.860] [exthost] [warning] [Decorations] CAPPING events from decorations provider vscode.git 4119
[2022-03-18 09:30:07.455] [exthost] [warning] [Decorations] CAPPING events from decorations provider vscode.git 4119
[2022-03-18 09:30:17.040] [exthost] [warning] [Decorations] CAPPING events from decorations provider vscode.git 4119
[2022-03-18 09:30:25.426] [exthost] [warning] [Decorations] CAPPING events from decorations provider vscode.git 4119
[2022-03-18 09:30:29.991] [exthost] [warning] [Decorations] CAPPING events from decorations provider vscode.git 4119
[2022-03-18 09:30:39.504] [exthost] [warning] [Decorations] CAPPING events from decorations provider vscode.git 4119
[2022-03-18 09:33:23.162] [exthost] [warning] [Decorations] CAPPING events from decorations provider vscode.git 4119
[2022-03-18 09:33:30.643] [exthost] [warning] [Decorations] CAPPING events from decorations provider vscode.git 4119
[2022-03-18 09:33:35.220] [exthost] [warning] [Decorations] CAPPING events from decorations provider vscode.git 4119
[2022-03-18 09:33:44.761] [exthost] [warning] [Decorations] CAPPING events from decorations provider vscode.git 4119
[2022-03-18 09:34:19.457] [exthost] [warning] [Decorations] CAPPING events from decorations provider vscode.git 4119
[2022-03-18 09:34:29.272] [exthost] [warning] [Decorations] CAPPING events from decorations provider vscode.git 4119
[2022-03-18 09:34:38.853] [exthost] [warning] [Decorations] CAPPING events from decorations provider vscode.git 4119
[2022-03-18 09:34:48.369] [exthost] [warning] [Decorations] CAPPING events from decorations provider vscode.git 4119
[2022-03-18 09:34:57.928] [exthost] [warning] [Decorations] CAPPING events from decorations provider vscode.git 4119
[2022-03-18 09:35:07.527] [exthost] [warning] [Decorations] CAPPING events from decorations provider vscode.git 4119
[2022-03-18 09:35:17.087] [exthost] [warning] [Decorations] CAPPING events from decorations provider vscode.git 4119
[2022-03-18 09:35:26.637] [exthost] [warning] [Decorations] CAPPING events from decorations provider vscode.git 4119
[2022-03-18 09:35:36.228] [exthost] [warning] [Decorations] CAPPING events from decorations provider vscode.git 4119
[2022-03-18 09:35:45.798] [exthost] [warning] [Decorations] CAPPING events from decorations provider vscode.git 4119
[2022-03-18 09:35:55.391] [exthost] [warning] [Decorations] CAPPING events from decorations provider vscode.git 4119
[2022-03-18 09:36:04.939] [exthost] [warning] [Decorations] CAPPING events from decorations provider vscode.git 4119
[2022-03-18 09:36:14.436] [exthost] [warning] [Decorations] CAPPING events from decorations provider vscode.git 4119
[2022-03-18 09:36:23.970] [exthost] [warning] [Decorations] CAPPING events from decorations provider vscode.git 4119
[2022-03-18 09:36:33.570] [exthost] [warning] [Decorations] CAPPING events from decorations provider vscode.git 4119
[2022-03-18 09:36:38.823] [exthost] [warning] [Decorations] CAPPING events from decorations provider vscode.git 4119
[2022-03-18 09:36:43.346] [exthost] [warning] [Decorations] CAPPING events from decorations provider vscode.git 4119
[2022-03-18 09:37:24.154] [exthost] [warning] [Decorations] CAPPING events from decorations provider vscode.git 4119
[2022-03-18 09:41:41.138] [exthost] [warning] [Decorations] CAPPING events from decorations provider vscode.git 4119
[2022-03-18 09:41:45.726] [exthost] [warning] [Decorations] CAPPING events from decorations provider vscode.git 4119
[2022-03-18 09:41:50.807] [exthost] [warning] [Decorations] CAPPING events from decorations provider vscode.git 4119
[2022-03-18 09:41:55.751] [exthost] [error] {"message":"Git error","stdout":"","stderr":"fatal: Pathspec '/home/pi/workspace/Opencv/numpy_ex02.py' is in submodule 'workspace/Opencv'\n","exitCode":128,"gitErrorCode":"IsInSubmodule"}
[2022-03-18 09:42:00.249] [exthost] [warning] [Decorations] CAPPING events from decorations provider vscode.git 4119
[2022-03-18 09:42:09.786] [exthost] [warning] [Decorations] CAPPING events from decorations provider vscode.git 4119
[2022-03-18 09:42:19.321] [exthost] [warning] [Decorations] CAPPING events from decorations provider vscode.git 4119
[2022-03-18 09:42:28.875] [exthost] [warning] [Decorations] CAPPING events from decorations provider vscode.git 4119
[2022-03-18 09:42:38.461] [exthost] [warning] [Decorations] CAPPING events from decorations provider vscode.git 4119
[2022-03-18 09:42:48.160] [exthost] [warning] [Decorations] CAPPING events from decorations provider vscode.git 4119
[2022-03-18 09:42:58.048] [exthost] [warning] [Decorations] CAPPING events from decorations provider vscode.git 4119
[2022-03-18 09:43:07.614] [exthost] [warning] [Decorations] CAPPING events from decorations provider vscode.git 4119
[2022-03-18 09:43:17.182] [exthost] [warning] [Decorations] CAPPING events from decorations provider vscode.git 4119
[2022-03-18 09:43:26.778] [exthost] [warning] [Decorations] CAPPING events from decorations provider vscode.git 4119
[2022-03-18 09:43:36.427] [exthost] [warning] [Decorations] CAPPING events from decorations provider vscode.git 4119
[2022-03-18 09:43:45.961] [exthost] [warning] [Decorations] CAPPING events from decorations provider vscode.git 4119
[2022-03-18 09:43:55.439] [exthost] [warning] [Decorations] CAPPING events from decorations provider vscode.git 4119
[2022-03-18 09:44:04.999] [exthost] [warning] [Decorations] CAPPING events from decorations provider vscode.git 4119
[2022-03-18 09:44:14.519] [exthost] [warning] [Decorations] CAPPING events from decorations provider vscode.git 4119
[2022-03-18 09:44:24.033] [exthost] [warning] [Decorations] CAPPING events from decorations provider vscode.git 4119
[2022-03-18 09:44:33.658] [exthost] [warning] [Decorations] CAPPING events from decorations provider vscode.git 4119
[2022-03-18 09:44:43.201] [exthost] [warning] [Decorations] CAPPING events from decorations provider vscode.git 4119
[2022-03-18 09:44:52.825] [exthost] [warning] [Decorations] CAPPING events from decorations provider vscode.git 4119
[2022-03-18 09:44:57.590] [exthost] [warning] [Decorations] CAPPING events from decorations provider vscode.git 4119
[2022-03-18 09:45:07.126] [exthost] [warning] [Decorations] CAPPING events from decorations provider vscode.git 4119
[2022-03-18 09:48:38.895] [exthost] [warning] [Decorations] CAPPING events from decorations provider vscode.git 4119
[2022-03-18 09:48:43.704] [exthost] [warning] [Decorations] CAPPING events from decorations provider vscode.git 4119
[2022-03-18 09:48:48.663] [exthost] [warning] [Decorations] CAPPING events from decorations provider vscode.git 4119
[2022-03-18 09:48:58.232] [exthost] [warning] [Decorations] CAPPING events from decorations provider vscode.git 4119
[2022-03-18 09:49:07.801] [exthost] [warning] [Decorations] CAPPING events from decorations provider vscode.git 4119
[2022-03-18 09:49:17.372] [exthost] [warning] [Decorations] CAPPING events from decorations provider vscode.git 4119
[2022-03-18 09:49:26.938] [exthost] [warning] [Decorations] CAPPING events from decorations provider vscode.git 4119
[2022-03-18 09:49:36.520] [exthost] [warning] [Decorations] CAPPING events from decorations provider vscode.git 4119
[2022-03-18 09:49:46.118] [exthost] [warning] [Decorations] CAPPING events from decorations provider vscode.git 4119
[2022-03-18 09:49:55.656] [exthost] [warning] [Decorations] CAPPING events from decorations provider vscode.git 4119
[2022-03-18 09:50:05.368] [exthost] [warning] [Decorations] CAPPING events from decorations provider vscode.git 4119
[2022-03-18 09:50:14.904] [exthost] [warning] [Decorations] CAPPING events from decorations provider vscode.git 4119
[2022-03-18 09:50:24.439] [exthost] [warning] [Decorations] CAPPING events from decorations provider vscode.git 4119
[2022-03-18 09:50:34.041] [exthost] [warning] [Decorations] CAPPING events from decorations provider vscode.git 4119
[2022-03-18 09:50:43.595] [exthost] [warning] [Decorations] CAPPING events from decorations provider vscode.git 4119
[2022-03-18 09:50:53.211] [exthost] [warning] [Decorations] CAPPING events from decorations provider vscode.git 4119
[2022-03-18 09:51:02.765] [exthost] [warning] [Decorations] CAPPING events from decorations provider vscode.git 4119
[2022-03-18 09:51:12.327] [exthost] [warning] [Decorations] CAPPING events from decorations provider vscode.git 4119
[2022-03-18 09:51:22.066] [exthost] [warning] [Decorations] CAPPING events from decorations provider vscode.git 4119
[2022-03-18 09:51:31.628] [exthost] [warning] [Decorations] CAPPING events from decorations provider vscode.git 4119
[2022-03-18 09:51:41.187] [exthost] [warning] [Decorations] CAPPING events from decorations provider vscode.git 4119
[2022-03-18 09:51:49.144] [exthost] [warning] [Decorations] CAPPING events from decorations provider vscode.git 4119
[2022-03-18 09:51:53.646] [exthost] [warning] [Decorations] CAPPING events from decorations provider vscode.git 4119
[2022-03-18 09:52:03.168] [exthost] [warning] [Decorations] CAPPING events from decorations provider vscode.git 4119
[2022-03-18 09:52:12.739] [exthost] [warning] [Decorations] CAPPING events from decorations provider vscode.git 4119
[2022-03-18 09:52:22.366] [exthost] [warning] [Decorations] CAPPING events from decorations provider vscode.git 4119
[2022-03-18 09:52:31.938] [exthost] [warning] [Decorations] CAPPING events from decorations provider vscode.git 4119
[2022-03-18 09:52:41.490] [exthost] [warning] [Decorations] CAPPING events from decorations provider vscode.git 4119
[2022-03-18 09:52:51.061] [exthost] [warning] [Decorations] CAPPING events from decorations provider vscode.git 4119
[2022-03-18 09:53:00.606] [exthost] [warning] [Decorations] CAPPING events from decorations provider vscode.git 4119
[2022-03-18 09:53:10.245] [exthost] [warning] [Decorations] CAPPING events from decorations provider vscode.git 4119
[2022-03-18 09:53:19.865] [exthost] [warning] [Decorations] CAPPING events from decorations provider vscode.git 4119
[2022-03-18 09:53:29.500] [exthost] [warning] [Decorations] CAPPING events from decorations provider vscode.git 4119
[2022-03-18 09:53:39.129] [exthost] [warning] [Decorations] CAPPING events from decorations provider vscode.git 4119
[2022-03-18 09:53:48.671] [exthost] [warning] [Decorations] CAPPING events from decorations provider vscode.git 4119
[2022-03-18 09:53:58.247] [exthost] [warning] [Decorations] CAPPING events from decorations provider vscode.git 4119
[2022-03-18 09:54:07.809] [exthost] [warning] [Decorations] CAPPING events from decorations provider vscode.git 4119
[2022-03-18 09:54:17.352] [exthost] [warning] [Decorations] CAPPING events from decorations provider vscode.git 4119
[2022-03-18 09:54:26.932] [exthost] [warning] [Decorations] CAPPING events from decorations provider vscode.git 4119
[2022-03-18 09:54:36.527] [exthost] [warning] [Decorations] CAPPING events from decorations provider vscode.git 4119
[2022-03-18 09:54:46.059] [exthost] [warning] [Decorations] CAPPING events from decorations provider vscode.git 4119
[2022-03-18 09:54:54.421] [exthost] [warning] [Decorations] CAPPING events from decorations provider vscode.git 4119
[2022-03-18 09:54:59.048] [exthost] [warning] [Decorations] CAPPING events from decorations provider vscode.git 4119
[2022-03-18 09:55:08.591] [exthost] [warning] [Decorations] CAPPING events from decorations provider vscode.git 4119
[2022-03-18 09:55:18.261] [exthost] [warning] [Decorations] CAPPING events from decorations provider vscode.git 4119
[2022-03-18 09:55:27.836] [exthost] [warning] [Decorations] CAPPING events from decorations provider vscode.git 4119
[2022-03-18 09:55:37.398] [exthost] [warning] [Decorations] CAPPING events from decorations provider vscode.git 4119
[2022-03-18 09:55:47.024] [exthost] [warning] [Decorations] CAPPING events from decorations provider vscode.git 4119
[2022-03-18 09:55:56.603] [exthost] [warning] [Decorations] CAPPING events from decorations provider vscode.git 4119
[2022-03-18 09:56:06.156] [exthost] [warning] [Decorations] CAPPING events from decorations provider vscode.git 4119
[2022-03-18 09:56:15.734] [exthost] [warning] [Decorations] CAPPING events from decorations provider vscode.git 4119
[2022-03-18 09:56:25.354] [exthost] [warning] [Decorations] CAPPING events from decorations provider vscode.git 4119
[2022-03-18 09:56:34.902] [exthost] [warning] [Decorations] CAPPING events from decorations provider vscode.git 4119
[2022-03-18 09:56:44.430] [exthost] [warning] [Decorations] CAPPING events from decorations provider vscode.git 4119
[2022-03-18 09:56:54.047] [exthost] [warning] [Decorations] CAPPING events from decorations provider vscode.git 4119
[2022-03-18 09:57:03.595] [exthost] [warning] [Decorations] CAPPING events from decorations provider vscode.git 4119
[2022-03-18 09:57:13.196] [exthost] [warning] [Decorations] CAPPING events from decorations provider vscode.git 4119
[2022-03-18 09:57:22.741] [exthost] [warning] [Decorations] CAPPING events from decorations provider vscode.git 4119
[2022-03-18 09:57:32.296] [exthost] [warning] [Decorations] CAPPING events from decorations provider vscode.git 4119
[2022-03-18 09:57:41.873] [exthost] [warning] [Decorations] CAPPING events from decorations provider vscode.git 4119
[2022-03-18 09:57:51.437] [exthost] [warning] [Decorations] CAPPING events from decorations provider vscode.git 4119
[2022-03-18 09:57:59.933] [exthost] [warning] [Decorations] CAPPING events from decorations provider vscode.git 4119
[2022-03-18 09:58:04.510] [exthost] [warning] [Decorations] CAPPING events from decorations provider vscode.git 4119
[2022-03-18 09:58:14.075] [exthost] [warning] [Decorations] CAPPING events from decorations provider vscode.git 4119
[2022-03-18 09:58:23.709] [exthost] [warning] [Decorations] CAPPING events from decorations provider vscode.git 4119
[2022-03-18 09:58:33.245] [exthost] [warning] [Decorations] CAPPING events from decorations provider vscode.git 4119
[2022-03-18 09:58:42.831] [exthost] [warning] [Decorations] CAPPING events from decorations provider vscode.git 4119
[2022-03-18 09:58:52.442] [exthost] [warning] [Decorations] CAPPING events from decorations provider vscode.git 4119
[2022-03-18 09:59:01.983] [exthost] [warning] [Decorations] CAPPING events from decorations provider vscode.git 4119
[2022-03-18 09:59:11.575] [exthost] [warning] [Decorations] CAPPING events from decorations provider vscode.git 4119
[2022-03-18 09:59:21.141] [exthost] [warning] [Decorations] CAPPING events from decorations provider vscode.git 4119
[2022-03-18 09:59:30.789] [exthost] [warning] [Decorations] CAPPING events from decorations provider vscode.git 4119
[2022-03-18 09:59:40.375] [exthost] [warning] [Decorations] CAPPING events from decorations provider vscode.git 4119
[2022-03-18 09:59:49.896] [exthost] [warning] [Decorations] CAPPING events from decorations provider vscode.git 4119
[2022-03-18 09:59:59.562] [exthost] [warning] [Decorations] CAPPING events from decorations provider vscode.git 4119
[2022-03-18 10:00:09.082] [exthost] [warning] [Decorations] CAPPING events from decorations provider vscode.git 4119
[2022-03-18 10:00:18.582] [exthost] [warning] [Decorations] CAPPING events from decorations provider vscode.git 4119
[2022-03-18 10:00:28.155] [exthost] [warning] [Decorations] CAPPING events from decorations provider vscode.git 4119
[2022-03-18 10:00:37.794] [exthost] [warning] [Decorations] CAPPING events from decorations provider vscode.git 4119
[2022-03-18 10:00:47.309] [exthost] [warning] [Decorations] CAPPING events from decorations provider vscode.git 4119
[2022-03-18 10:00:56.851] [exthost] [warning] [Decorations] CAPPING events from decorations provider vscode.git 4119
[2022-03-18 10:01:05.357] [exthost] [warning] [Decorations] CAPPING events from decorations provider vscode.git 4119
[2022-03-18 10:01:09.898] [exthost] [warning] [Decorations] CAPPING events from decorations provider vscode.git 4119
[2022-03-18 10:01:19.546] [exthost] [warning] [Decorations] CAPPING events from decorations provider vscode.git 4119
[2022-03-18 10:01:29.174] [exthost] [warning] [Decorations] CAPPING events from decorations provider vscode.git 4119
[2022-03-18 10:01:38.731] [exthost] [warning] [Decorations] CAPPING events from decorations provider vscode.git 4119
[2022-03-18 10:01:48.288] [exthost] [warning] [Decorations] CAPPING events from decorations provider vscode.git 4119
[2022-03-18 10:01:57.853] [exthost] [warning] [Decorations] CAPPING events from decorations provider vscode.git 4119
[2022-03-18 10:02:07.432] [exthost] [warning] [Decorations] CAPPING events from decorations provider vscode.git 4119
[2022-03-18 10:02:16.994] [exthost] [warning] [Decorations] CAPPING events from decorations provider vscode.git 4119
[2022-03-18 10:02:26.596] [exthost] [warning] [Decorations] CAPPING events from decorations provider vscode.git 4119
[2022-03-18 10:02:36.224] [exthost] [warning] [Decorations] CAPPING events from decorations provider vscode.git 4119
[2022-03-18 10:02:44.103] [exthost] [error] {"message":"Git error","stdout":"","stderr":"fatal: Pathspec '/home/pi/workspace/Opencv/numpy_ex03.ㅔㅛ' is in submodule 'workspace/Opencv'\n","exitCode":128,"gitErrorCode":"IsInSubmodule"}
[2022-03-18 10:02:45.775] [exthost] [warning] [Decorations] CAPPING events from decorations provider vscode.git 4119
[2022-03-18 10:02:50.599] [exthost] [error] {"message":"Git error","stdout":"","stderr":"fatal: Pathspec '/home/pi/workspace/Opencv/numpy_ex03.py' is in submodule 'workspace/Opencv'\n","exitCode":128,"gitErrorCode":"IsInSubmodule"}
[2022-03-18 10:02:55.486] [exthost] [warning] [Decorations] CAPPING events from decorations provider vscode.git 4119
[2022-03-18 10:03:05.130] [exthost] [warning] [Decorations] CAPPING events from decorations provider vscode.git 4119
[2022-03-18 10:03:14.751] [exthost] [warning] [Decorations] CAPPING events from decorations provider vscode.git 4119
[2022-03-18 10:03:24.441] [exthost] [warning] [Decorations] CAPPING events from decorations provider vscode.git 4119
[2022-03-18 10:03:34.010] [exthost] [warning] [Decorations] CAPPING events from decorations provider vscode.git 4119
[2022-03-18 10:03:43.572] [exthost] [warning] [Decorations] CAPPING events from decorations provider vscode.git 4119
[2022-03-18 10:03:53.134] [exthost] [warning] [Decorations] CAPPING events from decorations provider vscode.git 4119
[2022-03-18 10:04:02.699] [exthost] [warning] [Decorations] CAPPING events from decorations provider vscode.git 4119
[2022-03-18 10:04:10.966] [exthost] [warning] [Decorations] CAPPING events from decorations provider vscode.git 4119
[2022-03-18 10:04:15.569] [exthost] [warning] [Decorations] CAPPING events from decorations provider vscode.git 4119
[2022-03-18 10:04:25.152] [exthost] [warning] [Decorations] CAPPING events from decorations provider vscode.git 4119
[2022-03-18 10:04:34.879] [exthost] [warning] [Decorations] CAPPING events from decorations provider vscode.git 4119
[2022-03-18 10:04:44.448] [exthost] [warning] [Decorations] CAPPING events from decorations provider vscode.git 4119
[2022-03-18 10:04:54.000] [exthost] [warning] [Decorations] CAPPING events from decorations provider vscode.git 4119
[2022-03-18 10:05:03.672] [exthost] [warning] [Decorations] CAPPING events from decorations provider vscode.git 4119
[2022-03-18 10:05:13.241] [exthost] [warning] [Decorations] CAPPING events from decorations provider vscode.git 4119
[2022-03-18 10:05:22.825] [exthost] [warning] [Decorations] CAPPING events from decorations provider vscode.git 4119
[2022-03-18 10:05:32.357] [exthost] [warning] [Decorations] CAPPING events from decorations provider vscode.git 4119
[2022-03-18 10:05:41.936] [exthost] [warning] [Decorations] CAPPING events from decorations provider vscode.git 4119
[2022-03-18 10:05:51.499] [exthost] [warning] [Decorations] CAPPING events from decorations provider vscode.git 4119
[2022-03-18 10:06:01.017] [exthost] [warning] [Decorations] CAPPING events from decorations provider vscode.git 4119
[2022-03-18 10:06:10.753] [exthost] [warning] [Decorations] CAPPING events from decorations provider vscode.git 4119
[2022-03-18 10:06:20.507] [exthost] [warning] [Decorations] CAPPING events from decorations provider vscode.git 4119
[2022-03-18 10:06:30.087] [exthost] [warning] [Decorations] CAPPING events from decorations provider vscode.git 4119
[2022-03-18 10:06:39.697] [exthost] [warning] [Decorations] CAPPING events from decorations provider vscode.git 4119
[2022-03-18 10:06:49.474] [exthost] [warning] [Decorations] CAPPING events from decorations provider vscode.git 4119
[2022-03-18 10:06:59.258] [exthost] [warning] [Decorations] CAPPING events from decorations provider vscode.git 4119
[2022-03-18 10:07:08.859] [exthost] [warning] [Decorations] CAPPING events from decorations provider vscode.git 4119
[2022-03-18 10:07:16.312] [exthost] [warning] [Decorations] CAPPING events from decorations provider vscode.git 4119
[2022-03-18 10:07:20.892] [exthost] [warning] [Decorations] CAPPING events from decorations provider vscode.git 4119
[2022-03-18 10:07:30.507] [exthost] [warning] [Decorations] CAPPING events from decorations provider vscode.git 4119
[2022-03-18 10:07:40.151] [exthost] [warning] [Decorations] CAPPING events from decorations provider vscode.git 4119
[2022-03-18 10:07:49.936] [exthost] [warning] [Decorations] CAPPING events from decorations provider vscode.git 4119
[2022-03-18 10:07:59.544] [exthost] [warning] [Decorations] CAPPING events from decorations provider vscode.git 4119
[2022-03-18 10:08:09.189] [exthost] [warning] [Decorations] CAPPING events from decorations provider vscode.git 4119
[2022-03-18 10:08:18.798] [exthost] [warning] [Decorations] CAPPING events from decorations provider vscode.git 4119
[2022-03-18 10:08:28.477] [exthost] [warning] [Decorations] CAPPING events from decorations provider vscode.git 4119
[2022-03-18 10:08:38.067] [exthost] [warning] [Decorations] CAPPING events from decorations provider vscode.git 4119
[2022-03-18 10:08:47.718] [exthost] [warning] [Decorations] CAPPING events from decorations provider vscode.git 4119
[2022-03-18 10:08:58.616] [exthost] [warning] [Decorations] CAPPING events from decorations provider vscode.git 4119
[2022-03-18 10:09:08.249] [exthost] [warning] [Decorations] CAPPING events from decorations provider vscode.git 4119
[2022-03-18 10:09:18.310] [exthost] [warning] [Decorations] CAPPING events from decorations provider vscode.git 4119
[2022-03-18 10:09:28.043] [exthost] [warning] [Decorations] CAPPING events from decorations provider vscode.git 4119
[2022-03-18 10:18:00.238] [exthost] [warning] [Decorations] CAPPING events from decorations provider vscode.git 4119
[2022-03-18 10:18:05.042] [exthost] [warning] [Decorations] CAPPING events from decorations provider vscode.git 4119
[2022-03-18 10:18:09.941] [exthost] [warning] [Decorations] CAPPING events from decorations provider vscode.git 4119
[2022-03-18 10:18:13.997] [exthost] [error] {"message":"Git error","stdout":"","stderr":"fatal: Pathspec '/home/pi/workspace/Opencv/numpy_ex04.ㅔㅛ' is in submodule 'workspace/Opencv'\n","exitCode":128,"gitErrorCode":"IsInSubmodule"}
[2022-03-18 10:18:19.553] [exthost] [warning] [Decorations] CAPPING events from decorations provider vscode.git 4119
[2022-03-18 10:18:24.634] [exthost] [error] {"message":"Git error","stdout":"","stderr":"fatal: Pathspec '/home/pi/workspace/Opencv/numpy_ex04.py' is in submodule 'workspace/Opencv'\n","exitCode":128,"gitErrorCode":"IsInSubmodule"}
[2022-03-18 10:21:06.256] [exthost] [warning] [Decorations] CAPPING events from decorations provider vscode.git 4119
[2022-03-18 10:21:11.938] [exthost] [warning] [Decorations] CAPPING events from decorations provider vscode.git 4119
[2022-03-18 10:21:16.637] [exthost] [warning] [Decorations] CAPPING events from decorations provider vscode.git 4119
[2022-03-18 10:21:26.203] [exthost] [warning] [Decorations] CAPPING events from decorations provider vscode.git 4119
[2022-03-18 10:21:35.771] [exthost] [warning] [Decorations] CAPPING events from decorations provider vscode.git 4119
[2022-03-18 10:21:45.442] [exthost] [warning] [Decorations] CAPPING events from decorations provider vscode.git 4119
[2022-03-18 10:21:55.772] [exthost] [warning] [Decorations] CAPPING events from decorations provider vscode.git 4119
[2022-03-18 10:22:05.314] [exthost] [warning] [Decorations] CAPPING events from decorations provider vscode.git 4119
[2022-03-18 10:22:14.943] [exthost] [warning] [Decorations] CAPPING events from decorations provider vscode.git 4119
[2022-03-18 10:22:24.529] [exthost] [warning] [Decorations] CAPPING events from decorations provider vscode.git 4119
[2022-03-18 10:22:34.200] [exthost] [warning] [Decorations] CAPPING events from decorations provider vscode.git 4119
[2022-03-18 10:27:56.971] [exthost] [warning] [Decorations] CAPPING events from decorations provider vscode.git 4119
[2022-03-18 10:28:01.743] [exthost] [warning] [Decorations] CAPPING events from decorations provider vscode.git 4119
[2022-03-18 10:28:06.745] [exthost] [warning] [Decorations] CAPPING events from decorations provider vscode.git 4119
[2022-03-18 10:28:16.428] [exthost] [warning] [Decorations] CAPPING events from decorations provider vscode.git 4119
[2022-03-18 10:28:26.008] [exthost] [warning] [Decorations] CAPPING events from decorations provider vscode.git 4119
[2022-03-18 10:28:35.574] [exthost] [warning] [Decorations] CAPPING events from decorations provider vscode.git 4119
[2022-03-18 10:28:45.223] [exthost] [warning] [Decorations] CAPPING events from decorations provider vscode.git 4119
[2022-03-18 10:28:54.826] [exthost] [warning] [Decorations] CAPPING events from decorations provider vscode.git 4119
[2022-03-18 10:29:04.411] [exthost] [warning] [Decorations] CAPPING events from decorations provider vscode.git 4119
[2022-03-18 10:29:13.957] [exthost] [warning] [Decorations] CAPPING events from decorations provider vscode.git 4119
[2022-03-18 10:29:23.646] [exthost] [warning] [Decorations] CAPPING events from decorations provider vscode.git 4119
[2022-03-18 10:29:33.220] [exthost] [warning] [Decorations] CAPPING events from decorations provider vscode.git 4119
[2022-03-18 10:29:42.768] [exthost] [warning] [Decorations] CAPPING events from decorations provider vscode.git 4119
[2022-03-18 10:29:52.467] [exthost] [warning] [Decorations] CAPPING events from decorations provider vscode.git 4119
[2022-03-18 10:30:02.043] [exthost] [warning] [Decorations] CAPPING events from decorations provider vscode.git 4119
[2022-03-18 10:35:16.310] [exthost] [warning] [Decorations] CAPPING events from decorations provider vscode.git 4119
[2022-03-18 10:35:21.142] [exthost] [warning] [Decorations] CAPPING events from decorations provider vscode.git 4119
[2022-03-18 10:35:26.131] [exthost] [warning] [Decorations] CAPPING events from decorations provider vscode.git 4119
[2022-03-18 10:35:35.782] [exthost] [warning] [Decorations] CAPPING events from decorations provider vscode.git 4119
