[2022-03-17T04:09:56.180Z] git에서 찾은 git 유효성을 검사하는 중
[2022-03-17T04:09:56.300Z] git에서 git 2.30.2을(를) 사용하는 중
[2022-03-17T04:09:56.448Z] > git rev-parse --git-dir [5ms]
[2022-03-17T04:09:56.470Z] Open repository: /home/pi
[2022-03-17T04:09:57.529Z] > git symbolic-ref --short HEAD [55ms]
[2022-03-17T04:09:57.560Z] > git for-each-ref --format=%(refname)%00%(upstream:short)%00%(objectname)%00%(upstream:track) refs/heads/main refs/remotes/main [13ms]
[2022-03-17T04:09:57.697Z] > git for-each-ref --sort -committerdate --format %(refname) %(objectname) %(*objectname) [121ms]
[2022-03-17T04:09:57.707Z] > git remote --verbose [95ms]
[2022-03-17T04:09:59.176Z] > git config --get commit.template [1335ms]
[2022-03-17T04:10:00.382Z] > git ls-files --stage -- /home/pi/workspace/Opencv/cam.py [23ms]
[2022-03-17T04:10:00.404Z] > git ls-files --stage -- /home/pi/keyboard.xml [27ms]
[2022-03-17T04:10:11.988Z] > git symbolic-ref --short HEAD [91ms]
[2022-03-17T04:10:12.034Z] > git ls-files --stage -- /home/pi/workspace/Opencv/ex03_2.py [49ms]
[2022-03-17T04:10:12.047Z] > git for-each-ref --format=%(refname)%00%(upstream:short)%00%(objectname)%00%(upstream:track) refs/heads/main refs/remotes/main [23ms]
[2022-03-17T04:10:12.100Z] > git for-each-ref --sort -committerdate --format %(refname) %(objectname) %(*objectname) [33ms]
[2022-03-17T04:10:12.103Z] > git remote --verbose [7ms]
[2022-03-17T04:10:16.555Z] > git fetch [5151ms]
[2022-03-17T04:10:16.577Z] > git config --get commit.template [34ms]
[2022-03-17T04:10:17.140Z] > git ls-files --stage -- /home/pi/workspace/Opencv/cam.py [139ms]
[2022-03-17T04:10:17.178Z] > git ls-files --stage -- /home/pi/workspace/Opencv/ex03_2.py [130ms]
[2022-03-17T04:10:17.350Z] > git symbolic-ref --short HEAD [36ms]
[2022-03-17T04:10:17.421Z] > git for-each-ref --format=%(refname)%00%(upstream:short)%00%(objectname)%00%(upstream:track) refs/heads/main refs/remotes/main [26ms]
[2022-03-17T04:10:17.468Z] > git for-each-ref --sort -committerdate --format %(refname) %(objectname) %(*objectname) [26ms]
[2022-03-17T04:10:17.472Z] > git remote --verbose [9ms]
[2022-03-17T04:10:22.847Z] > git config --get commit.template [27ms]
[2022-03-17T04:10:23.262Z] > git symbolic-ref --short HEAD [6ms]
[2022-03-17T04:10:23.363Z] > git ls-files --stage -- /home/pi/workspace/Opencv/cam.py [42ms]
[2022-03-17T04:10:23.366Z] > git for-each-ref --format=%(refname)%00%(upstream:short)%00%(objectname)%00%(upstream:track) refs/heads/main refs/remotes/main [79ms]
[2022-03-17T04:10:23.432Z] > git for-each-ref --sort -committerdate --format %(refname) %(objectname) %(*objectname) [33ms]
[2022-03-17T04:10:23.434Z] > git ls-files --stage -- /home/pi/workspace/Opencv/ex03_2.py [78ms]
[2022-03-17T04:10:23.440Z] > git remote --verbose [17ms]
[2022-03-17T04:10:28.503Z] > git config --get commit.template [25ms]
[2022-03-17T04:10:33.828Z] > git symbolic-ref --short HEAD [4ms]
[2022-03-17T04:10:33.854Z] > git for-each-ref --format=%(refname)%00%(upstream:short)%00%(objectname)%00%(upstream:track) refs/heads/main refs/remotes/main [4ms]
[2022-03-17T04:10:33.902Z] > git for-each-ref --sort -committerdate --format %(refname) %(objectname) %(*objectname) [27ms]
[2022-03-17T04:10:33.904Z] > git remote --verbose [8ms]
[2022-03-17T04:10:37.866Z] > git config --get commit.template [42ms]
[2022-03-17T04:10:43.190Z] > git symbolic-ref --short HEAD [4ms]
[2022-03-17T04:10:43.215Z] > git for-each-ref --format=%(refname)%00%(upstream:short)%00%(objectname)%00%(upstream:track) refs/heads/main refs/remotes/main [5ms]
[2022-03-17T04:10:43.257Z] > git for-each-ref --sort -committerdate --format %(refname) %(objectname) %(*objectname) [22ms]
[2022-03-17T04:10:43.258Z] > git remote --verbose [4ms]
[2022-03-17T04:10:49.235Z] > git config --get commit.template [24ms]
[2022-03-17T04:10:51.366Z] > git ls-files --stage -- /home/pi/workspace/Opencv/cv_ex03.py [15ms]
[2022-03-17T04:10:54.585Z] > git symbolic-ref --short HEAD [3ms]
[2022-03-17T04:10:54.614Z] > git for-each-ref --format=%(refname)%00%(upstream:short)%00%(objectname)%00%(upstream:track) refs/heads/main refs/remotes/main [6ms]
[2022-03-17T04:10:54.660Z] > git for-each-ref --sort -committerdate --format %(refname) %(objectname) %(*objectname) [24ms]
[2022-03-17T04:10:54.662Z] > git remote --verbose [4ms]
[2022-03-17T04:11:00.640Z] > git config --get commit.template [5814ms]
[2022-03-17T04:11:04.340Z] > git ls-files --stage -- /home/pi/workspace/Opencv/ex03_2.py [26ms]
[2022-03-17T04:11:05.988Z] > git symbolic-ref --short HEAD [4ms]
[2022-03-17T04:11:06.016Z] > git for-each-ref --format=%(refname)%00%(upstream:short)%00%(objectname)%00%(upstream:track) refs/heads/main refs/remotes/main [5ms]
[2022-03-17T04:11:06.062Z] > git for-each-ref --sort -committerdate --format %(refname) %(objectname) %(*objectname) [24ms]
[2022-03-17T04:11:06.065Z] > git remote --verbose [5ms]
[2022-03-17T04:11:11.986Z] > git config --get commit.template [28ms]
[2022-03-17T04:11:17.362Z] > git symbolic-ref --short HEAD [3ms]
[2022-03-17T04:11:17.391Z] > git for-each-ref --format=%(refname)%00%(upstream:short)%00%(objectname)%00%(upstream:track) refs/heads/main refs/remotes/main [4ms]
[2022-03-17T04:11:17.442Z] > git for-each-ref --sort -committerdate --format %(refname) %(objectname) %(*objectname) [26ms]
[2022-03-17T04:11:17.444Z] > git remote --verbose [4ms]
[2022-03-17T04:11:23.344Z] > git config --get commit.template [41ms]
[2022-03-17T04:11:28.682Z] > git symbolic-ref --short HEAD [3ms]
[2022-03-17T04:11:28.708Z] > git for-each-ref --format=%(refname)%00%(upstream:short)%00%(objectname)%00%(upstream:track) refs/heads/main refs/remotes/main [5ms]
[2022-03-17T04:11:28.753Z] > git for-each-ref --sort -committerdate --format %(refname) %(objectname) %(*objectname) [24ms]
[2022-03-17T04:11:28.754Z] > git remote --verbose [3ms]
[2022-03-17T04:11:34.680Z] > git config --get commit.template [36ms]
[2022-03-17T04:11:40.036Z] > git symbolic-ref --short HEAD [4ms]
[2022-03-17T04:11:40.064Z] > git for-each-ref --format=%(refname)%00%(upstream:short)%00%(objectname)%00%(upstream:track) refs/heads/main refs/remotes/main [4ms]
[2022-03-17T04:11:40.116Z] > git for-each-ref --sort -committerdate --format %(refname) %(objectname) %(*objectname) [27ms]
[2022-03-17T04:11:40.119Z] > git remote --verbose [6ms]
[2022-03-17T04:11:46.088Z] > git config --get commit.template [47ms]
[2022-03-17T04:11:51.429Z] > git symbolic-ref --short HEAD [3ms]
[2022-03-17T04:11:51.455Z] > git for-each-ref --format=%(refname)%00%(upstream:short)%00%(objectname)%00%(upstream:track) refs/heads/main refs/remotes/main [5ms]
[2022-03-17T04:11:51.500Z] > git for-each-ref --sort -committerdate --format %(refname) %(objectname) %(*objectname) [23ms]
[2022-03-17T04:11:51.502Z] > git remote --verbose [4ms]
[2022-03-17T04:11:57.487Z] > git config --get commit.template [38ms]
[2022-03-17T04:12:02.795Z] > git symbolic-ref --short HEAD [3ms]
[2022-03-17T04:12:02.825Z] > git for-each-ref --format=%(refname)%00%(upstream:short)%00%(objectname)%00%(upstream:track) refs/heads/main refs/remotes/main [4ms]
[2022-03-17T04:12:02.878Z] > git for-each-ref --sort -committerdate --format %(refname) %(objectname) %(*objectname) [27ms]
[2022-03-17T04:12:02.880Z] > git remote --verbose [4ms]
[2022-03-17T04:12:08.766Z] > git config --get commit.template [5722ms]
[2022-03-17T04:12:14.121Z] > git symbolic-ref --short HEAD [4ms]
[2022-03-17T04:12:14.146Z] > git for-each-ref --format=%(refname)%00%(upstream:short)%00%(objectname)%00%(upstream:track) refs/heads/main refs/remotes/main [5ms]
[2022-03-17T04:12:14.191Z] > git for-each-ref --sort -committerdate --format %(refname) %(objectname) %(*objectname) [24ms]
[2022-03-17T04:12:14.192Z] > git remote --verbose [4ms]
[2022-03-17T04:12:20.093Z] > git config --get commit.template [26ms]
[2022-03-17T04:12:25.386Z] > git symbolic-ref --short HEAD [4ms]
[2022-03-17T04:12:25.414Z] > git for-each-ref --format=%(refname)%00%(upstream:short)%00%(objectname)%00%(upstream:track) refs/heads/main refs/remotes/main [5ms]
[2022-03-17T04:12:25.464Z] > git for-each-ref --sort -committerdate --format %(refname) %(objectname) %(*objectname) [26ms]
[2022-03-17T04:12:25.465Z] > git remote --verbose [3ms]
[2022-03-17T04:12:31.341Z] > git config --get commit.template [35ms]
[2022-03-17T04:14:27.351Z] > git symbolic-ref --short HEAD [3ms]
[2022-03-17T04:14:27.373Z] > git for-each-ref --format=%(refname)%00%(upstream:short)%00%(objectname)%00%(upstream:track) refs/heads/main refs/remotes/main [5ms]
[2022-03-17T04:14:27.410Z] > git for-each-ref --sort -committerdate --format %(refname) %(objectname) %(*objectname) [20ms]
[2022-03-17T04:14:27.411Z] > git remote --verbose [5ms]
[2022-03-17T04:14:33.466Z] > git fetch [6420ms]
[2022-03-17T04:14:33.491Z] > git config --get commit.template [33ms]
[2022-03-17T04:14:33.824Z] > git symbolic-ref --short HEAD [3ms]
[2022-03-17T04:14:33.849Z] > git for-each-ref --format=%(refname)%00%(upstream:short)%00%(objectname)%00%(upstream:track) refs/heads/main refs/remotes/main [2ms]
[2022-03-17T04:14:33.891Z] > git for-each-ref --sort -committerdate --format %(refname) %(objectname) %(*objectname) [22ms]
[2022-03-17T04:14:33.893Z] > git remote --verbose [4ms]
[2022-03-17T04:14:39.815Z] > git config --get commit.template [25ms]
[2022-03-17T04:14:39.915Z] > git ls-files --stage -- /home/pi/workspace/Opencv/cam.py [29ms]
[2022-03-17T04:14:39.931Z] > git ls-files --stage -- /home/pi/workspace/Opencv/ex03_2.py [19ms]
[2022-03-17T04:14:40.112Z] > git symbolic-ref --short HEAD [4ms]
[2022-03-17T04:14:40.139Z] > git for-each-ref --format=%(refname)%00%(upstream:short)%00%(objectname)%00%(upstream:track) refs/heads/main refs/remotes/main [4ms]
[2022-03-17T04:14:40.188Z] > git for-each-ref --sort -committerdate --format %(refname) %(objectname) %(*objectname) [25ms]
[2022-03-17T04:14:40.189Z] > git remote --verbose [4ms]
[2022-03-17T04:14:46.093Z] > git config --get commit.template [33ms]
[2022-03-17T04:14:46.677Z] > git ls-files --stage -- /home/pi/workspace/Opencv/cam.py [97ms]
[2022-03-17T04:14:46.695Z] > git ls-files --stage -- /home/pi/workspace/Opencv/ex03_2.py [24ms]
[2022-03-17T04:14:51.451Z] > git symbolic-ref --short HEAD [3ms]
[2022-03-17T04:14:51.477Z] > git for-each-ref --format=%(refname)%00%(upstream:short)%00%(objectname)%00%(upstream:track) refs/heads/main refs/remotes/main [4ms]
[2022-03-17T04:14:51.522Z] > git for-each-ref --sort -committerdate --format %(refname) %(objectname) %(*objectname) [24ms]
[2022-03-17T04:14:51.524Z] > git remote --verbose [4ms]
[2022-03-17T04:14:57.468Z] > git config --get commit.template [36ms]
[2022-03-17T04:15:02.824Z] > git symbolic-ref --short HEAD [18ms]
[2022-03-17T04:15:02.860Z] > git for-each-ref --format=%(refname)%00%(upstream:short)%00%(objectname)%00%(upstream:track) refs/heads/main refs/remotes/main [7ms]
[2022-03-17T04:15:02.929Z] > git for-each-ref --sort -committerdate --format %(refname) %(objectname) %(*objectname) [37ms]
[2022-03-17T04:15:02.944Z] > git remote --verbose [25ms]
[2022-03-17T04:15:08.922Z] > git config --get commit.template [47ms]
[2022-03-17T04:15:13.592Z] > git ls-files --stage -- /home/pi/workspace/Opencv/ex03_2.py [14ms]
[2022-03-17T04:15:14.123Z] > git ls-files --stage -- /home/pi/workspace/Opencv/cv_ex03.py [14ms]
[2022-03-17T04:15:14.202Z] > git symbolic-ref --short HEAD [4ms]
[2022-03-17T04:15:14.234Z] > git for-each-ref --format=%(refname)%00%(upstream:short)%00%(objectname)%00%(upstream:track) refs/heads/main refs/remotes/main [10ms]
[2022-03-17T04:15:14.305Z] > git for-each-ref --sort -committerdate --format %(refname) %(objectname) %(*objectname) [38ms]
[2022-03-17T04:15:14.308Z] > git remote --verbose [7ms]
[2022-03-17T04:15:20.197Z] > git config --get commit.template [32ms]
[2022-03-17T04:15:21.245Z] > git ls-files --stage -- /home/pi/workspace/Opencv/ex03_2.py [14ms]
[2022-03-17T04:15:25.473Z] > git symbolic-ref --short HEAD [4ms]
[2022-03-17T04:15:25.501Z] > git for-each-ref --format=%(refname)%00%(upstream:short)%00%(objectname)%00%(upstream:track) refs/heads/main refs/remotes/main [5ms]
[2022-03-17T04:15:25.553Z] > git for-each-ref --sort -committerdate --format %(refname) %(objectname) %(*objectname) [28ms]
[2022-03-17T04:15:25.554Z] > git remote --verbose [6ms]
[2022-03-17T04:15:31.523Z] > git config --get commit.template [35ms]
[2022-03-17T04:15:32.034Z] > git ls-files --stage -- /home/pi/workspace/Opencv/ex03_2.py [13ms]
[2022-03-17T04:15:36.804Z] > git symbolic-ref --short HEAD [3ms]
[2022-03-17T04:15:36.831Z] > git for-each-ref --format=%(refname)%00%(upstream:short)%00%(objectname)%00%(upstream:track) refs/heads/main refs/remotes/main [4ms]
[2022-03-17T04:15:36.880Z] > git for-each-ref --sort -committerdate --format %(refname) %(objectname) %(*objectname) [26ms]
[2022-03-17T04:15:36.881Z] > git remote --verbose [4ms]
[2022-03-17T04:15:42.787Z] > git config --get commit.template [28ms]
[2022-03-17T04:15:48.346Z] > git symbolic-ref --short HEAD [9ms]
[2022-03-17T04:15:48.377Z] > git for-each-ref --format=%(refname)%00%(upstream:short)%00%(objectname)%00%(upstream:track) refs/heads/main refs/remotes/main [7ms]
[2022-03-17T04:15:48.433Z] > git for-each-ref --sort -committerdate --format %(refname) %(objectname) %(*objectname) [31ms]
[2022-03-17T04:15:48.436Z] > git remote --verbose [9ms]
[2022-03-17T04:15:54.459Z] > git config --get commit.template [61ms]
[2022-03-17T04:15:59.743Z] > git symbolic-ref --short HEAD [3ms]
[2022-03-17T04:15:59.772Z] > git for-each-ref --format=%(refname)%00%(upstream:short)%00%(objectname)%00%(upstream:track) refs/heads/main refs/remotes/main [4ms]
[2022-03-17T04:15:59.825Z] > git for-each-ref --sort -committerdate --format %(refname) %(objectname) %(*objectname) [29ms]
[2022-03-17T04:15:59.826Z] > git remote --verbose [5ms]
[2022-03-17T04:16:05.813Z] > git config --get commit.template [34ms]
[2022-03-17T04:16:11.101Z] > git symbolic-ref --short HEAD [4ms]
[2022-03-17T04:16:11.132Z] > git for-each-ref --format=%(refname)%00%(upstream:short)%00%(objectname)%00%(upstream:track) refs/heads/main refs/remotes/main [5ms]
[2022-03-17T04:16:11.188Z] > git for-each-ref --sort -committerdate --format %(refname) %(objectname) %(*objectname) [29ms]
[2022-03-17T04:16:11.189Z] > git remote --verbose [4ms]
[2022-03-17T04:16:17.120Z] > git config --get commit.template [30ms]
[2022-03-17T04:16:19.112Z] > git ls-files --stage -- /home/pi/workspace/Opencv/cv_ex03.py [30ms]
[2022-03-17T04:16:22.066Z] > git ls-files --stage -- /home/pi/workspace/Opencv/ex03_2.py [25ms]
[2022-03-17T04:16:22.401Z] > git symbolic-ref --short HEAD [3ms]
[2022-03-17T04:16:22.434Z] > git for-each-ref --format=%(refname)%00%(upstream:short)%00%(objectname)%00%(upstream:track) refs/heads/main refs/remotes/main [5ms]
[2022-03-17T04:16:22.484Z] > git for-each-ref --sort -committerdate --format %(refname) %(objectname) %(*objectname) [26ms]
[2022-03-17T04:16:22.485Z] > git remote --verbose [3ms]
[2022-03-17T04:16:28.410Z] > git config --get commit.template [25ms]
[2022-03-17T04:16:33.856Z] > git symbolic-ref --short HEAD [3ms]
[2022-03-17T04:16:33.887Z] > git for-each-ref --format=%(refname)%00%(upstream:short)%00%(objectname)%00%(upstream:track) refs/heads/main refs/remotes/main [4ms]
[2022-03-17T04:16:33.945Z] > git for-each-ref --sort -committerdate --format %(refname) %(objectname) %(*objectname) [31ms]
[2022-03-17T04:16:33.946Z] > git remote --verbose [5ms]
[2022-03-17T04:16:39.956Z] > git config --get commit.template [57ms]
[2022-03-17T04:16:45.307Z] > git symbolic-ref --short HEAD [4ms]
[2022-03-17T04:16:45.337Z] > git for-each-ref --format=%(refname)%00%(upstream:short)%00%(objectname)%00%(upstream:track) refs/heads/main refs/remotes/main [4ms]
[2022-03-17T04:16:45.391Z] > git for-each-ref --sort -committerdate --format %(refname) %(objectname) %(*objectname) [30ms]
[2022-03-17T04:16:45.392Z] > git remote --verbose [5ms]
[2022-03-17T04:16:51.549Z] > git config --get commit.template [24ms]
[2022-03-17T04:16:57.738Z] > git symbolic-ref --short HEAD [3ms]
[2022-03-17T04:16:57.770Z] > git for-each-ref --format=%(refname)%00%(upstream:short)%00%(objectname)%00%(upstream:track) refs/heads/main refs/remotes/main [4ms]
[2022-03-17T04:16:57.827Z] > git for-each-ref --sort -committerdate --format %(refname) %(objectname) %(*objectname) [30ms]
[2022-03-17T04:16:57.828Z] > git remote --verbose [3ms]
[2022-03-17T04:17:03.735Z] > git config --get commit.template [5737ms]
[2022-03-17T04:17:09.079Z] > git symbolic-ref --short HEAD [3ms]
[2022-03-17T04:17:09.107Z] > git for-each-ref --format=%(refname)%00%(upstream:short)%00%(objectname)%00%(upstream:track) refs/heads/main refs/remotes/main [4ms]
[2022-03-17T04:17:09.155Z] > git for-each-ref --sort -committerdate --format %(refname) %(objectname) %(*objectname) [25ms]
[2022-03-17T04:17:09.156Z] > git remote --verbose [4ms]
[2022-03-17T04:17:15.098Z] > git config --get commit.template [32ms]
[2022-03-17T04:17:15.675Z] > git ls-files --stage -- /home/pi/workspace/Opencv/ex03_2.py [15ms]
[2022-03-17T04:17:20.443Z] > git symbolic-ref --short HEAD [3ms]
[2022-03-17T04:17:20.472Z] > git for-each-ref --format=%(refname)%00%(upstream:short)%00%(objectname)%00%(upstream:track) refs/heads/main refs/remotes/main [4ms]
[2022-03-17T04:17:20.526Z] > git for-each-ref --sort -committerdate --format %(refname) %(objectname) %(*objectname) [29ms]
[2022-03-17T04:17:20.527Z] > git remote --verbose [5ms]
[2022-03-17T04:17:26.508Z] > git config --get commit.template [51ms]
[2022-03-17T04:17:31.850Z] > git symbolic-ref --short HEAD [4ms]
[2022-03-17T04:17:31.879Z] > git for-each-ref --format=%(refname)%00%(upstream:short)%00%(objectname)%00%(upstream:track) refs/heads/main refs/remotes/main [5ms]
[2022-03-17T04:17:31.929Z] > git for-each-ref --sort -committerdate --format %(refname) %(objectname) %(*objectname) [26ms]
[2022-03-17T04:17:31.930Z] > git remote --verbose [3ms]
[2022-03-17T04:17:37.890Z] > git config --get commit.template [28ms]
[2022-03-17T04:17:40.557Z] > git fetch [674ms]
[2022-03-17T04:17:40.891Z] > git symbolic-ref --short HEAD [4ms]
[2022-03-17T04:17:40.922Z] > git for-each-ref --format=%(refname)%00%(upstream:short)%00%(objectname)%00%(upstream:track) refs/heads/main refs/remotes/main [4ms]
[2022-03-17T04:17:40.977Z] > git for-each-ref --sort -committerdate --format %(refname) %(objectname) %(*objectname) [29ms]
[2022-03-17T04:17:40.978Z] > git remote --verbose [4ms]
[2022-03-17T04:17:46.843Z] > git config --get commit.template [24ms]
[2022-03-17T04:17:47.182Z] > git symbolic-ref --short HEAD [3ms]
[2022-03-17T04:17:47.210Z] > git for-each-ref --format=%(refname)%00%(upstream:short)%00%(objectname)%00%(upstream:track) refs/heads/main refs/remotes/main [4ms]
[2022-03-17T04:17:47.259Z] > git for-each-ref --sort -committerdate --format %(refname) %(objectname) %(*objectname) [26ms]
[2022-03-17T04:17:47.260Z] > git remote --verbose [4ms]
[2022-03-17T04:17:53.148Z] > git config --get commit.template [31ms]
[2022-03-17T04:17:53.208Z] > git ls-files --stage -- /home/pi/workspace/Opencv/cam.py [31ms]
[2022-03-17T04:17:53.221Z] > git ls-files --stage -- /home/pi/workspace/Opencv/ex03_2.py [15ms]
[2022-03-17T04:17:58.491Z] > git symbolic-ref --short HEAD [3ms]
[2022-03-17T04:17:58.521Z] > git for-each-ref --format=%(refname)%00%(upstream:short)%00%(objectname)%00%(upstream:track) refs/heads/main refs/remotes/main [4ms]
[2022-03-17T04:17:58.576Z] > git for-each-ref --sort -committerdate --format %(refname) %(objectname) %(*objectname) [29ms]
[2022-03-17T04:17:58.577Z] > git remote --verbose [4ms]
[2022-03-17T04:18:04.472Z] > git config --get commit.template [5730ms]
[2022-03-17T04:18:09.819Z] > git symbolic-ref --short HEAD [3ms]
[2022-03-17T04:18:09.848Z] > git for-each-ref --format=%(refname)%00%(upstream:short)%00%(objectname)%00%(upstream:track) refs/heads/main refs/remotes/main [5ms]
[2022-03-17T04:18:09.901Z] > git remote --verbose [4ms]
[2022-03-17T04:18:09.901Z] > git for-each-ref --sort -committerdate --format %(refname) %(objectname) %(*objectname) [29ms]
[2022-03-17T04:18:15.807Z] > git config --get commit.template [23ms]
[2022-03-17T04:18:21.154Z] > git symbolic-ref --short HEAD [3ms]
[2022-03-17T04:18:21.186Z] > git for-each-ref --format=%(refname)%00%(upstream:short)%00%(objectname)%00%(upstream:track) refs/heads/main refs/remotes/main [4ms]
[2022-03-17T04:18:21.241Z] > git for-each-ref --sort -committerdate --format %(refname) %(objectname) %(*objectname) [29ms]
[2022-03-17T04:18:21.242Z] > git remote --verbose [3ms]
[2022-03-17T04:18:27.157Z] > git config --get commit.template [34ms]
[2022-03-17T04:18:32.496Z] > git symbolic-ref --short HEAD [4ms]
[2022-03-17T04:18:32.523Z] > git for-each-ref --format=%(refname)%00%(upstream:short)%00%(objectname)%00%(upstream:track) refs/heads/main refs/remotes/main [4ms]
[2022-03-17T04:18:32.571Z] > git for-each-ref --sort -committerdate --format %(refname) %(objectname) %(*objectname) [25ms]
[2022-03-17T04:18:32.573Z] > git remote --verbose [4ms]
[2022-03-17T04:18:38.549Z] > git config --get commit.template [24ms]
[2022-03-17T04:19:37.220Z] > git symbolic-ref --short HEAD [4ms]
[2022-03-17T04:19:37.243Z] > git for-each-ref --format=%(refname)%00%(upstream:short)%00%(objectname)%00%(upstream:track) refs/heads/main refs/remotes/main [5ms]
[2022-03-17T04:19:37.280Z] > git for-each-ref --sort -committerdate --format %(refname) %(objectname) %(*objectname) [20ms]
[2022-03-17T04:19:37.282Z] > git remote --verbose [4ms]
[2022-03-17T04:19:43.367Z] > git config --get commit.template [59ms]
[2022-03-17T04:19:48.715Z] > git symbolic-ref --short HEAD [4ms]
[2022-03-17T04:19:48.740Z] > git for-each-ref --format=%(refname)%00%(upstream:short)%00%(objectname)%00%(upstream:track) refs/heads/main refs/remotes/main [5ms]
[2022-03-17T04:19:48.783Z] > git for-each-ref --sort -committerdate --format %(refname) %(objectname) %(*objectname) [23ms]
[2022-03-17T04:19:48.784Z] > git remote --verbose [4ms]
[2022-03-17T04:19:54.707Z] > git config --get commit.template [23ms]
[2022-03-17T04:20:00.058Z] > git symbolic-ref --short HEAD [3ms]
[2022-03-17T04:20:00.086Z] > git for-each-ref --format=%(refname)%00%(upstream:short)%00%(objectname)%00%(upstream:track) refs/heads/main refs/remotes/main [5ms]
[2022-03-17T04:20:00.135Z] > git for-each-ref --sort -committerdate --format %(refname) %(objectname) %(*objectname) [26ms]
[2022-03-17T04:20:00.137Z] > git remote --verbose [4ms]
[2022-03-17T04:20:06.056Z] > git config --get commit.template [56ms]
[2022-03-17T04:20:11.388Z] > git symbolic-ref --short HEAD [3ms]
[2022-03-17T04:20:11.417Z] > git for-each-ref --format=%(refname)%00%(upstream:short)%00%(objectname)%00%(upstream:track) refs/heads/main refs/remotes/main [5ms]
[2022-03-17T04:20:11.466Z] > git for-each-ref --sort -committerdate --format %(refname) %(objectname) %(*objectname) [26ms]
[2022-03-17T04:20:11.468Z] > git remote --verbose [4ms]
[2022-03-17T04:20:17.337Z] > git config --get commit.template [30ms]
[2022-03-17T04:20:22.712Z] > git symbolic-ref --short HEAD [3ms]
[2022-03-17T04:20:22.742Z] > git for-each-ref --format=%(refname)%00%(upstream:short)%00%(objectname)%00%(upstream:track) refs/heads/main refs/remotes/main [4ms]
[2022-03-17T04:20:22.798Z] > git for-each-ref --sort -committerdate --format %(refname) %(objectname) %(*objectname) [29ms]
[2022-03-17T04:20:22.799Z] > git remote --verbose [4ms]
[2022-03-17T04:20:28.648Z] > git config --get commit.template [43ms]
[2022-03-17T04:20:33.997Z] > git symbolic-ref --short HEAD [3ms]
[2022-03-17T04:20:34.026Z] > git for-each-ref --format=%(refname)%00%(upstream:short)%00%(objectname)%00%(upstream:track) refs/heads/main refs/remotes/main [4ms]
[2022-03-17T04:20:34.074Z] > git for-each-ref --sort -committerdate --format %(refname) %(objectname) %(*objectname) [25ms]
[2022-03-17T04:20:34.075Z] > git remote --verbose [4ms]
[2022-03-17T04:20:39.968Z] > git config --get commit.template [27ms]
[2022-03-17T04:20:45.378Z] > git symbolic-ref --short HEAD [3ms]
[2022-03-17T04:20:45.414Z] > git for-each-ref --format=%(refname)%00%(upstream:short)%00%(objectname)%00%(upstream:track) refs/heads/main refs/remotes/main [10ms]
[2022-03-17T04:20:45.471Z] > git remote --verbose [7ms]
[2022-03-17T04:20:45.472Z] > git for-each-ref --sort -committerdate --format %(refname) %(objectname) %(*objectname) [33ms]
[2022-03-17T04:20:51.379Z] > git config --get commit.template [54ms]
[2022-03-17T04:20:52.071Z] > git fetch [663ms]
[2022-03-17T04:20:52.384Z] > git symbolic-ref --short HEAD [4ms]
[2022-03-17T04:20:52.413Z] > git for-each-ref --format=%(refname)%00%(upstream:short)%00%(objectname)%00%(upstream:track) refs/heads/main refs/remotes/main [4ms]
[2022-03-17T04:20:52.464Z] > git for-each-ref --sort -committerdate --format %(refname) %(objectname) %(*objectname) [26ms]
[2022-03-17T04:20:52.466Z] > git remote --verbose [4ms]
[2022-03-17T04:20:58.506Z] > git config --get commit.template [38ms]
[2022-03-17T04:20:58.894Z] > git ls-files --stage -- /home/pi/workspace/Opencv/cam.py [30ms]
[2022-03-17T04:20:58.906Z] > git ls-files --stage -- /home/pi/workspace/Opencv/ex03_2.py [14ms]
[2022-03-17T04:21:06.958Z] > git symbolic-ref --short HEAD [3ms]
[2022-03-17T04:21:06.989Z] > git for-each-ref --format=%(refname)%00%(upstream:short)%00%(objectname)%00%(upstream:track) refs/heads/main refs/remotes/main [5ms]
[2022-03-17T04:21:07.044Z] > git for-each-ref --sort -committerdate --format %(refname) %(objectname) %(*objectname) [29ms]
[2022-03-17T04:21:07.045Z] > git remote --verbose [3ms]
[2022-03-17T04:21:12.992Z] > git config --get commit.template [32ms]
[2022-03-17T04:21:24.946Z] > git symbolic-ref --short HEAD [3ms]
[2022-03-17T04:21:24.975Z] > git for-each-ref --format=%(refname)%00%(upstream:short)%00%(objectname)%00%(upstream:track) refs/heads/main refs/remotes/main [5ms]
[2022-03-17T04:21:25.025Z] > git for-each-ref --sort -committerdate --format %(refname) %(objectname) %(*objectname) [27ms]
[2022-03-17T04:21:25.027Z] > git remote --verbose [5ms]
[2022-03-17T04:21:30.960Z] > git config --get commit.template [27ms]
[2022-03-17T04:21:36.296Z] > git symbolic-ref --short HEAD [3ms]
[2022-03-17T04:21:36.328Z] > git for-each-ref --format=%(refname)%00%(upstream:short)%00%(objectname)%00%(upstream:track) refs/heads/main refs/remotes/main [4ms]
[2022-03-17T04:21:36.383Z] > git for-each-ref --sort -committerdate --format %(refname) %(objectname) %(*objectname) [29ms]
[2022-03-17T04:21:36.384Z] > git remote --verbose [4ms]
[2022-03-17T04:21:42.306Z] > git config --get commit.template [27ms]
[2022-03-17T04:21:47.652Z] > git symbolic-ref --short HEAD [4ms]
[2022-03-17T04:21:47.680Z] > git for-each-ref --format=%(refname)%00%(upstream:short)%00%(objectname)%00%(upstream:track) refs/heads/main refs/remotes/main [4ms]
[2022-03-17T04:21:47.730Z] > git for-each-ref --sort -committerdate --format %(refname) %(objectname) %(*objectname) [26ms]
[2022-03-17T04:21:47.734Z] > git remote --verbose [6ms]
[2022-03-17T04:21:53.635Z] > git config --get commit.template [24ms]
[2022-03-17T04:21:58.996Z] > git symbolic-ref --short HEAD [3ms]
[2022-03-17T04:21:59.028Z] > git for-each-ref --format=%(refname)%00%(upstream:short)%00%(objectname)%00%(upstream:track) refs/heads/main refs/remotes/main [5ms]
[2022-03-17T04:21:59.084Z] > git for-each-ref --sort -committerdate --format %(refname) %(objectname) %(*objectname) [30ms]
[2022-03-17T04:21:59.085Z] > git remote --verbose [3ms]
[2022-03-17T04:22:04.993Z] > git config --get commit.template [28ms]
[2022-03-17T04:22:10.346Z] > git symbolic-ref --short HEAD [3ms]
[2022-03-17T04:22:10.374Z] > git for-each-ref --format=%(refname)%00%(upstream:short)%00%(objectname)%00%(upstream:track) refs/heads/main refs/remotes/main [4ms]
[2022-03-17T04:22:10.424Z] > git for-each-ref --sort -committerdate --format %(refname) %(objectname) %(*objectname) [26ms]
[2022-03-17T04:22:10.425Z] > git remote --verbose [3ms]
[2022-03-17T04:22:16.298Z] > git config --get commit.template [23ms]
[2022-03-17T04:22:21.649Z] > git symbolic-ref --short HEAD [3ms]
[2022-03-17T04:22:21.679Z] > git for-each-ref --format=%(refname)%00%(upstream:short)%00%(objectname)%00%(upstream:track) refs/heads/main refs/remotes/main [4ms]
[2022-03-17T04:22:21.735Z] > git remote --verbose [2ms]
[2022-03-17T04:22:21.736Z] > git for-each-ref --sort -committerdate --format %(refname) %(objectname) %(*objectname) [31ms]
[2022-03-17T04:22:27.639Z] > git config --get commit.template [46ms]
[2022-03-17T04:22:28.104Z] > git ls-files --stage -- /home/pi/workspace/Opencv/ex03_2.py [14ms]
[2022-03-17T04:22:28.581Z] > git ls-files --stage -- /home/pi/workspace/Opencv/cv_ex03.py [13ms]
[2022-03-17T04:22:32.991Z] > git symbolic-ref --short HEAD [4ms]
[2022-03-17T04:22:33.017Z] > git for-each-ref --format=%(refname)%00%(upstream:short)%00%(objectname)%00%(upstream:track) refs/heads/main refs/remotes/main [4ms]
[2022-03-17T04:22:33.066Z] > git for-each-ref --sort -committerdate --format %(refname) %(objectname) %(*objectname) [26ms]
[2022-03-17T04:22:33.067Z] > git remote --verbose [4ms]
[2022-03-17T04:22:39.014Z] > git config --get commit.template [29ms]
[2022-03-17T04:22:46.609Z] > git symbolic-ref --short HEAD [4ms]
[2022-03-17T04:22:46.638Z] > git for-each-ref --format=%(refname)%00%(upstream:short)%00%(objectname)%00%(upstream:track) refs/heads/main refs/remotes/main [4ms]
[2022-03-17T04:22:46.691Z] > git for-each-ref --sort -committerdate --format %(refname) %(objectname) %(*objectname) [27ms]
[2022-03-17T04:22:46.692Z] > git remote --verbose [3ms]
[2022-03-17T04:22:52.616Z] > git config --get commit.template [40ms]
[2022-03-17T04:22:54.873Z] > git ls-files --stage -- /home/pi/workspace/Opencv/cv_ex03.py [26ms]
[2022-03-17T04:22:57.989Z] > git symbolic-ref --short HEAD [3ms]
[2022-03-17T04:22:58.017Z] > git for-each-ref --format=%(refname)%00%(upstream:short)%00%(objectname)%00%(upstream:track) refs/heads/main refs/remotes/main [4ms]
[2022-03-17T04:22:58.067Z] > git for-each-ref --sort -committerdate --format %(refname) %(objectname) %(*objectname) [26ms]
[2022-03-17T04:22:58.069Z] > git remote --verbose [4ms]
[2022-03-17T04:23:03.975Z] > git config --get commit.template [33ms]
[2022-03-17T04:23:09.322Z] > git symbolic-ref --short HEAD [3ms]
[2022-03-17T04:23:09.354Z] > git for-each-ref --format=%(refname)%00%(upstream:short)%00%(objectname)%00%(upstream:track) refs/heads/main refs/remotes/main [5ms]
[2022-03-17T04:23:09.410Z] > git for-each-ref --sort -committerdate --format %(refname) %(objectname) %(*objectname) [30ms]
[2022-03-17T04:23:09.411Z] > git remote --verbose [3ms]
[2022-03-17T04:23:15.242Z] > git config --get commit.template [5664ms]
[2022-03-17T04:23:20.593Z] > git symbolic-ref --short HEAD [3ms]
[2022-03-17T04:23:20.622Z] > git for-each-ref --format=%(refname)%00%(upstream:short)%00%(objectname)%00%(upstream:track) refs/heads/main refs/remotes/main [5ms]
[2022-03-17T04:23:20.671Z] > git for-each-ref --sort -committerdate --format %(refname) %(objectname) %(*objectname) [26ms]
[2022-03-17T04:23:20.672Z] > git remote --verbose [3ms]
[2022-03-17T04:23:26.630Z] > git config --get commit.template [24ms]
[2022-03-17T04:23:31.969Z] > git symbolic-ref --short HEAD [3ms]
[2022-03-17T04:23:32.000Z] > git for-each-ref --format=%(refname)%00%(upstream:short)%00%(objectname)%00%(upstream:track) refs/heads/main refs/remotes/main [5ms]
[2022-03-17T04:23:32.053Z] > git for-each-ref --sort -committerdate --format %(refname) %(objectname) %(*objectname) [28ms]
[2022-03-17T04:23:32.055Z] > git remote --verbose [4ms]
[2022-03-17T04:23:37.899Z] > git config --get commit.template [38ms]
[2022-03-17T04:23:43.255Z] > git symbolic-ref --short HEAD [3ms]
[2022-03-17T04:23:43.284Z] > git for-each-ref --format=%(refname)%00%(upstream:short)%00%(objectname)%00%(upstream:track) refs/heads/main refs/remotes/main [5ms]
[2022-03-17T04:23:43.335Z] > git for-each-ref --sort -committerdate --format %(refname) %(objectname) %(*objectname) [27ms]
[2022-03-17T04:23:43.337Z] > git remote --verbose [4ms]
[2022-03-17T04:23:49.201Z] > git config --get commit.template [28ms]
[2022-03-17T04:23:54.567Z] > git symbolic-ref --short HEAD [4ms]
[2022-03-17T04:23:54.598Z] > git for-each-ref --format=%(refname)%00%(upstream:short)%00%(objectname)%00%(upstream:track) refs/heads/main refs/remotes/main [5ms]
[2022-03-17T04:23:54.653Z] > git for-each-ref --sort -committerdate --format %(refname) %(objectname) %(*objectname) [29ms]
[2022-03-17T04:23:54.654Z] > git remote --verbose [3ms]
[2022-03-17T04:24:00.526Z] > git config --get commit.template [42ms]
[2022-03-17T04:24:01.360Z] > git fetch [772ms]
[2022-03-17T04:24:01.697Z] > git symbolic-ref --short HEAD [3ms]
[2022-03-17T04:24:01.725Z] > git for-each-ref --format=%(refname)%00%(upstream:short)%00%(objectname)%00%(upstream:track) refs/heads/main refs/remotes/main [4ms]
[2022-03-17T04:24:01.777Z] > git for-each-ref --sort -committerdate --format %(refname) %(objectname) %(*objectname) [28ms]
[2022-03-17T04:24:01.778Z] > git remote --verbose [6ms]
[2022-03-17T04:24:07.665Z] > git config --get commit.template [27ms]
[2022-03-17T04:24:07.981Z] > git symbolic-ref --short HEAD [4ms]
[2022-03-17T04:24:08.039Z] > git for-each-ref --format=%(refname)%00%(upstream:short)%00%(objectname)%00%(upstream:track) refs/heads/main refs/remotes/main [32ms]
[2022-03-17T04:24:08.096Z] > git for-each-ref --sort -committerdate --format %(refname) %(objectname) %(*objectname) [30ms]
[2022-03-17T04:24:08.097Z] > git ls-files --stage -- /home/pi/workspace/Opencv/cam.py [60ms]
[2022-03-17T04:24:08.099Z] > git remote --verbose [6ms]
[2022-03-17T04:24:13.987Z] > git config --get commit.template [43ms]
[2022-03-17T04:24:19.320Z] > git symbolic-ref --short HEAD [3ms]
[2022-03-17T04:24:19.347Z] > git for-each-ref --format=%(refname)%00%(upstream:short)%00%(objectname)%00%(upstream:track) refs/heads/main refs/remotes/main [4ms]
[2022-03-17T04:24:19.396Z] > git for-each-ref --sort -committerdate --format %(refname) %(objectname) %(*objectname) [26ms]
[2022-03-17T04:24:19.397Z] > git remote --verbose [4ms]
[2022-03-17T04:24:25.278Z] > git config --get commit.template [25ms]
[2022-03-17T04:24:30.628Z] > git symbolic-ref --short HEAD [4ms]
[2022-03-17T04:24:30.658Z] > git for-each-ref --format=%(refname)%00%(upstream:short)%00%(objectname)%00%(upstream:track) refs/heads/main refs/remotes/main [5ms]
[2022-03-17T04:24:30.711Z] > git for-each-ref --sort -committerdate --format %(refname) %(objectname) %(*objectname) [28ms]
[2022-03-17T04:24:30.712Z] > git remote --verbose [4ms]
[2022-03-17T04:24:36.658Z] > git config --get commit.template [33ms]
[2022-03-17T04:28:01.585Z] > git symbolic-ref --short HEAD [3ms]
[2022-03-17T04:28:01.608Z] > git for-each-ref --format=%(refname)%00%(upstream:short)%00%(objectname)%00%(upstream:track) refs/heads/main refs/remotes/main [4ms]
[2022-03-17T04:28:01.647Z] > git for-each-ref --sort -committerdate --format %(refname) %(objectname) %(*objectname) [20ms]
[2022-03-17T04:28:01.648Z] > git remote --verbose [3ms]
[2022-03-17T04:28:07.714Z] > git fetch [6470ms]
[2022-03-17T04:28:07.739Z] > git config --get commit.template [44ms]
[2022-03-17T04:28:08.079Z] > git symbolic-ref --short HEAD [3ms]
[2022-03-17T04:28:08.106Z] > git for-each-ref --format=%(refname)%00%(upstream:short)%00%(objectname)%00%(upstream:track) refs/heads/main refs/remotes/main [5ms]
[2022-03-17T04:28:08.150Z] > git for-each-ref --sort -committerdate --format %(refname) %(objectname) %(*objectname) [23ms]
[2022-03-17T04:28:08.152Z] > git remote --verbose [4ms]
[2022-03-17T04:28:14.062Z] > git config --get commit.template [26ms]
[2022-03-17T04:28:14.202Z] > git ls-files --stage -- /home/pi/workspace/Opencv/cam.py [67ms]
[2022-03-17T04:28:14.213Z] > git ls-files --stage -- /home/pi/workspace/Opencv/ex03_2.py [16ms]
[2022-03-17T04:28:14.380Z] > git symbolic-ref --short HEAD [3ms]
[2022-03-17T04:28:14.410Z] > git for-each-ref --format=%(refname)%00%(upstream:short)%00%(objectname)%00%(upstream:track) refs/heads/main refs/remotes/main [5ms]
[2022-03-17T04:28:14.461Z] > git for-each-ref --sort -committerdate --format %(refname) %(objectname) %(*objectname) [27ms]
[2022-03-17T04:28:14.463Z] > git remote --verbose [4ms]
[2022-03-17T04:28:20.367Z] > git config --get commit.template [51ms]
[2022-03-17T04:28:20.495Z] > git ls-files --stage -- /home/pi/workspace/Opencv/ex03_2.py [19ms]
[2022-03-17T04:28:20.750Z] > git ls-files --stage -- /home/pi/workspace/Opencv/cam.py [16ms]
[2022-03-17T04:28:25.707Z] > git symbolic-ref --short HEAD [3ms]
[2022-03-17T04:28:25.735Z] > git for-each-ref --format=%(refname)%00%(upstream:short)%00%(objectname)%00%(upstream:track) refs/heads/main refs/remotes/main [4ms]
[2022-03-17T04:28:25.798Z] > git remote --verbose [14ms]
[2022-03-17T04:28:25.798Z] > git for-each-ref --sort -committerdate --format %(refname) %(objectname) %(*objectname) [39ms]
[2022-03-17T04:28:31.695Z] > git config --get commit.template [25ms]
[2022-03-17T04:28:37.062Z] > git symbolic-ref --short HEAD [3ms]
[2022-03-17T04:28:37.094Z] > git for-each-ref --format=%(refname)%00%(upstream:short)%00%(objectname)%00%(upstream:track) refs/heads/main refs/remotes/main [5ms]
[2022-03-17T04:28:37.151Z] > git for-each-ref --sort -committerdate --format %(refname) %(objectname) %(*objectname) [30ms]
[2022-03-17T04:28:37.152Z] > git remote --verbose [4ms]
[2022-03-17T04:28:43.086Z] > git config --get commit.template [49ms]
[2022-03-17T04:28:48.424Z] > git symbolic-ref --short HEAD [3ms]
[2022-03-17T04:28:48.451Z] > git for-each-ref --format=%(refname)%00%(upstream:short)%00%(objectname)%00%(upstream:track) refs/heads/main refs/remotes/main [5ms]
[2022-03-17T04:28:48.498Z] > git for-each-ref --sort -committerdate --format %(refname) %(objectname) %(*objectname) [25ms]
[2022-03-17T04:28:48.499Z] > git remote --verbose [3ms]
[2022-03-17T04:28:54.462Z] > git config --get commit.template [36ms]
[2022-03-17T04:28:59.824Z] > git symbolic-ref --short HEAD [3ms]
[2022-03-17T04:28:59.853Z] > git for-each-ref --format=%(refname)%00%(upstream:short)%00%(objectname)%00%(upstream:track) refs/heads/main refs/remotes/main [4ms]
[2022-03-17T04:28:59.907Z] > git for-each-ref --sort -committerdate --format %(refname) %(objectname) %(*objectname) [29ms]
[2022-03-17T04:28:59.908Z] > git remote --verbose [5ms]
[2022-03-17T04:29:05.825Z] > git config --get commit.template [49ms]
[2022-03-17T04:29:11.108Z] > git symbolic-ref --short HEAD [3ms]
[2022-03-17T04:29:11.137Z] > git for-each-ref --format=%(refname)%00%(upstream:short)%00%(objectname)%00%(upstream:track) refs/heads/main refs/remotes/main [4ms]
[2022-03-17T04:29:11.189Z] > git for-each-ref --sort -committerdate --format %(refname) %(objectname) %(*objectname) [28ms]
[2022-03-17T04:29:11.190Z] > git remote --verbose [4ms]
[2022-03-17T04:29:17.152Z] > git config --get commit.template [27ms]
[2022-03-17T04:29:22.493Z] > git symbolic-ref --short HEAD [5ms]
[2022-03-17T04:29:22.524Z] > git for-each-ref --format=%(refname)%00%(upstream:short)%00%(objectname)%00%(upstream:track) refs/heads/main refs/remotes/main [4ms]
[2022-03-17T04:29:22.580Z] > git for-each-ref --sort -committerdate --format %(refname) %(objectname) %(*objectname) [29ms]
[2022-03-17T04:29:22.582Z] > git remote --verbose [4ms]
[2022-03-17T04:29:28.514Z] > git config --get commit.template [45ms]
[2022-03-17T04:29:33.860Z] > git symbolic-ref --short HEAD [4ms]
[2022-03-17T04:29:33.888Z] > git for-each-ref --format=%(refname)%00%(upstream:short)%00%(objectname)%00%(upstream:track) refs/heads/main refs/remotes/main [4ms]
[2022-03-17T04:29:33.939Z] > git for-each-ref --sort -committerdate --format %(refname) %(objectname) %(*objectname) [27ms]
[2022-03-17T04:29:33.941Z] > git remote --verbose [5ms]
[2022-03-17T04:29:39.846Z] > git config --get commit.template [24ms]
[2022-03-17T04:29:45.186Z] > git symbolic-ref --short HEAD [4ms]
[2022-03-17T04:29:45.219Z] > git for-each-ref --format=%(refname)%00%(upstream:short)%00%(objectname)%00%(upstream:track) refs/heads/main refs/remotes/main [4ms]
[2022-03-17T04:29:45.275Z] > git for-each-ref --sort -committerdate --format %(refname) %(objectname) %(*objectname) [29ms]
[2022-03-17T04:29:45.276Z] > git remote --verbose [4ms]
[2022-03-17T04:29:51.266Z] > git config --get commit.template [5823ms]
[2022-03-17T04:29:56.604Z] > git symbolic-ref --short HEAD [4ms]
[2022-03-17T04:29:56.633Z] > git for-each-ref --format=%(refname)%00%(upstream:short)%00%(objectname)%00%(upstream:track) refs/heads/main refs/remotes/main [4ms]
[2022-03-17T04:29:56.685Z] > git for-each-ref --sort -committerdate --format %(refname) %(objectname) %(*objectname) [28ms]
[2022-03-17T04:29:56.686Z] > git remote --verbose [4ms]
[2022-03-17T04:30:02.554Z] > git config --get commit.template [30ms]
[2022-03-17T04:30:07.904Z] > git symbolic-ref --short HEAD [4ms]
[2022-03-17T04:30:07.935Z] > git for-each-ref --format=%(refname)%00%(upstream:short)%00%(objectname)%00%(upstream:track) refs/heads/main refs/remotes/main [4ms]
[2022-03-17T04:30:07.991Z] > git for-each-ref --sort -committerdate --format %(refname) %(objectname) %(*objectname) [29ms]
[2022-03-17T04:30:07.993Z] > git remote --verbose [4ms]
[2022-03-17T04:30:14.912Z] > git config --get commit.template [25ms]
[2022-03-17T04:30:20.245Z] > git symbolic-ref --short HEAD [6ms]
[2022-03-17T04:30:20.278Z] > git for-each-ref --format=%(refname)%00%(upstream:short)%00%(objectname)%00%(upstream:track) refs/heads/main refs/remotes/main [5ms]
[2022-03-17T04:30:20.339Z] > git for-each-ref --sort -committerdate --format %(refname) %(objectname) %(*objectname) [33ms]
[2022-03-17T04:30:20.340Z] > git remote --verbose [4ms]
[2022-03-17T04:30:26.574Z] > git config --get commit.template [23ms]
[2022-03-17T04:30:31.924Z] > git symbolic-ref --short HEAD [4ms]
[2022-03-17T04:30:31.955Z] > git for-each-ref --format=%(refname)%00%(upstream:short)%00%(objectname)%00%(upstream:track) refs/heads/main refs/remotes/main [5ms]
[2022-03-17T04:30:32.010Z] > git for-each-ref --sort -committerdate --format %(refname) %(objectname) %(*objectname) [29ms]
[2022-03-17T04:30:32.014Z] > git remote --verbose [6ms]
[2022-03-17T04:30:37.988Z] > git config --get commit.template [42ms]
[2022-03-17T04:30:43.324Z] > git symbolic-ref --short HEAD [4ms]
[2022-03-17T04:30:43.352Z] > git for-each-ref --format=%(refname)%00%(upstream:short)%00%(objectname)%00%(upstream:track) refs/heads/main refs/remotes/main [5ms]
[2022-03-17T04:30:43.404Z] > git for-each-ref --sort -committerdate --format %(refname) %(objectname) %(*objectname) [26ms]
[2022-03-17T04:30:43.406Z] > git remote --verbose [8ms]
[2022-03-17T04:30:49.282Z] > git config --get commit.template [25ms]
[2022-03-17T04:30:54.625Z] > git symbolic-ref --short HEAD [4ms]
[2022-03-17T04:30:54.657Z] > git for-each-ref --format=%(refname)%00%(upstream:short)%00%(objectname)%00%(upstream:track) refs/heads/main refs/remotes/main [5ms]
[2022-03-17T04:30:54.710Z] > git for-each-ref --sort -committerdate --format %(refname) %(objectname) %(*objectname) [28ms]
[2022-03-17T04:30:54.712Z] > git remote --verbose [4ms]
[2022-03-17T04:31:00.546Z] > git config --get commit.template [31ms]
[2022-03-17T04:31:05.925Z] > git symbolic-ref --short HEAD [4ms]
[2022-03-17T04:31:05.953Z] > git for-each-ref --format=%(refname)%00%(upstream:short)%00%(objectname)%00%(upstream:track) refs/heads/main refs/remotes/main [4ms]
[2022-03-17T04:31:06.005Z] > git for-each-ref --sort -committerdate --format %(refname) %(objectname) %(*objectname) [27ms]
[2022-03-17T04:31:06.006Z] > git remote --verbose [4ms]
[2022-03-17T04:31:11.895Z] > git config --get commit.template [28ms]
[2022-03-17T04:31:15.670Z] > git ls-files --stage -- /home/pi/workspace/Opencv/cam.py [32ms]
[2022-03-17T04:31:15.683Z] > git ls-files --stage -- /home/pi/workspace/Opencv/ex03_2.py [15ms]
[2022-03-17T04:31:16.280Z] > git fetch [2144ms]
[2022-03-17T04:31:16.579Z] > git symbolic-ref --short HEAD [3ms]
[2022-03-17T04:31:16.612Z] > git for-each-ref --format=%(refname)%00%(upstream:short)%00%(objectname)%00%(upstream:track) refs/heads/main refs/remotes/main [5ms]
[2022-03-17T04:31:16.669Z] > git for-each-ref --sort -committerdate --format %(refname) %(objectname) %(*objectname) [30ms]
[2022-03-17T04:31:16.670Z] > git remote --verbose [4ms]
[2022-03-17T04:31:22.539Z] > git config --get commit.template [5701ms]
[2022-03-17T04:31:22.881Z] > git symbolic-ref --short HEAD [3ms]
[2022-03-17T04:31:22.910Z] > git for-each-ref --format=%(refname)%00%(upstream:short)%00%(objectname)%00%(upstream:track) refs/heads/main refs/remotes/main [5ms]
[2022-03-17T04:31:22.959Z] > git for-each-ref --sort -committerdate --format %(refname) %(objectname) %(*objectname) [25ms]
[2022-03-17T04:31:22.961Z] > git remote --verbose [4ms]
[2022-03-17T04:31:28.830Z] > git config --get commit.template [22ms]
[2022-03-17T04:31:28.894Z] > git ls-files --stage -- /home/pi/workspace/Opencv/cam.py [32ms]
[2022-03-17T04:31:28.909Z] > git ls-files --stage -- /home/pi/workspace/Opencv/ex03_2.py [17ms]
[2022-03-17T04:31:34.193Z] > git symbolic-ref --short HEAD [4ms]
[2022-03-17T04:31:34.223Z] > git for-each-ref --format=%(refname)%00%(upstream:short)%00%(objectname)%00%(upstream:track) refs/heads/main refs/remotes/main [4ms]
[2022-03-17T04:31:34.279Z] > git for-each-ref --sort -committerdate --format %(refname) %(objectname) %(*objectname) [29ms]
[2022-03-17T04:31:34.280Z] > git remote --verbose [3ms]
[2022-03-17T04:31:40.142Z] > git config --get commit.template [5690ms]
[2022-03-17T04:31:45.493Z] > git symbolic-ref --short HEAD [3ms]
[2022-03-17T04:31:45.522Z] > git for-each-ref --format=%(refname)%00%(upstream:short)%00%(objectname)%00%(upstream:track) refs/heads/main refs/remotes/main [5ms]
[2022-03-17T04:31:45.576Z] > git for-each-ref --sort -committerdate --format %(refname) %(objectname) %(*objectname) [29ms]
[2022-03-17T04:31:45.576Z] > git remote --verbose [4ms]
[2022-03-17T04:31:51.458Z] > git config --get commit.template [23ms]
[2022-03-17T04:31:56.802Z] > git symbolic-ref --short HEAD [4ms]
[2022-03-17T04:31:56.833Z] > git for-each-ref --format=%(refname)%00%(upstream:short)%00%(objectname)%00%(upstream:track) refs/heads/main refs/remotes/main [4ms]
[2022-03-17T04:31:56.891Z] > git for-each-ref --sort -committerdate --format %(refname) %(objectname) %(*objectname) [31ms]
[2022-03-17T04:31:56.892Z] > git remote --verbose [4ms]
[2022-03-17T04:32:02.820Z] > git config --get commit.template [68ms]
[2022-03-17T04:32:08.158Z] > git symbolic-ref --short HEAD [3ms]
[2022-03-17T04:32:08.186Z] > git for-each-ref --format=%(refname)%00%(upstream:short)%00%(objectname)%00%(upstream:track) refs/heads/main refs/remotes/main [4ms]
[2022-03-17T04:32:08.238Z] > git for-each-ref --sort -committerdate --format %(refname) %(objectname) %(*objectname) [28ms]
[2022-03-17T04:32:08.239Z] > git remote --verbose [5ms]
[2022-03-17T04:32:14.089Z] > git config --get commit.template [35ms]
[2022-03-17T04:32:19.432Z] > git symbolic-ref --short HEAD [3ms]
[2022-03-17T04:32:19.462Z] > git for-each-ref --format=%(refname)%00%(upstream:short)%00%(objectname)%00%(upstream:track) refs/heads/main refs/remotes/main [4ms]
[2022-03-17T04:32:19.519Z] > git for-each-ref --sort -committerdate --format %(refname) %(objectname) %(*objectname) [30ms]
[2022-03-17T04:32:19.520Z] > git remote --verbose [3ms]
[2022-03-17T04:32:25.458Z] > git config --get commit.template [53ms]
[2022-03-17T04:32:30.799Z] > git symbolic-ref --short HEAD [4ms]
[2022-03-17T04:32:30.829Z] > git for-each-ref --format=%(refname)%00%(upstream:short)%00%(objectname)%00%(upstream:track) refs/heads/main refs/remotes/main [5ms]
[2022-03-17T04:32:30.883Z] > git for-each-ref --sort -committerdate --format %(refname) %(objectname) %(*objectname) [28ms]
[2022-03-17T04:32:30.884Z] > git remote --verbose [4ms]
[2022-03-17T04:32:36.780Z] > git config --get commit.template [27ms]
[2022-03-17T04:32:42.126Z] > git symbolic-ref --short HEAD [3ms]
[2022-03-17T04:32:42.159Z] > git for-each-ref --format=%(refname)%00%(upstream:short)%00%(objectname)%00%(upstream:track) refs/heads/main refs/remotes/main [4ms]
[2022-03-17T04:32:42.219Z] > git for-each-ref --sort -committerdate --format %(refname) %(objectname) %(*objectname) [31ms]
[2022-03-17T04:32:42.220Z] > git remote --verbose [3ms]
[2022-03-17T04:32:48.074Z] > git config --get commit.template [56ms]
[2022-03-17T04:32:53.440Z] > git symbolic-ref --short HEAD [4ms]
[2022-03-17T04:32:53.468Z] > git for-each-ref --format=%(refname)%00%(upstream:short)%00%(objectname)%00%(upstream:track) refs/heads/main refs/remotes/main [4ms]
[2022-03-17T04:32:53.520Z] > git for-each-ref --sort -committerdate --format %(refname) %(objectname) %(*objectname) [27ms]
[2022-03-17T04:32:53.522Z] > git remote --verbose [4ms]
[2022-03-17T04:32:59.369Z] > git config --get commit.template [22ms]
[2022-03-17T04:33:04.729Z] > git symbolic-ref --short HEAD [3ms]
[2022-03-17T04:33:04.761Z] > git for-each-ref --format=%(refname)%00%(upstream:short)%00%(objectname)%00%(upstream:track) refs/heads/main refs/remotes/main [5ms]
[2022-03-17T04:33:04.819Z] > git for-each-ref --sort -committerdate --format %(refname) %(objectname) %(*objectname) [30ms]
[2022-03-17T04:33:04.820Z] > git remote --verbose [3ms]
[2022-03-17T04:33:10.671Z] > git config --get commit.template [27ms]
[2022-03-17T04:33:16.045Z] > git symbolic-ref --short HEAD [1ms]
[2022-03-17T04:33:16.075Z] > git for-each-ref --format=%(refname)%00%(upstream:short)%00%(objectname)%00%(upstream:track) refs/heads/main refs/remotes/main [4ms]
[2022-03-17T04:33:16.128Z] > git for-each-ref --sort -committerdate --format %(refname) %(objectname) %(*objectname) [28ms]
[2022-03-17T04:33:16.129Z] > git remote --verbose [4ms]
[2022-03-17T04:33:21.982Z] > git config --get commit.template [24ms]
[2022-03-17T04:33:27.328Z] > git symbolic-ref --short HEAD [4ms]
[2022-03-17T04:33:27.360Z] > git for-each-ref --format=%(refname)%00%(upstream:short)%00%(objectname)%00%(upstream:track) refs/heads/main refs/remotes/main [5ms]
[2022-03-17T04:33:27.417Z] > git for-each-ref --sort -committerdate --format %(refname) %(objectname) %(*objectname) [30ms]
[2022-03-17T04:33:27.418Z] > git remote --verbose [3ms]
[2022-03-17T04:33:33.312Z] > git config --get commit.template [40ms]
[2022-03-17T04:33:38.668Z] > git symbolic-ref --short HEAD [3ms]
[2022-03-17T04:33:38.696Z] > git for-each-ref --format=%(refname)%00%(upstream:short)%00%(objectname)%00%(upstream:track) refs/heads/main refs/remotes/main [4ms]
[2022-03-17T04:33:38.747Z] > git for-each-ref --sort -committerdate --format %(refname) %(objectname) %(*objectname) [26ms]
[2022-03-17T04:33:38.748Z] > git remote --verbose [4ms]
[2022-03-17T04:33:44.648Z] > git config --get commit.template [23ms]
[2022-03-17T04:33:49.995Z] > git symbolic-ref --short HEAD [3ms]
[2022-03-17T04:33:50.026Z] > git for-each-ref --format=%(refname)%00%(upstream:short)%00%(objectname)%00%(upstream:track) refs/heads/main refs/remotes/main [4ms]
[2022-03-17T04:33:50.081Z] > git for-each-ref --sort -committerdate --format %(refname) %(objectname) %(*objectname) [29ms]
[2022-03-17T04:33:50.082Z] > git remote --verbose [3ms]
[2022-03-17T04:33:56.006Z] > git config --get commit.template [27ms]
[2022-03-17T04:34:01.335Z] > git symbolic-ref --short HEAD [3ms]
[2022-03-17T04:34:01.364Z] > git for-each-ref --format=%(refname)%00%(upstream:short)%00%(objectname)%00%(upstream:track) refs/heads/main refs/remotes/main [5ms]
[2022-03-17T04:34:01.415Z] > git for-each-ref --sort -committerdate --format %(refname) %(objectname) %(*objectname) [27ms]
[2022-03-17T04:34:01.417Z] > git remote --verbose [4ms]
[2022-03-17T04:34:07.281Z] > git config --get commit.template [26ms]
[2022-03-17T04:34:12.622Z] > git symbolic-ref --short HEAD [3ms]
[2022-03-17T04:34:12.654Z] > git for-each-ref --format=%(refname)%00%(upstream:short)%00%(objectname)%00%(upstream:track) refs/heads/main refs/remotes/main [4ms]
[2022-03-17T04:34:12.712Z] > git for-each-ref --sort -committerdate --format %(refname) %(objectname) %(*objectname) [30ms]
[2022-03-17T04:34:12.714Z] > git remote --verbose [4ms]
[2022-03-17T04:34:18.554Z] > git config --get commit.template [25ms]
[2022-03-17T04:34:23.304Z] > git fetch [705ms]
[2022-03-17T04:34:23.630Z] > git symbolic-ref --short HEAD [4ms]
[2022-03-17T04:34:23.658Z] > git for-each-ref --format=%(refname)%00%(upstream:short)%00%(objectname)%00%(upstream:track) refs/heads/main refs/remotes/main [4ms]
[2022-03-17T04:34:23.708Z] > git for-each-ref --sort -committerdate --format %(refname) %(objectname) %(*objectname) [26ms]
[2022-03-17T04:34:23.709Z] > git remote --verbose [3ms]
[2022-03-17T04:34:29.588Z] > git config --get commit.template [25ms]
[2022-03-17T04:34:29.882Z] > git symbolic-ref --short HEAD [3ms]
[2022-03-17T04:34:29.973Z] > git ls-files --stage -- /home/pi/workspace/Opencv/cam.py [32ms]
[2022-03-17T04:34:29.976Z] > git for-each-ref --format=%(refname)%00%(upstream:short)%00%(objectname)%00%(upstream:track) refs/heads/main refs/remotes/main [68ms]
[2022-03-17T04:34:30.032Z] > git for-each-ref --sort -committerdate --format %(refname) %(objectname) %(*objectname) [29ms]
[2022-03-17T04:34:30.033Z] > git ls-files --stage -- /home/pi/workspace/Opencv/ex03_2.py [63ms]
[2022-03-17T04:34:30.035Z] > git remote --verbose [6ms]
[2022-03-17T04:34:35.897Z] > git config --get commit.template [48ms]
[2022-03-17T04:34:41.239Z] > git symbolic-ref --short HEAD [4ms]
[2022-03-17T04:34:41.269Z] > git for-each-ref --format=%(refname)%00%(upstream:short)%00%(objectname)%00%(upstream:track) refs/heads/main refs/remotes/main [4ms]
[2022-03-17T04:34:41.324Z] > git for-each-ref --sort -committerdate --format %(refname) %(objectname) %(*objectname) [28ms]
[2022-03-17T04:34:41.325Z] > git remote --verbose [3ms]
[2022-03-17T04:34:47.266Z] > git config --get commit.template [26ms]
[2022-03-17T04:34:52.613Z] > git symbolic-ref --short HEAD [3ms]
[2022-03-17T04:34:52.640Z] > git for-each-ref --format=%(refname)%00%(upstream:short)%00%(objectname)%00%(upstream:track) refs/heads/main refs/remotes/main [4ms]
[2022-03-17T04:34:52.687Z] > git for-each-ref --sort -committerdate --format %(refname) %(objectname) %(*objectname) [24ms]
[2022-03-17T04:34:52.689Z] > git remote --verbose [3ms]
[2022-03-17T04:34:58.583Z] > git config --get commit.template [24ms]
[2022-03-17T04:35:03.926Z] > git symbolic-ref --short HEAD [3ms]
[2022-03-17T04:35:03.957Z] > git for-each-ref --format=%(refname)%00%(upstream:short)%00%(objectname)%00%(upstream:track) refs/heads/main refs/remotes/main [4ms]
[2022-03-17T04:35:04.011Z] > git for-each-ref --sort -committerdate --format %(refname) %(objectname) %(*objectname) [28ms]
[2022-03-17T04:35:04.013Z] > git remote --verbose [3ms]
[2022-03-17T04:35:09.931Z] > git config --get commit.template [37ms]
[2022-03-17T04:35:15.280Z] > git symbolic-ref --short HEAD [3ms]
[2022-03-17T04:35:15.309Z] > git for-each-ref --format=%(refname)%00%(upstream:short)%00%(objectname)%00%(upstream:track) refs/heads/main refs/remotes/main [5ms]
[2022-03-17T04:35:15.360Z] > git for-each-ref --sort -committerdate --format %(refname) %(objectname) %(*objectname) [27ms]
[2022-03-17T04:35:15.362Z] > git remote --verbose [4ms]
[2022-03-17T04:35:21.232Z] > git config --get commit.template [24ms]
[2022-03-17T04:35:26.586Z] > git symbolic-ref --short HEAD [4ms]
[2022-03-17T04:35:26.618Z] > git for-each-ref --format=%(refname)%00%(upstream:short)%00%(objectname)%00%(upstream:track) refs/heads/main refs/remotes/main [4ms]
[2022-03-17T04:35:26.675Z] > git for-each-ref --sort -committerdate --format %(refname) %(objectname) %(*objectname) [30ms]
[2022-03-17T04:35:26.677Z] > git remote --verbose [4ms]
[2022-03-17T04:35:32.518Z] > git config --get commit.template [36ms]
[2022-03-17T04:35:37.861Z] > git symbolic-ref --short HEAD [3ms]
[2022-03-17T04:35:37.890Z] > git for-each-ref --format=%(refname)%00%(upstream:short)%00%(objectname)%00%(upstream:track) refs/heads/main refs/remotes/main [4ms]
[2022-03-17T04:35:37.940Z] > git for-each-ref --sort -committerdate --format %(refname) %(objectname) %(*objectname) [26ms]
[2022-03-17T04:35:37.941Z] > git remote --verbose [3ms]
[2022-03-17T04:35:43.828Z] > git config --get commit.template [23ms]
[2022-03-17T04:35:49.197Z] > git symbolic-ref --short HEAD [3ms]
[2022-03-17T04:35:49.228Z] > git for-each-ref --format=%(refname)%00%(upstream:short)%00%(objectname)%00%(upstream:track) refs/heads/main refs/remotes/main [4ms]
[2022-03-17T04:35:49.284Z] > git for-each-ref --sort -committerdate --format %(refname) %(objectname) %(*objectname) [29ms]
[2022-03-17T04:35:49.285Z] > git remote --verbose [3ms]
[2022-03-17T04:35:55.195Z] > git config --get commit.template [53ms]
[2022-03-17T04:36:00.563Z] > git symbolic-ref --short HEAD [3ms]
[2022-03-17T04:36:00.594Z] > git for-each-ref --format=%(refname)%00%(upstream:short)%00%(objectname)%00%(upstream:track) refs/heads/main refs/remotes/main [5ms]
[2022-03-17T04:36:00.646Z] > git for-each-ref --sort -committerdate --format %(refname) %(objectname) %(*objectname) [27ms]
[2022-03-17T04:36:00.647Z] > git remote --verbose [3ms]
[2022-03-17T04:36:06.534Z] > git config --get commit.template [24ms]
[2022-03-17T04:36:08.956Z] > git log --format=%H%n%aN%n%aE%n%at%n%ct%n%P%n%B -z -n21 -- /home/pi/workspace/Opencv/cam.py [33ms]
[2022-03-17T04:36:08.970Z] > git log --format=%H%n%aN%n%aE%n%at%n%ct%n%P%n%B -z -n41 -- /home/pi/workspace/Opencv/cam.py [18ms]
[2022-03-17T04:36:11.880Z] > git symbolic-ref --short HEAD [4ms]
[2022-03-17T04:36:11.912Z] > git for-each-ref --format=%(refname)%00%(upstream:short)%00%(objectname)%00%(upstream:track) refs/heads/main refs/remotes/main [4ms]
[2022-03-17T04:36:11.970Z] > git for-each-ref --sort -committerdate --format %(refname) %(objectname) %(*objectname) [30ms]
[2022-03-17T04:36:11.971Z] > git remote --verbose [3ms]
[2022-03-17T04:36:17.806Z] > git config --get commit.template [5665ms]
[2022-03-17T04:36:23.094Z] > git symbolic-ref --short HEAD [4ms]
[2022-03-17T04:36:23.129Z] > git for-each-ref --format=%(refname)%00%(upstream:short)%00%(objectname)%00%(upstream:track) refs/heads/main refs/remotes/main [11ms]
[2022-03-17T04:36:23.183Z] > git for-each-ref --sort -committerdate --format %(refname) %(objectname) %(*objectname) [29ms]
[2022-03-17T04:36:23.186Z] > git remote --verbose [7ms]
[2022-03-17T04:36:29.161Z] > git config --get commit.template [37ms]
[2022-03-17T04:36:34.532Z] > git symbolic-ref --short HEAD [6ms]
[2022-03-17T04:36:34.565Z] > git for-each-ref --format=%(refname)%00%(upstream:short)%00%(objectname)%00%(upstream:track) refs/heads/main refs/remotes/main [6ms]
[2022-03-17T04:36:34.624Z] > git remote --verbose [6ms]
[2022-03-17T04:36:34.625Z] > git for-each-ref --sort -committerdate --format %(refname) %(objectname) %(*objectname) [34ms]
[2022-03-17T04:36:40.561Z] > git config --get commit.template [5768ms]
[2022-03-17T04:36:45.920Z] > git symbolic-ref --short HEAD [3ms]
[2022-03-17T04:36:45.951Z] > git for-each-ref --format=%(refname)%00%(upstream:short)%00%(objectname)%00%(upstream:track) refs/heads/main refs/remotes/main [5ms]
[2022-03-17T04:36:46.006Z] > git for-each-ref --sort -committerdate --format %(refname) %(objectname) %(*objectname) [29ms]
[2022-03-17T04:36:46.007Z] > git remote --verbose [4ms]
[2022-03-17T04:36:52.037Z] > git config --get commit.template [34ms]
[2022-03-17T04:36:57.394Z] > git symbolic-ref --short HEAD [4ms]
[2022-03-17T04:36:57.423Z] > git for-each-ref --format=%(refname)%00%(upstream:short)%00%(objectname)%00%(upstream:track) refs/heads/main refs/remotes/main [5ms]
[2022-03-17T04:36:57.474Z] > git for-each-ref --sort -committerdate --format %(refname) %(objectname) %(*objectname) [27ms]
[2022-03-17T04:36:57.476Z] > git remote --verbose [5ms]
[2022-03-17T04:37:03.352Z] > git config --get commit.template [34ms]
[2022-03-17T04:37:08.703Z] > git symbolic-ref --short HEAD [3ms]
[2022-03-17T04:37:08.736Z] > git for-each-ref --format=%(refname)%00%(upstream:short)%00%(objectname)%00%(upstream:track) refs/heads/main refs/remotes/main [5ms]
[2022-03-17T04:37:08.793Z] > git for-each-ref --sort -committerdate --format %(refname) %(objectname) %(*objectname) [30ms]
[2022-03-17T04:37:08.794Z] > git remote --verbose [3ms]
[2022-03-17T04:37:14.652Z] > git config --get commit.template [30ms]
[2022-03-17T04:39:20.383Z] > git symbolic-ref --short HEAD [4ms]
[2022-03-17T04:39:20.407Z] > git for-each-ref --format=%(refname)%00%(upstream:short)%00%(objectname)%00%(upstream:track) refs/heads/main refs/remotes/main [5ms]
[2022-03-17T04:39:20.446Z] > git for-each-ref --sort -committerdate --format %(refname) %(objectname) %(*objectname) [21ms]
[2022-03-17T04:39:20.448Z] > git remote --verbose [5ms]
[2022-03-17T04:39:26.527Z] > git fetch [6454ms]
[2022-03-17T04:39:26.583Z] > git config --get commit.template [73ms]
[2022-03-17T04:39:26.910Z] > git symbolic-ref --short HEAD [4ms]
[2022-03-17T04:39:26.937Z] > git for-each-ref --format=%(refname)%00%(upstream:short)%00%(objectname)%00%(upstream:track) refs/heads/main refs/remotes/main [5ms]
[2022-03-17T04:39:26.981Z] > git for-each-ref --sort -committerdate --format %(refname) %(objectname) %(*objectname) [24ms]
[2022-03-17T04:39:26.982Z] > git remote --verbose [3ms]
[2022-03-17T04:39:33.048Z] > git config --get commit.template [106ms]
[2022-03-17T04:39:33.218Z] > git ls-files --stage -- /home/pi/workspace/Opencv/cam.py [80ms]
[2022-03-17T04:39:33.242Z] > git ls-files --stage -- /home/pi/workspace/Opencv/ex03_2.py [30ms]
[2022-03-17T04:39:33.405Z] > git symbolic-ref --short HEAD [9ms]
[2022-03-17T04:39:33.431Z] > git for-each-ref --format=%(refname)%00%(upstream:short)%00%(objectname)%00%(upstream:track) refs/heads/main refs/remotes/main [4ms]
[2022-03-17T04:39:33.478Z] > git for-each-ref --sort -committerdate --format %(refname) %(objectname) %(*objectname) [23ms]
[2022-03-17T04:39:33.479Z] > git remote --verbose [4ms]
[2022-03-17T04:39:39.426Z] > git config --get commit.template [34ms]
[2022-03-17T04:39:39.588Z] > git ls-files --stage -- /home/pi/workspace/Opencv/ex03_2.py [38ms]
[2022-03-17T04:39:39.720Z] > git add -A -- . [4ms]
[2022-03-17T04:39:39.720Z] fatal: Unable to create '/home/pi/.git/index.lock': File exists.

Another git process seems to be running in this repository, e.g.
an editor opened by 'git commit'. Please make sure all processes
are terminated then try again. If it still fails, a git process
may have crashed in this repository earlier:
remove the file manually to continue.
[2022-03-17T04:39:39.797Z] > git add -A -- . [4ms]
[2022-03-17T04:39:39.797Z] fatal: Unable to create '/home/pi/.git/index.lock': File exists.

Another git process seems to be running in this repository, e.g.
an editor opened by 'git commit'. Please make sure all processes
are terminated then try again. If it still fails, a git process
may have crashed in this repository earlier:
remove the file manually to continue.
[2022-03-17T04:39:40.042Z] > git ls-files --stage -- /home/pi/workspace/Opencv/cam.py [26ms]
[2022-03-17T04:39:40.045Z] > git add -A -- . [5ms]
[2022-03-17T04:39:40.045Z] fatal: Unable to create '/home/pi/.git/index.lock': File exists.

Another git process seems to be running in this repository, e.g.
an editor opened by 'git commit'. Please make sure all processes
are terminated then try again. If it still fails, a git process
may have crashed in this repository earlier:
remove the file manually to continue.
[2022-03-17T04:39:40.522Z] > git add -A -- . [4ms]
[2022-03-17T04:39:40.522Z] fatal: Unable to create '/home/pi/.git/index.lock': File exists.

Another git process seems to be running in this repository, e.g.
an editor opened by 'git commit'. Please make sure all processes
are terminated then try again. If it still fails, a git process
may have crashed in this repository earlier:
remove the file manually to continue.
[2022-03-17T04:39:40.581Z] > git add -A -- . [4ms]
[2022-03-17T04:39:40.581Z] fatal: Unable to create '/home/pi/.git/index.lock': File exists.

Another git process seems to be running in this repository, e.g.
an editor opened by 'git commit'. Please make sure all processes
are terminated then try again. If it still fails, a git process
may have crashed in this repository earlier:
remove the file manually to continue.
[2022-03-17T04:39:40.659Z] > git add -A -- . [3ms]
[2022-03-17T04:39:40.659Z] fatal: Unable to create '/home/pi/.git/index.lock': File exists.

Another git process seems to be running in this repository, e.g.
an editor opened by 'git commit'. Please make sure all processes
are terminated then try again. If it still fails, a git process
may have crashed in this repository earlier:
remove the file manually to continue.
[2022-03-17T04:39:40.885Z] > git add -A -- . [4ms]
[2022-03-17T04:39:40.885Z] fatal: Unable to create '/home/pi/.git/index.lock': File exists.

Another git process seems to be running in this repository, e.g.
an editor opened by 'git commit'. Please make sure all processes
are terminated then try again. If it still fails, a git process
may have crashed in this repository earlier:
remove the file manually to continue.
[2022-03-17T04:39:41.369Z] > git add -A -- . [24ms]
[2022-03-17T04:39:41.369Z] fatal: Unable to create '/home/pi/.git/index.lock': File exists.

Another git process seems to be running in this repository, e.g.
an editor opened by 'git commit'. Please make sure all processes
are terminated then try again. If it still fails, a git process
may have crashed in this repository earlier:
remove the file manually to continue.
[2022-03-17T04:39:41.372Z] > git add -A -- . [4ms]
[2022-03-17T04:39:41.372Z] fatal: Unable to create '/home/pi/.git/index.lock': File exists.

Another git process seems to be running in this repository, e.g.
an editor opened by 'git commit'. Please make sure all processes
are terminated then try again. If it still fails, a git process
may have crashed in this repository earlier:
remove the file manually to continue.
[2022-03-17T04:39:42.207Z] > git add -A -- . [4ms]
[2022-03-17T04:39:42.207Z] fatal: Unable to create '/home/pi/.git/index.lock': File exists.

Another git process seems to be running in this repository, e.g.
an editor opened by 'git commit'. Please make sure all processes
are terminated then try again. If it still fails, a git process
may have crashed in this repository earlier:
remove the file manually to continue.
[2022-03-17T04:39:42.646Z] > git add -A -- . [4ms]
[2022-03-17T04:39:42.646Z] fatal: Unable to create '/home/pi/.git/index.lock': File exists.

Another git process seems to be running in this repository, e.g.
an editor opened by 'git commit'. Please make sure all processes
are terminated then try again. If it still fails, a git process
may have crashed in this repository earlier:
remove the file manually to continue.
[2022-03-17T04:39:43.483Z] > git add -A -- . [3ms]
[2022-03-17T04:39:43.483Z] fatal: Unable to create '/home/pi/.git/index.lock': File exists.

Another git process seems to be running in this repository, e.g.
an editor opened by 'git commit'. Please make sure all processes
are terminated then try again. If it still fails, a git process
may have crashed in this repository earlier:
remove the file manually to continue.
[2022-03-17T04:39:44.473Z] > git add -A -- . [4ms]
[2022-03-17T04:39:44.473Z] fatal: Unable to create '/home/pi/.git/index.lock': File exists.

Another git process seems to be running in this repository, e.g.
an editor opened by 'git commit'. Please make sure all processes
are terminated then try again. If it still fails, a git process
may have crashed in this repository earlier:
remove the file manually to continue.
[2022-03-17T04:39:45.311Z] > git add -A -- . [4ms]
[2022-03-17T04:39:45.311Z] fatal: Unable to create '/home/pi/.git/index.lock': File exists.

Another git process seems to be running in this repository, e.g.
an editor opened by 'git commit'. Please make sure all processes
are terminated then try again. If it still fails, a git process
may have crashed in this repository earlier:
remove the file manually to continue.
[2022-03-17T04:39:46.950Z] > git add -A -- . [4ms]
[2022-03-17T04:39:46.950Z] fatal: Unable to create '/home/pi/.git/index.lock': File exists.

Another git process seems to be running in this repository, e.g.
an editor opened by 'git commit'. Please make sure all processes
are terminated then try again. If it still fails, a git process
may have crashed in this repository earlier:
remove the file manually to continue.
[2022-03-17T04:39:47.788Z] > git add -A -- . [3ms]
[2022-03-17T04:39:47.788Z] fatal: Unable to create '/home/pi/.git/index.lock': File exists.

Another git process seems to be running in this repository, e.g.
an editor opened by 'git commit'. Please make sure all processes
are terminated then try again. If it still fails, a git process
may have crashed in this repository earlier:
remove the file manually to continue.
[2022-03-17T04:39:50.177Z] > git add -A -- . [3ms]
[2022-03-17T04:39:50.178Z] fatal: Unable to create '/home/pi/.git/index.lock': File exists.

Another git process seems to be running in this repository, e.g.
an editor opened by 'git commit'. Please make sure all processes
are terminated then try again. If it still fails, a git process
may have crashed in this repository earlier:
remove the file manually to continue.
[2022-03-17T04:39:51.014Z] > git add -A -- . [3ms]
[2022-03-17T04:39:51.014Z] fatal: Unable to create '/home/pi/.git/index.lock': File exists.

Another git process seems to be running in this repository, e.g.
an editor opened by 'git commit'. Please make sure all processes
are terminated then try again. If it still fails, a git process
may have crashed in this repository earlier:
remove the file manually to continue.
[2022-03-17T04:39:53.628Z] > git add -A -- . [13973ms]
[2022-03-17T04:39:53.628Z] warning: adding embedded git repository: workspace/Opencv
hint: You've added another git repository inside your current repository.
hint: Clones of the outer repository will not contain the contents of
hint: the embedded repository and will not know how to obtain it.
hint: If you meant to add a submodule, use:
hint: 
hint: 	git submodule add <url> workspace/Opencv
hint: 
hint: If you added this path by mistake, you can remove it from the
hint: index with:
hint: 
hint: 	git rm --cached workspace/Opencv
hint: 
hint: See "git help submodule" for more information.
[2022-03-17T04:39:54.072Z] > git -c user.useConfigOnly=true commit --quiet --allow-empty-message --file - [421ms]
[2022-03-17T04:39:54.930Z] > git add -A -- . [679ms]
[2022-03-17T04:39:55.106Z] > git symbolic-ref --short HEAD [30ms]
[2022-03-17T04:39:55.142Z] > git -c user.useConfigOnly=true commit --quiet --allow-empty-message --file - [184ms]
[2022-03-17T04:39:55.142Z] fatal: Unable to create '/home/pi/.git/index.lock': File exists.

Another git process seems to be running in this repository, e.g.
an editor opened by 'git commit'. Please make sure all processes
are terminated then try again. If it still fails, a git process
may have crashed in this repository earlier:
remove the file manually to continue.
[2022-03-17T04:39:55.174Z] > git for-each-ref --format=%(refname)%00%(upstream:short)%00%(objectname)%00%(upstream:track) refs/heads/main refs/remotes/main [34ms]
[2022-03-17T04:39:55.225Z] > git add -A -- . [124ms]
[2022-03-17T04:39:55.225Z] fatal: Unable to create '/home/pi/.git/index.lock': File exists.

Another git process seems to be running in this repository, e.g.
an editor opened by 'git commit'. Please make sure all processes
are terminated then try again. If it still fails, a git process
may have crashed in this repository earlier:
remove the file manually to continue.
[2022-03-17T04:39:55.231Z] > git for-each-ref --sort -committerdate --format %(refname) %(objectname) %(*objectname) [33ms]
[2022-03-17T04:39:55.232Z] > git config --get-all user.name [64ms]
[2022-03-17T04:39:55.258Z] > git remote --verbose [34ms]
[2022-03-17T04:39:55.364Z] > git config --get-all user.email [108ms]
[2022-03-17T04:39:55.435Z] > git config --get commit.template [72ms]
[2022-03-17T04:39:55.437Z] > git add -A -- . [423ms]
[2022-03-17T04:39:55.608Z] > git config --get commit.template [39ms]
[2022-03-17T04:39:55.627Z] > git -c user.useConfigOnly=true commit --quiet --allow-empty-message --file - [167ms]
[2022-03-17T04:39:55.897Z] > git add -A -- . [294ms]
[2022-03-17T04:39:55.950Z] > git symbolic-ref --short HEAD [4ms]
[2022-03-17T04:39:55.988Z] > git for-each-ref --format=%(refname)%00%(upstream:short)%00%(objectname)%00%(upstream:track) refs/heads/main refs/remotes/main [9ms]
[2022-03-17T04:39:56.048Z] > git for-each-ref --sort -committerdate --format %(refname) %(objectname) %(*objectname) [33ms]
[2022-03-17T04:39:56.050Z] > git remote --verbose [6ms]
[2022-03-17T04:39:56.083Z] > git -c user.useConfigOnly=true commit --quiet --allow-empty-message --file - [164ms]
[2022-03-17T04:39:56.085Z] > git config --get commit.template [3ms]
[2022-03-17T04:39:56.139Z] > git config --get commit.template [5ms]
[2022-03-17T04:39:56.352Z] > git symbolic-ref --short HEAD [4ms]
[2022-03-17T04:39:56.380Z] > git for-each-ref --format=%(refname)%00%(upstream:short)%00%(objectname)%00%(upstream:track) refs/heads/main refs/remotes/main [5ms]
[2022-03-17T04:39:56.429Z] > git for-each-ref --sort -committerdate --format %(refname) %(objectname) %(*objectname) [26ms]
[2022-03-17T04:39:56.430Z] > git remote --verbose [4ms]
[2022-03-17T04:39:56.462Z] > git config --get commit.template [4ms]
[2022-03-17T04:39:56.490Z] > git config --get commit.template [3ms]
[2022-03-17T04:39:57.378Z] > git ls-files --stage -- /home/pi/workspace/Opencv/cam.py [50ms]
[2022-03-17T04:39:57.398Z] > git ls-files --stage -- /home/pi/workspace/Opencv/ex03_2.py [22ms]
[2022-03-17T04:40:00.467Z] > git -c user.useConfigOnly=true commit --quiet --allow-empty-message --file - [64ms]
[2022-03-17T04:40:00.467Z] fatal: Unable to create '/home/pi/.git/index.lock': File exists.

Another git process seems to be running in this repository, e.g.
an editor opened by 'git commit'. Please make sure all processes
are terminated then try again. If it still fails, a git process
may have crashed in this repository earlier:
remove the file manually to continue.
[2022-03-17T04:40:00.494Z] > git config --get-all user.name [3ms]
[2022-03-17T04:40:00.522Z] > git config --get-all user.email [4ms]
