[2022-03-16T01:20:35.807Z] Validating found git in: git
[2022-03-16T01:20:35.961Z] Using git 2.30.2 from git
[2022-03-16T01:20:36.093Z] > git rev-parse --git-dir [7ms]
[2022-03-16T01:20:36.111Z] Open repository: /home/pi
[2022-03-16T01:20:36.154Z] > git fetch [23ms]
[2022-03-16T01:20:37.125Z] > git symbolic-ref --short HEAD [241ms]
[2022-03-16T01:20:37.196Z] > git for-each-ref --format=%(refname)%00%(upstream:short)%00%(objectname)%00%(upstream:track) refs/heads/master refs/remotes/master [35ms]
[2022-03-16T01:20:37.244Z] > git remote --verbose [13ms]
[2022-03-16T01:20:37.244Z] > git for-each-ref --sort -committerdate --format %(refname) %(objectname) %(*objectname) [31ms]
[2022-03-16T01:20:42.857Z] > git config --get commit.template [126ms]
[2022-03-16T01:20:43.149Z] > git symbolic-ref --short HEAD [7ms]
[2022-03-16T01:20:43.212Z] > git for-each-ref --format=%(refname)%00%(upstream:short)%00%(objectname)%00%(upstream:track) refs/heads/master refs/remotes/master [44ms]
[2022-03-16T01:20:43.258Z] > git for-each-ref --sort -committerdate --format %(refname) %(objectname) %(*objectname) [26ms]
[2022-03-16T01:20:43.259Z] > git remote --verbose [7ms]
[2022-03-16T01:20:53.054Z] > git config --get commit.template [95ms]
[2022-03-16T01:20:55.391Z] > git symbolic-ref --short HEAD [4ms]
[2022-03-16T01:20:55.417Z] > git for-each-ref --format=%(refname)%00%(upstream:short)%00%(objectname)%00%(upstream:track) refs/heads/master refs/remotes/master [4ms]
[2022-03-16T01:20:55.464Z] > git for-each-ref --sort -committerdate --format %(refname) %(objectname) %(*objectname) [25ms]
[2022-03-16T01:20:55.466Z] > git remote --verbose [4ms]
[2022-03-16T01:21:05.020Z] > git config --get commit.template [56ms]
[2022-03-16T01:21:05.196Z] > git ls-files --stage -- /home/pi/workspace/basic/PWM_Buzzer.py [8ms]
[2022-03-16T01:21:10.297Z] > git symbolic-ref --short HEAD [3ms]
[2022-03-16T01:21:10.324Z] > git for-each-ref --format=%(refname)%00%(upstream:short)%00%(objectname)%00%(upstream:track) refs/heads/master refs/remotes/master [4ms]
[2022-03-16T01:21:10.372Z] > git for-each-ref --sort -committerdate --format %(refname) %(objectname) %(*objectname) [25ms]
[2022-03-16T01:21:10.374Z] > git remote --verbose [4ms]
[2022-03-16T01:21:19.771Z] > git config --get commit.template [41ms]
[2022-03-16T01:21:25.099Z] > git symbolic-ref --short HEAD [15ms]
[2022-03-16T01:21:25.160Z] > git for-each-ref --format=%(refname)%00%(upstream:short)%00%(objectname)%00%(upstream:track) refs/heads/master refs/remotes/master [20ms]
[2022-03-16T01:21:25.241Z] > git for-each-ref --sort -committerdate --format %(refname) %(objectname) %(*objectname) [55ms]
[2022-03-16T01:21:25.244Z] > git remote --verbose [30ms]
[2022-03-16T01:21:34.530Z] > git config --get commit.template [45ms]
[2022-03-16T01:23:53.146Z] > git fetch [22ms]
[2022-03-16T01:23:53.419Z] > git symbolic-ref --short HEAD [3ms]
[2022-03-16T01:23:53.448Z] > git for-each-ref --format=%(refname)%00%(upstream:short)%00%(objectname)%00%(upstream:track) refs/heads/master refs/remotes/master [3ms]
[2022-03-16T01:23:53.500Z] > git for-each-ref --sort -committerdate --format %(refname) %(objectname) %(*objectname) [28ms]
[2022-03-16T01:23:53.502Z] > git remote --verbose [6ms]
[2022-03-16T01:24:02.904Z] > git config --get commit.template [53ms]
[2022-03-16T01:27:02.977Z] > git fetch [15ms]
[2022-03-16T01:27:03.240Z] > git symbolic-ref --short HEAD [4ms]
[2022-03-16T01:27:03.266Z] > git for-each-ref --format=%(refname)%00%(upstream:short)%00%(objectname)%00%(upstream:track) refs/heads/master refs/remotes/master [3ms]
[2022-03-16T01:27:03.314Z] > git remote --verbose [5ms]
[2022-03-16T01:27:03.315Z] > git for-each-ref --sort -committerdate --format %(refname) %(objectname) %(*objectname) [27ms]
[2022-03-16T01:27:13.426Z] > git config --get commit.template [75ms]
[2022-03-16T01:30:13.517Z] > git fetch [15ms]
[2022-03-16T01:30:13.780Z] > git symbolic-ref --short HEAD [4ms]
[2022-03-16T01:30:13.807Z] > git for-each-ref --format=%(refname)%00%(upstream:short)%00%(objectname)%00%(upstream:track) refs/heads/master refs/remotes/master [3ms]
[2022-03-16T01:30:13.856Z] > git remote --verbose [4ms]
[2022-03-16T01:30:13.857Z] > git for-each-ref --sort -committerdate --format %(refname) %(objectname) %(*objectname) [27ms]
[2022-03-16T01:30:23.169Z] > git config --get commit.template [89ms]
