[2022-03-18T06:25:14.103Z] git에서 찾은 git 유효성을 검사하는 중
[2022-03-18T06:25:14.213Z] git에서 git 2.30.2을(를) 사용하는 중
[2022-03-18T06:25:14.373Z] > git rev-parse --git-dir [11ms]
[2022-03-18T06:25:14.391Z] Open repository: /home/pi
[2022-03-18T06:25:15.286Z] > git symbolic-ref --short HEAD [5ms]
[2022-03-18T06:25:15.525Z] > git for-each-ref --format=%(refname)%00%(upstream:short)%00%(objectname)%00%(upstream:track) refs/heads/main refs/remotes/main [224ms]
[2022-03-18T06:25:15.597Z] > git remote --verbose [38ms]
[2022-03-18T06:25:15.598Z] > git for-each-ref --sort -committerdate --format %(refname) %(objectname) %(*objectname) [56ms]
[2022-03-18T06:25:15.618Z] > git fetch [1207ms]
[2022-03-18T06:25:15.659Z] > git config --get commit.template [19ms]
[2022-03-18T06:25:15.902Z] > git symbolic-ref --short HEAD [6ms]
[2022-03-18T06:25:15.925Z] > git for-each-ref --format=%(refname)%00%(upstream:short)%00%(objectname)%00%(upstream:track) refs/heads/main refs/remotes/main [8ms]
[2022-03-18T06:25:15.959Z] > git for-each-ref --sort -committerdate --format %(refname) %(objectname) %(*objectname) [19ms]
[2022-03-18T06:25:15.970Z] > git remote --verbose [15ms]
[2022-03-18T06:25:16.003Z] > git config --get commit.template [10ms]
[2022-03-18T06:25:17.144Z] > git ls-files --stage -- /home/pi/workspace/Opencv/detect/haardetect.py [21ms]
[2022-03-18T06:25:18.122Z] > git ls-files --stage -- /home/pi/workspace/Opencv/detect/haardetect.py [21ms]
[2022-03-18T06:25:24.286Z] > git symbolic-ref --short HEAD [8ms]
[2022-03-18T06:25:24.316Z] > git for-each-ref --format=%(refname)%00%(upstream:short)%00%(objectname)%00%(upstream:track) refs/heads/main refs/remotes/main [11ms]
[2022-03-18T06:25:24.356Z] > git for-each-ref --sort -committerdate --format %(refname) %(objectname) %(*objectname) [22ms]
[2022-03-18T06:25:24.359Z] > git remote --verbose [6ms]
[2022-03-18T06:25:24.388Z] > git config --get commit.template [4ms]
[2022-03-18T06:25:29.692Z] > git symbolic-ref --short HEAD [4ms]
[2022-03-18T06:25:29.716Z] > git for-each-ref --format=%(refname)%00%(upstream:short)%00%(objectname)%00%(upstream:track) refs/heads/main refs/remotes/main [7ms]
[2022-03-18T06:25:29.753Z] > git for-each-ref --sort -committerdate --format %(refname) %(objectname) %(*objectname) [20ms]
[2022-03-18T06:25:29.755Z] > git remote --verbose [5ms]
[2022-03-18T06:25:29.793Z] > git config --get commit.template [6ms]
[2022-03-18T06:25:34.987Z] > git symbolic-ref --short HEAD [4ms]
[2022-03-18T06:25:35.012Z] > git for-each-ref --format=%(refname)%00%(upstream:short)%00%(objectname)%00%(upstream:track) refs/heads/main refs/remotes/main [9ms]
[2022-03-18T06:25:35.046Z] > git for-each-ref --sort -committerdate --format %(refname) %(objectname) %(*objectname) [19ms]
[2022-03-18T06:25:35.047Z] > git remote --verbose [5ms]
[2022-03-18T06:25:35.071Z] > git config --get commit.template [3ms]
[2022-03-18T06:25:35.947Z] > git ls-files --stage -- /home/pi/workspace/ex08.py [17ms]
[2022-03-18T06:25:38.289Z] > git ls-files --stage -- /home/pi/workspace/Opencv/detect/mosaic.py [26ms]
[2022-03-18T06:25:38.866Z] > git ls-files --stage -- /home/pi/workspace/Opencv/detect/haardetect.py [17ms]
[2022-03-18T06:25:38.989Z] > git log --format=%H%n%aN%n%aE%n%at%n%ct%n%P%n%B -z -n21 -- /home/pi/workspace/Opencv/detect/haardetect.py [23ms]
[2022-03-18T06:25:40.394Z] > git symbolic-ref --short HEAD [83ms]
[2022-03-18T06:25:40.422Z] > git for-each-ref --format=%(refname)%00%(upstream:short)%00%(objectname)%00%(upstream:track) refs/heads/main refs/remotes/main [13ms]
[2022-03-18T06:25:40.462Z] > git remote --verbose [7ms]
[2022-03-18T06:25:40.462Z] > git for-each-ref --sort -committerdate --format %(refname) %(objectname) %(*objectname) [24ms]
[2022-03-18T06:25:40.499Z] > git config --get commit.template [5ms]
[2022-03-18T06:25:45.768Z] > git symbolic-ref --short HEAD [3ms]
[2022-03-18T06:25:45.790Z] > git for-each-ref --format=%(refname)%00%(upstream:short)%00%(objectname)%00%(upstream:track) refs/heads/main refs/remotes/main [6ms]
[2022-03-18T06:25:45.823Z] > git for-each-ref --sort -committerdate --format %(refname) %(objectname) %(*objectname) [18ms]
[2022-03-18T06:25:45.824Z] > git remote --verbose [4ms]
[2022-03-18T06:25:45.853Z] > git config --get commit.template [6ms]
[2022-03-18T06:25:51.056Z] > git symbolic-ref --short HEAD [4ms]
[2022-03-18T06:25:51.086Z] > git for-each-ref --format=%(refname)%00%(upstream:short)%00%(objectname)%00%(upstream:track) refs/heads/main refs/remotes/main [6ms]
[2022-03-18T06:25:51.313Z] > git for-each-ref --sort -committerdate --format %(refname) %(objectname) %(*objectname) [208ms]
[2022-03-18T06:25:51.320Z] > git remote --verbose [200ms]
[2022-03-18T06:25:51.348Z] > git config --get commit.template [7ms]
[2022-03-18T06:25:56.607Z] > git symbolic-ref --short HEAD [3ms]
[2022-03-18T06:25:56.629Z] > git for-each-ref --format=%(refname)%00%(upstream:short)%00%(objectname)%00%(upstream:track) refs/heads/main refs/remotes/main [6ms]
[2022-03-18T06:25:56.664Z] > git for-each-ref --sort -committerdate --format %(refname) %(objectname) %(*objectname) [19ms]
[2022-03-18T06:25:56.665Z] > git remote --verbose [4ms]
[2022-03-18T06:25:56.690Z] > git config --get commit.template [4ms]
[2022-03-18T06:26:01.959Z] > git symbolic-ref --short HEAD [11ms]
[2022-03-18T06:26:01.987Z] > git for-each-ref --format=%(refname)%00%(upstream:short)%00%(objectname)%00%(upstream:track) refs/heads/main refs/remotes/main [10ms]
[2022-03-18T06:26:02.023Z] > git for-each-ref --sort -committerdate --format %(refname) %(objectname) %(*objectname) [20ms]
[2022-03-18T06:26:02.024Z] > git remote --verbose [5ms]
[2022-03-18T06:26:02.051Z] > git config --get commit.template [5ms]
[2022-03-18T06:26:07.297Z] > git symbolic-ref --short HEAD [9ms]
[2022-03-18T06:26:07.340Z] > git for-each-ref --format=%(refname)%00%(upstream:short)%00%(objectname)%00%(upstream:track) refs/heads/main refs/remotes/main [19ms]
[2022-03-18T06:26:07.383Z] > git for-each-ref --sort -committerdate --format %(refname) %(objectname) %(*objectname) [23ms]
[2022-03-18T06:26:07.387Z] > git remote --verbose [7ms]
[2022-03-18T06:26:07.423Z] > git config --get commit.template [11ms]
[2022-03-18T06:26:12.710Z] > git symbolic-ref --short HEAD [3ms]
[2022-03-18T06:26:12.732Z] > git for-each-ref --format=%(refname)%00%(upstream:short)%00%(objectname)%00%(upstream:track) refs/heads/main refs/remotes/main [6ms]
[2022-03-18T06:26:12.767Z] > git for-each-ref --sort -committerdate --format %(refname) %(objectname) %(*objectname) [19ms]
[2022-03-18T06:26:12.768Z] > git remote --verbose [3ms]
[2022-03-18T06:26:12.792Z] > git config --get commit.template [3ms]
[2022-03-18T06:27:08.160Z] > git symbolic-ref --short HEAD [5ms]
[2022-03-18T06:27:08.180Z] > git for-each-ref --format=%(refname)%00%(upstream:short)%00%(objectname)%00%(upstream:track) refs/heads/main refs/remotes/main [6ms]
[2022-03-18T06:27:08.212Z] > git for-each-ref --sort -committerdate --format %(refname) %(objectname) %(*objectname) [17ms]
[2022-03-18T06:27:08.214Z] > git remote --verbose [4ms]
[2022-03-18T06:27:08.237Z] > git config --get commit.template [3ms]
[2022-03-18T06:28:12.061Z] > git symbolic-ref --short HEAD [4ms]
[2022-03-18T06:28:12.082Z] > git for-each-ref --format=%(refname)%00%(upstream:short)%00%(objectname)%00%(upstream:track) refs/heads/main refs/remotes/main [6ms]
[2022-03-18T06:28:12.114Z] > git for-each-ref --sort -committerdate --format %(refname) %(objectname) %(*objectname) [17ms]
[2022-03-18T06:28:12.116Z] > git remote --verbose [4ms]
[2022-03-18T06:28:12.138Z] > git config --get commit.template [3ms]
[2022-03-18T06:28:16.829Z] > git fetch [784ms]
[2022-03-18T06:28:17.071Z] > git symbolic-ref --short HEAD [4ms]
[2022-03-18T06:28:17.092Z] > git for-each-ref --format=%(refname)%00%(upstream:short)%00%(objectname)%00%(upstream:track) refs/heads/main refs/remotes/main [6ms]
[2022-03-18T06:28:17.124Z] > git for-each-ref --sort -committerdate --format %(refname) %(objectname) %(*objectname) [18ms]
[2022-03-18T06:28:17.125Z] > git remote --verbose [4ms]
[2022-03-18T06:28:17.148Z] > git config --get commit.template [3ms]
[2022-03-18T06:28:17.345Z] > git symbolic-ref --short HEAD [3ms]
[2022-03-18T06:28:17.366Z] > git for-each-ref --format=%(refname)%00%(upstream:short)%00%(objectname)%00%(upstream:track) refs/heads/main refs/remotes/main [6ms]
[2022-03-18T06:28:17.398Z] > git for-each-ref --sort -committerdate --format %(refname) %(objectname) %(*objectname) [18ms]
[2022-03-18T06:28:17.399Z] > git remote --verbose [4ms]
[2022-03-18T06:28:17.422Z] > git config --get commit.template [3ms]
[2022-03-18T06:28:18.106Z] > git ls-files --stage -- /home/pi/workspace/ex08.py [41ms]
[2022-03-18T06:28:18.120Z] > git ls-files --stage -- /home/pi/workspace/Opencv/detect/haardetect.py [16ms]
[2022-03-18T06:28:26.848Z] > git symbolic-ref --short HEAD [4ms]
[2022-03-18T06:28:26.869Z] > git for-each-ref --format=%(refname)%00%(upstream:short)%00%(objectname)%00%(upstream:track) refs/heads/main refs/remotes/main [6ms]
[2022-03-18T06:28:26.903Z] > git for-each-ref --sort -committerdate --format %(refname) %(objectname) %(*objectname) [18ms]
[2022-03-18T06:28:26.904Z] > git remote --verbose [4ms]
[2022-03-18T06:28:26.927Z] > git config --get commit.template [3ms]
[2022-03-18T06:28:32.181Z] > git symbolic-ref --short HEAD [4ms]
[2022-03-18T06:28:32.201Z] > git for-each-ref --format=%(refname)%00%(upstream:short)%00%(objectname)%00%(upstream:track) refs/heads/main refs/remotes/main [6ms]
[2022-03-18T06:28:32.234Z] > git for-each-ref --sort -committerdate --format %(refname) %(objectname) %(*objectname) [17ms]
[2022-03-18T06:28:32.235Z] > git remote --verbose [5ms]
[2022-03-18T06:28:32.259Z] > git config --get commit.template [3ms]
[2022-03-18T06:28:37.535Z] > git symbolic-ref --short HEAD [6ms]
[2022-03-18T06:28:37.558Z] > git for-each-ref --format=%(refname)%00%(upstream:short)%00%(objectname)%00%(upstream:track) refs/heads/main refs/remotes/main [7ms]
[2022-03-18T06:28:37.596Z] > git for-each-ref --sort -committerdate --format %(refname) %(objectname) %(*objectname) [21ms]
[2022-03-18T06:28:37.598Z] > git remote --verbose [7ms]
[2022-03-18T06:28:37.625Z] > git config --get commit.template [5ms]
[2022-03-18T06:28:42.874Z] > git symbolic-ref --short HEAD [3ms]
[2022-03-18T06:28:42.895Z] > git for-each-ref --format=%(refname)%00%(upstream:short)%00%(objectname)%00%(upstream:track) refs/heads/main refs/remotes/main [6ms]
[2022-03-18T06:28:42.927Z] > git for-each-ref --sort -committerdate --format %(refname) %(objectname) %(*objectname) [17ms]
[2022-03-18T06:28:42.929Z] > git remote --verbose [4ms]
[2022-03-18T06:28:42.956Z] > git config --get commit.template [3ms]
[2022-03-18T06:28:46.604Z] > git ls-files --stage -- /home/pi/workspace/Opencv/cam.py [19ms]
[2022-03-18T06:28:48.220Z] > git symbolic-ref --short HEAD [4ms]
[2022-03-18T06:28:48.241Z] > git for-each-ref --format=%(refname)%00%(upstream:short)%00%(objectname)%00%(upstream:track) refs/heads/main refs/remotes/main [6ms]
[2022-03-18T06:28:48.273Z] > git for-each-ref --sort -committerdate --format %(refname) %(objectname) %(*objectname) [18ms]
[2022-03-18T06:28:48.274Z] > git remote --verbose [4ms]
[2022-03-18T06:28:48.302Z] > git config --get commit.template [6ms]
[2022-03-18T06:28:53.566Z] > git symbolic-ref --short HEAD [7ms]
[2022-03-18T06:28:53.588Z] > git for-each-ref --format=%(refname)%00%(upstream:short)%00%(objectname)%00%(upstream:track) refs/heads/main refs/remotes/main [7ms]
[2022-03-18T06:28:53.620Z] > git for-each-ref --sort -committerdate --format %(refname) %(objectname) %(*objectname) [18ms]
[2022-03-18T06:28:53.621Z] > git remote --verbose [4ms]
[2022-03-18T06:28:53.644Z] > git config --get commit.template [3ms]
[2022-03-18T06:28:58.902Z] > git symbolic-ref --short HEAD [3ms]
[2022-03-18T06:28:58.923Z] > git for-each-ref --format=%(refname)%00%(upstream:short)%00%(objectname)%00%(upstream:track) refs/heads/main refs/remotes/main [6ms]
[2022-03-18T06:28:58.955Z] > git for-each-ref --sort -committerdate --format %(refname) %(objectname) %(*objectname) [17ms]
[2022-03-18T06:28:58.956Z] > git remote --verbose [3ms]
[2022-03-18T06:28:58.982Z] > git config --get commit.template [5ms]
[2022-03-18T06:29:03.473Z] > git ls-files --stage -- /home/pi/python_malib/cam.py [16ms]
[2022-03-18T06:29:04.231Z] > git symbolic-ref --short HEAD [3ms]
[2022-03-18T06:29:04.258Z] > git for-each-ref --format=%(refname)%00%(upstream:short)%00%(objectname)%00%(upstream:track) refs/heads/main refs/remotes/main [8ms]
[2022-03-18T06:29:04.294Z] > git for-each-ref --sort -committerdate --format %(refname) %(objectname) %(*objectname) [20ms]
[2022-03-18T06:29:04.299Z] > git remote --verbose [7ms]
[2022-03-18T06:29:04.323Z] > git config --get commit.template [3ms]
[2022-03-18T06:29:09.559Z] > git symbolic-ref --short HEAD [4ms]
[2022-03-18T06:29:09.581Z] > git for-each-ref --format=%(refname)%00%(upstream:short)%00%(objectname)%00%(upstream:track) refs/heads/main refs/remotes/main [7ms]
[2022-03-18T06:29:09.613Z] > git for-each-ref --sort -committerdate --format %(refname) %(objectname) %(*objectname) [17ms]
[2022-03-18T06:29:09.614Z] > git remote --verbose [3ms]
[2022-03-18T06:29:09.637Z] > git config --get commit.template [3ms]
[2022-03-18T06:29:12.363Z] > git ls-files --stage -- /home/pi/python_malib/haardetect.py [84ms]
[2022-03-18T06:29:38.564Z] > git symbolic-ref --short HEAD [4ms]
[2022-03-18T06:29:38.585Z] > git for-each-ref --format=%(refname)%00%(upstream:short)%00%(objectname)%00%(upstream:track) refs/heads/main refs/remotes/main [5ms]
[2022-03-18T06:29:38.617Z] > git for-each-ref --sort -committerdate --format %(refname) %(objectname) %(*objectname) [18ms]
[2022-03-18T06:29:38.618Z] > git remote --verbose [4ms]
[2022-03-18T06:29:38.643Z] > git config --get commit.template [3ms]
[2022-03-18T06:29:43.901Z] > git symbolic-ref --short HEAD [3ms]
[2022-03-18T06:29:43.922Z] > git for-each-ref --format=%(refname)%00%(upstream:short)%00%(objectname)%00%(upstream:track) refs/heads/main refs/remotes/main [6ms]
[2022-03-18T06:29:43.954Z] > git for-each-ref --sort -committerdate --format %(refname) %(objectname) %(*objectname) [18ms]
[2022-03-18T06:29:43.956Z] > git remote --verbose [4ms]
[2022-03-18T06:29:43.981Z] > git config --get commit.template [4ms]
[2022-03-18T06:29:49.245Z] > git symbolic-ref --short HEAD [3ms]
[2022-03-18T06:29:49.267Z] > git for-each-ref --format=%(refname)%00%(upstream:short)%00%(objectname)%00%(upstream:track) refs/heads/main refs/remotes/main [6ms]
[2022-03-18T06:29:49.299Z] > git for-each-ref --sort -committerdate --format %(refname) %(objectname) %(*objectname) [17ms]
[2022-03-18T06:29:49.301Z] > git remote --verbose [4ms]
[2022-03-18T06:29:49.324Z] > git config --get commit.template [3ms]
[2022-03-18T06:29:54.590Z] > git symbolic-ref --short HEAD [3ms]
[2022-03-18T06:29:54.611Z] > git for-each-ref --format=%(refname)%00%(upstream:short)%00%(objectname)%00%(upstream:track) refs/heads/main refs/remotes/main [6ms]
[2022-03-18T06:29:54.645Z] > git for-each-ref --sort -committerdate --format %(refname) %(objectname) %(*objectname) [19ms]
[2022-03-18T06:29:54.646Z] > git remote --verbose [4ms]
[2022-03-18T06:29:54.669Z] > git config --get commit.template [3ms]
[2022-03-18T06:29:59.891Z] > git symbolic-ref --short HEAD [4ms]
[2022-03-18T06:29:59.912Z] > git for-each-ref --format=%(refname)%00%(upstream:short)%00%(objectname)%00%(upstream:track) refs/heads/main refs/remotes/main [6ms]
[2022-03-18T06:29:59.945Z] > git for-each-ref --sort -committerdate --format %(refname) %(objectname) %(*objectname) [18ms]
[2022-03-18T06:29:59.946Z] > git remote --verbose [4ms]
[2022-03-18T06:29:59.968Z] > git config --get commit.template [3ms]
[2022-03-18T06:30:05.217Z] > git symbolic-ref --short HEAD [3ms]
[2022-03-18T06:30:05.240Z] > git for-each-ref --format=%(refname)%00%(upstream:short)%00%(objectname)%00%(upstream:track) refs/heads/main refs/remotes/main [6ms]
[2022-03-18T06:30:05.275Z] > git remote --verbose [5ms]
[2022-03-18T06:30:05.275Z] > git for-each-ref --sort -committerdate --format %(refname) %(objectname) %(*objectname) [20ms]
[2022-03-18T06:30:05.298Z] > git config --get commit.template [3ms]
[2022-03-18T06:30:10.548Z] > git symbolic-ref --short HEAD [4ms]
[2022-03-18T06:30:10.569Z] > git for-each-ref --format=%(refname)%00%(upstream:short)%00%(objectname)%00%(upstream:track) refs/heads/main refs/remotes/main [6ms]
[2022-03-18T06:30:10.601Z] > git for-each-ref --sort -committerdate --format %(refname) %(objectname) %(*objectname) [18ms]
[2022-03-18T06:30:10.602Z] > git remote --verbose [3ms]
[2022-03-18T06:30:10.625Z] > git config --get commit.template [3ms]
[2022-03-18T06:30:15.884Z] > git symbolic-ref --short HEAD [3ms]
[2022-03-18T06:30:15.905Z] > git for-each-ref --format=%(refname)%00%(upstream:short)%00%(objectname)%00%(upstream:track) refs/heads/main refs/remotes/main [6ms]
[2022-03-18T06:30:15.937Z] > git for-each-ref --sort -committerdate --format %(refname) %(objectname) %(*objectname) [17ms]
[2022-03-18T06:30:15.939Z] > git remote --verbose [4ms]
[2022-03-18T06:30:15.963Z] > git config --get commit.template [3ms]
[2022-03-18T06:30:21.219Z] > git symbolic-ref --short HEAD [3ms]
[2022-03-18T06:30:21.240Z] > git for-each-ref --format=%(refname)%00%(upstream:short)%00%(objectname)%00%(upstream:track) refs/heads/main refs/remotes/main [6ms]
[2022-03-18T06:30:21.276Z] > git for-each-ref --sort -committerdate --format %(refname) %(objectname) %(*objectname) [21ms]
[2022-03-18T06:30:21.277Z] > git remote --verbose [4ms]
[2022-03-18T06:30:21.299Z] > git config --get commit.template [3ms]
[2022-03-18T06:33:36.321Z] > git symbolic-ref --short HEAD [3ms]
[2022-03-18T06:33:36.342Z] > git for-each-ref --format=%(refname)%00%(upstream:short)%00%(objectname)%00%(upstream:track) refs/heads/main refs/remotes/main [6ms]
[2022-03-18T06:33:36.375Z] > git for-each-ref --sort -committerdate --format %(refname) %(objectname) %(*objectname) [18ms]
[2022-03-18T06:33:36.378Z] > git remote --verbose [6ms]
[2022-03-18T06:33:36.401Z] > git config --get commit.template [3ms]
[2022-03-18T06:33:36.773Z] > git fetch [707ms]
[2022-03-18T06:33:37.007Z] > git symbolic-ref --short HEAD [3ms]
[2022-03-18T06:33:37.028Z] > git for-each-ref --format=%(refname)%00%(upstream:short)%00%(objectname)%00%(upstream:track) refs/heads/main refs/remotes/main [6ms]
[2022-03-18T06:33:37.060Z] > git for-each-ref --sort -committerdate --format %(refname) %(objectname) %(*objectname) [17ms]
[2022-03-18T06:33:37.062Z] > git remote --verbose [4ms]
[2022-03-18T06:33:37.086Z] > git config --get commit.template [4ms]
[2022-03-18T06:33:38.035Z] > git ls-files --stage -- /home/pi/workspace/Opencv/detect/haardetect.py [38ms]
[2022-03-18T06:33:38.056Z] > git ls-files --stage -- /home/pi/python_malib/haardetect.py [24ms]
[2022-03-18T06:33:41.667Z] > git symbolic-ref --short HEAD [3ms]
[2022-03-18T06:33:41.690Z] > git for-each-ref --format=%(refname)%00%(upstream:short)%00%(objectname)%00%(upstream:track) refs/heads/main refs/remotes/main [6ms]
[2022-03-18T06:33:41.723Z] > git for-each-ref --sort -committerdate --format %(refname) %(objectname) %(*objectname) [18ms]
[2022-03-18T06:33:41.725Z] > git remote --verbose [5ms]
[2022-03-18T06:33:41.749Z] > git config --get commit.template [3ms]
[2022-03-18T06:33:47.027Z] > git symbolic-ref --short HEAD [4ms]
[2022-03-18T06:33:47.048Z] > git for-each-ref --format=%(refname)%00%(upstream:short)%00%(objectname)%00%(upstream:track) refs/heads/main refs/remotes/main [6ms]
[2022-03-18T06:33:47.081Z] > git for-each-ref --sort -committerdate --format %(refname) %(objectname) %(*objectname) [18ms]
[2022-03-18T06:33:47.082Z] > git remote --verbose [4ms]
[2022-03-18T06:33:47.105Z] > git config --get commit.template [3ms]
[2022-03-18T06:33:52.355Z] > git symbolic-ref --short HEAD [3ms]
[2022-03-18T06:33:52.376Z] > git for-each-ref --format=%(refname)%00%(upstream:short)%00%(objectname)%00%(upstream:track) refs/heads/main refs/remotes/main [6ms]
[2022-03-18T06:33:52.408Z] > git for-each-ref --sort -committerdate --format %(refname) %(objectname) %(*objectname) [17ms]
[2022-03-18T06:33:52.410Z] > git remote --verbose [4ms]
[2022-03-18T06:33:52.434Z] > git config --get commit.template [3ms]
[2022-03-18T06:33:57.699Z] > git symbolic-ref --short HEAD [3ms]
[2022-03-18T06:33:57.721Z] > git for-each-ref --format=%(refname)%00%(upstream:short)%00%(objectname)%00%(upstream:track) refs/heads/main refs/remotes/main [6ms]
[2022-03-18T06:33:57.755Z] > git for-each-ref --sort -committerdate --format %(refname) %(objectname) %(*objectname) [17ms]
[2022-03-18T06:33:57.756Z] > git remote --verbose [3ms]
[2022-03-18T06:33:57.779Z] > git config --get commit.template [3ms]
[2022-03-18T06:34:03.020Z] > git symbolic-ref --short HEAD [4ms]
[2022-03-18T06:34:03.041Z] > git for-each-ref --format=%(refname)%00%(upstream:short)%00%(objectname)%00%(upstream:track) refs/heads/main refs/remotes/main [6ms]
[2022-03-18T06:34:03.074Z] > git for-each-ref --sort -committerdate --format %(refname) %(objectname) %(*objectname) [18ms]
[2022-03-18T06:34:03.075Z] > git remote --verbose [4ms]
[2022-03-18T06:34:03.098Z] > git config --get commit.template [3ms]
[2022-03-18T06:34:08.364Z] > git symbolic-ref --short HEAD [3ms]
[2022-03-18T06:34:08.385Z] > git for-each-ref --format=%(refname)%00%(upstream:short)%00%(objectname)%00%(upstream:track) refs/heads/main refs/remotes/main [5ms]
[2022-03-18T06:34:08.419Z] > git for-each-ref --sort -committerdate --format %(refname) %(objectname) %(*objectname) [19ms]
[2022-03-18T06:34:08.420Z] > git remote --verbose [3ms]
[2022-03-18T06:34:08.443Z] > git config --get commit.template [3ms]
[2022-03-18T06:34:13.687Z] > git symbolic-ref --short HEAD [3ms]
[2022-03-18T06:34:13.710Z] > git for-each-ref --format=%(refname)%00%(upstream:short)%00%(objectname)%00%(upstream:track) refs/heads/main refs/remotes/main [6ms]
[2022-03-18T06:34:13.743Z] > git for-each-ref --sort -committerdate --format %(refname) %(objectname) %(*objectname) [17ms]
[2022-03-18T06:34:13.744Z] > git remote --verbose [4ms]
[2022-03-18T06:34:13.766Z] > git config --get commit.template [3ms]
[2022-03-18T06:34:44.735Z] > git symbolic-ref --short HEAD [4ms]
[2022-03-18T06:34:44.762Z] > git for-each-ref --format=%(refname)%00%(upstream:short)%00%(objectname)%00%(upstream:track) refs/heads/main refs/remotes/main [12ms]
[2022-03-18T06:34:44.796Z] > git for-each-ref --sort -committerdate --format %(refname) %(objectname) %(*objectname) [18ms]
[2022-03-18T06:34:44.798Z] > git remote --verbose [5ms]
[2022-03-18T06:34:44.821Z] > git config --get commit.template [4ms]
[2022-03-18T06:34:45.358Z] > git ls-files --stage -- /home/pi/.bashrc [36ms]
[2022-03-18T06:34:45.392Z] > git cat-file -s d7159926f8dcf62af5d762b9775c62b99bd85c1a [6ms]
[2022-03-18T06:34:50.089Z] > git symbolic-ref --short HEAD [4ms]
[2022-03-18T06:34:50.110Z] > git for-each-ref --format=%(refname)%00%(upstream:short)%00%(objectname)%00%(upstream:track) refs/heads/main refs/remotes/main [6ms]
[2022-03-18T06:34:50.143Z] > git for-each-ref --sort -committerdate --format %(refname) %(objectname) %(*objectname) [18ms]
[2022-03-18T06:34:50.144Z] > git remote --verbose [4ms]
[2022-03-18T06:34:50.167Z] > git config --get commit.template [3ms]
[2022-03-18T06:34:55.422Z] > git symbolic-ref --short HEAD [4ms]
[2022-03-18T06:34:55.443Z] > git for-each-ref --format=%(refname)%00%(upstream:short)%00%(objectname)%00%(upstream:track) refs/heads/main refs/remotes/main [6ms]
[2022-03-18T06:34:55.475Z] > git for-each-ref --sort -committerdate --format %(refname) %(objectname) %(*objectname) [17ms]
[2022-03-18T06:34:55.476Z] > git remote --verbose [3ms]
[2022-03-18T06:34:55.499Z] > git config --get commit.template [3ms]
[2022-03-18T06:35:00.742Z] > git symbolic-ref --short HEAD [3ms]
[2022-03-18T06:35:00.763Z] > git for-each-ref --format=%(refname)%00%(upstream:short)%00%(objectname)%00%(upstream:track) refs/heads/main refs/remotes/main [6ms]
[2022-03-18T06:35:00.796Z] > git for-each-ref --sort -committerdate --format %(refname) %(objectname) %(*objectname) [18ms]
[2022-03-18T06:35:00.798Z] > git remote --verbose [3ms]
[2022-03-18T06:35:00.822Z] > git config --get commit.template [3ms]
[2022-03-18T06:35:06.087Z] > git symbolic-ref --short HEAD [4ms]
[2022-03-18T06:35:06.109Z] > git for-each-ref --format=%(refname)%00%(upstream:short)%00%(objectname)%00%(upstream:track) refs/heads/main refs/remotes/main [7ms]
[2022-03-18T06:35:06.142Z] > git for-each-ref --sort -committerdate --format %(refname) %(objectname) %(*objectname) [18ms]
[2022-03-18T06:35:06.143Z] > git remote --verbose [4ms]
[2022-03-18T06:35:06.166Z] > git config --get commit.template [3ms]
[2022-03-18T06:35:11.432Z] > git symbolic-ref --short HEAD [4ms]
[2022-03-18T06:35:11.453Z] > git for-each-ref --format=%(refname)%00%(upstream:short)%00%(objectname)%00%(upstream:track) refs/heads/main refs/remotes/main [6ms]
[2022-03-18T06:35:11.486Z] > git for-each-ref --sort -committerdate --format %(refname) %(objectname) %(*objectname) [18ms]
[2022-03-18T06:35:11.487Z] > git remote --verbose [3ms]
[2022-03-18T06:35:11.510Z] > git config --get commit.template [3ms]
[2022-03-18T06:35:16.776Z] > git symbolic-ref --short HEAD [3ms]
[2022-03-18T06:35:16.798Z] > git for-each-ref --format=%(refname)%00%(upstream:short)%00%(objectname)%00%(upstream:track) refs/heads/main refs/remotes/main [6ms]
[2022-03-18T06:35:16.831Z] > git for-each-ref --sort -committerdate --format %(refname) %(objectname) %(*objectname) [18ms]
[2022-03-18T06:35:16.832Z] > git remote --verbose [4ms]
[2022-03-18T06:35:16.855Z] > git config --get commit.template [3ms]
[2022-03-18T06:35:22.097Z] > git symbolic-ref --short HEAD [3ms]
[2022-03-18T06:35:22.119Z] > git for-each-ref --format=%(refname)%00%(upstream:short)%00%(objectname)%00%(upstream:track) refs/heads/main refs/remotes/main [6ms]
[2022-03-18T06:35:22.152Z] > git for-each-ref --sort -committerdate --format %(refname) %(objectname) %(*objectname) [18ms]
[2022-03-18T06:35:22.153Z] > git remote --verbose [4ms]
[2022-03-18T06:35:22.176Z] > git config --get commit.template [4ms]
[2022-03-18T06:35:27.417Z] > git symbolic-ref --short HEAD [4ms]
[2022-03-18T06:35:27.438Z] > git for-each-ref --format=%(refname)%00%(upstream:short)%00%(objectname)%00%(upstream:track) refs/heads/main refs/remotes/main [6ms]
[2022-03-18T06:35:27.471Z] > git for-each-ref --sort -committerdate --format %(refname) %(objectname) %(*objectname) [18ms]
[2022-03-18T06:35:27.472Z] > git remote --verbose [3ms]
[2022-03-18T06:35:27.494Z] > git config --get commit.template [3ms]
[2022-03-18T06:35:32.759Z] > git symbolic-ref --short HEAD [3ms]
[2022-03-18T06:35:32.781Z] > git for-each-ref --format=%(refname)%00%(upstream:short)%00%(objectname)%00%(upstream:track) refs/heads/main refs/remotes/main [7ms]
[2022-03-18T06:35:32.814Z] > git for-each-ref --sort -committerdate --format %(refname) %(objectname) %(*objectname) [18ms]
[2022-03-18T06:35:32.815Z] > git remote --verbose [3ms]
[2022-03-18T06:35:32.839Z] > git config --get commit.template [4ms]
[2022-03-18T06:35:38.110Z] > git symbolic-ref --short HEAD [5ms]
[2022-03-18T06:35:38.132Z] > git for-each-ref --format=%(refname)%00%(upstream:short)%00%(objectname)%00%(upstream:track) refs/heads/main refs/remotes/main [6ms]
[2022-03-18T06:35:38.165Z] > git for-each-ref --sort -committerdate --format %(refname) %(objectname) %(*objectname) [18ms]
[2022-03-18T06:35:38.166Z] > git remote --verbose [4ms]
[2022-03-18T06:35:38.189Z] > git config --get commit.template [3ms]
[2022-03-18T06:35:43.382Z] > git symbolic-ref --short HEAD [4ms]
[2022-03-18T06:35:43.403Z] > git for-each-ref --format=%(refname)%00%(upstream:short)%00%(objectname)%00%(upstream:track) refs/heads/main refs/remotes/main [6ms]
[2022-03-18T06:35:43.437Z] > git for-each-ref --sort -committerdate --format %(refname) %(objectname) %(*objectname) [19ms]
[2022-03-18T06:35:43.438Z] > git remote --verbose [3ms]
[2022-03-18T06:35:43.461Z] > git config --get commit.template [3ms]
[2022-03-18T06:36:14.919Z] > git symbolic-ref --short HEAD [3ms]
[2022-03-18T06:36:14.941Z] > git for-each-ref --format=%(refname)%00%(upstream:short)%00%(objectname)%00%(upstream:track) refs/heads/main refs/remotes/main [5ms]
[2022-03-18T06:36:14.974Z] > git for-each-ref --sort -committerdate --format %(refname) %(objectname) %(*objectname) [18ms]
[2022-03-18T06:36:14.975Z] > git remote --verbose [4ms]
[2022-03-18T06:36:14.998Z] > git config --get commit.template [3ms]
[2022-03-18T06:36:20.251Z] > git symbolic-ref --short HEAD [4ms]
[2022-03-18T06:36:20.273Z] > git for-each-ref --format=%(refname)%00%(upstream:short)%00%(objectname)%00%(upstream:track) refs/heads/main refs/remotes/main [6ms]
[2022-03-18T06:36:20.306Z] > git for-each-ref --sort -committerdate --format %(refname) %(objectname) %(*objectname) [18ms]
[2022-03-18T06:36:20.307Z] > git remote --verbose [4ms]
[2022-03-18T06:36:20.331Z] > git config --get commit.template [4ms]
[2022-03-18T06:36:25.583Z] > git symbolic-ref --short HEAD [3ms]
[2022-03-18T06:36:25.605Z] > git for-each-ref --format=%(refname)%00%(upstream:short)%00%(objectname)%00%(upstream:track) refs/heads/main refs/remotes/main [7ms]
[2022-03-18T06:36:25.638Z] > git for-each-ref --sort -committerdate --format %(refname) %(objectname) %(*objectname) [18ms]
[2022-03-18T06:36:25.639Z] > git remote --verbose [3ms]
[2022-03-18T06:36:25.663Z] > git config --get commit.template [4ms]
[2022-03-18T06:36:30.856Z] > git symbolic-ref --short HEAD [3ms]
[2022-03-18T06:36:30.879Z] > git for-each-ref --format=%(refname)%00%(upstream:short)%00%(objectname)%00%(upstream:track) refs/heads/main refs/remotes/main [6ms]
[2022-03-18T06:36:30.913Z] > git for-each-ref --sort -committerdate --format %(refname) %(objectname) %(*objectname) [19ms]
[2022-03-18T06:36:30.914Z] > git remote --verbose [4ms]
[2022-03-18T06:36:30.938Z] > git config --get commit.template [3ms]
[2022-03-18T06:36:36.192Z] > git symbolic-ref --short HEAD [4ms]
[2022-03-18T06:36:36.213Z] > git for-each-ref --format=%(refname)%00%(upstream:short)%00%(objectname)%00%(upstream:track) refs/heads/main refs/remotes/main [6ms]
[2022-03-18T06:36:36.248Z] > git for-each-ref --sort -committerdate --format %(refname) %(objectname) %(*objectname) [19ms]
[2022-03-18T06:36:36.249Z] > git remote --verbose [4ms]
[2022-03-18T06:36:36.274Z] > git config --get commit.template [3ms]
[2022-03-18T06:36:38.438Z] > git ls-files --stage -- /home/pi/workspace/Opencv/detect/haardetect.py [40ms]
[2022-03-18T06:36:38.477Z] > git ls-files --stage -- /home/pi/.bashrc [44ms]
[2022-03-18T06:36:38.506Z] > git cat-file -s d7159926f8dcf62af5d762b9775c62b99bd85c1a [6ms]
[2022-03-18T06:36:39.163Z] > git fetch [2036ms]
[2022-03-18T06:36:39.359Z] > git symbolic-ref --short HEAD [6ms]
[2022-03-18T06:36:39.395Z] > git for-each-ref --format=%(refname)%00%(upstream:short)%00%(objectname)%00%(upstream:track) refs/heads/main refs/remotes/main [10ms]
[2022-03-18T06:36:39.447Z] > git for-each-ref --sort -committerdate --format %(refname) %(objectname) %(*objectname) [26ms]
[2022-03-18T06:36:39.449Z] > git remote --verbose [6ms]
[2022-03-18T06:36:39.474Z] > git config --get commit.template [4ms]
[2022-03-18T06:36:40.436Z] > git ls-files --stage -- /home/pi/workspace/Opencv/detect/haardetect.py [47ms]
[2022-03-18T06:36:40.473Z] > git ls-files --stage -- /home/pi/.bashrc [41ms]
[2022-03-18T06:36:40.494Z] > git cat-file -s d7159926f8dcf62af5d762b9775c62b99bd85c1a [4ms]
[2022-03-18T06:36:41.512Z] > git symbolic-ref --short HEAD [5ms]
[2022-03-18T06:36:41.534Z] > git for-each-ref --format=%(refname)%00%(upstream:short)%00%(objectname)%00%(upstream:track) refs/heads/main refs/remotes/main [6ms]
[2022-03-18T06:36:41.568Z] > git for-each-ref --sort -committerdate --format %(refname) %(objectname) %(*objectname) [18ms]
[2022-03-18T06:36:41.569Z] > git remote --verbose [4ms]
[2022-03-18T06:36:41.592Z] > git config --get commit.template [3ms]
[2022-03-18T06:36:46.835Z] > git symbolic-ref --short HEAD [3ms]
[2022-03-18T06:36:46.857Z] > git for-each-ref --format=%(refname)%00%(upstream:short)%00%(objectname)%00%(upstream:track) refs/heads/main refs/remotes/main [6ms]
[2022-03-18T06:36:46.891Z] > git for-each-ref --sort -committerdate --format %(refname) %(objectname) %(*objectname) [18ms]
[2022-03-18T06:36:46.892Z] > git remote --verbose [4ms]
[2022-03-18T06:36:46.915Z] > git config --get commit.template [3ms]
[2022-03-18T06:36:52.187Z] > git symbolic-ref --short HEAD [3ms]
[2022-03-18T06:36:52.209Z] > git for-each-ref --format=%(refname)%00%(upstream:short)%00%(objectname)%00%(upstream:track) refs/heads/main refs/remotes/main [6ms]
[2022-03-18T06:36:52.246Z] > git for-each-ref --sort -committerdate --format %(refname) %(objectname) %(*objectname) [21ms]
[2022-03-18T06:36:52.247Z] > git remote --verbose [3ms]
[2022-03-18T06:36:52.287Z] > git config --get commit.template [11ms]
[2022-03-18T06:36:57.554Z] > git symbolic-ref --short HEAD [3ms]
[2022-03-18T06:36:57.578Z] > git for-each-ref --format=%(refname)%00%(upstream:short)%00%(objectname)%00%(upstream:track) refs/heads/main refs/remotes/main [6ms]
[2022-03-18T06:36:57.612Z] > git for-each-ref --sort -committerdate --format %(refname) %(objectname) %(*objectname) [18ms]
[2022-03-18T06:36:57.616Z] > git remote --verbose [6ms]
[2022-03-18T06:36:57.650Z] > git config --get commit.template [5ms]
[2022-03-18T06:37:02.913Z] > git symbolic-ref --short HEAD [4ms]
[2022-03-18T06:37:02.935Z] > git for-each-ref --format=%(refname)%00%(upstream:short)%00%(objectname)%00%(upstream:track) refs/heads/main refs/remotes/main [6ms]
[2022-03-18T06:37:02.968Z] > git for-each-ref --sort -committerdate --format %(refname) %(objectname) %(*objectname) [18ms]
[2022-03-18T06:37:02.970Z] > git remote --verbose [4ms]
[2022-03-18T06:37:02.993Z] > git config --get commit.template [3ms]
[2022-03-18T06:37:08.259Z] > git symbolic-ref --short HEAD [3ms]
[2022-03-18T06:37:08.283Z] > git for-each-ref --format=%(refname)%00%(upstream:short)%00%(objectname)%00%(upstream:track) refs/heads/main refs/remotes/main [6ms]
[2022-03-18T06:37:08.319Z] > git for-each-ref --sort -committerdate --format %(refname) %(objectname) %(*objectname) [18ms]
[2022-03-18T06:37:08.320Z] > git remote --verbose [4ms]
[2022-03-18T06:37:08.344Z] > git config --get commit.template [4ms]
[2022-03-18T06:37:13.574Z] > git symbolic-ref --short HEAD [4ms]
[2022-03-18T06:37:13.596Z] > git for-each-ref --format=%(refname)%00%(upstream:short)%00%(objectname)%00%(upstream:track) refs/heads/main refs/remotes/main [7ms]
[2022-03-18T06:37:13.629Z] > git for-each-ref --sort -committerdate --format %(refname) %(objectname) %(*objectname) [18ms]
[2022-03-18T06:37:13.630Z] > git remote --verbose [3ms]
[2022-03-18T06:37:13.653Z] > git config --get commit.template [3ms]
[2022-03-18T06:37:18.898Z] > git symbolic-ref --short HEAD [3ms]
[2022-03-18T06:37:18.920Z] > git for-each-ref --format=%(refname)%00%(upstream:short)%00%(objectname)%00%(upstream:track) refs/heads/main refs/remotes/main [6ms]
[2022-03-18T06:37:18.956Z] > git for-each-ref --sort -committerdate --format %(refname) %(objectname) %(*objectname) [19ms]
[2022-03-18T06:37:18.957Z] > git remote --verbose [4ms]
[2022-03-18T06:37:18.980Z] > git config --get commit.template [3ms]
[2022-03-18T06:37:24.197Z] > git symbolic-ref --short HEAD [4ms]
[2022-03-18T06:37:24.237Z] > git for-each-ref --format=%(refname)%00%(upstream:short)%00%(objectname)%00%(upstream:track) refs/heads/main refs/remotes/main [7ms]
[2022-03-18T06:37:24.281Z] > git for-each-ref --sort -committerdate --format %(refname) %(objectname) %(*objectname) [24ms]
[2022-03-18T06:37:24.284Z] > git remote --verbose [6ms]
[2022-03-18T06:37:24.324Z] > git config --get commit.template [11ms]
[2022-03-18T06:37:29.595Z] > git symbolic-ref --short HEAD [3ms]
[2022-03-18T06:37:29.616Z] > git for-each-ref --format=%(refname)%00%(upstream:short)%00%(objectname)%00%(upstream:track) refs/heads/main refs/remotes/main [5ms]
[2022-03-18T06:37:29.650Z] > git for-each-ref --sort -committerdate --format %(refname) %(objectname) %(*objectname) [18ms]
[2022-03-18T06:37:29.651Z] > git remote --verbose [3ms]
[2022-03-18T06:37:29.676Z] > git config --get commit.template [3ms]
[2022-03-18T06:37:34.941Z] > git symbolic-ref --short HEAD [3ms]
[2022-03-18T06:37:34.963Z] > git for-each-ref --format=%(refname)%00%(upstream:short)%00%(objectname)%00%(upstream:track) refs/heads/main refs/remotes/main [6ms]
[2022-03-18T06:37:34.996Z] > git for-each-ref --sort -committerdate --format %(refname) %(objectname) %(*objectname) [18ms]
[2022-03-18T06:37:34.997Z] > git remote --verbose [3ms]
[2022-03-18T06:37:35.020Z] > git config --get commit.template [3ms]
[2022-03-18T06:37:40.293Z] > git symbolic-ref --short HEAD [4ms]
[2022-03-18T06:37:40.315Z] > git for-each-ref --format=%(refname)%00%(upstream:short)%00%(objectname)%00%(upstream:track) refs/heads/main refs/remotes/main [6ms]
[2022-03-18T06:37:40.350Z] > git for-each-ref --sort -committerdate --format %(refname) %(objectname) %(*objectname) [18ms]
[2022-03-18T06:37:40.352Z] > git remote --verbose [4ms]
[2022-03-18T06:37:40.378Z] > git config --get commit.template [3ms]
[2022-03-18T06:37:52.322Z] > git symbolic-ref --short HEAD [4ms]
[2022-03-18T06:37:52.344Z] > git for-each-ref --format=%(refname)%00%(upstream:short)%00%(objectname)%00%(upstream:track) refs/heads/main refs/remotes/main [6ms]
[2022-03-18T06:37:52.377Z] > git for-each-ref --sort -committerdate --format %(refname) %(objectname) %(*objectname) [18ms]
[2022-03-18T06:37:52.378Z] > git remote --verbose [3ms]
[2022-03-18T06:37:52.402Z] > git config --get commit.template [4ms]
[2022-03-18T06:37:57.642Z] > git symbolic-ref --short HEAD [3ms]
[2022-03-18T06:37:57.664Z] > git for-each-ref --format=%(refname)%00%(upstream:short)%00%(objectname)%00%(upstream:track) refs/heads/main refs/remotes/main [6ms]
[2022-03-18T06:37:57.697Z] > git for-each-ref --sort -committerdate --format %(refname) %(objectname) %(*objectname) [18ms]
[2022-03-18T06:37:57.698Z] > git remote --verbose [3ms]
[2022-03-18T06:37:57.721Z] > git config --get commit.template [3ms]
[2022-03-18T06:38:02.981Z] > git symbolic-ref --short HEAD [3ms]
[2022-03-18T06:38:03.002Z] > git for-each-ref --format=%(refname)%00%(upstream:short)%00%(objectname)%00%(upstream:track) refs/heads/main refs/remotes/main [5ms]
[2022-03-18T06:38:03.039Z] > git remote --verbose [5ms]
[2022-03-18T06:38:03.040Z] > git for-each-ref --sort -committerdate --format %(refname) %(objectname) %(*objectname) [21ms]
[2022-03-18T06:38:03.064Z] > git config --get commit.template [4ms]
[2022-03-18T06:38:08.321Z] > git symbolic-ref --short HEAD [3ms]
[2022-03-18T06:38:08.342Z] > git for-each-ref --format=%(refname)%00%(upstream:short)%00%(objectname)%00%(upstream:track) refs/heads/main refs/remotes/main [6ms]
[2022-03-18T06:38:08.379Z] > git for-each-ref --sort -committerdate --format %(refname) %(objectname) %(*objectname) [20ms]
[2022-03-18T06:38:08.380Z] > git remote --verbose [4ms]
[2022-03-18T06:38:08.403Z] > git config --get commit.template [3ms]
[2022-03-18T06:38:13.667Z] > git symbolic-ref --short HEAD [3ms]
[2022-03-18T06:38:13.692Z] > git for-each-ref --format=%(refname)%00%(upstream:short)%00%(objectname)%00%(upstream:track) refs/heads/main refs/remotes/main [9ms]
[2022-03-18T06:38:13.725Z] > git for-each-ref --sort -committerdate --format %(refname) %(objectname) %(*objectname) [18ms]
[2022-03-18T06:38:13.726Z] > git remote --verbose [3ms]
[2022-03-18T06:38:13.749Z] > git config --get commit.template [4ms]
[2022-03-18T06:38:19.015Z] > git symbolic-ref --short HEAD [4ms]
[2022-03-18T06:38:19.036Z] > git for-each-ref --format=%(refname)%00%(upstream:short)%00%(objectname)%00%(upstream:track) refs/heads/main refs/remotes/main [6ms]
[2022-03-18T06:38:19.069Z] > git for-each-ref --sort -committerdate --format %(refname) %(objectname) %(*objectname) [17ms]
[2022-03-18T06:38:19.071Z] > git remote --verbose [4ms]
[2022-03-18T06:38:19.095Z] > git config --get commit.template [3ms]
[2022-03-18T06:38:24.359Z] > git symbolic-ref --short HEAD [4ms]
[2022-03-18T06:38:24.380Z] > git for-each-ref --format=%(refname)%00%(upstream:short)%00%(objectname)%00%(upstream:track) refs/heads/main refs/remotes/main [6ms]
[2022-03-18T06:38:24.415Z] > git for-each-ref --sort -committerdate --format %(refname) %(objectname) %(*objectname) [19ms]
[2022-03-18T06:38:24.416Z] > git remote --verbose [4ms]
[2022-03-18T06:38:24.439Z] > git config --get commit.template [3ms]
[2022-03-18T06:38:29.709Z] > git symbolic-ref --short HEAD [3ms]
[2022-03-18T06:38:29.731Z] > git for-each-ref --format=%(refname)%00%(upstream:short)%00%(objectname)%00%(upstream:track) refs/heads/main refs/remotes/main [6ms]
[2022-03-18T06:38:29.765Z] > git for-each-ref --sort -committerdate --format %(refname) %(objectname) %(*objectname) [17ms]
[2022-03-18T06:38:29.766Z] > git remote --verbose [4ms]
[2022-03-18T06:38:29.792Z] > git config --get commit.template [6ms]
[2022-03-18T06:38:35.054Z] > git symbolic-ref --short HEAD [4ms]
[2022-03-18T06:38:35.077Z] > git for-each-ref --format=%(refname)%00%(upstream:short)%00%(objectname)%00%(upstream:track) refs/heads/main refs/remotes/main [6ms]
[2022-03-18T06:38:35.110Z] > git for-each-ref --sort -committerdate --format %(refname) %(objectname) %(*objectname) [17ms]
[2022-03-18T06:38:35.112Z] > git remote --verbose [4ms]
[2022-03-18T06:38:35.135Z] > git config --get commit.template [3ms]
[2022-03-18T06:38:40.400Z] > git symbolic-ref --short HEAD [4ms]
[2022-03-18T06:38:40.422Z] > git for-each-ref --format=%(refname)%00%(upstream:short)%00%(objectname)%00%(upstream:track) refs/heads/main refs/remotes/main [6ms]
[2022-03-18T06:38:40.455Z] > git for-each-ref --sort -committerdate --format %(refname) %(objectname) %(*objectname) [18ms]
[2022-03-18T06:38:40.456Z] > git remote --verbose [3ms]
[2022-03-18T06:38:40.479Z] > git config --get commit.template [3ms]
[2022-03-18T06:38:45.741Z] > git symbolic-ref --short HEAD [3ms]
[2022-03-18T06:38:45.763Z] > git for-each-ref --format=%(refname)%00%(upstream:short)%00%(objectname)%00%(upstream:track) refs/heads/main refs/remotes/main [6ms]
[2022-03-18T06:38:45.797Z] > git for-each-ref --sort -committerdate --format %(refname) %(objectname) %(*objectname) [18ms]
[2022-03-18T06:38:45.798Z] > git remote --verbose [3ms]
[2022-03-18T06:38:45.821Z] > git config --get commit.template [3ms]
[2022-03-18T06:38:51.084Z] > git symbolic-ref --short HEAD [3ms]
[2022-03-18T06:38:51.106Z] > git for-each-ref --format=%(refname)%00%(upstream:short)%00%(objectname)%00%(upstream:track) refs/heads/main refs/remotes/main [6ms]
[2022-03-18T06:38:51.139Z] > git for-each-ref --sort -committerdate --format %(refname) %(objectname) %(*objectname) [18ms]
[2022-03-18T06:38:51.140Z] > git remote --verbose [3ms]
[2022-03-18T06:38:51.164Z] > git config --get commit.template [3ms]
[2022-03-18T06:38:56.420Z] > git symbolic-ref --short HEAD [3ms]
[2022-03-18T06:38:56.442Z] > git for-each-ref --format=%(refname)%00%(upstream:short)%00%(objectname)%00%(upstream:track) refs/heads/main refs/remotes/main [6ms]
[2022-03-18T06:38:56.475Z] > git for-each-ref --sort -committerdate --format %(refname) %(objectname) %(*objectname) [17ms]
[2022-03-18T06:38:56.477Z] > git remote --verbose [4ms]
[2022-03-18T06:38:56.499Z] > git config --get commit.template [3ms]
[2022-03-18T06:39:01.780Z] > git symbolic-ref --short HEAD [2ms]
[2022-03-18T06:39:01.803Z] > git for-each-ref --format=%(refname)%00%(upstream:short)%00%(objectname)%00%(upstream:track) refs/heads/main refs/remotes/main [6ms]
[2022-03-18T06:39:01.842Z] > git for-each-ref --sort -committerdate --format %(refname) %(objectname) %(*objectname) [18ms]
[2022-03-18T06:39:01.844Z] > git remote --verbose [4ms]
[2022-03-18T06:39:01.866Z] > git config --get commit.template [3ms]
[2022-03-18T06:39:07.099Z] > git symbolic-ref --short HEAD [4ms]
[2022-03-18T06:39:07.121Z] > git for-each-ref --format=%(refname)%00%(upstream:short)%00%(objectname)%00%(upstream:track) refs/heads/main refs/remotes/main [6ms]
[2022-03-18T06:39:07.154Z] > git for-each-ref --sort -committerdate --format %(refname) %(objectname) %(*objectname) [18ms]
[2022-03-18T06:39:07.155Z] > git remote --verbose [3ms]
[2022-03-18T06:39:07.178Z] > git config --get commit.template [3ms]
[2022-03-18T06:39:12.421Z] > git symbolic-ref --short HEAD [4ms]
[2022-03-18T06:39:12.444Z] > git for-each-ref --format=%(refname)%00%(upstream:short)%00%(objectname)%00%(upstream:track) refs/heads/main refs/remotes/main [6ms]
[2022-03-18T06:39:12.478Z] > git for-each-ref --sort -committerdate --format %(refname) %(objectname) %(*objectname) [18ms]
[2022-03-18T06:39:12.479Z] > git remote --verbose [4ms]
[2022-03-18T06:39:12.504Z] > git config --get commit.template [3ms]
[2022-03-18T06:39:17.763Z] > git symbolic-ref --short HEAD [3ms]
[2022-03-18T06:39:17.786Z] > git for-each-ref --format=%(refname)%00%(upstream:short)%00%(objectname)%00%(upstream:track) refs/heads/main refs/remotes/main [6ms]
[2022-03-18T06:39:17.820Z] > git for-each-ref --sort -committerdate --format %(refname) %(objectname) %(*objectname) [17ms]
[2022-03-18T06:39:17.821Z] > git remote --verbose [4ms]
[2022-03-18T06:39:17.843Z] > git config --get commit.template [3ms]
[2022-03-18T06:39:23.102Z] > git symbolic-ref --short HEAD [3ms]
[2022-03-18T06:39:23.124Z] > git for-each-ref --format=%(refname)%00%(upstream:short)%00%(objectname)%00%(upstream:track) refs/heads/main refs/remotes/main [6ms]
[2022-03-18T06:39:23.158Z] > git for-each-ref --sort -committerdate --format %(refname) %(objectname) %(*objectname) [18ms]
[2022-03-18T06:39:23.160Z] > git remote --verbose [3ms]
[2022-03-18T06:39:23.185Z] > git config --get commit.template [3ms]
[2022-03-18T06:39:28.441Z] > git symbolic-ref --short HEAD [3ms]
[2022-03-18T06:39:28.464Z] > git for-each-ref --format=%(refname)%00%(upstream:short)%00%(objectname)%00%(upstream:track) refs/heads/main refs/remotes/main [6ms]
[2022-03-18T06:39:28.498Z] > git for-each-ref --sort -committerdate --format %(refname) %(objectname) %(*objectname) [18ms]
[2022-03-18T06:39:28.499Z] > git remote --verbose [4ms]
[2022-03-18T06:39:28.525Z] > git config --get commit.template [3ms]
[2022-03-18T06:39:33.796Z] > git symbolic-ref --short HEAD [3ms]
[2022-03-18T06:39:33.817Z] > git for-each-ref --format=%(refname)%00%(upstream:short)%00%(objectname)%00%(upstream:track) refs/heads/main refs/remotes/main [6ms]
[2022-03-18T06:39:33.854Z] > git for-each-ref --sort -committerdate --format %(refname) %(objectname) %(*objectname) [22ms]
[2022-03-18T06:39:33.855Z] > git remote --verbose [4ms]
[2022-03-18T06:39:33.878Z] > git config --get commit.template [3ms]
[2022-03-18T06:39:39.142Z] > git symbolic-ref --short HEAD [3ms]
[2022-03-18T06:39:39.164Z] > git for-each-ref --format=%(refname)%00%(upstream:short)%00%(objectname)%00%(upstream:track) refs/heads/main refs/remotes/main [6ms]
[2022-03-18T06:39:39.197Z] > git for-each-ref --sort -committerdate --format %(refname) %(objectname) %(*objectname) [18ms]
[2022-03-18T06:39:39.198Z] > git remote --verbose [3ms]
[2022-03-18T06:39:39.221Z] > git config --get commit.template [3ms]
[2022-03-18T06:39:40.197Z] > git fetch [705ms]
[2022-03-18T06:39:40.424Z] > git symbolic-ref --short HEAD [4ms]
[2022-03-18T06:39:40.445Z] > git for-each-ref --format=%(refname)%00%(upstream:short)%00%(objectname)%00%(upstream:track) refs/heads/main refs/remotes/main [6ms]
[2022-03-18T06:39:40.479Z] > git for-each-ref --sort -committerdate --format %(refname) %(objectname) %(*objectname) [18ms]
[2022-03-18T06:39:40.480Z] > git remote --verbose [4ms]
[2022-03-18T06:39:40.503Z] > git config --get commit.template [4ms]
[2022-03-18T06:39:41.494Z] > git ls-files --stage -- /home/pi/workspace/Opencv/detect/haardetect.py [44ms]
[2022-03-18T06:39:41.529Z] > git ls-files --stage -- /home/pi/.bashrc [37ms]
[2022-03-18T06:39:41.549Z] > git cat-file -s d7159926f8dcf62af5d762b9775c62b99bd85c1a [3ms]
[2022-03-18T06:39:44.478Z] > git symbolic-ref --short HEAD [4ms]
[2022-03-18T06:39:44.499Z] > git for-each-ref --format=%(refname)%00%(upstream:short)%00%(objectname)%00%(upstream:track) refs/heads/main refs/remotes/main [6ms]
[2022-03-18T06:39:44.533Z] > git for-each-ref --sort -committerdate --format %(refname) %(objectname) %(*objectname) [18ms]
[2022-03-18T06:39:44.534Z] > git remote --verbose [3ms]
[2022-03-18T06:39:44.556Z] > git config --get commit.template [3ms]
[2022-03-18T06:39:49.810Z] > git symbolic-ref --short HEAD [3ms]
[2022-03-18T06:39:49.832Z] > git for-each-ref --format=%(refname)%00%(upstream:short)%00%(objectname)%00%(upstream:track) refs/heads/main refs/remotes/main [6ms]
[2022-03-18T06:39:49.865Z] > git for-each-ref --sort -committerdate --format %(refname) %(objectname) %(*objectname) [18ms]
[2022-03-18T06:39:49.866Z] > git remote --verbose [3ms]
[2022-03-18T06:39:49.889Z] > git config --get commit.template [3ms]
[2022-03-18T06:39:55.149Z] > git symbolic-ref --short HEAD [3ms]
[2022-03-18T06:39:55.171Z] > git for-each-ref --format=%(refname)%00%(upstream:short)%00%(objectname)%00%(upstream:track) refs/heads/main refs/remotes/main [6ms]
[2022-03-18T06:39:55.204Z] > git for-each-ref --sort -committerdate --format %(refname) %(objectname) %(*objectname) [18ms]
[2022-03-18T06:39:55.206Z] > git remote --verbose [4ms]
[2022-03-18T06:39:55.230Z] > git config --get commit.template [3ms]
[2022-03-18T06:40:00.494Z] > git symbolic-ref --short HEAD [3ms]
[2022-03-18T06:40:00.516Z] > git for-each-ref --format=%(refname)%00%(upstream:short)%00%(objectname)%00%(upstream:track) refs/heads/main refs/remotes/main [6ms]
[2022-03-18T06:40:00.549Z] > git for-each-ref --sort -committerdate --format %(refname) %(objectname) %(*objectname) [18ms]
[2022-03-18T06:40:00.550Z] > git remote --verbose [3ms]
[2022-03-18T06:40:00.573Z] > git config --get commit.template [3ms]
[2022-03-18T06:40:05.832Z] > git symbolic-ref --short HEAD [4ms]
[2022-03-18T06:40:05.853Z] > git for-each-ref --format=%(refname)%00%(upstream:short)%00%(objectname)%00%(upstream:track) refs/heads/main refs/remotes/main [6ms]
[2022-03-18T06:40:05.887Z] > git for-each-ref --sort -committerdate --format %(refname) %(objectname) %(*objectname) [18ms]
[2022-03-18T06:40:05.888Z] > git remote --verbose [3ms]
[2022-03-18T06:40:05.911Z] > git config --get commit.template [3ms]
[2022-03-18T06:40:11.179Z] > git symbolic-ref --short HEAD [4ms]
[2022-03-18T06:40:11.200Z] > git for-each-ref --format=%(refname)%00%(upstream:short)%00%(objectname)%00%(upstream:track) refs/heads/main refs/remotes/main [6ms]
[2022-03-18T06:40:11.234Z] > git for-each-ref --sort -committerdate --format %(refname) %(objectname) %(*objectname) [18ms]
[2022-03-18T06:40:11.235Z] > git remote --verbose [3ms]
[2022-03-18T06:40:11.258Z] > git config --get commit.template [3ms]
[2022-03-18T06:40:49.242Z] > git symbolic-ref --short HEAD [4ms]
[2022-03-18T06:40:49.264Z] > git for-each-ref --format=%(refname)%00%(upstream:short)%00%(objectname)%00%(upstream:track) refs/heads/main refs/remotes/main [6ms]
[2022-03-18T06:40:49.297Z] > git for-each-ref --sort -committerdate --format %(refname) %(objectname) %(*objectname) [18ms]
[2022-03-18T06:40:49.298Z] > git remote --verbose [3ms]
[2022-03-18T06:40:49.321Z] > git config --get commit.template [3ms]
[2022-03-18T06:40:54.592Z] > git symbolic-ref --short HEAD [3ms]
[2022-03-18T06:40:54.613Z] > git for-each-ref --format=%(refname)%00%(upstream:short)%00%(objectname)%00%(upstream:track) refs/heads/main refs/remotes/main [6ms]
[2022-03-18T06:40:54.648Z] > git for-each-ref --sort -committerdate --format %(refname) %(objectname) %(*objectname) [19ms]
[2022-03-18T06:40:54.649Z] > git remote --verbose [4ms]
[2022-03-18T06:40:54.676Z] > git config --get commit.template [3ms]
[2022-03-18T06:40:59.868Z] > git symbolic-ref --short HEAD [4ms]
[2022-03-18T06:40:59.889Z] > git for-each-ref --format=%(refname)%00%(upstream:short)%00%(objectname)%00%(upstream:track) refs/heads/main refs/remotes/main [6ms]
[2022-03-18T06:40:59.926Z] > git remote --verbose [2ms]
[2022-03-18T06:40:59.927Z] > git for-each-ref --sort -committerdate --format %(refname) %(objectname) %(*objectname) [22ms]
[2022-03-18T06:40:59.951Z] > git config --get commit.template [3ms]
[2022-03-18T06:41:05.215Z] > git symbolic-ref --short HEAD [3ms]
[2022-03-18T06:41:05.237Z] > git for-each-ref --format=%(refname)%00%(upstream:short)%00%(objectname)%00%(upstream:track) refs/heads/main refs/remotes/main [6ms]
[2022-03-18T06:41:05.270Z] > git for-each-ref --sort -committerdate --format %(refname) %(objectname) %(*objectname) [18ms]
[2022-03-18T06:41:05.271Z] > git remote --verbose [3ms]
[2022-03-18T06:41:05.294Z] > git config --get commit.template [3ms]
[2022-03-18T06:41:10.560Z] > git symbolic-ref --short HEAD [3ms]
[2022-03-18T06:41:10.582Z] > git for-each-ref --format=%(refname)%00%(upstream:short)%00%(objectname)%00%(upstream:track) refs/heads/main refs/remotes/main [6ms]
[2022-03-18T06:41:10.620Z] > git remote --verbose [2ms]
[2022-03-18T06:41:10.621Z] > git for-each-ref --sort -committerdate --format %(refname) %(objectname) %(*objectname) [23ms]
[2022-03-18T06:41:10.644Z] > git config --get commit.template [3ms]
[2022-03-18T06:41:15.902Z] > git symbolic-ref --short HEAD [4ms]
[2022-03-18T06:41:15.924Z] > git for-each-ref --format=%(refname)%00%(upstream:short)%00%(objectname)%00%(upstream:track) refs/heads/main refs/remotes/main [7ms]
[2022-03-18T06:41:15.958Z] > git for-each-ref --sort -committerdate --format %(refname) %(objectname) %(*objectname) [18ms]
[2022-03-18T06:41:15.959Z] > git remote --verbose [3ms]
[2022-03-18T06:41:15.982Z] > git config --get commit.template [3ms]
