[2022-03-18 15:25:10.725] [exthost] [info] Extension host with pid 1573 started
[2022-03-18 15:25:10.742] [exthost] [info] Lock '/home/pi/.vscode-server/data/User/workspaceStorage/777a38bfa78b9f733e2b2b4fa2413d35/vscode.lock': Lock acquired.
[2022-03-18 15:25:11.018] [exthost] [info] ExtensionService#_doActivateExtension ms-python.python, startup: false, activationEvent: 'onLanguage:python', root cause: ms-python.vscode-pylance
[2022-03-18 15:25:11.781] [exthost] [info] ExtensionService#_doActivateExtension ms-toolsai.jupyter, startup: false, activationEvent: 'onLanguage:python'
[2022-03-18 15:25:13.042] [exthost] [info] ExtensionService#_doActivateExtension vscode.debug-auto-launch, startup: true, activationEvent: '*'
[2022-03-18 15:25:13.054] [exthost] [info] ExtensionService#_doActivateExtension vscode.git-base, startup: true, activationEvent: '*', root cause: vscode.github
[2022-03-18 15:25:13.066] [exthost] [info] ExtensionService#_doActivateExtension vscode.ipynb, startup: true, activationEvent: '*'
[2022-03-18 15:25:13.746] [exthost] [info] ExtensionService#_doActivateExtension vscode.git, startup: true, activationEvent: '*'
[2022-03-18 15:25:13.949] [exthost] [info] ExtensionService#_doActivateExtension vscode.github, startup: true, activationEvent: '*'
[2022-03-18 15:25:14.249] [exthost] [info] ExtensionService#_doActivateExtension vscode.emmet, startup: false, activationEvent: 'onStartupFinished'
[2022-03-18 15:25:14.304] [exthost] [info] ExtensionService#_doActivateExtension vscode.merge-conflict, startup: false, activationEvent: 'onStartupFinished'
[2022-03-18 15:25:14.316] [exthost] [info] Eager extensions activated
[2022-03-18 15:25:15.094] [exthost] [info] ExtensionService#_doActivateExtension ms-toolsai.jupyter-renderers, startup: false, activationEvent: 'api', root cause: ms-toolsai.jupyter
[2022-03-18 15:25:16.076] [exthost] [info] ExtensionService#_doActivateExtension ms-python.vscode-pylance, startup: false, activationEvent: 'onLanguage:python'
[2022-03-18 15:25:16.981] [exthost] [error] {"message":"Git error","stdout":"","stderr":"fatal: Pathspec '/home/pi/workspace/Opencv/cvtColor.py' is in submodule 'workspace/Opencv'\n","exitCode":128,"gitErrorCode":"IsInSubmodule"}
[2022-03-18 15:25:16.981] [exthost] [error] {"message":"Git error","stdout":"","stderr":"fatal: Pathspec '/home/pi/workspace/Opencv/cvtColor.py' is in submodule 'workspace/Opencv'\n","exitCode":128,"gitErrorCode":"IsInSubmodule"}
[2022-03-18 15:25:16.982] [exthost] [error] {"message":"Git error","stdout":"","stderr":"fatal: Pathspec '/home/pi/workspace/Opencv/cvtColor.py' is in submodule 'workspace/Opencv'\n","exitCode":128,"gitErrorCode":"IsInSubmodule"}
[2022-03-18 15:25:16.982] [exthost] [error] {"message":"Git error","stdout":"","stderr":"fatal: Pathspec '/home/pi/workspace/Opencv/cvtColor.py' is in submodule 'workspace/Opencv'\n","exitCode":128,"gitErrorCode":"IsInSubmodule"}
[2022-03-18 15:25:16.982] [exthost] [error] {"message":"Git error","stdout":"","stderr":"fatal: Pathspec '/home/pi/workspace/Opencv/cvtColor.py' is in submodule 'workspace/Opencv'\n","exitCode":128,"gitErrorCode":"IsInSubmodule"}
[2022-03-18 15:25:16.982] [exthost] [error] {"message":"Git error","stdout":"","stderr":"fatal: Pathspec '/home/pi/workspace/Opencv/cvtColor.py' is in submodule 'workspace/Opencv'\n","exitCode":128,"gitErrorCode":"IsInSubmodule"}
[2022-03-18 15:25:16.982] [exthost] [error] {"message":"Git error","stdout":"","stderr":"fatal: Pathspec '/home/pi/workspace/Opencv/cvtColor.py' is in submodule 'workspace/Opencv'\n","exitCode":128,"gitErrorCode":"IsInSubmodule"}
[2022-03-18 15:25:16.982] [exthost] [error] {"message":"Git error","stdout":"","stderr":"fatal: Pathspec '/home/pi/workspace/Opencv/cvtColor.py' is in submodule 'workspace/Opencv'\n","exitCode":128,"gitErrorCode":"IsInSubmodule"}
[2022-03-18 15:25:16.982] [exthost] [error] {"message":"Git error","stdout":"","stderr":"fatal: Pathspec '/home/pi/workspace/Opencv/cvtColor.py' is in submodule 'workspace/Opencv'\n","exitCode":128,"gitErrorCode":"IsInSubmodule"}
[2022-03-18 15:25:16.982] [exthost] [error] {"message":"Git error","stdout":"","stderr":"fatal: Pathspec '/home/pi/workspace/Opencv/cvtColor.py' is in submodule 'workspace/Opencv'\n","exitCode":128,"gitErrorCode":"IsInSubmodule"}
[2022-03-18 15:25:16.982] [exthost] [error] {"message":"Git error","stdout":"","stderr":"fatal: Pathspec '/home/pi/workspace/Opencv/cvtColor.py' is in submodule 'workspace/Opencv'\n","exitCode":128,"gitErrorCode":"IsInSubmodule"}
[2022-03-18 15:25:16.982] [exthost] [error] {"message":"Git error","stdout":"","stderr":"fatal: Pathspec '/home/pi/workspace/Opencv/cvtColor.py' is in submodule 'workspace/Opencv'\n","exitCode":128,"gitErrorCode":"IsInSubmodule"}
[2022-03-18 15:25:16.982] [exthost] [error] {"message":"Git error","stdout":"","stderr":"fatal: Pathspec '/home/pi/workspace/Opencv/cvtColor.py' is in submodule 'workspace/Opencv'\n","exitCode":128,"gitErrorCode":"IsInSubmodule"}
[2022-03-18 15:25:16.982] [exthost] [error] {"message":"Git error","stdout":"","stderr":"fatal: Pathspec '/home/pi/workspace/Opencv/cvtColor.py' is in submodule 'workspace/Opencv'\n","exitCode":128,"gitErrorCode":"IsInSubmodule"}
[2022-03-18 15:25:16.982] [exthost] [error] {"message":"Git error","stdout":"","stderr":"fatal: Pathspec '/home/pi/workspace/Opencv/cvtColor.py' is in submodule 'workspace/Opencv'\n","exitCode":128,"gitErrorCode":"IsInSubmodule"}
[2022-03-18 15:25:16.982] [exthost] [error] {"message":"Git error","stdout":"","stderr":"fatal: Pathspec '/home/pi/workspace/Opencv/cvtColor.py' is in submodule 'workspace/Opencv'\n","exitCode":128,"gitErrorCode":"IsInSubmodule"}
[2022-03-18 15:25:16.982] [exthost] [error] {"message":"Git error","stdout":"","stderr":"fatal: Pathspec '/home/pi/workspace/Opencv/cvtColor.py' is in submodule 'workspace/Opencv'\n","exitCode":128,"gitErrorCode":"IsInSubmodule"}
[2022-03-18 15:25:16.982] [exthost] [error] {"message":"Git error","stdout":"","stderr":"fatal: Pathspec '/home/pi/workspace/Opencv/cvtColor.py' is in submodule 'workspace/Opencv'\n","exitCode":128,"gitErrorCode":"IsInSubmodule"}
[2022-03-18 15:25:16.982] [exthost] [error] {"message":"Git error","stdout":"","stderr":"fatal: Pathspec '/home/pi/workspace/Opencv/cvtColor.py' is in submodule 'workspace/Opencv'\n","exitCode":128,"gitErrorCode":"IsInSubmodule"}
[2022-03-18 15:25:16.982] [exthost] [error] {"message":"Git error","stdout":"","stderr":"fatal: Pathspec '/home/pi/workspace/Opencv/cvtColor.py' is in submodule 'workspace/Opencv'\n","exitCode":128,"gitErrorCode":"IsInSubmodule"}
[2022-03-18 15:25:16.982] [exthost] [error] {"message":"Git error","stdout":"","stderr":"fatal: Pathspec '/home/pi/workspace/Opencv/cvtColor.py' is in submodule 'workspace/Opencv'\n","exitCode":128,"gitErrorCode":"IsInSubmodule"}
[2022-03-18 15:25:16.982] [exthost] [error] {"message":"Git error","stdout":"","stderr":"fatal: Pathspec '/home/pi/workspace/Opencv/cvtColor.py' is in submodule 'workspace/Opencv'\n","exitCode":128,"gitErrorCode":"IsInSubmodule"}
[2022-03-18 15:25:16.982] [exthost] [error] {"message":"Git error","stdout":"","stderr":"fatal: Pathspec '/home/pi/workspace/Opencv/cvtColor.py' is in submodule 'workspace/Opencv'\n","exitCode":128,"gitErrorCode":"IsInSubmodule"}
[2022-03-18 15:25:16.982] [exthost] [error] {"message":"Git error","stdout":"","stderr":"fatal: Pathspec '/home/pi/workspace/Opencv/cvtColor.py' is in submodule 'workspace/Opencv'\n","exitCode":128,"gitErrorCode":"IsInSubmodule"}
[2022-03-18 15:25:16.982] [exthost] [error] {"message":"Git error","stdout":"","stderr":"fatal: Pathspec '/home/pi/workspace/Opencv/cvtColor.py' is in submodule 'workspace/Opencv'\n","exitCode":128,"gitErrorCode":"IsInSubmodule"}
[2022-03-18 15:25:16.982] [exthost] [error] {"message":"Git error","stdout":"","stderr":"fatal: Pathspec '/home/pi/workspace/Opencv/cvtColor.py' is in submodule 'workspace/Opencv'\n","exitCode":128,"gitErrorCode":"IsInSubmodule"}
[2022-03-18 15:25:16.983] [exthost] [error] {"message":"Git error","stdout":"","stderr":"fatal: Pathspec '/home/pi/workspace/Opencv/cvtColor.py' is in submodule 'workspace/Opencv'\n","exitCode":128,"gitErrorCode":"IsInSubmodule"}
[2022-03-18 15:25:16.983] [exthost] [error] {"message":"Git error","stdout":"","stderr":"fatal: Pathspec '/home/pi/workspace/Opencv/cvtColor.py' is in submodule 'workspace/Opencv'\n","exitCode":128,"gitErrorCode":"IsInSubmodule"}
[2022-03-18 15:25:16.983] [exthost] [error] {"message":"Git error","stdout":"","stderr":"fatal: Pathspec '/home/pi/workspace/Opencv/cvtColor.py' is in submodule 'workspace/Opencv'\n","exitCode":128,"gitErrorCode":"IsInSubmodule"}
[2022-03-18 15:25:16.983] [exthost] [error] {"message":"Git error","stdout":"","stderr":"fatal: Pathspec '/home/pi/workspace/Opencv/cvtColor.py' is in submodule 'workspace/Opencv'\n","exitCode":128,"gitErrorCode":"IsInSubmodule"}
[2022-03-18 15:25:16.983] [exthost] [error] {"message":"Git error","stdout":"","stderr":"fatal: Pathspec '/home/pi/workspace/Opencv/cvtColor.py' is in submodule 'workspace/Opencv'\n","exitCode":128,"gitErrorCode":"IsInSubmodule"}
[2022-03-18 15:25:16.983] [exthost] [error] {"message":"Git error","stdout":"","stderr":"fatal: Pathspec '/home/pi/workspace/Opencv/cvtColor.py' is in submodule 'workspace/Opencv'\n","exitCode":128,"gitErrorCode":"IsInSubmodule"}
[2022-03-18 15:25:16.983] [exthost] [error] {"message":"Git error","stdout":"","stderr":"fatal: Pathspec '/home/pi/workspace/Opencv/cvtColor.py' is in submodule 'workspace/Opencv'\n","exitCode":128,"gitErrorCode":"IsInSubmodule"}
[2022-03-18 15:25:16.983] [exthost] [error] {"message":"Git error","stdout":"","stderr":"fatal: Pathspec '/home/pi/workspace/Opencv/cvtColor.py' is in submodule 'workspace/Opencv'\n","exitCode":128,"gitErrorCode":"IsInSubmodule"}
[2022-03-18 15:25:16.983] [exthost] [error] {"message":"Git error","stdout":"","stderr":"fatal: Pathspec '/home/pi/workspace/Opencv/cvtColor.py' is in submodule 'workspace/Opencv'\n","exitCode":128,"gitErrorCode":"IsInSubmodule"}
[2022-03-18 15:25:16.983] [exthost] [error] {"message":"Git error","stdout":"","stderr":"fatal: Pathspec '/home/pi/workspace/Opencv/cvtColor.py' is in submodule 'workspace/Opencv'\n","exitCode":128,"gitErrorCode":"IsInSubmodule"}
[2022-03-18 15:25:16.983] [exthost] [error] {"message":"Git error","stdout":"","stderr":"fatal: Pathspec '/home/pi/workspace/Opencv/cvtColor.py' is in submodule 'workspace/Opencv'\n","exitCode":128,"gitErrorCode":"IsInSubmodule"}
[2022-03-18 15:25:16.983] [exthost] [error] {"message":"Git error","stdout":"","stderr":"fatal: Pathspec '/home/pi/workspace/Opencv/cvtColor.py' is in submodule 'workspace/Opencv'\n","exitCode":128,"gitErrorCode":"IsInSubmodule"}
[2022-03-18 15:25:16.983] [exthost] [error] {"message":"Git error","stdout":"","stderr":"fatal: Pathspec '/home/pi/workspace/Opencv/cvtColor.py' is in submodule 'workspace/Opencv'\n","exitCode":128,"gitErrorCode":"IsInSubmodule"}
[2022-03-18 15:25:16.983] [exthost] [error] {"message":"Git error","stdout":"","stderr":"fatal: Pathspec '/home/pi/workspace/Opencv/cvtColor.py' is in submodule 'workspace/Opencv'\n","exitCode":128,"gitErrorCode":"IsInSubmodule"}
[2022-03-18 15:25:16.983] [exthost] [error] {"message":"Git error","stdout":"","stderr":"fatal: Pathspec '/home/pi/workspace/Opencv/cvtColor.py' is in submodule 'workspace/Opencv'\n","exitCode":128,"gitErrorCode":"IsInSubmodule"}
[2022-03-18 15:25:16.983] [exthost] [error] {"message":"Git error","stdout":"","stderr":"fatal: Pathspec '/home/pi/workspace/Opencv/cvtColor.py' is in submodule 'workspace/Opencv'\n","exitCode":128,"gitErrorCode":"IsInSubmodule"}
[2022-03-18 15:25:16.983] [exthost] [error] {"message":"Git error","stdout":"","stderr":"fatal: Pathspec '/home/pi/workspace/Opencv/cvtColor.py' is in submodule 'workspace/Opencv'\n","exitCode":128,"gitErrorCode":"IsInSubmodule"}
[2022-03-18 15:25:16.983] [exthost] [error] {"message":"Git error","stdout":"","stderr":"fatal: Pathspec '/home/pi/workspace/Opencv/cvtColor.py' is in submodule 'workspace/Opencv'\n","exitCode":128,"gitErrorCode":"IsInSubmodule"}
[2022-03-18 15:25:16.983] [exthost] [error] {"message":"Git error","stdout":"","stderr":"fatal: Pathspec '/home/pi/workspace/Opencv/cvtColor.py' is in submodule 'workspace/Opencv'\n","exitCode":128,"gitErrorCode":"IsInSubmodule"}
[2022-03-18 15:25:16.983] [exthost] [error] {"message":"Git error","stdout":"","stderr":"fatal: Pathspec '/home/pi/workspace/Opencv/cvtColor.py' is in submodule 'workspace/Opencv'\n","exitCode":128,"gitErrorCode":"IsInSubmodule"}
[2022-03-18 15:25:16.983] [exthost] [error] {"message":"Git error","stdout":"","stderr":"fatal: Pathspec '/home/pi/workspace/Opencv/cvtColor.py' is in submodule 'workspace/Opencv'\n","exitCode":128,"gitErrorCode":"IsInSubmodule"}
[2022-03-18 15:25:16.983] [exthost] [error] {"message":"Git error","stdout":"","stderr":"fatal: Pathspec '/home/pi/workspace/Opencv/cvtColor.py' is in submodule 'workspace/Opencv'\n","exitCode":128,"gitErrorCode":"IsInSubmodule"}
[2022-03-18 15:25:16.983] [exthost] [error] {"message":"Git error","stdout":"","stderr":"fatal: Pathspec '/home/pi/workspace/Opencv/cvtColor.py' is in submodule 'workspace/Opencv'\n","exitCode":128,"gitErrorCode":"IsInSubmodule"}
[2022-03-18 15:25:16.983] [exthost] [error] {"message":"Git error","stdout":"","stderr":"fatal: Pathspec '/home/pi/workspace/Opencv/cvtColor.py' is in submodule 'workspace/Opencv'\n","exitCode":128,"gitErrorCode":"IsInSubmodule"}
[2022-03-18 15:25:16.983] [exthost] [error] {"message":"Git error","stdout":"","stderr":"fatal: Pathspec '/home/pi/workspace/Opencv/cvtColor.py' is in submodule 'workspace/Opencv'\n","exitCode":128,"gitErrorCode":"IsInSubmodule"}
[2022-03-18 15:25:16.983] [exthost] [error] {"message":"Git error","stdout":"","stderr":"fatal: Pathspec '/home/pi/workspace/Opencv/cvtColor.py' is in submodule 'workspace/Opencv'\n","exitCode":128,"gitErrorCode":"IsInSubmodule"}
[2022-03-18 15:25:16.984] [exthost] [error] {"message":"Git error","stdout":"","stderr":"fatal: Pathspec '/home/pi/workspace/Opencv/cvtColor.py' is in submodule 'workspace/Opencv'\n","exitCode":128,"gitErrorCode":"IsInSubmodule"}
[2022-03-18 15:25:16.984] [exthost] [error] {"message":"Git error","stdout":"","stderr":"fatal: Pathspec '/home/pi/workspace/Opencv/cvtColor.py' is in submodule 'workspace/Opencv'\n","exitCode":128,"gitErrorCode":"IsInSubmodule"}
[2022-03-18 15:25:16.984] [exthost] [error] {"message":"Git error","stdout":"","stderr":"fatal: Pathspec '/home/pi/workspace/Opencv/cvtColor.py' is in submodule 'workspace/Opencv'\n","exitCode":128,"gitErrorCode":"IsInSubmodule"}
[2022-03-18 15:25:16.984] [exthost] [error] {"message":"Git error","stdout":"","stderr":"fatal: Pathspec '/home/pi/workspace/Opencv/cvtColor.py' is in submodule 'workspace/Opencv'\n","exitCode":128,"gitErrorCode":"IsInSubmodule"}
[2022-03-18 15:25:16.984] [exthost] [error] {"message":"Git error","stdout":"","stderr":"fatal: Pathspec '/home/pi/workspace/Opencv/cvtColor.py' is in submodule 'workspace/Opencv'\n","exitCode":128,"gitErrorCode":"IsInSubmodule"}
[2022-03-18 15:25:16.984] [exthost] [error] {"message":"Git error","stdout":"","stderr":"fatal: Pathspec '/home/pi/workspace/Opencv/cvtColor.py' is in submodule 'workspace/Opencv'\n","exitCode":128,"gitErrorCode":"IsInSubmodule"}
[2022-03-18 15:25:16.984] [exthost] [error] {"message":"Git error","stdout":"","stderr":"fatal: Pathspec '/home/pi/workspace/Opencv/cvtColor.py' is in submodule 'workspace/Opencv'\n","exitCode":128,"gitErrorCode":"IsInSubmodule"}
[2022-03-18 15:25:16.984] [exthost] [error] {"message":"Git error","stdout":"","stderr":"fatal: Pathspec '/home/pi/workspace/Opencv/cvtColor.py' is in submodule 'workspace/Opencv'\n","exitCode":128,"gitErrorCode":"IsInSubmodule"}
[2022-03-18 15:25:16.984] [exthost] [error] {"message":"Git error","stdout":"","stderr":"fatal: Pathspec '/home/pi/workspace/Opencv/cvtColor.py' is in submodule 'workspace/Opencv'\n","exitCode":128,"gitErrorCode":"IsInSubmodule"}
[2022-03-18 15:25:16.984] [exthost] [error] {"message":"Git error","stdout":"","stderr":"fatal: Pathspec '/home/pi/workspace/Opencv/cvtColor.py' is in submodule 'workspace/Opencv'\n","exitCode":128,"gitErrorCode":"IsInSubmodule"}
[2022-03-18 15:25:16.984] [exthost] [error] {"message":"Git error","stdout":"","stderr":"fatal: Pathspec '/home/pi/workspace/Opencv/cvtColor.py' is in submodule 'workspace/Opencv'\n","exitCode":128,"gitErrorCode":"IsInSubmodule"}
[2022-03-18 15:25:16.984] [exthost] [error] {"message":"Git error","stdout":"","stderr":"fatal: Pathspec '/home/pi/workspace/Opencv/cvtColor.py' is in submodule 'workspace/Opencv'\n","exitCode":128,"gitErrorCode":"IsInSubmodule"}
[2022-03-18 15:25:16.984] [exthost] [error] {"message":"Git error","stdout":"","stderr":"fatal: Pathspec '/home/pi/workspace/Opencv/cvtColor.py' is in submodule 'workspace/Opencv'\n","exitCode":128,"gitErrorCode":"IsInSubmodule"}
[2022-03-18 15:25:16.984] [exthost] [error] {"message":"Git error","stdout":"","stderr":"fatal: Pathspec '/home/pi/workspace/Opencv/cvtColor.py' is in submodule 'workspace/Opencv'\n","exitCode":128,"gitErrorCode":"IsInSubmodule"}
[2022-03-18 15:25:16.984] [exthost] [error] {"message":"Git error","stdout":"","stderr":"fatal: Pathspec '/home/pi/workspace/Opencv/cvtColor.py' is in submodule 'workspace/Opencv'\n","exitCode":128,"gitErrorCode":"IsInSubmodule"}
[2022-03-18 15:25:16.984] [exthost] [error] {"message":"Git error","stdout":"","stderr":"fatal: Pathspec '/home/pi/workspace/Opencv/cvtColor.py' is in submodule 'workspace/Opencv'\n","exitCode":128,"gitErrorCode":"IsInSubmodule"}
[2022-03-18 15:25:16.984] [exthost] [error] {"message":"Git error","stdout":"","stderr":"fatal: Pathspec '/home/pi/workspace/Opencv/cvtColor.py' is in submodule 'workspace/Opencv'\n","exitCode":128,"gitErrorCode":"IsInSubmodule"}
[2022-03-18 15:25:16.984] [exthost] [error] {"message":"Git error","stdout":"","stderr":"fatal: Pathspec '/home/pi/workspace/Opencv/cvtColor.py' is in submodule 'workspace/Opencv'\n","exitCode":128,"gitErrorCode":"IsInSubmodule"}
[2022-03-18 15:25:16.984] [exthost] [error] {"message":"Git error","stdout":"","stderr":"fatal: Pathspec '/home/pi/workspace/Opencv/cvtColor.py' is in submodule 'workspace/Opencv'\n","exitCode":128,"gitErrorCode":"IsInSubmodule"}
[2022-03-18 15:25:16.984] [exthost] [error] {"message":"Git error","stdout":"","stderr":"fatal: Pathspec '/home/pi/workspace/Opencv/cvtColor.py' is in submodule 'workspace/Opencv'\n","exitCode":128,"gitErrorCode":"IsInSubmodule"}
[2022-03-18 15:25:16.984] [exthost] [error] {"message":"Git error","stdout":"","stderr":"fatal: Pathspec '/home/pi/workspace/Opencv/cvtColor.py' is in submodule 'workspace/Opencv'\n","exitCode":128,"gitErrorCode":"IsInSubmodule"}
[2022-03-18 15:25:16.984] [exthost] [error] {"message":"Git error","stdout":"","stderr":"fatal: Pathspec '/home/pi/workspace/Opencv/cvtColor.py' is in submodule 'workspace/Opencv'\n","exitCode":128,"gitErrorCode":"IsInSubmodule"}
[2022-03-18 15:25:16.984] [exthost] [error] {"message":"Git error","stdout":"","stderr":"fatal: Pathspec '/home/pi/workspace/Opencv/cvtColor.py' is in submodule 'workspace/Opencv'\n","exitCode":128,"gitErrorCode":"IsInSubmodule"}
[2022-03-18 15:25:16.984] [exthost] [error] {"message":"Git error","stdout":"","stderr":"fatal: Pathspec '/home/pi/workspace/Opencv/cvtColor.py' is in submodule 'workspace/Opencv'\n","exitCode":128,"gitErrorCode":"IsInSubmodule"}
[2022-03-18 15:25:16.984] [exthost] [error] {"message":"Git error","stdout":"","stderr":"fatal: Pathspec '/home/pi/workspace/Opencv/cvtColor.py' is in submodule 'workspace/Opencv'\n","exitCode":128,"gitErrorCode":"IsInSubmodule"}
[2022-03-18 15:25:16.984] [exthost] [error] {"message":"Git error","stdout":"","stderr":"fatal: Pathspec '/home/pi/workspace/Opencv/cvtColor.py' is in submodule 'workspace/Opencv'\n","exitCode":128,"gitErrorCode":"IsInSubmodule"}
[2022-03-18 15:25:16.984] [exthost] [error] {"message":"Git error","stdout":"","stderr":"fatal: Pathspec '/home/pi/workspace/Opencv/cvtColor.py' is in submodule 'workspace/Opencv'\n","exitCode":128,"gitErrorCode":"IsInSubmodule"}
[2022-03-18 15:25:16.985] [exthost] [error] {"message":"Git error","stdout":"","stderr":"fatal: Pathspec '/home/pi/workspace/Opencv/cvtColor.py' is in submodule 'workspace/Opencv'\n","exitCode":128,"gitErrorCode":"IsInSubmodule"}
[2022-03-18 15:25:16.985] [exthost] [error] {"message":"Git error","stdout":"","stderr":"fatal: Pathspec '/home/pi/workspace/Opencv/cvtColor.py' is in submodule 'workspace/Opencv'\n","exitCode":128,"gitErrorCode":"IsInSubmodule"}
[2022-03-18 15:25:17.609] [exthost] [error] {"message":"Git error","stdout":"","stderr":"fatal: Pathspec '/home/pi/workspace/Opencv/ex03.html' is in submodule 'workspace/Opencv'\n","exitCode":128,"gitErrorCode":"IsInSubmodule"}
[2022-03-18 15:25:17.609] [exthost] [error] {"message":"Git error","stdout":"","stderr":"fatal: Pathspec '/home/pi/workspace/Opencv/ex03.html' is in submodule 'workspace/Opencv'\n","exitCode":128,"gitErrorCode":"IsInSubmodule"}
[2022-03-18 15:25:17.610] [exthost] [error] {"message":"Git error","stdout":"","stderr":"fatal: Pathspec '/home/pi/workspace/Opencv/ex03.html' is in submodule 'workspace/Opencv'\n","exitCode":128,"gitErrorCode":"IsInSubmodule"}
[2022-03-18 15:25:17.610] [exthost] [error] {"message":"Git error","stdout":"","stderr":"fatal: Pathspec '/home/pi/workspace/Opencv/ex03.html' is in submodule 'workspace/Opencv'\n","exitCode":128,"gitErrorCode":"IsInSubmodule"}
[2022-03-18 15:25:17.610] [exthost] [error] {"message":"Git error","stdout":"","stderr":"fatal: Pathspec '/home/pi/workspace/Opencv/ex03.html' is in submodule 'workspace/Opencv'\n","exitCode":128,"gitErrorCode":"IsInSubmodule"}
[2022-03-18 15:25:17.610] [exthost] [error] {"message":"Git error","stdout":"","stderr":"fatal: Pathspec '/home/pi/workspace/Opencv/ex03.html' is in submodule 'workspace/Opencv'\n","exitCode":128,"gitErrorCode":"IsInSubmodule"}
[2022-03-18 15:25:17.610] [exthost] [error] {"message":"Git error","stdout":"","stderr":"fatal: Pathspec '/home/pi/workspace/Opencv/ex03.html' is in submodule 'workspace/Opencv'\n","exitCode":128,"gitErrorCode":"IsInSubmodule"}
[2022-03-18 15:25:17.610] [exthost] [error] {"message":"Git error","stdout":"","stderr":"fatal: Pathspec '/home/pi/workspace/Opencv/ex03.html' is in submodule 'workspace/Opencv'\n","exitCode":128,"gitErrorCode":"IsInSubmodule"}
[2022-03-18 15:25:21.627] [exthost] [error] {"message":"Git error","stdout":"","stderr":"fatal: Pathspec '/home/pi/workspace/Opencv/operation/op_ex01.py' is in submodule 'workspace/Opencv'\n","exitCode":128,"gitErrorCode":"IsInSubmodule"}
[2022-03-18 15:25:27.069] [exthost] [error] {"message":"Git error","stdout":"","stderr":"fatal: Pathspec '/home/pi/workspace/Opencv/numpy_ex04.py' is in submodule 'workspace/Opencv'\n","exitCode":128,"gitErrorCode":"IsInSubmodule"}
[2022-03-18 15:25:27.070] [exthost] [error] {"message":"Git error","stdout":"","stderr":"fatal: Pathspec '/home/pi/workspace/Opencv/numpy_ex04.py' is in submodule 'workspace/Opencv'\n","exitCode":128,"gitErrorCode":"IsInSubmodule"}
[2022-03-18 15:25:27.070] [exthost] [error] {"message":"Git error","stdout":"","stderr":"fatal: Pathspec '/home/pi/workspace/Opencv/numpy_ex04.py' is in submodule 'workspace/Opencv'\n","exitCode":128,"gitErrorCode":"IsInSubmodule"}
[2022-03-18 15:25:27.070] [exthost] [error] {"message":"Git error","stdout":"","stderr":"fatal: Pathspec '/home/pi/workspace/Opencv/numpy_ex04.py' is in submodule 'workspace/Opencv'\n","exitCode":128,"gitErrorCode":"IsInSubmodule"}
[2022-03-18 15:25:27.070] [exthost] [error] {"message":"Git error","stdout":"","stderr":"fatal: Pathspec '/home/pi/workspace/Opencv/numpy_ex04.py' is in submodule 'workspace/Opencv'\n","exitCode":128,"gitErrorCode":"IsInSubmodule"}
[2022-03-18 15:41:47.206] [exthost] [info] extension host terminating: received terminate message from renderer
[2022-03-18 15:41:47.209] [exthost] [info] Lock '/home/pi/.vscode-server/data/User/workspaceStorage/777a38bfa78b9f733e2b2b4fa2413d35/vscode.lock': Marking the lockfile as scheduled to be released in 6000 ms.
[2022-03-18 15:41:47.312] [exthost] [info] Extension host with pid 1573 exiting with code 0
