[2022-03-16 09:30:40.152] [exthost] [info] Extension host with pid 2201 started
[2022-03-16 09:30:40.174] [exthost] [info] Lock '/home/pi/.vscode-server/data/User/workspaceStorage/527f972cc57f3c538a5e653c4192c8c2/vscode.lock': Lock acquired.
[2022-03-16 09:30:40.485] [exthost] [info] ExtensionService#_doActivateExtension ms-python.python, startup: false, activationEvent: 'onLanguage:python'
[2022-03-16 09:30:41.325] [exthost] [info] ExtensionService#_doActivateExtension ms-toolsai.jupyter, startup: false, activationEvent: 'onLanguage:python'
[2022-03-16 09:30:42.652] [exthost] [info] ExtensionService#_doActivateExtension vscode.debug-auto-launch, startup: true, activationEvent: '*'
[2022-03-16 09:30:42.664] [exthost] [info] ExtensionService#_doActivateExtension vscode.git-base, startup: true, activationEvent: '*', root cause: vscode.github
[2022-03-16 09:30:42.678] [exthost] [info] ExtensionService#_doActivateExtension vscode.ipynb, startup: true, activationEvent: '*'
[2022-03-16 09:30:43.107] [exthost] [info] ExtensionService#_doActivateExtension vscode.git, startup: true, activationEvent: '*'
[2022-03-16 09:30:43.311] [exthost] [info] ExtensionService#_doActivateExtension vscode.github, startup: true, activationEvent: '*'
[2022-03-16 09:30:43.739] [exthost] [info] ExtensionService#_doActivateExtension vscode.emmet, startup: false, activationEvent: 'onStartupFinished'
[2022-03-16 09:30:43.795] [exthost] [info] ExtensionService#_doActivateExtension vscode.merge-conflict, startup: false, activationEvent: 'onStartupFinished'
[2022-03-16 09:30:43.809] [exthost] [info] Eager extensions activated
[2022-03-16 09:30:44.496] [exthost] [info] ExtensionService#_doActivateExtension ms-toolsai.jupyter-renderers, startup: false, activationEvent: 'api', root cause: ms-toolsai.jupyter
[2022-03-16 09:30:52.246] [exthost] [info] ExtensionService#_doActivateExtension ms-python.vscode-pylance, startup: false, activationEvent: 'onLanguage:python'
[2022-03-16 10:11:04.378] [exthost] [error] [ms-python.python] provider FAILED
[2022-03-16 10:11:04.379] [exthost] [error] Error: DisposableStore is missing...
	at K._convertCompletionItem (/home/pi/.vscode-server/bin/c722ca6c7eed3d7987c0d5c3df5c45f6b15e77d1/out/vs/workbench/api/node/extensionHostProcess.js:85:105480)
	at K.resolveCompletionItem (/home/pi/.vscode-server/bin/c722ca6c7eed3d7987c0d5c3df5c45f6b15e77d1/out/vs/workbench/api/node/extensionHostProcess.js:85:105260)
[2022-03-16 10:13:20.968] [exthost] [warning] [Decorations] CAPPING events from decorations provider vscode.git 8660
[2022-03-16 10:13:26.765] [exthost] [warning] [Decorations] CAPPING events from decorations provider vscode.git 8660
[2022-03-16 10:13:37.836] [exthost] [warning] [Decorations] CAPPING events from decorations provider vscode.git 8660
[2022-03-16 10:16:36.774] [exthost] [warning] [Decorations] CAPPING events from decorations provider vscode.git 8660
[2022-03-16 10:19:46.716] [exthost] [warning] [Decorations] CAPPING events from decorations provider vscode.git 8660
[2022-03-16 10:22:56.688] [exthost] [warning] [Decorations] CAPPING events from decorations provider vscode.git 8668
[2022-03-16 10:24:54.985] [exthost] [info] extension host terminating: renderer disconnected for too long (2)
[2022-03-16 10:24:54.993] [exthost] [info] Lock '/home/pi/.vscode-server/data/User/workspaceStorage/527f972cc57f3c538a5e653c4192c8c2/vscode.lock': Marking the lockfile as scheduled to be released in 6000 ms.
[2022-03-16 10:24:55.127] [exthost] [info] Extension host with pid 2201 exiting with code 0
